CRITICAL - 2022-12-19 20:36:38 --> Undefined variable: holiday
in APPPATH\Views\schedule_eps\planner\list_schedule.php on line 130.
 1 APPPATH\Views\schedule_eps\planner\list_schedule.php(130): CodeIgniter\Debug\Exceptions->errorHandler(8, 'Undefined variable: holiday', 'APPPATH\\Views\\schedule_eps\\planner\\list_schedule.php', 130, [...])
 2 SYSTEMPATH\View\View.php(213): include('APPPATH\\Views\\schedule_eps\\planner\\list_schedule.php')
 3 SYSTEMPATH\View\View.php(216): CodeIgniter\View\View->CodeIgniter\View\{closure}()
 4 SYSTEMPATH\Common.php(1137): CodeIgniter\View\View->render('schedule_eps/planner/list_schedule', [], true)
 5 APPPATH\Controllers\Schedule.php(59): view('schedule_eps/planner/list_schedule', [...])
 6 SYSTEMPATH\CodeIgniter.php(904): App\Controllers\Schedule->viewform()
 7 SYSTEMPATH\CodeIgniter.php(457): CodeIgniter\CodeIgniter->runController(Object(App\Controllers\Schedule))
 8 SYSTEMPATH\CodeIgniter.php(340): CodeIgniter\CodeIgniter->handleRequest(null, Object(Config\Cache), false)
 9 FCPATH\index.php(67): CodeIgniter\CodeIgniter->run()
10 SYSTEMPATH\Commands\Server\rewrite.php(43): require_once('FCPATH\\index.php')
CRITICAL - 2022-12-19 20:37:50 --> Undefined variable: holiday
in APPPATH\Views\schedule_eps\planner\list_schedule.php on line 130.
 1 APPPATH\Views\schedule_eps\planner\list_schedule.php(130): CodeIgniter\Debug\Exceptions->errorHandler(8, 'Undefined variable: holiday', 'APPPATH\\Views\\schedule_eps\\planner\\list_schedule.php', 130, [...])
 2 SYSTEMPATH\View\View.php(213): include('APPPATH\\Views\\schedule_eps\\planner\\list_schedule.php')
 3 SYSTEMPATH\View\View.php(216): CodeIgniter\View\View->CodeIgniter\View\{closure}()
 4 SYSTEMPATH\Common.php(1137): CodeIgniter\View\View->render('schedule_eps/planner/list_schedule', [], true)
 5 APPPATH\Controllers\Schedule.php(59): view('schedule_eps/planner/list_schedule', [...])
 6 SYSTEMPATH\CodeIgniter.php(904): App\Controllers\Schedule->viewform()
 7 SYSTEMPATH\CodeIgniter.php(457): CodeIgniter\CodeIgniter->runController(Object(App\Controllers\Schedule))
 8 SYSTEMPATH\CodeIgniter.php(340): CodeIgniter\CodeIgniter->handleRequest(null, Object(Config\Cache), false)
 9 FCPATH\index.php(67): CodeIgniter\CodeIgniter->run()
10 SYSTEMPATH\Commands\Server\rewrite.php(43): require_once('FCPATH\\index.php')
CRITICAL - 2022-12-19 20:37:52 --> Undefined variable: holiday
in APPPATH\Views\schedule_eps\planner\list_schedule.php on line 130.
 1 APPPATH\Views\schedule_eps\planner\list_schedule.php(130): CodeIgniter\Debug\Exceptions->errorHandler(8, 'Undefined variable: holiday', 'APPPATH\\Views\\schedule_eps\\planner\\list_schedule.php', 130, [...])
 2 SYSTEMPATH\View\View.php(213): include('APPPATH\\Views\\schedule_eps\\planner\\list_schedule.php')
 3 SYSTEMPATH\View\View.php(216): CodeIgniter\View\View->CodeIgniter\View\{closure}()
 4 SYSTEMPATH\Common.php(1137): CodeIgniter\View\View->render('schedule_eps/planner/list_schedule', [], true)
 5 APPPATH\Controllers\Schedule.php(59): view('schedule_eps/planner/list_schedule', [...])
 6 SYSTEMPATH\CodeIgniter.php(904): App\Controllers\Schedule->viewform()
 7 SYSTEMPATH\CodeIgniter.php(457): CodeIgniter\CodeIgniter->runController(Object(App\Controllers\Schedule))
 8 SYSTEMPATH\CodeIgniter.php(340): CodeIgniter\CodeIgniter->handleRequest(null, Object(Config\Cache), false)
 9 FCPATH\index.php(67): CodeIgniter\CodeIgniter->run()
10 SYSTEMPATH\Commands\Server\rewrite.php(43): require_once('FCPATH\\index.php')
CRITICAL - 2022-12-19 20:38:21 --> Undefined variable: holiday
in APPPATH\Views\schedule_eps\planner\list_schedule.php on line 130.
 1 APPPATH\Views\schedule_eps\planner\list_schedule.php(130): CodeIgniter\Debug\Exceptions->errorHandler(8, 'Undefined variable: holiday', 'APPPATH\\Views\\schedule_eps\\planner\\list_schedule.php', 130, [...])
 2 SYSTEMPATH\View\View.php(213): include('APPPATH\\Views\\schedule_eps\\planner\\list_schedule.php')
 3 SYSTEMPATH\View\View.php(216): CodeIgniter\View\View->CodeIgniter\View\{closure}()
 4 SYSTEMPATH\Common.php(1137): CodeIgniter\View\View->render('schedule_eps/planner/list_schedule', [], true)
 5 APPPATH\Controllers\Schedule.php(59): view('schedule_eps/planner/list_schedule', [...])
 6 SYSTEMPATH\CodeIgniter.php(904): App\Controllers\Schedule->viewform()
 7 SYSTEMPATH\CodeIgniter.php(457): CodeIgniter\CodeIgniter->runController(Object(App\Controllers\Schedule))
 8 SYSTEMPATH\CodeIgniter.php(340): CodeIgniter\CodeIgniter->handleRequest(null, Object(Config\Cache), false)
 9 FCPATH\index.php(67): CodeIgniter\CodeIgniter->run()
10 SYSTEMPATH\Commands\Server\rewrite.php(43): require_once('FCPATH\\index.php')
CRITICAL - 2022-12-19 20:42:22 --> Undefined variable: holiday
in APPPATH\Views\schedule_eps\planner\list_schedule.php on line 97.
 1 APPPATH\Views\schedule_eps\planner\list_schedule.php(97): CodeIgniter\Debug\Exceptions->errorHandler(8, 'Undefined variable: holiday', 'APPPATH\\Views\\schedule_eps\\planner\\list_schedule.php', 97, [...])
 2 SYSTEMPATH\View\View.php(213): include('APPPATH\\Views\\schedule_eps\\planner\\list_schedule.php')
 3 SYSTEMPATH\View\View.php(216): CodeIgniter\View\View->CodeIgniter\View\{closure}()
 4 SYSTEMPATH\Common.php(1137): CodeIgniter\View\View->render('schedule_eps/planner/list_schedule', [], true)
 5 APPPATH\Controllers\Schedule.php(59): view('schedule_eps/planner/list_schedule', [...])
 6 SYSTEMPATH\CodeIgniter.php(904): App\Controllers\Schedule->viewform()
 7 SYSTEMPATH\CodeIgniter.php(457): CodeIgniter\CodeIgniter->runController(Object(App\Controllers\Schedule))
 8 SYSTEMPATH\CodeIgniter.php(340): CodeIgniter\CodeIgniter->handleRequest(null, Object(Config\Cache), false)
 9 FCPATH\index.php(67): CodeIgniter\CodeIgniter->run()
10 SYSTEMPATH\Commands\Server\rewrite.php(43): require_once('FCPATH\\index.php')
CRITICAL - 2022-12-19 20:42:22 --> Undefined variable: holiday
in APPPATH\Views\schedule_eps\planner\list_schedule.php on line 97.
 1 APPPATH\Views\schedule_eps\planner\list_schedule.php(97): CodeIgniter\Debug\Exceptions->errorHandler(8, 'Undefined variable: holiday', 'APPPATH\\Views\\schedule_eps\\planner\\list_schedule.php', 97, [...])
 2 SYSTEMPATH\View\View.php(213): include('APPPATH\\Views\\schedule_eps\\planner\\list_schedule.php')
 3 SYSTEMPATH\View\View.php(216): CodeIgniter\View\View->CodeIgniter\View\{closure}()
 4 SYSTEMPATH\Common.php(1137): CodeIgniter\View\View->render('schedule_eps/planner/list_schedule', [], true)
 5 APPPATH\Controllers\Schedule.php(59): view('schedule_eps/planner/list_schedule', [...])
 6 SYSTEMPATH\CodeIgniter.php(904): App\Controllers\Schedule->viewform()
 7 SYSTEMPATH\CodeIgniter.php(457): CodeIgniter\CodeIgniter->runController(Object(App\Controllers\Schedule))
 8 SYSTEMPATH\CodeIgniter.php(340): CodeIgniter\CodeIgniter->handleRequest(null, Object(Config\Cache), false)
 9 FCPATH\index.php(67): CodeIgniter\CodeIgniter->run()
10 SYSTEMPATH\Commands\Server\rewrite.php(43): require_once('FCPATH\\index.php')
CRITICAL - 2022-12-19 20:42:39 --> Undefined variable: hd
in APPPATH\Views\schedule_eps\planner\list_schedule.php on line 97.
 1 APPPATH\Views\schedule_eps\planner\list_schedule.php(97): CodeIgniter\Debug\Exceptions->errorHandler(8, 'Undefined variable: hd', 'APPPATH\\Views\\schedule_eps\\planner\\list_schedule.php', 97, [...])
 2 SYSTEMPATH\View\View.php(213): include('APPPATH\\Views\\schedule_eps\\planner\\list_schedule.php')
 3 SYSTEMPATH\View\View.php(216): CodeIgniter\View\View->CodeIgniter\View\{closure}()
 4 SYSTEMPATH\Common.php(1137): CodeIgniter\View\View->render('schedule_eps/planner/list_schedule', [], true)
 5 APPPATH\Controllers\Schedule.php(59): view('schedule_eps/planner/list_schedule', [...])
 6 SYSTEMPATH\CodeIgniter.php(904): App\Controllers\Schedule->viewform()
 7 SYSTEMPATH\CodeIgniter.php(457): CodeIgniter\CodeIgniter->runController(Object(App\Controllers\Schedule))
 8 SYSTEMPATH\CodeIgniter.php(340): CodeIgniter\CodeIgniter->handleRequest(null, Object(Config\Cache), false)
 9 FCPATH\index.php(67): CodeIgniter\CodeIgniter->run()
10 SYSTEMPATH\Commands\Server\rewrite.php(43): require_once('FCPATH\\index.php')
CRITICAL - 2022-12-19 20:42:49 --> Undefined variable: holiday
in APPPATH\Views\schedule_eps\planner\list_schedule.php on line 135.
 1 APPPATH\Views\schedule_eps\planner\list_schedule.php(135): CodeIgniter\Debug\Exceptions->errorHandler(8, 'Undefined variable: holiday', 'APPPATH\\Views\\schedule_eps\\planner\\list_schedule.php', 135, [...])
 2 SYSTEMPATH\View\View.php(213): include('APPPATH\\Views\\schedule_eps\\planner\\list_schedule.php')
 3 SYSTEMPATH\View\View.php(216): CodeIgniter\View\View->CodeIgniter\View\{closure}()
 4 SYSTEMPATH\Common.php(1137): CodeIgniter\View\View->render('schedule_eps/planner/list_schedule', [], true)
 5 APPPATH\Controllers\Schedule.php(59): view('schedule_eps/planner/list_schedule', [...])
 6 SYSTEMPATH\CodeIgniter.php(904): App\Controllers\Schedule->viewform()
 7 SYSTEMPATH\CodeIgniter.php(457): CodeIgniter\CodeIgniter->runController(Object(App\Controllers\Schedule))
 8 SYSTEMPATH\CodeIgniter.php(340): CodeIgniter\CodeIgniter->handleRequest(null, Object(Config\Cache), false)
 9 FCPATH\index.php(67): CodeIgniter\CodeIgniter->run()
10 SYSTEMPATH\Commands\Server\rewrite.php(43): require_once('FCPATH\\index.php')
CRITICAL - 2022-12-19 20:43:36 --> Undefined variable: hari_libur
in APPPATH\Views\schedule_eps\planner\list_schedule.php on line 99.
 1 APPPATH\Views\schedule_eps\planner\list_schedule.php(99): CodeIgniter\Debug\Exceptions->errorHandler(8, 'Undefined variable: hari_libur', 'APPPATH\\Views\\schedule_eps\\planner\\list_schedule.php', 99, [...])
 2 SYSTEMPATH\View\View.php(213): include('APPPATH\\Views\\schedule_eps\\planner\\list_schedule.php')
 3 SYSTEMPATH\View\View.php(216): CodeIgniter\View\View->CodeIgniter\View\{closure}()
 4 SYSTEMPATH\Common.php(1137): CodeIgniter\View\View->render('schedule_eps/planner/list_schedule', [], true)
 5 APPPATH\Controllers\Schedule.php(59): view('schedule_eps/planner/list_schedule', [...])
 6 SYSTEMPATH\CodeIgniter.php(904): App\Controllers\Schedule->viewform()
 7 SYSTEMPATH\CodeIgniter.php(457): CodeIgniter\CodeIgniter->runController(Object(App\Controllers\Schedule))
 8 SYSTEMPATH\CodeIgniter.php(340): CodeIgniter\CodeIgniter->handleRequest(null, Object(Config\Cache), false)
 9 FCPATH\index.php(67): CodeIgniter\CodeIgniter->run()
10 SYSTEMPATH\Commands\Server\rewrite.php(43): require_once('FCPATH\\index.php')
CRITICAL - 2022-12-19 20:43:51 --> Undefined variable: holiday
in APPPATH\Views\schedule_eps\planner\list_schedule.php on line 96.
 1 APPPATH\Views\schedule_eps\planner\list_schedule.php(96): CodeIgniter\Debug\Exceptions->errorHandler(8, 'Undefined variable: holiday', 'APPPATH\\Views\\schedule_eps\\planner\\list_schedule.php', 96, [...])
 2 SYSTEMPATH\View\View.php(213): include('APPPATH\\Views\\schedule_eps\\planner\\list_schedule.php')
 3 SYSTEMPATH\View\View.php(216): CodeIgniter\View\View->CodeIgniter\View\{closure}()
 4 SYSTEMPATH\Common.php(1137): CodeIgniter\View\View->render('schedule_eps/planner/list_schedule', [], true)
 5 APPPATH\Controllers\Schedule.php(59): view('schedule_eps/planner/list_schedule', [...])
 6 SYSTEMPATH\CodeIgniter.php(904): App\Controllers\Schedule->viewform()
 7 SYSTEMPATH\CodeIgniter.php(457): CodeIgniter\CodeIgniter->runController(Object(App\Controllers\Schedule))
 8 SYSTEMPATH\CodeIgniter.php(340): CodeIgniter\CodeIgniter->handleRequest(null, Object(Config\Cache), false)
 9 FCPATH\index.php(67): CodeIgniter\CodeIgniter->run()
10 SYSTEMPATH\Commands\Server\rewrite.php(43): require_once('FCPATH\\index.php')
CRITICAL - 2022-12-19 20:44:55 --> Undefined variable: hd
in APPPATH\Views\schedule_eps\planner\list_schedule.php on line 131.
 1 APPPATH\Views\schedule_eps\planner\list_schedule.php(131): CodeIgniter\Debug\Exceptions->errorHandler(8, 'Undefined variable: hd', 'APPPATH\\Views\\schedule_eps\\planner\\list_schedule.php', 131, [...])
 2 SYSTEMPATH\View\View.php(213): include('APPPATH\\Views\\schedule_eps\\planner\\list_schedule.php')
 3 SYSTEMPATH\View\View.php(216): CodeIgniter\View\View->CodeIgniter\View\{closure}()
 4 SYSTEMPATH\Common.php(1137): CodeIgniter\View\View->render('schedule_eps/planner/list_schedule', [], true)
 5 APPPATH\Controllers\Schedule.php(59): view('schedule_eps/planner/list_schedule', [...])
 6 SYSTEMPATH\CodeIgniter.php(904): App\Controllers\Schedule->viewform()
 7 SYSTEMPATH\CodeIgniter.php(457): CodeIgniter\CodeIgniter->runController(Object(App\Controllers\Schedule))
 8 SYSTEMPATH\CodeIgniter.php(340): CodeIgniter\CodeIgniter->handleRequest(null, Object(Config\Cache), false)
 9 FCPATH\index.php(67): CodeIgniter\CodeIgniter->run()
10 SYSTEMPATH\Commands\Server\rewrite.php(43): require_once('FCPATH\\index.php')
CRITICAL - 2022-12-19 20:44:56 --> Undefined variable: hd
in APPPATH\Views\schedule_eps\planner\list_schedule.php on line 131.
 1 APPPATH\Views\schedule_eps\planner\list_schedule.php(131): CodeIgniter\Debug\Exceptions->errorHandler(8, 'Undefined variable: hd', 'APPPATH\\Views\\schedule_eps\\planner\\list_schedule.php', 131, [...])
 2 SYSTEMPATH\View\View.php(213): include('APPPATH\\Views\\schedule_eps\\planner\\list_schedule.php')
 3 SYSTEMPATH\View\View.php(216): CodeIgniter\View\View->CodeIgniter\View\{closure}()
 4 SYSTEMPATH\Common.php(1137): CodeIgniter\View\View->render('schedule_eps/planner/list_schedule', [], true)
 5 APPPATH\Controllers\Schedule.php(59): view('schedule_eps/planner/list_schedule', [...])
 6 SYSTEMPATH\CodeIgniter.php(904): App\Controllers\Schedule->viewform()
 7 SYSTEMPATH\CodeIgniter.php(457): CodeIgniter\CodeIgniter->runController(Object(App\Controllers\Schedule))
 8 SYSTEMPATH\CodeIgniter.php(340): CodeIgniter\CodeIgniter->handleRequest(null, Object(Config\Cache), false)
 9 FCPATH\index.php(67): CodeIgniter\CodeIgniter->run()
10 SYSTEMPATH\Commands\Server\rewrite.php(43): require_once('FCPATH\\index.php')
CRITICAL - 2022-12-19 20:46:31 --> Undefined variable: holiday
in APPPATH\Views\schedule_eps\planner\list_schedule.php on line 131.
 1 APPPATH\Views\schedule_eps\planner\list_schedule.php(131): CodeIgniter\Debug\Exceptions->errorHandler(8, 'Undefined variable: holiday', 'APPPATH\\Views\\schedule_eps\\planner\\list_schedule.php', 131, [...])
 2 SYSTEMPATH\View\View.php(213): include('APPPATH\\Views\\schedule_eps\\planner\\list_schedule.php')
 3 SYSTEMPATH\View\View.php(216): CodeIgniter\View\View->CodeIgniter\View\{closure}()
 4 SYSTEMPATH\Common.php(1137): CodeIgniter\View\View->render('schedule_eps/planner/list_schedule', [], true)
 5 APPPATH\Controllers\Schedule.php(59): view('schedule_eps/planner/list_schedule', [...])
 6 SYSTEMPATH\CodeIgniter.php(904): App\Controllers\Schedule->viewform()
 7 SYSTEMPATH\CodeIgniter.php(457): CodeIgniter\CodeIgniter->runController(Object(App\Controllers\Schedule))
 8 SYSTEMPATH\CodeIgniter.php(340): CodeIgniter\CodeIgniter->handleRequest(null, Object(Config\Cache), false)
 9 FCPATH\index.php(67): CodeIgniter\CodeIgniter->run()
10 SYSTEMPATH\Commands\Server\rewrite.php(43): require_once('FCPATH\\index.php')
CRITICAL - 2022-12-19 20:47:29 --> Undefined variable: hd
in APPPATH\Views\schedule_eps\planner\list_schedule.php on line 131.
 1 APPPATH\Views\schedule_eps\planner\list_schedule.php(131): CodeIgniter\Debug\Exceptions->errorHandler(8, 'Undefined variable: hd', 'APPPATH\\Views\\schedule_eps\\planner\\list_schedule.php', 131, [...])
 2 SYSTEMPATH\View\View.php(213): include('APPPATH\\Views\\schedule_eps\\planner\\list_schedule.php')
 3 SYSTEMPATH\View\View.php(216): CodeIgniter\View\View->CodeIgniter\View\{closure}()
 4 SYSTEMPATH\Common.php(1137): CodeIgniter\View\View->render('schedule_eps/planner/list_schedule', [], true)
 5 APPPATH\Controllers\Schedule.php(59): view('schedule_eps/planner/list_schedule', [...])
 6 SYSTEMPATH\CodeIgniter.php(904): App\Controllers\Schedule->viewform()
 7 SYSTEMPATH\CodeIgniter.php(457): CodeIgniter\CodeIgniter->runController(Object(App\Controllers\Schedule))
 8 SYSTEMPATH\CodeIgniter.php(340): CodeIgniter\CodeIgniter->handleRequest(null, Object(Config\Cache), false)
 9 FCPATH\index.php(67): CodeIgniter\CodeIgniter->run()
10 SYSTEMPATH\Commands\Server\rewrite.php(43): require_once('FCPATH\\index.php')
CRITICAL - 2022-12-19 20:51:31 --> Undefined variable: hd
in APPPATH\Views\schedule_eps\planner\list_schedule.php on line 131.
 1 APPPATH\Views\schedule_eps\planner\list_schedule.php(131): CodeIgniter\Debug\Exceptions->errorHandler(8, 'Undefined variable: hd', 'APPPATH\\Views\\schedule_eps\\planner\\list_schedule.php', 131, [...])
 2 SYSTEMPATH\View\View.php(213): include('APPPATH\\Views\\schedule_eps\\planner\\list_schedule.php')
 3 SYSTEMPATH\View\View.php(216): CodeIgniter\View\View->CodeIgniter\View\{closure}()
 4 SYSTEMPATH\Common.php(1137): CodeIgniter\View\View->render('schedule_eps/planner/list_schedule', [], true)
 5 APPPATH\Controllers\Schedule.php(59): view('schedule_eps/planner/list_schedule', [...])
 6 SYSTEMPATH\CodeIgniter.php(904): App\Controllers\Schedule->viewform()
 7 SYSTEMPATH\CodeIgniter.php(457): CodeIgniter\CodeIgniter->runController(Object(App\Controllers\Schedule))
 8 SYSTEMPATH\CodeIgniter.php(340): CodeIgniter\CodeIgniter->handleRequest(null, Object(Config\Cache), false)
 9 FCPATH\index.php(67): CodeIgniter\CodeIgniter->run()
10 SYSTEMPATH\Commands\Server\rewrite.php(43): require_once('FCPATH\\index.php')
CRITICAL - 2022-12-19 20:51:32 --> Undefined variable: hd
in APPPATH\Views\schedule_eps\planner\list_schedule.php on line 131.
 1 APPPATH\Views\schedule_eps\planner\list_schedule.php(131): CodeIgniter\Debug\Exceptions->errorHandler(8, 'Undefined variable: hd', 'APPPATH\\Views\\schedule_eps\\planner\\list_schedule.php', 131, [...])
 2 SYSTEMPATH\View\View.php(213): include('APPPATH\\Views\\schedule_eps\\planner\\list_schedule.php')
 3 SYSTEMPATH\View\View.php(216): CodeIgniter\View\View->CodeIgniter\View\{closure}()
 4 SYSTEMPATH\Common.php(1137): CodeIgniter\View\View->render('schedule_eps/planner/list_schedule', [], true)
 5 APPPATH\Controllers\Schedule.php(59): view('schedule_eps/planner/list_schedule', [...])
 6 SYSTEMPATH\CodeIgniter.php(904): App\Controllers\Schedule->viewform()
 7 SYSTEMPATH\CodeIgniter.php(457): CodeIgniter\CodeIgniter->runController(Object(App\Controllers\Schedule))
 8 SYSTEMPATH\CodeIgniter.php(340): CodeIgniter\CodeIgniter->handleRequest(null, Object(Config\Cache), false)
 9 FCPATH\index.php(67): CodeIgniter\CodeIgniter->run()
10 SYSTEMPATH\Commands\Server\rewrite.php(43): require_once('FCPATH\\index.php')
CRITICAL - 2022-12-19 20:55:17 --> Undefined variable: hd
in APPPATH\Views\schedule_eps\planner\list_schedule.php on line 136.
 1 APPPATH\Views\schedule_eps\planner\list_schedule.php(136): CodeIgniter\Debug\Exceptions->errorHandler(8, 'Undefined variable: hd', 'APPPATH\\Views\\schedule_eps\\planner\\list_schedule.php', 136, [...])
 2 SYSTEMPATH\View\View.php(213): include('APPPATH\\Views\\schedule_eps\\planner\\list_schedule.php')
 3 SYSTEMPATH\View\View.php(216): CodeIgniter\View\View->CodeIgniter\View\{closure}()
 4 SYSTEMPATH\Common.php(1137): CodeIgniter\View\View->render('schedule_eps/planner/list_schedule', [], true)
 5 APPPATH\Controllers\Schedule.php(59): view('schedule_eps/planner/list_schedule', [...])
 6 SYSTEMPATH\CodeIgniter.php(904): App\Controllers\Schedule->viewform()
 7 SYSTEMPATH\CodeIgniter.php(457): CodeIgniter\CodeIgniter->runController(Object(App\Controllers\Schedule))
 8 SYSTEMPATH\CodeIgniter.php(340): CodeIgniter\CodeIgniter->handleRequest(null, Object(Config\Cache), false)
 9 FCPATH\index.php(67): CodeIgniter\CodeIgniter->run()
10 SYSTEMPATH\Commands\Server\rewrite.php(43): require_once('FCPATH\\index.php')
CRITICAL - 2022-12-19 20:55:17 --> Undefined variable: hd
in APPPATH\Views\schedule_eps\planner\list_schedule.php on line 136.
 1 APPPATH\Views\schedule_eps\planner\list_schedule.php(136): CodeIgniter\Debug\Exceptions->errorHandler(8, 'Undefined variable: hd', 'APPPATH\\Views\\schedule_eps\\planner\\list_schedule.php', 136, [...])
 2 SYSTEMPATH\View\View.php(213): include('APPPATH\\Views\\schedule_eps\\planner\\list_schedule.php')
 3 SYSTEMPATH\View\View.php(216): CodeIgniter\View\View->CodeIgniter\View\{closure}()
 4 SYSTEMPATH\Common.php(1137): CodeIgniter\View\View->render('schedule_eps/planner/list_schedule', [], true)
 5 APPPATH\Controllers\Schedule.php(59): view('schedule_eps/planner/list_schedule', [...])
 6 SYSTEMPATH\CodeIgniter.php(904): App\Controllers\Schedule->viewform()
 7 SYSTEMPATH\CodeIgniter.php(457): CodeIgniter\CodeIgniter->runController(Object(App\Controllers\Schedule))
 8 SYSTEMPATH\CodeIgniter.php(340): CodeIgniter\CodeIgniter->handleRequest(null, Object(Config\Cache), false)
 9 FCPATH\index.php(67): CodeIgniter\CodeIgniter->run()
10 SYSTEMPATH\Commands\Server\rewrite.php(43): require_once('FCPATH\\index.php')
CRITICAL - 2022-12-19 20:55:23 --> Undefined variable: holiday
in APPPATH\Views\schedule_eps\planner\list_schedule.php on line 136.
 1 APPPATH\Views\schedule_eps\planner\list_schedule.php(136): CodeIgniter\Debug\Exceptions->errorHandler(8, 'Undefined variable: holiday', 'APPPATH\\Views\\schedule_eps\\planner\\list_schedule.php', 136, [...])
 2 SYSTEMPATH\View\View.php(213): include('APPPATH\\Views\\schedule_eps\\planner\\list_schedule.php')
 3 SYSTEMPATH\View\View.php(216): CodeIgniter\View\View->CodeIgniter\View\{closure}()
 4 SYSTEMPATH\Common.php(1137): CodeIgniter\View\View->render('schedule_eps/planner/list_schedule', [], true)
 5 APPPATH\Controllers\Schedule.php(59): view('schedule_eps/planner/list_schedule', [...])
 6 SYSTEMPATH\CodeIgniter.php(904): App\Controllers\Schedule->viewform()
 7 SYSTEMPATH\CodeIgniter.php(457): CodeIgniter\CodeIgniter->runController(Object(App\Controllers\Schedule))
 8 SYSTEMPATH\CodeIgniter.php(340): CodeIgniter\CodeIgniter->handleRequest(null, Object(Config\Cache), false)
 9 FCPATH\index.php(67): CodeIgniter\CodeIgniter->run()
10 SYSTEMPATH\Commands\Server\rewrite.php(43): require_once('FCPATH\\index.php')
CRITICAL - 2022-12-19 20:55:25 --> Undefined variable: holiday
in APPPATH\Views\schedule_eps\planner\list_schedule.php on line 136.
 1 APPPATH\Views\schedule_eps\planner\list_schedule.php(136): CodeIgniter\Debug\Exceptions->errorHandler(8, 'Undefined variable: holiday', 'APPPATH\\Views\\schedule_eps\\planner\\list_schedule.php', 136, [...])
 2 SYSTEMPATH\View\View.php(213): include('APPPATH\\Views\\schedule_eps\\planner\\list_schedule.php')
 3 SYSTEMPATH\View\View.php(216): CodeIgniter\View\View->CodeIgniter\View\{closure}()
 4 SYSTEMPATH\Common.php(1137): CodeIgniter\View\View->render('schedule_eps/planner/list_schedule', [], true)
 5 APPPATH\Controllers\Schedule.php(59): view('schedule_eps/planner/list_schedule', [...])
 6 SYSTEMPATH\CodeIgniter.php(904): App\Controllers\Schedule->viewform()
 7 SYSTEMPATH\CodeIgniter.php(457): CodeIgniter\CodeIgniter->runController(Object(App\Controllers\Schedule))
 8 SYSTEMPATH\CodeIgniter.php(340): CodeIgniter\CodeIgniter->handleRequest(null, Object(Config\Cache), false)
 9 FCPATH\index.php(67): CodeIgniter\CodeIgniter->run()
10 SYSTEMPATH\Commands\Server\rewrite.php(43): require_once('FCPATH\\index.php')
CRITICAL - 2022-12-19 21:47:09 --> Undefined variable: hasil
in APPPATH\Views\schedule_eps\planner\list_schedule.php on line 87.
 1 APPPATH\Views\schedule_eps\planner\list_schedule.php(87): CodeIgniter\Debug\Exceptions->errorHandler(8, 'Undefined variable: hasil', 'APPPATH\\Views\\schedule_eps\\planner\\list_schedule.php', 87, [...])
 2 APPPATH\Views\schedule_eps\planner\list_schedule.php(137): tgl_next('19-12-2022 07:00:00', '14.18')
 3 SYSTEMPATH\View\View.php(213): include('APPPATH\\Views\\schedule_eps\\planner\\list_schedule.php')
 4 SYSTEMPATH\View\View.php(216): CodeIgniter\View\View->CodeIgniter\View\{closure}()
 5 SYSTEMPATH\Common.php(1137): CodeIgniter\View\View->render('schedule_eps/planner/list_schedule', [], true)
 6 APPPATH\Controllers\Schedule.php(59): view('schedule_eps/planner/list_schedule', [...])
 7 SYSTEMPATH\CodeIgniter.php(904): App\Controllers\Schedule->viewform()
 8 SYSTEMPATH\CodeIgniter.php(457): CodeIgniter\CodeIgniter->runController(Object(App\Controllers\Schedule))
 9 SYSTEMPATH\CodeIgniter.php(340): CodeIgniter\CodeIgniter->handleRequest(null, Object(Config\Cache), false)
10 FCPATH\index.php(67): CodeIgniter\CodeIgniter->run()
11 SYSTEMPATH\Commands\Server\rewrite.php(43): require_once('FCPATH\\index.php')
CRITICAL - 2022-12-19 21:51:50 --> Object of class DateTime could not be converted to string
in APPPATH\Views\schedule_eps\planner\list_schedule.php on line 147.
 1 SYSTEMPATH\View\View.php(213): include()
 2 SYSTEMPATH\View\View.php(216): CodeIgniter\View\View->CodeIgniter\View\{closure}()
 3 SYSTEMPATH\Common.php(1137): CodeIgniter\View\View->render('schedule_eps/planner/list_schedule', [], true)
 4 APPPATH\Controllers\Schedule.php(59): view('schedule_eps/planner/list_schedule', [...])
 5 SYSTEMPATH\CodeIgniter.php(904): App\Controllers\Schedule->viewform()
 6 SYSTEMPATH\CodeIgniter.php(457): CodeIgniter\CodeIgniter->runController(Object(App\Controllers\Schedule))
 7 SYSTEMPATH\CodeIgniter.php(340): CodeIgniter\CodeIgniter->handleRequest(null, Object(Config\Cache), false)
 8 FCPATH\index.php(67): CodeIgniter\CodeIgniter->run()
 9 SYSTEMPATH\Commands\Server\rewrite.php(43): require_once('FCPATH\\index.php')
CRITICAL - 2022-12-19 21:52:50 --> Object of class DateTime could not be converted to string
in APPPATH\Views\schedule_eps\planner\list_schedule.php on line 150.
 1 SYSTEMPATH\View\View.php(213): include()
 2 SYSTEMPATH\View\View.php(216): CodeIgniter\View\View->CodeIgniter\View\{closure}()
 3 SYSTEMPATH\Common.php(1137): CodeIgniter\View\View->render('schedule_eps/planner/list_schedule', [], true)
 4 APPPATH\Controllers\Schedule.php(59): view('schedule_eps/planner/list_schedule', [...])
 5 SYSTEMPATH\CodeIgniter.php(904): App\Controllers\Schedule->viewform()
 6 SYSTEMPATH\CodeIgniter.php(457): CodeIgniter\CodeIgniter->runController(Object(App\Controllers\Schedule))
 7 SYSTEMPATH\CodeIgniter.php(340): CodeIgniter\CodeIgniter->handleRequest(null, Object(Config\Cache), false)
 8 FCPATH\index.php(67): CodeIgniter\CodeIgniter->run()
 9 SYSTEMPATH\Commands\Server\rewrite.php(43): require_once('FCPATH\\index.php')
CRITICAL - 2022-12-19 21:58:25 --> Undefined variable: hasil
in APPPATH\Views\schedule_eps\planner\list_schedule.php on line 94.
 1 APPPATH\Views\schedule_eps\planner\list_schedule.php(94): CodeIgniter\Debug\Exceptions->errorHandler(8, 'Undefined variable: hasil', 'APPPATH\\Views\\schedule_eps\\planner\\list_schedule.php', 94, [...])
 2 APPPATH\Views\schedule_eps\planner\list_schedule.php(140): tgl_next('19-12-2022 07:00:00', '14.18')
 3 SYSTEMPATH\View\View.php(213): include('APPPATH\\Views\\schedule_eps\\planner\\list_schedule.php')
 4 SYSTEMPATH\View\View.php(216): CodeIgniter\View\View->CodeIgniter\View\{closure}()
 5 SYSTEMPATH\Common.php(1137): CodeIgniter\View\View->render('schedule_eps/planner/list_schedule', [], true)
 6 APPPATH\Controllers\Schedule.php(59): view('schedule_eps/planner/list_schedule', [...])
 7 SYSTEMPATH\CodeIgniter.php(904): App\Controllers\Schedule->viewform()
 8 SYSTEMPATH\CodeIgniter.php(457): CodeIgniter\CodeIgniter->runController(Object(App\Controllers\Schedule))
 9 SYSTEMPATH\CodeIgniter.php(340): CodeIgniter\CodeIgniter->handleRequest(null, Object(Config\Cache), false)
10 FCPATH\index.php(67): CodeIgniter\CodeIgniter->run()
11 SYSTEMPATH\Commands\Server\rewrite.php(43): require_once('FCPATH\\index.php')
CRITICAL - 2022-12-19 22:00:20 --> DateTime::modify(): Failed to parse time string (+ -1002minutes) at position 0 (+): Unexpected character
in APPPATH\Views\schedule_eps\planner\list_schedule.php on line 92.
 1 [internal function]: CodeIgniter\Debug\Exceptions->errorHandler(2, 'DateTime::modify(): Failed to parse time string (+ -1002minutes) at position 0 (+): Unexpected character', 'APPPATH\\Views\\schedule_eps\\planner\\list_schedule.php', 92, [...])
 2 APPPATH\Views\schedule_eps\planner\list_schedule.php(92): DateTime->modify('+ -1002minutes')
 3 APPPATH\Views\schedule_eps\planner\list_schedule.php(140): tgl_next('16-12-2022 07:00:00', '49.29')
 4 SYSTEMPATH\View\View.php(213): include('APPPATH\\Views\\schedule_eps\\planner\\list_schedule.php')
 5 SYSTEMPATH\View\View.php(216): CodeIgniter\View\View->CodeIgniter\View\{closure}()
 6 SYSTEMPATH\Common.php(1137): CodeIgniter\View\View->render('schedule_eps/planner/list_schedule', [], true)
 7 APPPATH\Controllers\Schedule.php(59): view('schedule_eps/planner/list_schedule', [...])
 8 SYSTEMPATH\CodeIgniter.php(904): App\Controllers\Schedule->viewform()
 9 SYSTEMPATH\CodeIgniter.php(457): CodeIgniter\CodeIgniter->runController(Object(App\Controllers\Schedule))
10 SYSTEMPATH\CodeIgniter.php(340): CodeIgniter\CodeIgniter->handleRequest(null, Object(Config\Cache), false)
11 FCPATH\index.php(67): CodeIgniter\CodeIgniter->run()
12 SYSTEMPATH\Commands\Server\rewrite.php(43): require_once('FCPATH\\index.php')
CRITICAL - 2022-12-19 22:05:11 --> DateTime::modify(): Failed to parse time string (+ -1002minutes) at position 0 (+): Unexpected character
in APPPATH\Views\schedule_eps\planner\list_schedule.php on line 92.
 1 [internal function]: CodeIgniter\Debug\Exceptions->errorHandler(2, 'DateTime::modify(): Failed to parse time string (+ -1002minutes) at position 0 (+): Unexpected character', 'APPPATH\\Views\\schedule_eps\\planner\\list_schedule.php', 92, [...])
 2 APPPATH\Views\schedule_eps\planner\list_schedule.php(92): DateTime->modify('+ -1002minutes')
 3 APPPATH\Views\schedule_eps\planner\list_schedule.php(140): tgl_next('16-12-2022 07:00:00', '49.29')
 4 SYSTEMPATH\View\View.php(213): include('APPPATH\\Views\\schedule_eps\\planner\\list_schedule.php')
 5 SYSTEMPATH\View\View.php(216): CodeIgniter\View\View->CodeIgniter\View\{closure}()
 6 SYSTEMPATH\Common.php(1137): CodeIgniter\View\View->render('schedule_eps/planner/list_schedule', [], true)
 7 APPPATH\Controllers\Schedule.php(59): view('schedule_eps/planner/list_schedule', [...])
 8 SYSTEMPATH\CodeIgniter.php(904): App\Controllers\Schedule->viewform()
 9 SYSTEMPATH\CodeIgniter.php(457): CodeIgniter\CodeIgniter->runController(Object(App\Controllers\Schedule))
10 SYSTEMPATH\CodeIgniter.php(340): CodeIgniter\CodeIgniter->handleRequest(null, Object(Config\Cache), false)
11 FCPATH\index.php(67): CodeIgniter\CodeIgniter->run()
12 SYSTEMPATH\Commands\Server\rewrite.php(43): require_once('FCPATH\\index.php')
CRITICAL - 2022-12-19 22:05:28 --> Object of class DateTime could not be converted to string
in APPPATH\Views\schedule_eps\planner\list_schedule.php on line 148.
 1 SYSTEMPATH\View\View.php(213): include()
 2 SYSTEMPATH\View\View.php(216): CodeIgniter\View\View->CodeIgniter\View\{closure}()
 3 SYSTEMPATH\Common.php(1137): CodeIgniter\View\View->render('schedule_eps/planner/list_schedule', [], true)
 4 APPPATH\Controllers\Schedule.php(59): view('schedule_eps/planner/list_schedule', [...])
 5 SYSTEMPATH\CodeIgniter.php(904): App\Controllers\Schedule->viewform()
 6 SYSTEMPATH\CodeIgniter.php(457): CodeIgniter\CodeIgniter->runController(Object(App\Controllers\Schedule))
 7 SYSTEMPATH\CodeIgniter.php(340): CodeIgniter\CodeIgniter->handleRequest(null, Object(Config\Cache), false)
 8 FCPATH\index.php(67): CodeIgniter\CodeIgniter->run()
 9 SYSTEMPATH\Commands\Server\rewrite.php(43): require_once('FCPATH\\index.php')
CRITICAL - 2022-12-19 22:33:19 --> Undefined variable: hasil
in APPPATH\Views\schedule_eps\planner\list_schedule.php on line 93.
 1 APPPATH\Views\schedule_eps\planner\list_schedule.php(93): CodeIgniter\Debug\Exceptions->errorHandler(8, 'Undefined variable: hasil', 'APPPATH\\Views\\schedule_eps\\planner\\list_schedule.php', 93, [...])
 2 APPPATH\Views\schedule_eps\planner\list_schedule.php(139): tgl_next('19-12-2022 07:00:00', '14.18')
 3 SYSTEMPATH\View\View.php(213): include('APPPATH\\Views\\schedule_eps\\planner\\list_schedule.php')
 4 SYSTEMPATH\View\View.php(216): CodeIgniter\View\View->CodeIgniter\View\{closure}()
 5 SYSTEMPATH\Common.php(1137): CodeIgniter\View\View->render('schedule_eps/planner/list_schedule', [], true)
 6 APPPATH\Controllers\Schedule.php(59): view('schedule_eps/planner/list_schedule', [...])
 7 SYSTEMPATH\CodeIgniter.php(904): App\Controllers\Schedule->viewform()
 8 SYSTEMPATH\CodeIgniter.php(457): CodeIgniter\CodeIgniter->runController(Object(App\Controllers\Schedule))
 9 SYSTEMPATH\CodeIgniter.php(340): CodeIgniter\CodeIgniter->handleRequest(null, Object(Config\Cache), false)
10 FCPATH\index.php(67): CodeIgniter\CodeIgniter->run()
11 SYSTEMPATH\Commands\Server\rewrite.php(43): require_once('FCPATH\\index.php')
