ERROR - 2023-06-17 00:45:15 --> mysqli_sql_exception: Duplicate entry '00-2135' for key 'PRIMARY' in C:\xampp\htdocs\Project_fauzan\schedule_eps\system\Database\MySQLi\Connection.php:292
Stack trace:
#0 C:\xampp\htdocs\Project_fauzan\schedule_eps\system\Database\MySQLi\Connection.php(292): mysqli->query('INSERT INTO `tb...', 0)
#1 C:\xampp\htdocs\Project_fauzan\schedule_eps\system\Database\BaseConnection.php(693): CodeIgniter\Database\MySQLi\Connection->execute('INSERT INTO `tb...')
#2 C:\xampp\htdocs\Project_fauzan\schedule_eps\system\Database\BaseConnection.php(620): CodeIgniter\Database\BaseConnection->simpleQuery('INSERT INTO `tb...')
#3 C:\xampp\htdocs\Project_fauzan\schedule_eps\system\Database\BaseBuilder.php(1916): CodeIgniter\Database\BaseConnection->query('INSERT INTO `tb...', Array, false)
#4 C:\xampp\htdocs\Project_fauzan\schedule_eps\app\Models\MasterModel.php(49): CodeIgniter\Database\BaseBuilder->insert(Array)
#5 C:\xampp\htdocs\Project_fauzan\schedule_eps\app\Controllers\Master.php(51): App\Models\MasterModel->getaddUser(Array)
#6 C:\xampp\htdocs\Project_fauzan\schedule_eps\system\CodeIgniter.php(904): App\Controllers\Master->addUser()
#7 C:\xampp\htdocs\Project_fauzan\schedule_eps\system\CodeIgniter.php(457): CodeIgniter\CodeIgniter->runController(Object(App\Controllers\Master))
#8 C:\xampp\htdocs\Project_fauzan\schedule_eps\system\CodeIgniter.php(340): CodeIgniter\CodeIgniter->handleRequest(NULL, Object(Config\Cache), false)
#9 C:\xampp\htdocs\Project_fauzan\schedule_eps\public\index.php(67): CodeIgniter\CodeIgniter->run()
#10 C:\xampp\htdocs\Project_fauzan\schedule_eps\system\Commands\Server\rewrite.php(43): require_once('C:\\xampp\\htdocs...')
#11 {main}
CRITICAL - 2023-06-17 00:45:15 --> Duplicate entry '00-2135' for key 'PRIMARY'
in SYSTEMPATH\Database\MySQLi\Connection.php on line 292.
 1 SYSTEMPATH\Database\MySQLi\Connection.php(292): mysqli->query('INSERT INTO `tblweb_users` (`nik`, `username`, `password`, `fullname`, `privilege`, `position`, `level_app`, `dept`, `enable_login`, `stamp_name`, `created_date`, `created_by`) VALUES (\'00-2135\', \'Fauzan\', \'b727b5ea41c6cd6b5a1b7e095f3973e443eef159\', \'Muhammad Fauzan\', \'3\', \'11\', \'3\', \'\', \'aktif\', \'Fauzan\', \'17-06-2023 00:45:15\', \'admin\')', 0)
 2 SYSTEMPATH\Database\BaseConnection.php(693): CodeIgniter\Database\MySQLi\Connection->execute('INSERT INTO `tblweb_users` (`nik`, `username`, `password`, `fullname`, `privilege`, `position`, `level_app`, `dept`, `enable_login`, `stamp_name`, `created_date`, `created_by`) VALUES (\'00-2135\', \'Fauzan\', \'b727b5ea41c6cd6b5a1b7e095f3973e443eef159\', \'Muhammad Fauzan\', \'3\', \'11\', \'3\', \'\', \'aktif\', \'Fauzan\', \'17-06-2023 00:45:15\', \'admin\')')
 3 SYSTEMPATH\Database\BaseConnection.php(620): CodeIgniter\Database\BaseConnection->simpleQuery('INSERT INTO `tblweb_users` (`nik`, `username`, `password`, `fullname`, `privilege`, `position`, `level_app`, `dept`, `enable_login`, `stamp_name`, `created_date`, `created_by`) VALUES (\'00-2135\', \'Fauzan\', \'b727b5ea41c6cd6b5a1b7e095f3973e443eef159\', \'Muhammad Fauzan\', \'3\', \'11\', \'3\', \'\', \'aktif\', \'Fauzan\', \'17-06-2023 00:45:15\', \'admin\')')
 4 SYSTEMPATH\Database\BaseBuilder.php(1916): CodeIgniter\Database\BaseConnection->query('INSERT INTO `tblweb_users` (`nik`, `username`, `password`, `fullname`, `privilege`, `position`, `level_app`, `dept`, `enable_login`, `stamp_name`, `created_date`, `created_by`) VALUES (:nik:, :username:, :password:, :fullname:, :privilege:, :position:, :level_app:, :dept:, :enable_login:, :stamp_name:, :created_date:, :created_by:)', [...], false)
 5 APPPATH\Models\MasterModel.php(49): CodeIgniter\Database\BaseBuilder->insert([...])
 6 APPPATH\Controllers\Master.php(51): App\Models\MasterModel->getaddUser([...])
 7 SYSTEMPATH\CodeIgniter.php(904): App\Controllers\Master->addUser()
 8 SYSTEMPATH\CodeIgniter.php(457): CodeIgniter\CodeIgniter->runController(Object(App\Controllers\Master))
 9 SYSTEMPATH\CodeIgniter.php(340): CodeIgniter\CodeIgniter->handleRequest(null, Object(Config\Cache), false)
10 FCPATH\index.php(67): CodeIgniter\CodeIgniter->run()
11 SYSTEMPATH\Commands\Server\rewrite.php(43): require_once('FCPATH\\index.php')
ERROR - 2023-06-17 01:12:53 --> mysqli_sql_exception: Column 'level_app' cannot be null in C:\xampp\htdocs\Project_fauzan\schedule_eps\system\Database\MySQLi\Connection.php:292
Stack trace:
#0 C:\xampp\htdocs\Project_fauzan\schedule_eps\system\Database\MySQLi\Connection.php(292): mysqli->query('INSERT INTO `tb...', 0)
#1 C:\xampp\htdocs\Project_fauzan\schedule_eps\system\Database\BaseConnection.php(693): CodeIgniter\Database\MySQLi\Connection->execute('INSERT INTO `tb...')
#2 C:\xampp\htdocs\Project_fauzan\schedule_eps\system\Database\BaseConnection.php(620): CodeIgniter\Database\BaseConnection->simpleQuery('INSERT INTO `tb...')
#3 C:\xampp\htdocs\Project_fauzan\schedule_eps\system\Database\BaseBuilder.php(1916): CodeIgniter\Database\BaseConnection->query('INSERT INTO `tb...', Array, false)
#4 C:\xampp\htdocs\Project_fauzan\schedule_eps\app\Models\MasterModel.php(49): CodeIgniter\Database\BaseBuilder->insert(Array)
#5 C:\xampp\htdocs\Project_fauzan\schedule_eps\app\Controllers\Master.php(51): App\Models\MasterModel->getaddUser(Array)
#6 C:\xampp\htdocs\Project_fauzan\schedule_eps\system\CodeIgniter.php(904): App\Controllers\Master->addUser()
#7 C:\xampp\htdocs\Project_fauzan\schedule_eps\system\CodeIgniter.php(457): CodeIgniter\CodeIgniter->runController(Object(App\Controllers\Master))
#8 C:\xampp\htdocs\Project_fauzan\schedule_eps\system\CodeIgniter.php(340): CodeIgniter\CodeIgniter->handleRequest(NULL, Object(Config\Cache), false)
#9 C:\xampp\htdocs\Project_fauzan\schedule_eps\public\index.php(67): CodeIgniter\CodeIgniter->run()
#10 C:\xampp\htdocs\Project_fauzan\schedule_eps\system\Commands\Server\rewrite.php(43): require_once('C:\\xampp\\htdocs...')
#11 {main}
CRITICAL - 2023-06-17 01:12:53 --> Column 'level_app' cannot be null
in SYSTEMPATH\Database\MySQLi\Connection.php on line 292.
 1 SYSTEMPATH\Database\MySQLi\Connection.php(292): mysqli->query('INSERT INTO `tblweb_users` (`nik`, `username`, `password`, `fullname`, `position`, `level_app`, `dept`, `enable_login`, `stamp_name`, `created_date`, `created_by`) VALUES (\'00-2136\', \'Fauzan\', \'b727b5ea41c6cd6b5a1b7e095f3973e443eef159\', \'Muhammad Fauzan\', \'11\', NULL, \'\', \'aktif\', \'Fauzan\', \'17-06-2023 01:12:53\', \'admin\')', 0)
 2 SYSTEMPATH\Database\BaseConnection.php(693): CodeIgniter\Database\MySQLi\Connection->execute('INSERT INTO `tblweb_users` (`nik`, `username`, `password`, `fullname`, `position`, `level_app`, `dept`, `enable_login`, `stamp_name`, `created_date`, `created_by`) VALUES (\'00-2136\', \'Fauzan\', \'b727b5ea41c6cd6b5a1b7e095f3973e443eef159\', \'Muhammad Fauzan\', \'11\', NULL, \'\', \'aktif\', \'Fauzan\', \'17-06-2023 01:12:53\', \'admin\')')
 3 SYSTEMPATH\Database\BaseConnection.php(620): CodeIgniter\Database\BaseConnection->simpleQuery('INSERT INTO `tblweb_users` (`nik`, `username`, `password`, `fullname`, `position`, `level_app`, `dept`, `enable_login`, `stamp_name`, `created_date`, `created_by`) VALUES (\'00-2136\', \'Fauzan\', \'b727b5ea41c6cd6b5a1b7e095f3973e443eef159\', \'Muhammad Fauzan\', \'11\', NULL, \'\', \'aktif\', \'Fauzan\', \'17-06-2023 01:12:53\', \'admin\')')
 4 SYSTEMPATH\Database\BaseBuilder.php(1916): CodeIgniter\Database\BaseConnection->query('INSERT INTO `tblweb_users` (`nik`, `username`, `password`, `fullname`, `position`, `level_app`, `dept`, `enable_login`, `stamp_name`, `created_date`, `created_by`) VALUES (:nik:, :username:, :password:, :fullname:, :position:, :level_app:, :dept:, :enable_login:, :stamp_name:, :created_date:, :created_by:)', [...], false)
 5 APPPATH\Models\MasterModel.php(49): CodeIgniter\Database\BaseBuilder->insert([...])
 6 APPPATH\Controllers\Master.php(51): App\Models\MasterModel->getaddUser([...])
 7 SYSTEMPATH\CodeIgniter.php(904): App\Controllers\Master->addUser()
 8 SYSTEMPATH\CodeIgniter.php(457): CodeIgniter\CodeIgniter->runController(Object(App\Controllers\Master))
 9 SYSTEMPATH\CodeIgniter.php(340): CodeIgniter\CodeIgniter->handleRequest(null, Object(Config\Cache), false)
10 FCPATH\index.php(67): CodeIgniter\CodeIgniter->run()
11 SYSTEMPATH\Commands\Server\rewrite.php(43): require_once('FCPATH\\index.php')
ERROR - 2023-06-17 01:14:51 --> mysqli_sql_exception: Unknown column 'level_app' in 'field list' in C:\xampp\htdocs\Project_fauzan\schedule_eps\system\Database\MySQLi\Connection.php:292
Stack trace:
#0 C:\xampp\htdocs\Project_fauzan\schedule_eps\system\Database\MySQLi\Connection.php(292): mysqli->query('INSERT INTO `tb...', 0)
#1 C:\xampp\htdocs\Project_fauzan\schedule_eps\system\Database\BaseConnection.php(693): CodeIgniter\Database\MySQLi\Connection->execute('INSERT INTO `tb...')
#2 C:\xampp\htdocs\Project_fauzan\schedule_eps\system\Database\BaseConnection.php(620): CodeIgniter\Database\BaseConnection->simpleQuery('INSERT INTO `tb...')
#3 C:\xampp\htdocs\Project_fauzan\schedule_eps\system\Database\BaseBuilder.php(1916): CodeIgniter\Database\BaseConnection->query('INSERT INTO `tb...', Array, false)
#4 C:\xampp\htdocs\Project_fauzan\schedule_eps\app\Models\MasterModel.php(49): CodeIgniter\Database\BaseBuilder->insert(Array)
#5 C:\xampp\htdocs\Project_fauzan\schedule_eps\app\Controllers\Master.php(51): App\Models\MasterModel->getaddUser(Array)
#6 C:\xampp\htdocs\Project_fauzan\schedule_eps\system\CodeIgniter.php(904): App\Controllers\Master->addUser()
#7 C:\xampp\htdocs\Project_fauzan\schedule_eps\system\CodeIgniter.php(457): CodeIgniter\CodeIgniter->runController(Object(App\Controllers\Master))
#8 C:\xampp\htdocs\Project_fauzan\schedule_eps\system\CodeIgniter.php(340): CodeIgniter\CodeIgniter->handleRequest(NULL, Object(Config\Cache), false)
#9 C:\xampp\htdocs\Project_fauzan\schedule_eps\public\index.php(67): CodeIgniter\CodeIgniter->run()
#10 C:\xampp\htdocs\Project_fauzan\schedule_eps\system\Commands\Server\rewrite.php(43): require_once('C:\\xampp\\htdocs...')
#11 {main}
CRITICAL - 2023-06-17 01:14:51 --> Unknown column 'level_app' in 'field list'
in SYSTEMPATH\Database\MySQLi\Connection.php on line 292.
 1 SYSTEMPATH\Database\MySQLi\Connection.php(292): mysqli->query('INSERT INTO `tblweb_users` (`nik`, `username`, `password`, `fullname`, `position`, `level_app`, `dept`, `enable_login`, `stamp_name`, `created_date`, `created_by`) VALUES (\'00-2136\', \'Fauzan\', \'b727b5ea41c6cd6b5a1b7e095f3973e443eef159\', \'Muhammad Fauzan\', \'11\', NULL, \'\', \'aktif\', \'Fauzan\', \'17-06-2023 01:14:51\', \'admin\')', 0)
 2 SYSTEMPATH\Database\BaseConnection.php(693): CodeIgniter\Database\MySQLi\Connection->execute('INSERT INTO `tblweb_users` (`nik`, `username`, `password`, `fullname`, `position`, `level_app`, `dept`, `enable_login`, `stamp_name`, `created_date`, `created_by`) VALUES (\'00-2136\', \'Fauzan\', \'b727b5ea41c6cd6b5a1b7e095f3973e443eef159\', \'Muhammad Fauzan\', \'11\', NULL, \'\', \'aktif\', \'Fauzan\', \'17-06-2023 01:14:51\', \'admin\')')
 3 SYSTEMPATH\Database\BaseConnection.php(620): CodeIgniter\Database\BaseConnection->simpleQuery('INSERT INTO `tblweb_users` (`nik`, `username`, `password`, `fullname`, `position`, `level_app`, `dept`, `enable_login`, `stamp_name`, `created_date`, `created_by`) VALUES (\'00-2136\', \'Fauzan\', \'b727b5ea41c6cd6b5a1b7e095f3973e443eef159\', \'Muhammad Fauzan\', \'11\', NULL, \'\', \'aktif\', \'Fauzan\', \'17-06-2023 01:14:51\', \'admin\')')
 4 SYSTEMPATH\Database\BaseBuilder.php(1916): CodeIgniter\Database\BaseConnection->query('INSERT INTO `tblweb_users` (`nik`, `username`, `password`, `fullname`, `position`, `level_app`, `dept`, `enable_login`, `stamp_name`, `created_date`, `created_by`) VALUES (:nik:, :username:, :password:, :fullname:, :position:, :level_app:, :dept:, :enable_login:, :stamp_name:, :created_date:, :created_by:)', [...], false)
 5 APPPATH\Models\MasterModel.php(49): CodeIgniter\Database\BaseBuilder->insert([...])
 6 APPPATH\Controllers\Master.php(51): App\Models\MasterModel->getaddUser([...])
 7 SYSTEMPATH\CodeIgniter.php(904): App\Controllers\Master->addUser()
 8 SYSTEMPATH\CodeIgniter.php(457): CodeIgniter\CodeIgniter->runController(Object(App\Controllers\Master))
 9 SYSTEMPATH\CodeIgniter.php(340): CodeIgniter\CodeIgniter->handleRequest(null, Object(Config\Cache), false)
10 FCPATH\index.php(67): CodeIgniter\CodeIgniter->run()
11 SYSTEMPATH\Commands\Server\rewrite.php(43): require_once('FCPATH\\index.php')
ERROR - 2023-06-17 01:17:30 --> mysqli_sql_exception: Unknown column 'level_app' in 'field list' in C:\xampp\htdocs\Project_fauzan\schedule_eps\system\Database\MySQLi\Connection.php:292
Stack trace:
#0 C:\xampp\htdocs\Project_fauzan\schedule_eps\system\Database\MySQLi\Connection.php(292): mysqli->query('INSERT INTO `tb...', 0)
#1 C:\xampp\htdocs\Project_fauzan\schedule_eps\system\Database\BaseConnection.php(693): CodeIgniter\Database\MySQLi\Connection->execute('INSERT INTO `tb...')
#2 C:\xampp\htdocs\Project_fauzan\schedule_eps\system\Database\BaseConnection.php(620): CodeIgniter\Database\BaseConnection->simpleQuery('INSERT INTO `tb...')
#3 C:\xampp\htdocs\Project_fauzan\schedule_eps\system\Database\BaseBuilder.php(1916): CodeIgniter\Database\BaseConnection->query('INSERT INTO `tb...', Array, false)
#4 C:\xampp\htdocs\Project_fauzan\schedule_eps\app\Models\MasterModel.php(49): CodeIgniter\Database\BaseBuilder->insert(Array)
#5 C:\xampp\htdocs\Project_fauzan\schedule_eps\app\Controllers\Master.php(51): App\Models\MasterModel->getaddUser(Array)
#6 C:\xampp\htdocs\Project_fauzan\schedule_eps\system\CodeIgniter.php(904): App\Controllers\Master->addUser()
#7 C:\xampp\htdocs\Project_fauzan\schedule_eps\system\CodeIgniter.php(457): CodeIgniter\CodeIgniter->runController(Object(App\Controllers\Master))
#8 C:\xampp\htdocs\Project_fauzan\schedule_eps\system\CodeIgniter.php(340): CodeIgniter\CodeIgniter->handleRequest(NULL, Object(Config\Cache), false)
#9 C:\xampp\htdocs\Project_fauzan\schedule_eps\public\index.php(67): CodeIgniter\CodeIgniter->run()
#10 C:\xampp\htdocs\Project_fauzan\schedule_eps\system\Commands\Server\rewrite.php(43): require_once('C:\\xampp\\htdocs...')
#11 {main}
CRITICAL - 2023-06-17 01:17:30 --> Unknown column 'level_app' in 'field list'
in SYSTEMPATH\Database\MySQLi\Connection.php on line 292.
 1 SYSTEMPATH\Database\MySQLi\Connection.php(292): mysqli->query('INSERT INTO `tblweb_users` (`nik`, `username`, `password`, `fullname`, `position`, `level_app`, `dept`, `enable_login`, `stamp_name`, `created_date`, `created_by`) VALUES (\'00-2136\', \'Fauzan\', \'b727b5ea41c6cd6b5a1b7e095f3973e443eef159\', \'Muhammad Fauzan\', \'11\', NULL, \'\', \'aktif\', \'Fauzan\', \'17-06-2023 01:17:30\', \'admin\')', 0)
 2 SYSTEMPATH\Database\BaseConnection.php(693): CodeIgniter\Database\MySQLi\Connection->execute('INSERT INTO `tblweb_users` (`nik`, `username`, `password`, `fullname`, `position`, `level_app`, `dept`, `enable_login`, `stamp_name`, `created_date`, `created_by`) VALUES (\'00-2136\', \'Fauzan\', \'b727b5ea41c6cd6b5a1b7e095f3973e443eef159\', \'Muhammad Fauzan\', \'11\', NULL, \'\', \'aktif\', \'Fauzan\', \'17-06-2023 01:17:30\', \'admin\')')
 3 SYSTEMPATH\Database\BaseConnection.php(620): CodeIgniter\Database\BaseConnection->simpleQuery('INSERT INTO `tblweb_users` (`nik`, `username`, `password`, `fullname`, `position`, `level_app`, `dept`, `enable_login`, `stamp_name`, `created_date`, `created_by`) VALUES (\'00-2136\', \'Fauzan\', \'b727b5ea41c6cd6b5a1b7e095f3973e443eef159\', \'Muhammad Fauzan\', \'11\', NULL, \'\', \'aktif\', \'Fauzan\', \'17-06-2023 01:17:30\', \'admin\')')
 4 SYSTEMPATH\Database\BaseBuilder.php(1916): CodeIgniter\Database\BaseConnection->query('INSERT INTO `tblweb_users` (`nik`, `username`, `password`, `fullname`, `position`, `level_app`, `dept`, `enable_login`, `stamp_name`, `created_date`, `created_by`) VALUES (:nik:, :username:, :password:, :fullname:, :position:, :level_app:, :dept:, :enable_login:, :stamp_name:, :created_date:, :created_by:)', [...], false)
 5 APPPATH\Models\MasterModel.php(49): CodeIgniter\Database\BaseBuilder->insert([...])
 6 APPPATH\Controllers\Master.php(51): App\Models\MasterModel->getaddUser([...])
 7 SYSTEMPATH\CodeIgniter.php(904): App\Controllers\Master->addUser()
 8 SYSTEMPATH\CodeIgniter.php(457): CodeIgniter\CodeIgniter->runController(Object(App\Controllers\Master))
 9 SYSTEMPATH\CodeIgniter.php(340): CodeIgniter\CodeIgniter->handleRequest(null, Object(Config\Cache), false)
10 FCPATH\index.php(67): CodeIgniter\CodeIgniter->run()
11 SYSTEMPATH\Commands\Server\rewrite.php(43): require_once('FCPATH\\index.php')
CRITICAL - 2023-06-17 01:18:23 --> Undefined index: level_app
in APPPATH\Views\master\list_master_user.php on line 37.
 1 APPPATH\Views\master\list_master_user.php(37): CodeIgniter\Debug\Exceptions->errorHandler(8, 'Undefined index: level_app', 'APPPATH\\Views\\master\\list_master_user.php', 37, [...])
 2 SYSTEMPATH\View\View.php(213): include('APPPATH\\Views\\master\\list_master_user.php')
 3 SYSTEMPATH\View\View.php(216): CodeIgniter\View\View->CodeIgniter\View\{closure}()
 4 SYSTEMPATH\Common.php(1137): CodeIgniter\View\View->render('master/list_master_user', [], true)
 5 APPPATH\Controllers\Master.php(30): view('master/list_master_user', [...])
 6 SYSTEMPATH\CodeIgniter.php(904): App\Controllers\Master->viewUser()
 7 SYSTEMPATH\CodeIgniter.php(457): CodeIgniter\CodeIgniter->runController(Object(App\Controllers\Master))
 8 SYSTEMPATH\CodeIgniter.php(340): CodeIgniter\CodeIgniter->handleRequest(null, Object(Config\Cache), false)
 9 FCPATH\index.php(67): CodeIgniter\CodeIgniter->run()
10 SYSTEMPATH\Commands\Server\rewrite.php(43): require_once('FCPATH\\index.php')
CRITICAL - 2023-06-17 01:18:30 --> Undefined index: level_app
in APPPATH\Views\master\list_master_user.php on line 182.
 1 APPPATH\Views\master\list_master_user.php(182): CodeIgniter\Debug\Exceptions->errorHandler(8, 'Undefined index: level_app', 'APPPATH\\Views\\master\\list_master_user.php', 182, [...])
 2 SYSTEMPATH\View\View.php(213): include('APPPATH\\Views\\master\\list_master_user.php')
 3 SYSTEMPATH\View\View.php(216): CodeIgniter\View\View->CodeIgniter\View\{closure}()
 4 SYSTEMPATH\Common.php(1137): CodeIgniter\View\View->render('master/list_master_user', [], true)
 5 APPPATH\Controllers\Master.php(30): view('master/list_master_user', [...])
 6 SYSTEMPATH\CodeIgniter.php(904): App\Controllers\Master->viewUser()
 7 SYSTEMPATH\CodeIgniter.php(457): CodeIgniter\CodeIgniter->runController(Object(App\Controllers\Master))
 8 SYSTEMPATH\CodeIgniter.php(340): CodeIgniter\CodeIgniter->handleRequest(null, Object(Config\Cache), false)
 9 FCPATH\index.php(67): CodeIgniter\CodeIgniter->run()
10 SYSTEMPATH\Commands\Server\rewrite.php(43): require_once('FCPATH\\index.php')
