ERROR - 2023-06-10 08:46:46 --> mysqli_sql_exception: Unknown column 'update_by' in 'field list' in C:\xampp\htdocs\Project_fauzan\schedule_eps\system\Database\MySQLi\Connection.php:292
Stack trace:
#0 C:\xampp\htdocs\Project_fauzan\schedule_eps\system\Database\MySQLi\Connection.php(292): mysqli->query('UPDATE `tblfile...', 0)
#1 C:\xampp\htdocs\Project_fauzan\schedule_eps\system\Database\BaseConnection.php(693): CodeIgniter\Database\MySQLi\Connection->execute('UPDATE `tblfile...')
#2 C:\xampp\htdocs\Project_fauzan\schedule_eps\system\Database\BaseConnection.php(620): CodeIgniter\Database\BaseConnection->simpleQuery('UPDATE `tblfile...')
#3 C:\xampp\htdocs\Project_fauzan\schedule_eps\system\Database\BaseBuilder.php(2078): CodeIgniter\Database\BaseConnection->query('UPDATE `tblfile...', Array, false)
#4 C:\xampp\htdocs\Project_fauzan\schedule_eps\app\Models\ScheduleModel.php(122): CodeIgniter\Database\BaseBuilder->update(Array)
#5 C:\xampp\htdocs\Project_fauzan\schedule_eps\app\Controllers\Schedule.php(186): App\Models\ScheduleModel->UpdateformscheduleModel(Array)
#6 C:\xampp\htdocs\Project_fauzan\schedule_eps\system\CodeIgniter.php(904): App\Controllers\Schedule->updateform()
#7 C:\xampp\htdocs\Project_fauzan\schedule_eps\system\CodeIgniter.php(457): CodeIgniter\CodeIgniter->runController(Object(App\Controllers\Schedule))
#8 C:\xampp\htdocs\Project_fauzan\schedule_eps\system\CodeIgniter.php(340): CodeIgniter\CodeIgniter->handleRequest(NULL, Object(Config\Cache), false)
#9 C:\xampp\htdocs\Project_fauzan\schedule_eps\public\index.php(67): CodeIgniter\CodeIgniter->run()
#10 C:\xampp\htdocs\Project_fauzan\schedule_eps\system\Commands\Server\rewrite.php(43): require_once('C:\\xampp\\htdocs...')
#11 {main}
CRITICAL - 2023-06-10 08:46:46 --> Unknown column 'update_by' in 'field list'
in SYSTEMPATH\Database\MySQLi\Connection.php on line 292.
 1 SYSTEMPATH\Database\MySQLi\Connection.php(292): mysqli->query('UPDATE `tblfile_form` SET `idform` = \'384\', `idfg` = \'X123:Y456\', `rc_no` = \'E-001\', `act` = \'12\', `r_c` = \'12\', `no_rev` = \'\', `cav` = \'12\', `mc` = \'E-1\', `sec_hours` = 3600, `total_hours` = \'0.28\', `op_hours` = 3600, `rc_qty` = \'1000\', `bal_rc_qty` = \'1000\', `mould_size` = \'\', `mould_status` = \'2\', `material` = \'EXPANDABLE POLYSTYRENE GRADE B-SB (SAME AS MP303) @750KG\', `shortage_date` = \'2023/02/04 21:00\', `remarks` = \'\', `updated_date` = \'2023-06-10 08:46:46\', `update_by` = \'21-4901\'
WHERE `idform` = \'384\'', 0)
 2 SYSTEMPATH\Database\BaseConnection.php(693): CodeIgniter\Database\MySQLi\Connection->execute('UPDATE `tblfile_form` SET `idform` = \'384\', `idfg` = \'X123:Y456\', `rc_no` = \'E-001\', `act` = \'12\', `r_c` = \'12\', `no_rev` = \'\', `cav` = \'12\', `mc` = \'E-1\', `sec_hours` = 3600, `total_hours` = \'0.28\', `op_hours` = 3600, `rc_qty` = \'1000\', `bal_rc_qty` = \'1000\', `mould_size` = \'\', `mould_status` = \'2\', `material` = \'EXPANDABLE POLYSTYRENE GRADE B-SB (SAME AS MP303) @750KG\', `shortage_date` = \'2023/02/04 21:00\', `remarks` = \'\', `updated_date` = \'2023-06-10 08:46:46\', `update_by` = \'21-4901\'
WHERE `idform` = \'384\'')
 3 SYSTEMPATH\Database\BaseConnection.php(620): CodeIgniter\Database\BaseConnection->simpleQuery('UPDATE `tblfile_form` SET `idform` = \'384\', `idfg` = \'X123:Y456\', `rc_no` = \'E-001\', `act` = \'12\', `r_c` = \'12\', `no_rev` = \'\', `cav` = \'12\', `mc` = \'E-1\', `sec_hours` = 3600, `total_hours` = \'0.28\', `op_hours` = 3600, `rc_qty` = \'1000\', `bal_rc_qty` = \'1000\', `mould_size` = \'\', `mould_status` = \'2\', `material` = \'EXPANDABLE POLYSTYRENE GRADE B-SB (SAME AS MP303) @750KG\', `shortage_date` = \'2023/02/04 21:00\', `remarks` = \'\', `updated_date` = \'2023-06-10 08:46:46\', `update_by` = \'21-4901\'
WHERE `idform` = \'384\'')
 4 SYSTEMPATH\Database\BaseBuilder.php(2078): CodeIgniter\Database\BaseConnection->query('UPDATE `tblfile_form` SET `idform` = :idform.1:, `idfg` = :idfg:, `rc_no` = :rc_no:, `act` = :act:, `r_c` = :r_c:, `no_rev` = :no_rev:, `cav` = :cav:, `mc` = :mc:, `sec_hours` = :sec_hours:, `total_hours` = :total_hours:, `op_hours` = :op_hours:, `rc_qty` = :rc_qty:, `bal_rc_qty` = :bal_rc_qty:, `mould_size` = :mould_size:, `mould_status` = :mould_status:, `material` = :material:, `shortage_date` = :shortage_date:, `remarks` = :remarks:, `updated_date` = :updated_date:, `update_by` = :update_by:
WHERE `idform` = :idform:', [...], false)
 5 APPPATH\Models\ScheduleModel.php(122): CodeIgniter\Database\BaseBuilder->update([...])
 6 APPPATH\Controllers\Schedule.php(186): App\Models\ScheduleModel->UpdateformscheduleModel([...])
 7 SYSTEMPATH\CodeIgniter.php(904): App\Controllers\Schedule->updateform()
 8 SYSTEMPATH\CodeIgniter.php(457): CodeIgniter\CodeIgniter->runController(Object(App\Controllers\Schedule))
 9 SYSTEMPATH\CodeIgniter.php(340): CodeIgniter\CodeIgniter->handleRequest(null, Object(Config\Cache), false)
10 FCPATH\index.php(67): CodeIgniter\CodeIgniter->run()
11 SYSTEMPATH\Commands\Server\rewrite.php(43): require_once('FCPATH\\index.php')
CRITICAL - 2023-06-10 09:29:49 --> Division by zero
in APPPATH\Controllers\Schedule.php on line 84.
 1 APPPATH\Controllers\Schedule.php(84): CodeIgniter\Debug\Exceptions->errorHandler(2, 'Division by zero', 'APPPATH\\Controllers\\Schedule.php', 84, [...])
 2 SYSTEMPATH\CodeIgniter.php(904): App\Controllers\Schedule->addform()
 3 SYSTEMPATH\CodeIgniter.php(457): CodeIgniter\CodeIgniter->runController(Object(App\Controllers\Schedule))
 4 SYSTEMPATH\CodeIgniter.php(340): CodeIgniter\CodeIgniter->handleRequest(null, Object(Config\Cache), false)
 5 FCPATH\index.php(67): CodeIgniter\CodeIgniter->run()
 6 SYSTEMPATH\Commands\Server\rewrite.php(43): require_once('FCPATH\\index.php')
CRITICAL - 2023-06-10 09:35:06 --> Undefined variable: holiday
in APPPATH\Views\schedule_eps\planner\list_schedule.php on line 149.
 1 APPPATH\Views\schedule_eps\planner\list_schedule.php(149): CodeIgniter\Debug\Exceptions->errorHandler(8, 'Undefined variable: holiday', 'APPPATH\\Views\\schedule_eps\\planner\\list_schedule.php', 149, [...])
 2 SYSTEMPATH\View\View.php(213): include('APPPATH\\Views\\schedule_eps\\planner\\list_schedule.php')
 3 SYSTEMPATH\View\View.php(216): CodeIgniter\View\View->CodeIgniter\View\{closure}()
 4 SYSTEMPATH\Common.php(1137): CodeIgniter\View\View->render('schedule_eps/planner/list_schedule', [], true)
 5 APPPATH\Controllers\Schedule.php(49): view('schedule_eps/planner/list_schedule', [...])
 6 SYSTEMPATH\CodeIgniter.php(904): App\Controllers\Schedule->viewform()
 7 SYSTEMPATH\CodeIgniter.php(457): CodeIgniter\CodeIgniter->runController(Object(App\Controllers\Schedule))
 8 SYSTEMPATH\CodeIgniter.php(340): CodeIgniter\CodeIgniter->handleRequest(null, Object(Config\Cache), false)
 9 FCPATH\index.php(67): CodeIgniter\CodeIgniter->run()
10 SYSTEMPATH\Commands\Server\rewrite.php(43): require_once('FCPATH\\index.php')
CRITICAL - 2023-06-10 09:35:18 --> Undefined variable: holiday
in APPPATH\Views\schedule_eps\planner\list_schedule.php on line 149.
 1 APPPATH\Views\schedule_eps\planner\list_schedule.php(149): CodeIgniter\Debug\Exceptions->errorHandler(8, 'Undefined variable: holiday', 'APPPATH\\Views\\schedule_eps\\planner\\list_schedule.php', 149, [...])
 2 SYSTEMPATH\View\View.php(213): include('APPPATH\\Views\\schedule_eps\\planner\\list_schedule.php')
 3 SYSTEMPATH\View\View.php(216): CodeIgniter\View\View->CodeIgniter\View\{closure}()
 4 SYSTEMPATH\Common.php(1137): CodeIgniter\View\View->render('schedule_eps/planner/list_schedule', [], true)
 5 APPPATH\Controllers\Schedule.php(49): view('schedule_eps/planner/list_schedule', [...])
 6 SYSTEMPATH\CodeIgniter.php(904): App\Controllers\Schedule->viewform()
 7 SYSTEMPATH\CodeIgniter.php(457): CodeIgniter\CodeIgniter->runController(Object(App\Controllers\Schedule))
 8 SYSTEMPATH\CodeIgniter.php(340): CodeIgniter\CodeIgniter->handleRequest(null, Object(Config\Cache), false)
 9 FCPATH\index.php(67): CodeIgniter\CodeIgniter->run()
10 SYSTEMPATH\Commands\Server\rewrite.php(43): require_once('FCPATH\\index.php')
CRITICAL - 2023-06-10 09:35:19 --> Undefined variable: holiday
in APPPATH\Views\schedule_eps\planner\list_schedule.php on line 149.
 1 APPPATH\Views\schedule_eps\planner\list_schedule.php(149): CodeIgniter\Debug\Exceptions->errorHandler(8, 'Undefined variable: holiday', 'APPPATH\\Views\\schedule_eps\\planner\\list_schedule.php', 149, [...])
 2 SYSTEMPATH\View\View.php(213): include('APPPATH\\Views\\schedule_eps\\planner\\list_schedule.php')
 3 SYSTEMPATH\View\View.php(216): CodeIgniter\View\View->CodeIgniter\View\{closure}()
 4 SYSTEMPATH\Common.php(1137): CodeIgniter\View\View->render('schedule_eps/planner/list_schedule', [], true)
 5 APPPATH\Controllers\Schedule.php(49): view('schedule_eps/planner/list_schedule', [...])
 6 SYSTEMPATH\CodeIgniter.php(904): App\Controllers\Schedule->viewform()
 7 SYSTEMPATH\CodeIgniter.php(457): CodeIgniter\CodeIgniter->runController(Object(App\Controllers\Schedule))
 8 SYSTEMPATH\CodeIgniter.php(340): CodeIgniter\CodeIgniter->handleRequest(null, Object(Config\Cache), false)
 9 FCPATH\index.php(67): CodeIgniter\CodeIgniter->run()
10 SYSTEMPATH\Commands\Server\rewrite.php(43): require_once('FCPATH\\index.php')
CRITICAL - 2023-06-10 09:35:21 --> Undefined variable: holiday
in APPPATH\Views\schedule_eps\planner\list_schedule.php on line 149.
 1 APPPATH\Views\schedule_eps\planner\list_schedule.php(149): CodeIgniter\Debug\Exceptions->errorHandler(8, 'Undefined variable: holiday', 'APPPATH\\Views\\schedule_eps\\planner\\list_schedule.php', 149, [...])
 2 SYSTEMPATH\View\View.php(213): include('APPPATH\\Views\\schedule_eps\\planner\\list_schedule.php')
 3 SYSTEMPATH\View\View.php(216): CodeIgniter\View\View->CodeIgniter\View\{closure}()
 4 SYSTEMPATH\Common.php(1137): CodeIgniter\View\View->render('schedule_eps/planner/list_schedule', [], true)
 5 APPPATH\Controllers\Schedule.php(49): view('schedule_eps/planner/list_schedule', [...])
 6 SYSTEMPATH\CodeIgniter.php(904): App\Controllers\Schedule->viewform()
 7 SYSTEMPATH\CodeIgniter.php(457): CodeIgniter\CodeIgniter->runController(Object(App\Controllers\Schedule))
 8 SYSTEMPATH\CodeIgniter.php(340): CodeIgniter\CodeIgniter->handleRequest(null, Object(Config\Cache), false)
 9 FCPATH\index.php(67): CodeIgniter\CodeIgniter->run()
10 SYSTEMPATH\Commands\Server\rewrite.php(43): require_once('FCPATH\\index.php')
