CRITICAL - 2023-01-26 09:04:09 --> Undefined variable: d
in APPPATH\Views\schedule_eps\planner\list_schedule.php on line 255.
 1 APPPATH\Views\schedule_eps\planner\list_schedule.php(255): CodeIgniter\Debug\Exceptions->errorHandler(8, 'Undefined variable: d', 'APPPATH\\Views\\schedule_eps\\planner\\list_schedule.php', 255, [...])
 2 SYSTEMPATH\View\View.php(213): include('APPPATH\\Views\\schedule_eps\\planner\\list_schedule.php')
 3 SYSTEMPATH\View\View.php(216): CodeIgniter\View\View->CodeIgniter\View\{closure}()
 4 SYSTEMPATH\Common.php(1137): CodeIgniter\View\View->render('schedule_eps/planner/list_schedule', [], true)
 5 APPPATH\Controllers\Schedule.php(60): view('schedule_eps/planner/list_schedule', [...])
 6 SYSTEMPATH\CodeIgniter.php(904): App\Controllers\Schedule->viewform()
 7 SYSTEMPATH\CodeIgniter.php(457): CodeIgniter\CodeIgniter->runController(Object(App\Controllers\Schedule))
 8 SYSTEMPATH\CodeIgniter.php(340): CodeIgniter\CodeIgniter->handleRequest(null, Object(Config\Cache), false)
 9 FCPATH\index.php(67): CodeIgniter\CodeIgniter->run()
10 SYSTEMPATH\Commands\Server\rewrite.php(43): require_once('FCPATH\\index.php')
CRITICAL - 2023-01-26 10:31:01 --> Undefined offset: -1
in APPPATH\Views\schedule_eps\planner\list_schedule.php on line 160.
 1 APPPATH\Views\schedule_eps\planner\list_schedule.php(160): CodeIgniter\Debug\Exceptions->errorHandler(8, 'Undefined offset: -1', 'APPPATH\\Views\\schedule_eps\\planner\\list_schedule.php', 160, [...])
 2 SYSTEMPATH\View\View.php(213): include('APPPATH\\Views\\schedule_eps\\planner\\list_schedule.php')
 3 SYSTEMPATH\View\View.php(216): CodeIgniter\View\View->CodeIgniter\View\{closure}()
 4 SYSTEMPATH\Common.php(1137): CodeIgniter\View\View->render('schedule_eps/planner/list_schedule', [], true)
 5 APPPATH\Controllers\Schedule.php(60): view('schedule_eps/planner/list_schedule', [...])
 6 SYSTEMPATH\CodeIgniter.php(904): App\Controllers\Schedule->viewform()
 7 SYSTEMPATH\CodeIgniter.php(457): CodeIgniter\CodeIgniter->runController(Object(App\Controllers\Schedule))
 8 SYSTEMPATH\CodeIgniter.php(340): CodeIgniter\CodeIgniter->handleRequest(null, Object(Config\Cache), false)
 9 FCPATH\index.php(67): CodeIgniter\CodeIgniter->run()
10 SYSTEMPATH\Commands\Server\rewrite.php(43): require_once('FCPATH\\index.php')
CRITICAL - 2023-01-26 10:31:19 --> Undefined offset: -1
in APPPATH\Views\schedule_eps\planner\list_schedule.php on line 160.
 1 APPPATH\Views\schedule_eps\planner\list_schedule.php(160): CodeIgniter\Debug\Exceptions->errorHandler(8, 'Undefined offset: -1', 'APPPATH\\Views\\schedule_eps\\planner\\list_schedule.php', 160, [...])
 2 SYSTEMPATH\View\View.php(213): include('APPPATH\\Views\\schedule_eps\\planner\\list_schedule.php')
 3 SYSTEMPATH\View\View.php(216): CodeIgniter\View\View->CodeIgniter\View\{closure}()
 4 SYSTEMPATH\Common.php(1137): CodeIgniter\View\View->render('schedule_eps/planner/list_schedule', [], true)
 5 APPPATH\Controllers\Schedule.php(60): view('schedule_eps/planner/list_schedule', [...])
 6 SYSTEMPATH\CodeIgniter.php(904): App\Controllers\Schedule->viewform()
 7 SYSTEMPATH\CodeIgniter.php(457): CodeIgniter\CodeIgniter->runController(Object(App\Controllers\Schedule))
 8 SYSTEMPATH\CodeIgniter.php(340): CodeIgniter\CodeIgniter->handleRequest(null, Object(Config\Cache), false)
 9 FCPATH\index.php(67): CodeIgniter\CodeIgniter->run()
10 SYSTEMPATH\Commands\Server\rewrite.php(43): require_once('FCPATH\\index.php')
CRITICAL - 2023-01-26 10:31:19 --> Undefined offset: -1
in APPPATH\Views\schedule_eps\planner\list_schedule.php on line 160.
 1 APPPATH\Views\schedule_eps\planner\list_schedule.php(160): CodeIgniter\Debug\Exceptions->errorHandler(8, 'Undefined offset: -1', 'APPPATH\\Views\\schedule_eps\\planner\\list_schedule.php', 160, [...])
 2 SYSTEMPATH\View\View.php(213): include('APPPATH\\Views\\schedule_eps\\planner\\list_schedule.php')
 3 SYSTEMPATH\View\View.php(216): CodeIgniter\View\View->CodeIgniter\View\{closure}()
 4 SYSTEMPATH\Common.php(1137): CodeIgniter\View\View->render('schedule_eps/planner/list_schedule', [], true)
 5 APPPATH\Controllers\Schedule.php(60): view('schedule_eps/planner/list_schedule', [...])
 6 SYSTEMPATH\CodeIgniter.php(904): App\Controllers\Schedule->viewform()
 7 SYSTEMPATH\CodeIgniter.php(457): CodeIgniter\CodeIgniter->runController(Object(App\Controllers\Schedule))
 8 SYSTEMPATH\CodeIgniter.php(340): CodeIgniter\CodeIgniter->handleRequest(null, Object(Config\Cache), false)
 9 FCPATH\index.php(67): CodeIgniter\CodeIgniter->run()
10 SYSTEMPATH\Commands\Server\rewrite.php(43): require_once('FCPATH\\index.php')
CRITICAL - 2023-01-26 10:31:50 --> Undefined offset: -1
in APPPATH\Views\schedule_eps\planner\list_schedule.php on line 160.
 1 APPPATH\Views\schedule_eps\planner\list_schedule.php(160): CodeIgniter\Debug\Exceptions->errorHandler(8, 'Undefined offset: -1', 'APPPATH\\Views\\schedule_eps\\planner\\list_schedule.php', 160, [...])
 2 SYSTEMPATH\View\View.php(213): include('APPPATH\\Views\\schedule_eps\\planner\\list_schedule.php')
 3 SYSTEMPATH\View\View.php(216): CodeIgniter\View\View->CodeIgniter\View\{closure}()
 4 SYSTEMPATH\Common.php(1137): CodeIgniter\View\View->render('schedule_eps/planner/list_schedule', [], true)
 5 APPPATH\Controllers\Schedule.php(60): view('schedule_eps/planner/list_schedule', [...])
 6 SYSTEMPATH\CodeIgniter.php(904): App\Controllers\Schedule->viewform()
 7 SYSTEMPATH\CodeIgniter.php(457): CodeIgniter\CodeIgniter->runController(Object(App\Controllers\Schedule))
 8 SYSTEMPATH\CodeIgniter.php(340): CodeIgniter\CodeIgniter->handleRequest(null, Object(Config\Cache), false)
 9 FCPATH\index.php(67): CodeIgniter\CodeIgniter->run()
10 SYSTEMPATH\Commands\Server\rewrite.php(43): require_once('FCPATH\\index.php')
CRITICAL - 2023-01-26 10:32:47 --> Undefined offset: -1
in APPPATH\Views\schedule_eps\planner\list_schedule.php on line 160.
 1 APPPATH\Views\schedule_eps\planner\list_schedule.php(160): CodeIgniter\Debug\Exceptions->errorHandler(8, 'Undefined offset: -1', 'APPPATH\\Views\\schedule_eps\\planner\\list_schedule.php', 160, [...])
 2 SYSTEMPATH\View\View.php(213): include('APPPATH\\Views\\schedule_eps\\planner\\list_schedule.php')
 3 SYSTEMPATH\View\View.php(216): CodeIgniter\View\View->CodeIgniter\View\{closure}()
 4 SYSTEMPATH\Common.php(1137): CodeIgniter\View\View->render('schedule_eps/planner/list_schedule', [], true)
 5 APPPATH\Controllers\Schedule.php(60): view('schedule_eps/planner/list_schedule', [...])
 6 SYSTEMPATH\CodeIgniter.php(904): App\Controllers\Schedule->viewform()
 7 SYSTEMPATH\CodeIgniter.php(457): CodeIgniter\CodeIgniter->runController(Object(App\Controllers\Schedule))
 8 SYSTEMPATH\CodeIgniter.php(340): CodeIgniter\CodeIgniter->handleRequest(null, Object(Config\Cache), false)
 9 FCPATH\index.php(67): CodeIgniter\CodeIgniter->run()
10 SYSTEMPATH\Commands\Server\rewrite.php(43): require_once('FCPATH\\index.php')
CRITICAL - 2023-01-26 10:32:48 --> Undefined offset: -1
in APPPATH\Views\schedule_eps\planner\list_schedule.php on line 160.
 1 APPPATH\Views\schedule_eps\planner\list_schedule.php(160): CodeIgniter\Debug\Exceptions->errorHandler(8, 'Undefined offset: -1', 'APPPATH\\Views\\schedule_eps\\planner\\list_schedule.php', 160, [...])
 2 SYSTEMPATH\View\View.php(213): include('APPPATH\\Views\\schedule_eps\\planner\\list_schedule.php')
 3 SYSTEMPATH\View\View.php(216): CodeIgniter\View\View->CodeIgniter\View\{closure}()
 4 SYSTEMPATH\Common.php(1137): CodeIgniter\View\View->render('schedule_eps/planner/list_schedule', [], true)
 5 APPPATH\Controllers\Schedule.php(60): view('schedule_eps/planner/list_schedule', [...])
 6 SYSTEMPATH\CodeIgniter.php(904): App\Controllers\Schedule->viewform()
 7 SYSTEMPATH\CodeIgniter.php(457): CodeIgniter\CodeIgniter->runController(Object(App\Controllers\Schedule))
 8 SYSTEMPATH\CodeIgniter.php(340): CodeIgniter\CodeIgniter->handleRequest(null, Object(Config\Cache), false)
 9 FCPATH\index.php(67): CodeIgniter\CodeIgniter->run()
10 SYSTEMPATH\Commands\Server\rewrite.php(43): require_once('FCPATH\\index.php')
CRITICAL - 2023-01-26 00:09:55 --> Class 'App\Controllers\AuthViewModel' not found
in APPPATH\Controllers\Auth.php on line 11.
 1 SYSTEMPATH\CodeIgniter.php(866): App\Controllers\Auth->__construct()
 2 SYSTEMPATH\CodeIgniter.php(448): CodeIgniter\CodeIgniter->createController()
 3 SYSTEMPATH\CodeIgniter.php(340): CodeIgniter\CodeIgniter->handleRequest(null, Object(Config\Cache), false)
 4 FCPATH\index.php(67): CodeIgniter\CodeIgniter->run()
 5 SYSTEMPATH\Commands\Server\rewrite.php(43): require_once('FCPATH\\index.php')
CRITICAL - 2023-01-26 13:14:24 --> Illegal string offset 'stts'
in APPPATH\Views\layout\template.php on line 201.
 1 APPPATH\Views\layout\template.php(201): CodeIgniter\Debug\Exceptions->errorHandler(2, 'Illegal string offset \'stts\'', 'APPPATH\\Views\\layout\\template.php', 201, [...])
 2 SYSTEMPATH\View\View.php(213): include('APPPATH\\Views\\layout\\template.php')
 3 SYSTEMPATH\View\View.php(216): CodeIgniter\View\View->CodeIgniter\View\{closure}()
 4 SYSTEMPATH\View\View.php(229): CodeIgniter\View\View->render('layout/template', [], true)
 5 SYSTEMPATH\View\View.php(229): CodeIgniter\View\View->render('layout/sidebar', [], true)
 6 SYSTEMPATH\Common.php(1137): CodeIgniter\View\View->render('layout/dashboard', [], true)
 7 APPPATH\Controllers\Schedule.php(26): view('layout/dashboard', [...])
 8 SYSTEMPATH\CodeIgniter.php(904): App\Controllers\Schedule->dashboard()
 9 SYSTEMPATH\CodeIgniter.php(457): CodeIgniter\CodeIgniter->runController(Object(App\Controllers\Schedule))
10 SYSTEMPATH\CodeIgniter.php(340): CodeIgniter\CodeIgniter->handleRequest(null, Object(Config\Cache), false)
11 FCPATH\index.php(67): CodeIgniter\CodeIgniter->run()
12 SYSTEMPATH\Commands\Server\rewrite.php(43): require_once('FCPATH\\index.php')
CRITICAL - 2023-01-26 13:16:34 --> Illegal string offset 'stts'
in APPPATH\Views\layout\template.php on line 201.
 1 APPPATH\Views\layout\template.php(201): CodeIgniter\Debug\Exceptions->errorHandler(2, 'Illegal string offset \'stts\'', 'APPPATH\\Views\\layout\\template.php', 201, [...])
 2 SYSTEMPATH\View\View.php(213): include('APPPATH\\Views\\layout\\template.php')
 3 SYSTEMPATH\View\View.php(216): CodeIgniter\View\View->CodeIgniter\View\{closure}()
 4 SYSTEMPATH\View\View.php(229): CodeIgniter\View\View->render('layout/template', [], true)
 5 SYSTEMPATH\View\View.php(229): CodeIgniter\View\View->render('layout/sidebar', [], true)
 6 SYSTEMPATH\Common.php(1137): CodeIgniter\View\View->render('layout/dashboard', [], true)
 7 APPPATH\Controllers\Schedule.php(26): view('layout/dashboard', [...])
 8 SYSTEMPATH\CodeIgniter.php(904): App\Controllers\Schedule->dashboard()
 9 SYSTEMPATH\CodeIgniter.php(457): CodeIgniter\CodeIgniter->runController(Object(App\Controllers\Schedule))
10 SYSTEMPATH\CodeIgniter.php(340): CodeIgniter\CodeIgniter->handleRequest(null, Object(Config\Cache), false)
11 FCPATH\index.php(67): CodeIgniter\CodeIgniter->run()
12 SYSTEMPATH\Commands\Server\rewrite.php(43): require_once('FCPATH\\index.php')
CRITICAL - 2023-01-26 13:17:40 --> Illegal string offset 'stts'
in APPPATH\Views\layout\template.php on line 201.
 1 APPPATH\Views\layout\template.php(201): CodeIgniter\Debug\Exceptions->errorHandler(2, 'Illegal string offset \'stts\'', 'APPPATH\\Views\\layout\\template.php', 201, [...])
 2 SYSTEMPATH\View\View.php(213): include('APPPATH\\Views\\layout\\template.php')
 3 SYSTEMPATH\View\View.php(216): CodeIgniter\View\View->CodeIgniter\View\{closure}()
 4 SYSTEMPATH\View\View.php(229): CodeIgniter\View\View->render('layout/template', [], true)
 5 SYSTEMPATH\View\View.php(229): CodeIgniter\View\View->render('layout/sidebar', [], true)
 6 SYSTEMPATH\Common.php(1137): CodeIgniter\View\View->render('layout/dashboard', [], true)
 7 APPPATH\Controllers\Schedule.php(26): view('layout/dashboard', [...])
 8 SYSTEMPATH\CodeIgniter.php(904): App\Controllers\Schedule->dashboard()
 9 SYSTEMPATH\CodeIgniter.php(457): CodeIgniter\CodeIgniter->runController(Object(App\Controllers\Schedule))
10 SYSTEMPATH\CodeIgniter.php(340): CodeIgniter\CodeIgniter->handleRequest(null, Object(Config\Cache), false)
11 FCPATH\index.php(67): CodeIgniter\CodeIgniter->run()
12 SYSTEMPATH\Commands\Server\rewrite.php(43): require_once('FCPATH\\index.php')
CRITICAL - 2023-01-26 00:28:57 --> Undefined index: nik
in APPPATH\Controllers\Auth.php on line 40.
 1 APPPATH\Controllers\Auth.php(40): CodeIgniter\Debug\Exceptions->errorHandler(8, 'Undefined index: nik', 'APPPATH\\Controllers\\Auth.php', 40, [...])
 2 SYSTEMPATH\CodeIgniter.php(904): App\Controllers\Auth->login()
 3 SYSTEMPATH\CodeIgniter.php(457): CodeIgniter\CodeIgniter->runController(Object(App\Controllers\Auth))
 4 SYSTEMPATH\CodeIgniter.php(340): CodeIgniter\CodeIgniter->handleRequest(null, Object(Config\Cache), false)
 5 FCPATH\index.php(67): CodeIgniter\CodeIgniter->run()
 6 SYSTEMPATH\Commands\Server\rewrite.php(43): require_once('FCPATH\\index.php')
CRITICAL - 2023-01-26 13:28:59 --> Trying to access array offset on value of type bool
in APPPATH\Views\layout\template.php on line 201.
 1 APPPATH\Views\layout\template.php(201): CodeIgniter\Debug\Exceptions->errorHandler(8, 'Trying to access array offset on value of type bool', 'APPPATH\\Views\\layout\\template.php', 201, [...])
 2 SYSTEMPATH\View\View.php(213): include('APPPATH\\Views\\layout\\template.php')
 3 SYSTEMPATH\View\View.php(216): CodeIgniter\View\View->CodeIgniter\View\{closure}()
 4 SYSTEMPATH\View\View.php(229): CodeIgniter\View\View->render('layout/template', [], true)
 5 SYSTEMPATH\View\View.php(229): CodeIgniter\View\View->render('layout/sidebar', [], true)
 6 SYSTEMPATH\Common.php(1137): CodeIgniter\View\View->render('layout/dashboard', [], true)
 7 APPPATH\Controllers\Schedule.php(26): view('layout/dashboard', [...])
 8 SYSTEMPATH\CodeIgniter.php(904): App\Controllers\Schedule->dashboard()
 9 SYSTEMPATH\CodeIgniter.php(457): CodeIgniter\CodeIgniter->runController(Object(App\Controllers\Schedule))
10 SYSTEMPATH\CodeIgniter.php(340): CodeIgniter\CodeIgniter->handleRequest(null, Object(Config\Cache), false)
11 FCPATH\index.php(67): CodeIgniter\CodeIgniter->run()
12 SYSTEMPATH\Commands\Server\rewrite.php(43): require_once('FCPATH\\index.php')
CRITICAL - 2023-01-26 13:29:01 --> Trying to access array offset on value of type bool
in APPPATH\Views\layout\template.php on line 201.
 1 APPPATH\Views\layout\template.php(201): CodeIgniter\Debug\Exceptions->errorHandler(8, 'Trying to access array offset on value of type bool', 'APPPATH\\Views\\layout\\template.php', 201, [...])
 2 SYSTEMPATH\View\View.php(213): include('APPPATH\\Views\\layout\\template.php')
 3 SYSTEMPATH\View\View.php(216): CodeIgniter\View\View->CodeIgniter\View\{closure}()
 4 SYSTEMPATH\View\View.php(229): CodeIgniter\View\View->render('layout/template', [], true)
 5 SYSTEMPATH\View\View.php(229): CodeIgniter\View\View->render('layout/sidebar', [], true)
 6 SYSTEMPATH\Common.php(1137): CodeIgniter\View\View->render('layout/dashboard', [], true)
 7 APPPATH\Controllers\Schedule.php(26): view('layout/dashboard', [...])
 8 SYSTEMPATH\CodeIgniter.php(904): App\Controllers\Schedule->dashboard()
 9 SYSTEMPATH\CodeIgniter.php(457): CodeIgniter\CodeIgniter->runController(Object(App\Controllers\Schedule))
10 SYSTEMPATH\CodeIgniter.php(340): CodeIgniter\CodeIgniter->handleRequest(null, Object(Config\Cache), false)
11 FCPATH\index.php(67): CodeIgniter\CodeIgniter->run()
12 SYSTEMPATH\Commands\Server\rewrite.php(43): require_once('FCPATH\\index.php')
CRITICAL - 2023-01-26 13:29:02 --> Trying to access array offset on value of type bool
in APPPATH\Views\layout\template.php on line 201.
 1 APPPATH\Views\layout\template.php(201): CodeIgniter\Debug\Exceptions->errorHandler(8, 'Trying to access array offset on value of type bool', 'APPPATH\\Views\\layout\\template.php', 201, [...])
 2 SYSTEMPATH\View\View.php(213): include('APPPATH\\Views\\layout\\template.php')
 3 SYSTEMPATH\View\View.php(216): CodeIgniter\View\View->CodeIgniter\View\{closure}()
 4 SYSTEMPATH\View\View.php(229): CodeIgniter\View\View->render('layout/template', [], true)
 5 SYSTEMPATH\View\View.php(229): CodeIgniter\View\View->render('layout/sidebar', [], true)
 6 SYSTEMPATH\Common.php(1137): CodeIgniter\View\View->render('layout/dashboard', [], true)
 7 APPPATH\Controllers\Schedule.php(26): view('layout/dashboard', [...])
 8 SYSTEMPATH\CodeIgniter.php(904): App\Controllers\Schedule->dashboard()
 9 SYSTEMPATH\CodeIgniter.php(457): CodeIgniter\CodeIgniter->runController(Object(App\Controllers\Schedule))
10 SYSTEMPATH\CodeIgniter.php(340): CodeIgniter\CodeIgniter->handleRequest(null, Object(Config\Cache), false)
11 FCPATH\index.php(67): CodeIgniter\CodeIgniter->run()
12 SYSTEMPATH\Commands\Server\rewrite.php(43): require_once('FCPATH\\index.php')
CRITICAL - 2023-01-26 01:07:08 --> Array to string conversion
in APPPATH\Views\auth\v_login.php on line 60.
 1 APPPATH\Views\auth\v_login.php(60): CodeIgniter\Debug\Exceptions->errorHandler(8, 'Array to string conversion', 'APPPATH\\Views\\auth\\v_login.php', 60, [...])
 2 SYSTEMPATH\View\View.php(213): include('APPPATH\\Views\\auth\\v_login.php')
 3 SYSTEMPATH\View\View.php(216): CodeIgniter\View\View->CodeIgniter\View\{closure}()
 4 SYSTEMPATH\Common.php(1137): CodeIgniter\View\View->render('auth/v_login', [], true)
 5 APPPATH\Controllers\Auth.php(12): view('auth/v_login')
 6 SYSTEMPATH\CodeIgniter.php(904): App\Controllers\Auth->index()
 7 SYSTEMPATH\CodeIgniter.php(457): CodeIgniter\CodeIgniter->runController(Object(App\Controllers\Auth))
 8 SYSTEMPATH\CodeIgniter.php(340): CodeIgniter\CodeIgniter->handleRequest(null, Object(Config\Cache), false)
 9 FCPATH\index.php(67): CodeIgniter\CodeIgniter->run()
10 SYSTEMPATH\Commands\Server\rewrite.php(43): require_once('FCPATH\\index.php')
CRITICAL - 2023-01-26 16:17:42 --> Undefined variable: data_note_release
in APPPATH\Views\schedule_eps\planner\list_release.php on line 13.
 1 APPPATH\Views\schedule_eps\planner\list_release.php(13): CodeIgniter\Debug\Exceptions->errorHandler(8, 'Undefined variable: data_note_release', 'APPPATH\\Views\\schedule_eps\\planner\\list_release.php', 13, [...])
 2 SYSTEMPATH\View\View.php(213): include('APPPATH\\Views\\schedule_eps\\planner\\list_release.php')
 3 SYSTEMPATH\View\View.php(216): CodeIgniter\View\View->CodeIgniter\View\{closure}()
 4 SYSTEMPATH\Common.php(1137): CodeIgniter\View\View->render('schedule_eps/planner/list_release', [], true)
 5 APPPATH\Controllers\Release.php(38): view('schedule_eps/planner/list_release', [...])
 6 SYSTEMPATH\CodeIgniter.php(904): App\Controllers\Release->viewrelease()
 7 SYSTEMPATH\CodeIgniter.php(457): CodeIgniter\CodeIgniter->runController(Object(App\Controllers\Release))
 8 SYSTEMPATH\CodeIgniter.php(340): CodeIgniter\CodeIgniter->handleRequest(null, Object(Config\Cache), false)
 9 FCPATH\index.php(67): CodeIgniter\CodeIgniter->run()
10 SYSTEMPATH\Commands\Server\rewrite.php(43): require_once('FCPATH\\index.php')
CRITICAL - 2023-01-26 16:21:15 --> Too few arguments to function App\Models\ReleaseModel::release(), 0 passed in C:\xampp\htdocs\schedule_eps\app\Controllers\Release.php on line 26 and exactly 1 expected
in APPPATH\Models\ReleaseModel.php on line 10.
 1 APPPATH\Controllers\Release.php(26): App\Models\ReleaseModel->release()
 2 SYSTEMPATH\CodeIgniter.php(904): App\Controllers\Release->viewrelease()
 3 SYSTEMPATH\CodeIgniter.php(457): CodeIgniter\CodeIgniter->runController(Object(App\Controllers\Release))
 4 SYSTEMPATH\CodeIgniter.php(340): CodeIgniter\CodeIgniter->handleRequest(null, Object(Config\Cache), false)
 5 FCPATH\index.php(67): CodeIgniter\CodeIgniter->run()
 6 SYSTEMPATH\Commands\Server\rewrite.php(43): require_once('FCPATH\\index.php')
CRITICAL - 2023-01-26 19:16:07 --> Undefined variable: data_position
in APPPATH\Views\master\list_master_position.php on line 27.
 1 APPPATH\Views\master\list_master_position.php(27): CodeIgniter\Debug\Exceptions->errorHandler(8, 'Undefined variable: data_position', 'APPPATH\\Views\\master\\list_master_position.php', 27, [...])
 2 SYSTEMPATH\View\View.php(213): include('APPPATH\\Views\\master\\list_master_position.php')
 3 SYSTEMPATH\View\View.php(216): CodeIgniter\View\View->CodeIgniter\View\{closure}()
 4 SYSTEMPATH\Common.php(1137): CodeIgniter\View\View->render('master/list_master_position', [], true)
 5 APPPATH\Controllers\Master.php(33): view('master/list_master_position', [...])
 6 SYSTEMPATH\CodeIgniter.php(904): App\Controllers\Master->PrivilegeUser()
 7 SYSTEMPATH\CodeIgniter.php(457): CodeIgniter\CodeIgniter->runController(Object(App\Controllers\Master))
 8 SYSTEMPATH\CodeIgniter.php(340): CodeIgniter\CodeIgniter->handleRequest(null, Object(Config\Cache), false)
 9 FCPATH\index.php(67): CodeIgniter\CodeIgniter->run()
10 SYSTEMPATH\Commands\Server\rewrite.php(43): require_once('FCPATH\\index.php')
CRITICAL - 2023-01-26 19:18:26 --> Undefined variable: data_position
in APPPATH\Views\master\list_master_position.php on line 27.
 1 APPPATH\Views\master\list_master_position.php(27): CodeIgniter\Debug\Exceptions->errorHandler(8, 'Undefined variable: data_position', 'APPPATH\\Views\\master\\list_master_position.php', 27, [...])
 2 SYSTEMPATH\View\View.php(213): include('APPPATH\\Views\\master\\list_master_position.php')
 3 SYSTEMPATH\View\View.php(216): CodeIgniter\View\View->CodeIgniter\View\{closure}()
 4 SYSTEMPATH\Common.php(1137): CodeIgniter\View\View->render('master/list_master_position', [], true)
 5 APPPATH\Controllers\Master.php(33): view('master/list_master_position', [...])
 6 SYSTEMPATH\CodeIgniter.php(904): App\Controllers\Master->PrivilegeUser()
 7 SYSTEMPATH\CodeIgniter.php(457): CodeIgniter\CodeIgniter->runController(Object(App\Controllers\Master))
 8 SYSTEMPATH\CodeIgniter.php(340): CodeIgniter\CodeIgniter->handleRequest(null, Object(Config\Cache), false)
 9 FCPATH\index.php(67): CodeIgniter\CodeIgniter->run()
10 SYSTEMPATH\Commands\Server\rewrite.php(43): require_once('FCPATH\\index.php')
CRITICAL - 2023-01-26 19:20:21 --> Undefined variable: data_position
in APPPATH\Views\master\list_master_position.php on line 27.
 1 APPPATH\Views\master\list_master_position.php(27): CodeIgniter\Debug\Exceptions->errorHandler(8, 'Undefined variable: data_position', 'APPPATH\\Views\\master\\list_master_position.php', 27, [...])
 2 SYSTEMPATH\View\View.php(213): include('APPPATH\\Views\\master\\list_master_position.php')
 3 SYSTEMPATH\View\View.php(216): CodeIgniter\View\View->CodeIgniter\View\{closure}()
 4 SYSTEMPATH\Common.php(1137): CodeIgniter\View\View->render('master/list_master_position', [], true)
 5 APPPATH\Controllers\Master.php(33): view('master/list_master_position', [...])
 6 SYSTEMPATH\CodeIgniter.php(904): App\Controllers\Master->PrivilegeUser()
 7 SYSTEMPATH\CodeIgniter.php(457): CodeIgniter\CodeIgniter->runController(Object(App\Controllers\Master))
 8 SYSTEMPATH\CodeIgniter.php(340): CodeIgniter\CodeIgniter->handleRequest(null, Object(Config\Cache), false)
 9 FCPATH\index.php(67): CodeIgniter\CodeIgniter->run()
10 SYSTEMPATH\Commands\Server\rewrite.php(43): require_once('FCPATH\\index.php')
CRITICAL - 2023-01-26 19:20:49 --> Undefined variable: data_position
in APPPATH\Views\master\list_master_position.php on line 27.
 1 APPPATH\Views\master\list_master_position.php(27): CodeIgniter\Debug\Exceptions->errorHandler(8, 'Undefined variable: data_position', 'APPPATH\\Views\\master\\list_master_position.php', 27, [...])
 2 SYSTEMPATH\View\View.php(213): include('APPPATH\\Views\\master\\list_master_position.php')
 3 SYSTEMPATH\View\View.php(216): CodeIgniter\View\View->CodeIgniter\View\{closure}()
 4 SYSTEMPATH\Common.php(1137): CodeIgniter\View\View->render('master/list_master_position', [], true)
 5 APPPATH\Controllers\Master.php(34): view('master/list_master_position', [...])
 6 SYSTEMPATH\CodeIgniter.php(904): App\Controllers\Master->PrivilegeUser()
 7 SYSTEMPATH\CodeIgniter.php(457): CodeIgniter\CodeIgniter->runController(Object(App\Controllers\Master))
 8 SYSTEMPATH\CodeIgniter.php(340): CodeIgniter\CodeIgniter->handleRequest(null, Object(Config\Cache), false)
 9 FCPATH\index.php(67): CodeIgniter\CodeIgniter->run()
10 SYSTEMPATH\Commands\Server\rewrite.php(43): require_once('FCPATH\\index.php')
CRITICAL - 2023-01-26 19:20:50 --> Undefined variable: data_position
in APPPATH\Views\master\list_master_position.php on line 27.
 1 APPPATH\Views\master\list_master_position.php(27): CodeIgniter\Debug\Exceptions->errorHandler(8, 'Undefined variable: data_position', 'APPPATH\\Views\\master\\list_master_position.php', 27, [...])
 2 SYSTEMPATH\View\View.php(213): include('APPPATH\\Views\\master\\list_master_position.php')
 3 SYSTEMPATH\View\View.php(216): CodeIgniter\View\View->CodeIgniter\View\{closure}()
 4 SYSTEMPATH\Common.php(1137): CodeIgniter\View\View->render('master/list_master_position', [], true)
 5 APPPATH\Controllers\Master.php(34): view('master/list_master_position', [...])
 6 SYSTEMPATH\CodeIgniter.php(904): App\Controllers\Master->PrivilegeUser()
 7 SYSTEMPATH\CodeIgniter.php(457): CodeIgniter\CodeIgniter->runController(Object(App\Controllers\Master))
 8 SYSTEMPATH\CodeIgniter.php(340): CodeIgniter\CodeIgniter->handleRequest(null, Object(Config\Cache), false)
 9 FCPATH\index.php(67): CodeIgniter\CodeIgniter->run()
10 SYSTEMPATH\Commands\Server\rewrite.php(43): require_once('FCPATH\\index.php')
CRITICAL - 2023-01-26 19:20:50 --> Undefined variable: data_position
in APPPATH\Views\master\list_master_position.php on line 27.
 1 APPPATH\Views\master\list_master_position.php(27): CodeIgniter\Debug\Exceptions->errorHandler(8, 'Undefined variable: data_position', 'APPPATH\\Views\\master\\list_master_position.php', 27, [...])
 2 SYSTEMPATH\View\View.php(213): include('APPPATH\\Views\\master\\list_master_position.php')
 3 SYSTEMPATH\View\View.php(216): CodeIgniter\View\View->CodeIgniter\View\{closure}()
 4 SYSTEMPATH\Common.php(1137): CodeIgniter\View\View->render('master/list_master_position', [], true)
 5 APPPATH\Controllers\Master.php(34): view('master/list_master_position', [...])
 6 SYSTEMPATH\CodeIgniter.php(904): App\Controllers\Master->PrivilegeUser()
 7 SYSTEMPATH\CodeIgniter.php(457): CodeIgniter\CodeIgniter->runController(Object(App\Controllers\Master))
 8 SYSTEMPATH\CodeIgniter.php(340): CodeIgniter\CodeIgniter->handleRequest(null, Object(Config\Cache), false)
 9 FCPATH\index.php(67): CodeIgniter\CodeIgniter->run()
10 SYSTEMPATH\Commands\Server\rewrite.php(43): require_once('FCPATH\\index.php')
CRITICAL - 2023-01-26 19:22:45 --> Undefined variable: data_position
in APPPATH\Views\master\list_master_position.php on line 27.
 1 APPPATH\Views\master\list_master_position.php(27): CodeIgniter\Debug\Exceptions->errorHandler(8, 'Undefined variable: data_position', 'APPPATH\\Views\\master\\list_master_position.php', 27, [...])
 2 SYSTEMPATH\View\View.php(213): include('APPPATH\\Views\\master\\list_master_position.php')
 3 SYSTEMPATH\View\View.php(216): CodeIgniter\View\View->CodeIgniter\View\{closure}()
 4 SYSTEMPATH\Common.php(1137): CodeIgniter\View\View->render('master/list_master_position', [], true)
 5 APPPATH\Controllers\Master.php(42): view('master/list_master_position', [...])
 6 SYSTEMPATH\CodeIgniter.php(904): App\Controllers\Master->PrivilegeUser()
 7 SYSTEMPATH\CodeIgniter.php(457): CodeIgniter\CodeIgniter->runController(Object(App\Controllers\Master))
 8 SYSTEMPATH\CodeIgniter.php(340): CodeIgniter\CodeIgniter->handleRequest(null, Object(Config\Cache), false)
 9 FCPATH\index.php(67): CodeIgniter\CodeIgniter->run()
10 SYSTEMPATH\Commands\Server\rewrite.php(43): require_once('FCPATH\\index.php')
CRITICAL - 2023-01-26 19:22:59 --> Undefined index: id
in APPPATH\Views\master\list_master_position.php on line 33.
 1 APPPATH\Views\master\list_master_position.php(33): CodeIgniter\Debug\Exceptions->errorHandler(8, 'Undefined index: id', 'APPPATH\\Views\\master\\list_master_position.php', 33, [...])
 2 SYSTEMPATH\View\View.php(213): include('APPPATH\\Views\\master\\list_master_position.php')
 3 SYSTEMPATH\View\View.php(216): CodeIgniter\View\View->CodeIgniter\View\{closure}()
 4 SYSTEMPATH\Common.php(1137): CodeIgniter\View\View->render('master/list_master_position', [], true)
 5 APPPATH\Controllers\Master.php(33): view('master/list_master_position', [...])
 6 SYSTEMPATH\CodeIgniter.php(904): App\Controllers\Master->PositionUser()
 7 SYSTEMPATH\CodeIgniter.php(457): CodeIgniter\CodeIgniter->runController(Object(App\Controllers\Master))
 8 SYSTEMPATH\CodeIgniter.php(340): CodeIgniter\CodeIgniter->handleRequest(null, Object(Config\Cache), false)
 9 FCPATH\index.php(67): CodeIgniter\CodeIgniter->run()
10 SYSTEMPATH\Commands\Server\rewrite.php(43): require_once('FCPATH\\index.php')
CRITICAL - 2023-01-26 20:05:07 --> Undefined variable: list_master_menu
in APPPATH\Views\master\list_master_menu.php on line 30.
 1 APPPATH\Views\master\list_master_menu.php(30): CodeIgniter\Debug\Exceptions->errorHandler(8, 'Undefined variable: list_master_menu', 'APPPATH\\Views\\master\\list_master_menu.php', 30, [...])
 2 SYSTEMPATH\View\View.php(213): include('APPPATH\\Views\\master\\list_master_menu.php')
 3 SYSTEMPATH\View\View.php(216): CodeIgniter\View\View->CodeIgniter\View\{closure}()
 4 SYSTEMPATH\Common.php(1137): CodeIgniter\View\View->render('master/list_master_menu', [], true)
 5 APPPATH\Controllers\Master.php(41): view('master/list_master_menu', [...])
 6 SYSTEMPATH\CodeIgniter.php(904): App\Controllers\Master->SubMenu()
 7 SYSTEMPATH\CodeIgniter.php(457): CodeIgniter\CodeIgniter->runController(Object(App\Controllers\Master))
 8 SYSTEMPATH\CodeIgniter.php(340): CodeIgniter\CodeIgniter->handleRequest(null, Object(Config\Cache), false)
 9 FCPATH\index.php(67): CodeIgniter\CodeIgniter->run()
10 SYSTEMPATH\Commands\Server\rewrite.php(43): require_once('FCPATH\\index.php')
CRITICAL - 2023-01-26 20:05:25 --> Undefined index: positiondesc
in APPPATH\Views\master\list_master_menu.php on line 34.
 1 APPPATH\Views\master\list_master_menu.php(34): CodeIgniter\Debug\Exceptions->errorHandler(8, 'Undefined index: positiondesc', 'APPPATH\\Views\\master\\list_master_menu.php', 34, [...])
 2 SYSTEMPATH\View\View.php(213): include('APPPATH\\Views\\master\\list_master_menu.php')
 3 SYSTEMPATH\View\View.php(216): CodeIgniter\View\View->CodeIgniter\View\{closure}()
 4 SYSTEMPATH\Common.php(1137): CodeIgniter\View\View->render('master/list_master_menu', [], true)
 5 APPPATH\Controllers\Master.php(41): view('master/list_master_menu', [...])
 6 SYSTEMPATH\CodeIgniter.php(904): App\Controllers\Master->SubMenu()
 7 SYSTEMPATH\CodeIgniter.php(457): CodeIgniter\CodeIgniter->runController(Object(App\Controllers\Master))
 8 SYSTEMPATH\CodeIgniter.php(340): CodeIgniter\CodeIgniter->handleRequest(null, Object(Config\Cache), false)
 9 FCPATH\index.php(67): CodeIgniter\CodeIgniter->run()
10 SYSTEMPATH\Commands\Server\rewrite.php(43): require_once('FCPATH\\index.php')
CRITICAL - 2023-01-26 20:05:25 --> Undefined index: positiondesc
in APPPATH\Views\master\list_master_menu.php on line 34.
 1 APPPATH\Views\master\list_master_menu.php(34): CodeIgniter\Debug\Exceptions->errorHandler(8, 'Undefined index: positiondesc', 'APPPATH\\Views\\master\\list_master_menu.php', 34, [...])
 2 SYSTEMPATH\View\View.php(213): include('APPPATH\\Views\\master\\list_master_menu.php')
 3 SYSTEMPATH\View\View.php(216): CodeIgniter\View\View->CodeIgniter\View\{closure}()
 4 SYSTEMPATH\Common.php(1137): CodeIgniter\View\View->render('master/list_master_menu', [], true)
 5 APPPATH\Controllers\Master.php(41): view('master/list_master_menu', [...])
 6 SYSTEMPATH\CodeIgniter.php(904): App\Controllers\Master->SubMenu()
 7 SYSTEMPATH\CodeIgniter.php(457): CodeIgniter\CodeIgniter->runController(Object(App\Controllers\Master))
 8 SYSTEMPATH\CodeIgniter.php(340): CodeIgniter\CodeIgniter->handleRequest(null, Object(Config\Cache), false)
 9 FCPATH\index.php(67): CodeIgniter\CodeIgniter->run()
10 SYSTEMPATH\Commands\Server\rewrite.php(43): require_once('FCPATH\\index.php')
CRITICAL - 2023-01-26 20:05:26 --> Undefined index: positiondesc
in APPPATH\Views\master\list_master_menu.php on line 34.
 1 APPPATH\Views\master\list_master_menu.php(34): CodeIgniter\Debug\Exceptions->errorHandler(8, 'Undefined index: positiondesc', 'APPPATH\\Views\\master\\list_master_menu.php', 34, [...])
 2 SYSTEMPATH\View\View.php(213): include('APPPATH\\Views\\master\\list_master_menu.php')
 3 SYSTEMPATH\View\View.php(216): CodeIgniter\View\View->CodeIgniter\View\{closure}()
 4 SYSTEMPATH\Common.php(1137): CodeIgniter\View\View->render('master/list_master_menu', [], true)
 5 APPPATH\Controllers\Master.php(41): view('master/list_master_menu', [...])
 6 SYSTEMPATH\CodeIgniter.php(904): App\Controllers\Master->SubMenu()
 7 SYSTEMPATH\CodeIgniter.php(457): CodeIgniter\CodeIgniter->runController(Object(App\Controllers\Master))
 8 SYSTEMPATH\CodeIgniter.php(340): CodeIgniter\CodeIgniter->handleRequest(null, Object(Config\Cache), false)
 9 FCPATH\index.php(67): CodeIgniter\CodeIgniter->run()
10 SYSTEMPATH\Commands\Server\rewrite.php(43): require_once('FCPATH\\index.php')
CRITICAL - 2023-01-26 20:06:38 --> Undefined index: iduserposition
in APPPATH\Views\master\list_master_menu.php on line 39.
 1 APPPATH\Views\master\list_master_menu.php(39): CodeIgniter\Debug\Exceptions->errorHandler(8, 'Undefined index: iduserposition', 'APPPATH\\Views\\master\\list_master_menu.php', 39, [...])
 2 SYSTEMPATH\View\View.php(213): include('APPPATH\\Views\\master\\list_master_menu.php')
 3 SYSTEMPATH\View\View.php(216): CodeIgniter\View\View->CodeIgniter\View\{closure}()
 4 SYSTEMPATH\Common.php(1137): CodeIgniter\View\View->render('master/list_master_menu', [], true)
 5 APPPATH\Controllers\Master.php(41): view('master/list_master_menu', [...])
 6 SYSTEMPATH\CodeIgniter.php(904): App\Controllers\Master->SubMenu()
 7 SYSTEMPATH\CodeIgniter.php(457): CodeIgniter\CodeIgniter->runController(Object(App\Controllers\Master))
 8 SYSTEMPATH\CodeIgniter.php(340): CodeIgniter\CodeIgniter->handleRequest(null, Object(Config\Cache), false)
 9 FCPATH\index.php(67): CodeIgniter\CodeIgniter->run()
10 SYSTEMPATH\Commands\Server\rewrite.php(43): require_once('FCPATH\\index.php')
CRITICAL - 2023-01-26 20:19:25 --> Undefined index: menu
in APPPATH\Views\master\list_master_menu.php on line 46.
 1 APPPATH\Views\master\list_master_menu.php(46): CodeIgniter\Debug\Exceptions->errorHandler(8, 'Undefined index: menu', 'APPPATH\\Views\\master\\list_master_menu.php', 46, [...])
 2 SYSTEMPATH\View\View.php(213): include('APPPATH\\Views\\master\\list_master_menu.php')
 3 SYSTEMPATH\View\View.php(216): CodeIgniter\View\View->CodeIgniter\View\{closure}()
 4 SYSTEMPATH\Common.php(1137): CodeIgniter\View\View->render('master/list_master_menu', [], true)
 5 APPPATH\Controllers\Master.php(41): view('master/list_master_menu', [...])
 6 SYSTEMPATH\CodeIgniter.php(904): App\Controllers\Master->SubMenu()
 7 SYSTEMPATH\CodeIgniter.php(457): CodeIgniter\CodeIgniter->runController(Object(App\Controllers\Master))
 8 SYSTEMPATH\CodeIgniter.php(340): CodeIgniter\CodeIgniter->handleRequest(null, Object(Config\Cache), false)
 9 FCPATH\index.php(67): CodeIgniter\CodeIgniter->run()
10 SYSTEMPATH\Commands\Server\rewrite.php(43): require_once('FCPATH\\index.php')
CRITICAL - 2023-01-26 20:21:39 --> Undefined variable: menu
in APPPATH\Views\master\list_master_menu.php on line 68.
 1 APPPATH\Views\master\list_master_menu.php(68): CodeIgniter\Debug\Exceptions->errorHandler(8, 'Undefined variable: menu', 'APPPATH\\Views\\master\\list_master_menu.php', 68, [...])
 2 SYSTEMPATH\View\View.php(213): include('APPPATH\\Views\\master\\list_master_menu.php')
 3 SYSTEMPATH\View\View.php(216): CodeIgniter\View\View->CodeIgniter\View\{closure}()
 4 SYSTEMPATH\Common.php(1137): CodeIgniter\View\View->render('master/list_master_menu', [], true)
 5 APPPATH\Controllers\Master.php(41): view('master/list_master_menu', [...])
 6 SYSTEMPATH\CodeIgniter.php(904): App\Controllers\Master->SubMenu()
 7 SYSTEMPATH\CodeIgniter.php(457): CodeIgniter\CodeIgniter->runController(Object(App\Controllers\Master))
 8 SYSTEMPATH\CodeIgniter.php(340): CodeIgniter\CodeIgniter->handleRequest(null, Object(Config\Cache), false)
 9 FCPATH\index.php(67): CodeIgniter\CodeIgniter->run()
10 SYSTEMPATH\Commands\Server\rewrite.php(43): require_once('FCPATH\\index.php')
CRITICAL - 2023-01-26 20:22:56 --> Undefined variable: data_menu
in APPPATH\Views\master\list_master_menu.php on line 68.
 1 APPPATH\Views\master\list_master_menu.php(68): CodeIgniter\Debug\Exceptions->errorHandler(8, 'Undefined variable: data_menu', 'APPPATH\\Views\\master\\list_master_menu.php', 68, [...])
 2 SYSTEMPATH\View\View.php(213): include('APPPATH\\Views\\master\\list_master_menu.php')
 3 SYSTEMPATH\View\View.php(216): CodeIgniter\View\View->CodeIgniter\View\{closure}()
 4 SYSTEMPATH\Common.php(1137): CodeIgniter\View\View->render('master/list_master_menu', [], true)
 5 APPPATH\Controllers\Master.php(41): view('master/list_master_menu', [...])
 6 SYSTEMPATH\CodeIgniter.php(904): App\Controllers\Master->SubMenu()
 7 SYSTEMPATH\CodeIgniter.php(457): CodeIgniter\CodeIgniter->runController(Object(App\Controllers\Master))
 8 SYSTEMPATH\CodeIgniter.php(340): CodeIgniter\CodeIgniter->handleRequest(null, Object(Config\Cache), false)
 9 FCPATH\index.php(67): CodeIgniter\CodeIgniter->run()
10 SYSTEMPATH\Commands\Server\rewrite.php(43): require_once('FCPATH\\index.php')
CRITICAL - 2023-01-26 20:37:32 --> Undefined variable: sub_menu
in APPPATH\Views\master\list_master_menu.php on line 39.
 1 APPPATH\Views\master\list_master_menu.php(39): CodeIgniter\Debug\Exceptions->errorHandler(8, 'Undefined variable: sub_menu', 'APPPATH\\Views\\master\\list_master_menu.php', 39, [...])
 2 SYSTEMPATH\View\View.php(213): include('APPPATH\\Views\\master\\list_master_menu.php')
 3 SYSTEMPATH\View\View.php(216): CodeIgniter\View\View->CodeIgniter\View\{closure}()
 4 SYSTEMPATH\Common.php(1137): CodeIgniter\View\View->render('master/list_master_menu', [], true)
 5 APPPATH\Controllers\Master.php(42): view('master/list_master_menu', [...])
 6 SYSTEMPATH\CodeIgniter.php(904): App\Controllers\Master->SubMenu()
 7 SYSTEMPATH\CodeIgniter.php(457): CodeIgniter\CodeIgniter->runController(Object(App\Controllers\Master))
 8 SYSTEMPATH\CodeIgniter.php(340): CodeIgniter\CodeIgniter->handleRequest(null, Object(Config\Cache), false)
 9 FCPATH\index.php(67): CodeIgniter\CodeIgniter->run()
10 SYSTEMPATH\Commands\Server\rewrite.php(43): require_once('FCPATH\\index.php')
CRITICAL - 2023-01-26 20:38:08 --> Undefined variable: menu
in APPPATH\Views\master\list_master_menu.php on line 153.
 1 APPPATH\Views\master\list_master_menu.php(153): CodeIgniter\Debug\Exceptions->errorHandler(8, 'Undefined variable: menu', 'APPPATH\\Views\\master\\list_master_menu.php', 153, [...])
 2 SYSTEMPATH\View\View.php(213): include('APPPATH\\Views\\master\\list_master_menu.php')
 3 SYSTEMPATH\View\View.php(216): CodeIgniter\View\View->CodeIgniter\View\{closure}()
 4 SYSTEMPATH\Common.php(1137): CodeIgniter\View\View->render('master/list_master_menu', [], true)
 5 APPPATH\Controllers\Master.php(42): view('master/list_master_menu', [...])
 6 SYSTEMPATH\CodeIgniter.php(904): App\Controllers\Master->SubMenu()
 7 SYSTEMPATH\CodeIgniter.php(457): CodeIgniter\CodeIgniter->runController(Object(App\Controllers\Master))
 8 SYSTEMPATH\CodeIgniter.php(340): CodeIgniter\CodeIgniter->handleRequest(null, Object(Config\Cache), false)
 9 FCPATH\index.php(67): CodeIgniter\CodeIgniter->run()
10 SYSTEMPATH\Commands\Server\rewrite.php(43): require_once('FCPATH\\index.php')
CRITICAL - 2023-01-26 20:38:09 --> Undefined variable: menu
in APPPATH\Views\master\list_master_menu.php on line 153.
 1 APPPATH\Views\master\list_master_menu.php(153): CodeIgniter\Debug\Exceptions->errorHandler(8, 'Undefined variable: menu', 'APPPATH\\Views\\master\\list_master_menu.php', 153, [...])
 2 SYSTEMPATH\View\View.php(213): include('APPPATH\\Views\\master\\list_master_menu.php')
 3 SYSTEMPATH\View\View.php(216): CodeIgniter\View\View->CodeIgniter\View\{closure}()
 4 SYSTEMPATH\Common.php(1137): CodeIgniter\View\View->render('master/list_master_menu', [], true)
 5 APPPATH\Controllers\Master.php(42): view('master/list_master_menu', [...])
 6 SYSTEMPATH\CodeIgniter.php(904): App\Controllers\Master->SubMenu()
 7 SYSTEMPATH\CodeIgniter.php(457): CodeIgniter\CodeIgniter->runController(Object(App\Controllers\Master))
 8 SYSTEMPATH\CodeIgniter.php(340): CodeIgniter\CodeIgniter->handleRequest(null, Object(Config\Cache), false)
 9 FCPATH\index.php(67): CodeIgniter\CodeIgniter->run()
10 SYSTEMPATH\Commands\Server\rewrite.php(43): require_once('FCPATH\\index.php')
CRITICAL - 2023-01-26 20:39:54 --> Undefined variable: menu
in APPPATH\Views\master\list_master_menu.php on line 153.
 1 APPPATH\Views\master\list_master_menu.php(153): CodeIgniter\Debug\Exceptions->errorHandler(8, 'Undefined variable: menu', 'APPPATH\\Views\\master\\list_master_menu.php', 153, [...])
 2 SYSTEMPATH\View\View.php(213): include('APPPATH\\Views\\master\\list_master_menu.php')
 3 SYSTEMPATH\View\View.php(216): CodeIgniter\View\View->CodeIgniter\View\{closure}()
 4 SYSTEMPATH\Common.php(1137): CodeIgniter\View\View->render('master/list_master_menu', [], true)
 5 APPPATH\Controllers\Master.php(42): view('master/list_master_menu', [...])
 6 SYSTEMPATH\CodeIgniter.php(904): App\Controllers\Master->SubMenu()
 7 SYSTEMPATH\CodeIgniter.php(457): CodeIgniter\CodeIgniter->runController(Object(App\Controllers\Master))
 8 SYSTEMPATH\CodeIgniter.php(340): CodeIgniter\CodeIgniter->handleRequest(null, Object(Config\Cache), false)
 9 FCPATH\index.php(67): CodeIgniter\CodeIgniter->run()
10 SYSTEMPATH\Commands\Server\rewrite.php(43): require_once('FCPATH\\index.php')
CRITICAL - 2023-01-26 21:30:10 --> Undefined variable: menu
in APPPATH\Views\master\list_master_menu.php on line 229.
 1 APPPATH\Views\master\list_master_menu.php(229): CodeIgniter\Debug\Exceptions->errorHandler(8, 'Undefined variable: menu', 'APPPATH\\Views\\master\\list_master_menu.php', 229, [...])
 2 SYSTEMPATH\View\View.php(213): include('APPPATH\\Views\\master\\list_master_menu.php')
 3 SYSTEMPATH\View\View.php(216): CodeIgniter\View\View->CodeIgniter\View\{closure}()
 4 SYSTEMPATH\Common.php(1137): CodeIgniter\View\View->render('master/list_master_menu', [], true)
 5 APPPATH\Controllers\Master.php(42): view('master/list_master_menu', [...])
 6 SYSTEMPATH\CodeIgniter.php(904): App\Controllers\Master->SubMenu()
 7 SYSTEMPATH\CodeIgniter.php(457): CodeIgniter\CodeIgniter->runController(Object(App\Controllers\Master))
 8 SYSTEMPATH\CodeIgniter.php(340): CodeIgniter\CodeIgniter->handleRequest(null, Object(Config\Cache), false)
 9 FCPATH\index.php(67): CodeIgniter\CodeIgniter->run()
10 SYSTEMPATH\Commands\Server\rewrite.php(43): require_once('FCPATH\\index.php')
CRITICAL - 2023-01-26 22:29:41 --> Undefined variable: role
in APPPATH\Views\master\list_master_position.php on line 37.
 1 APPPATH\Views\master\list_master_position.php(37): CodeIgniter\Debug\Exceptions->errorHandler(8, 'Undefined variable: role', 'APPPATH\\Views\\master\\list_master_position.php', 37, [...])
 2 SYSTEMPATH\View\View.php(213): include('APPPATH\\Views\\master\\list_master_position.php')
 3 SYSTEMPATH\View\View.php(216): CodeIgniter\View\View->CodeIgniter\View\{closure}()
 4 SYSTEMPATH\Common.php(1137): CodeIgniter\View\View->render('master/list_master_position', [], true)
 5 APPPATH\Controllers\Master.php(33): view('master/list_master_position', [...])
 6 SYSTEMPATH\CodeIgniter.php(904): App\Controllers\Master->PositionUser()
 7 SYSTEMPATH\CodeIgniter.php(457): CodeIgniter\CodeIgniter->runController(Object(App\Controllers\Master))
 8 SYSTEMPATH\CodeIgniter.php(340): CodeIgniter\CodeIgniter->handleRequest(null, Object(Config\Cache), false)
 9 FCPATH\index.php(67): CodeIgniter\CodeIgniter->run()
10 SYSTEMPATH\Commands\Server\rewrite.php(43): require_once('FCPATH\\index.php')
CRITICAL - 2023-01-26 22:29:55 --> Undefined index: privilege_name
in APPPATH\Views\master\list_master_position.php on line 41.
 1 APPPATH\Views\master\list_master_position.php(41): CodeIgniter\Debug\Exceptions->errorHandler(8, 'Undefined index: privilege_name', 'APPPATH\\Views\\master\\list_master_position.php', 41, [...])
 2 SYSTEMPATH\View\View.php(213): include('APPPATH\\Views\\master\\list_master_position.php')
 3 SYSTEMPATH\View\View.php(216): CodeIgniter\View\View->CodeIgniter\View\{closure}()
 4 SYSTEMPATH\Common.php(1137): CodeIgniter\View\View->render('master/list_master_position', [], true)
 5 APPPATH\Controllers\Master.php(33): view('master/list_master_position', [...])
 6 SYSTEMPATH\CodeIgniter.php(904): App\Controllers\Master->PositionUser()
 7 SYSTEMPATH\CodeIgniter.php(457): CodeIgniter\CodeIgniter->runController(Object(App\Controllers\Master))
 8 SYSTEMPATH\CodeIgniter.php(340): CodeIgniter\CodeIgniter->handleRequest(null, Object(Config\Cache), false)
 9 FCPATH\index.php(67): CodeIgniter\CodeIgniter->run()
10 SYSTEMPATH\Commands\Server\rewrite.php(43): require_once('FCPATH\\index.php')
CRITICAL - 2023-01-26 22:37:29 --> Undefined index: privilege_name
in APPPATH\Views\master\list_master_position.php on line 41.
 1 APPPATH\Views\master\list_master_position.php(41): CodeIgniter\Debug\Exceptions->errorHandler(8, 'Undefined index: privilege_name', 'APPPATH\\Views\\master\\list_master_position.php', 41, [...])
 2 SYSTEMPATH\View\View.php(213): include('APPPATH\\Views\\master\\list_master_position.php')
 3 SYSTEMPATH\View\View.php(216): CodeIgniter\View\View->CodeIgniter\View\{closure}()
 4 SYSTEMPATH\Common.php(1137): CodeIgniter\View\View->render('master/list_master_position', [], true)
 5 APPPATH\Controllers\Master.php(33): view('master/list_master_position', [...])
 6 SYSTEMPATH\CodeIgniter.php(904): App\Controllers\Master->PositionUser()
 7 SYSTEMPATH\CodeIgniter.php(457): CodeIgniter\CodeIgniter->runController(Object(App\Controllers\Master))
 8 SYSTEMPATH\CodeIgniter.php(340): CodeIgniter\CodeIgniter->handleRequest(null, Object(Config\Cache), false)
 9 FCPATH\index.php(67): CodeIgniter\CodeIgniter->run()
10 SYSTEMPATH\Commands\Server\rewrite.php(43): require_once('FCPATH\\index.php')
CRITICAL - 2023-01-26 22:38:12 --> Undefined variable: data_privilege
in APPPATH\Views\master\list_master_position.php on line 37.
 1 APPPATH\Views\master\list_master_position.php(37): CodeIgniter\Debug\Exceptions->errorHandler(8, 'Undefined variable: data_privilege', 'APPPATH\\Views\\master\\list_master_position.php', 37, [...])
 2 SYSTEMPATH\View\View.php(213): include('APPPATH\\Views\\master\\list_master_position.php')
 3 SYSTEMPATH\View\View.php(216): CodeIgniter\View\View->CodeIgniter\View\{closure}()
 4 SYSTEMPATH\Common.php(1137): CodeIgniter\View\View->render('master/list_master_position', [], true)
 5 APPPATH\Controllers\Master.php(33): view('master/list_master_position', [...])
 6 SYSTEMPATH\CodeIgniter.php(904): App\Controllers\Master->PositionUser()
 7 SYSTEMPATH\CodeIgniter.php(457): CodeIgniter\CodeIgniter->runController(Object(App\Controllers\Master))
 8 SYSTEMPATH\CodeIgniter.php(340): CodeIgniter\CodeIgniter->handleRequest(null, Object(Config\Cache), false)
 9 FCPATH\index.php(67): CodeIgniter\CodeIgniter->run()
10 SYSTEMPATH\Commands\Server\rewrite.php(43): require_once('FCPATH\\index.php')
CRITICAL - 2023-01-26 22:39:13 --> Undefined variable: data_privilege
in APPPATH\Views\master\list_master_position.php on line 37.
 1 APPPATH\Views\master\list_master_position.php(37): CodeIgniter\Debug\Exceptions->errorHandler(8, 'Undefined variable: data_privilege', 'APPPATH\\Views\\master\\list_master_position.php', 37, [...])
 2 SYSTEMPATH\View\View.php(213): include('APPPATH\\Views\\master\\list_master_position.php')
 3 SYSTEMPATH\View\View.php(216): CodeIgniter\View\View->CodeIgniter\View\{closure}()
 4 SYSTEMPATH\Common.php(1137): CodeIgniter\View\View->render('master/list_master_position', [], true)
 5 APPPATH\Controllers\Master.php(33): view('master/list_master_position', [...])
 6 SYSTEMPATH\CodeIgniter.php(904): App\Controllers\Master->PositionUser()
 7 SYSTEMPATH\CodeIgniter.php(457): CodeIgniter\CodeIgniter->runController(Object(App\Controllers\Master))
 8 SYSTEMPATH\CodeIgniter.php(340): CodeIgniter\CodeIgniter->handleRequest(null, Object(Config\Cache), false)
 9 FCPATH\index.php(67): CodeIgniter\CodeIgniter->run()
10 SYSTEMPATH\Commands\Server\rewrite.php(43): require_once('FCPATH\\index.php')
CRITICAL - 2023-01-26 22:39:14 --> Undefined variable: data_privilege
in APPPATH\Views\master\list_master_position.php on line 37.
 1 APPPATH\Views\master\list_master_position.php(37): CodeIgniter\Debug\Exceptions->errorHandler(8, 'Undefined variable: data_privilege', 'APPPATH\\Views\\master\\list_master_position.php', 37, [...])
 2 SYSTEMPATH\View\View.php(213): include('APPPATH\\Views\\master\\list_master_position.php')
 3 SYSTEMPATH\View\View.php(216): CodeIgniter\View\View->CodeIgniter\View\{closure}()
 4 SYSTEMPATH\Common.php(1137): CodeIgniter\View\View->render('master/list_master_position', [], true)
 5 APPPATH\Controllers\Master.php(33): view('master/list_master_position', [...])
 6 SYSTEMPATH\CodeIgniter.php(904): App\Controllers\Master->PositionUser()
 7 SYSTEMPATH\CodeIgniter.php(457): CodeIgniter\CodeIgniter->runController(Object(App\Controllers\Master))
 8 SYSTEMPATH\CodeIgniter.php(340): CodeIgniter\CodeIgniter->handleRequest(null, Object(Config\Cache), false)
 9 FCPATH\index.php(67): CodeIgniter\CodeIgniter->run()
10 SYSTEMPATH\Commands\Server\rewrite.php(43): require_once('FCPATH\\index.php')
