CRITICAL - 2023-02-03 08:46:27 --> Undefined variable: mcn_all
in APPPATH\Controllers\Schedule.php on line 300.
 1 APPPATH\Controllers\Schedule.php(300): CodeIgniter\Debug\Exceptions->errorHandler(8, 'Undefined variable: mcn_all', 'APPPATH\\Controllers\\Schedule.php', 300, [...])
 2 SYSTEMPATH\CodeIgniter.php(904): App\Controllers\Schedule->getmachinefromMaster()
 3 SYSTEMPATH\CodeIgniter.php(457): CodeIgniter\CodeIgniter->runController(Object(App\Controllers\Schedule))
 4 SYSTEMPATH\CodeIgniter.php(340): CodeIgniter\CodeIgniter->handleRequest(null, Object(Config\Cache), false)
 5 FCPATH\index.php(67): CodeIgniter\CodeIgniter->run()
 6 SYSTEMPATH\Commands\Server\rewrite.php(43): require_once('FCPATH\\index.php')
CRITICAL - 2023-02-03 08:46:29 --> Undefined variable: mcn_all
in APPPATH\Controllers\Schedule.php on line 300.
 1 APPPATH\Controllers\Schedule.php(300): CodeIgniter\Debug\Exceptions->errorHandler(8, 'Undefined variable: mcn_all', 'APPPATH\\Controllers\\Schedule.php', 300, [...])
 2 SYSTEMPATH\CodeIgniter.php(904): App\Controllers\Schedule->getmachinefromMaster()
 3 SYSTEMPATH\CodeIgniter.php(457): CodeIgniter\CodeIgniter->runController(Object(App\Controllers\Schedule))
 4 SYSTEMPATH\CodeIgniter.php(340): CodeIgniter\CodeIgniter->handleRequest(null, Object(Config\Cache), false)
 5 FCPATH\index.php(67): CodeIgniter\CodeIgniter->run()
 6 SYSTEMPATH\Commands\Server\rewrite.php(43): require_once('FCPATH\\index.php')
CRITICAL - 2023-02-03 08:46:51 --> Undefined index: idmachine
in APPPATH\Controllers\Schedule.php on line 300.
 1 APPPATH\Controllers\Schedule.php(300): CodeIgniter\Debug\Exceptions->errorHandler(8, 'Undefined index: idmachine', 'APPPATH\\Controllers\\Schedule.php', 300, [...])
 2 SYSTEMPATH\CodeIgniter.php(904): App\Controllers\Schedule->getmachinefromMaster()
 3 SYSTEMPATH\CodeIgniter.php(457): CodeIgniter\CodeIgniter->runController(Object(App\Controllers\Schedule))
 4 SYSTEMPATH\CodeIgniter.php(340): CodeIgniter\CodeIgniter->handleRequest(null, Object(Config\Cache), false)
 5 FCPATH\index.php(67): CodeIgniter\CodeIgniter->run()
 6 SYSTEMPATH\Commands\Server\rewrite.php(43): require_once('FCPATH\\index.php')
CRITICAL - 2023-02-03 08:47:47 --> Undefined index: machinedesc
in APPPATH\Controllers\Schedule.php on line 300.
 1 APPPATH\Controllers\Schedule.php(300): CodeIgniter\Debug\Exceptions->errorHandler(8, 'Undefined index: machinedesc', 'APPPATH\\Controllers\\Schedule.php', 300, [...])
 2 SYSTEMPATH\CodeIgniter.php(904): App\Controllers\Schedule->getmachinefromMaster()
 3 SYSTEMPATH\CodeIgniter.php(457): CodeIgniter\CodeIgniter->runController(Object(App\Controllers\Schedule))
 4 SYSTEMPATH\CodeIgniter.php(340): CodeIgniter\CodeIgniter->handleRequest(null, Object(Config\Cache), false)
 5 FCPATH\index.php(67): CodeIgniter\CodeIgniter->run()
 6 SYSTEMPATH\Commands\Server\rewrite.php(43): require_once('FCPATH\\index.php')
CRITICAL - 2023-02-03 08:48:36 --> Undefined index: machinedesc
in APPPATH\Controllers\Schedule.php on line 300.
 1 APPPATH\Controllers\Schedule.php(300): CodeIgniter\Debug\Exceptions->errorHandler(8, 'Undefined index: machinedesc', 'APPPATH\\Controllers\\Schedule.php', 300, [...])
 2 SYSTEMPATH\CodeIgniter.php(904): App\Controllers\Schedule->getmachinefromMaster()
 3 SYSTEMPATH\CodeIgniter.php(457): CodeIgniter\CodeIgniter->runController(Object(App\Controllers\Schedule))
 4 SYSTEMPATH\CodeIgniter.php(340): CodeIgniter\CodeIgniter->handleRequest(null, Object(Config\Cache), false)
 5 FCPATH\index.php(67): CodeIgniter\CodeIgniter->run()
 6 SYSTEMPATH\Commands\Server\rewrite.php(43): require_once('FCPATH\\index.php')
CRITICAL - 2023-02-03 08:48:37 --> Undefined index: machinedesc
in APPPATH\Controllers\Schedule.php on line 300.
 1 APPPATH\Controllers\Schedule.php(300): CodeIgniter\Debug\Exceptions->errorHandler(8, 'Undefined index: machinedesc', 'APPPATH\\Controllers\\Schedule.php', 300, [...])
 2 SYSTEMPATH\CodeIgniter.php(904): App\Controllers\Schedule->getmachinefromMaster()
 3 SYSTEMPATH\CodeIgniter.php(457): CodeIgniter\CodeIgniter->runController(Object(App\Controllers\Schedule))
 4 SYSTEMPATH\CodeIgniter.php(340): CodeIgniter\CodeIgniter->handleRequest(null, Object(Config\Cache), false)
 5 FCPATH\index.php(67): CodeIgniter\CodeIgniter->run()
 6 SYSTEMPATH\Commands\Server\rewrite.php(43): require_once('FCPATH\\index.php')
CRITICAL - 2023-02-03 08:48:38 --> Undefined index: machinedesc
in APPPATH\Controllers\Schedule.php on line 300.
 1 APPPATH\Controllers\Schedule.php(300): CodeIgniter\Debug\Exceptions->errorHandler(8, 'Undefined index: machinedesc', 'APPPATH\\Controllers\\Schedule.php', 300, [...])
 2 SYSTEMPATH\CodeIgniter.php(904): App\Controllers\Schedule->getmachinefromMaster()
 3 SYSTEMPATH\CodeIgniter.php(457): CodeIgniter\CodeIgniter->runController(Object(App\Controllers\Schedule))
 4 SYSTEMPATH\CodeIgniter.php(340): CodeIgniter\CodeIgniter->handleRequest(null, Object(Config\Cache), false)
 5 FCPATH\index.php(67): CodeIgniter\CodeIgniter->run()
 6 SYSTEMPATH\Commands\Server\rewrite.php(43): require_once('FCPATH\\index.php')
CRITICAL - 2023-02-03 08:49:22 --> Undefined index: machinedesc
in APPPATH\Controllers\Schedule.php on line 300.
 1 APPPATH\Controllers\Schedule.php(300): CodeIgniter\Debug\Exceptions->errorHandler(8, 'Undefined index: machinedesc', 'APPPATH\\Controllers\\Schedule.php', 300, [...])
 2 SYSTEMPATH\CodeIgniter.php(904): App\Controllers\Schedule->getmachinefromMaster()
 3 SYSTEMPATH\CodeIgniter.php(457): CodeIgniter\CodeIgniter->runController(Object(App\Controllers\Schedule))
 4 SYSTEMPATH\CodeIgniter.php(340): CodeIgniter\CodeIgniter->handleRequest(null, Object(Config\Cache), false)
 5 FCPATH\index.php(67): CodeIgniter\CodeIgniter->run()
 6 SYSTEMPATH\Commands\Server\rewrite.php(43): require_once('FCPATH\\index.php')
CRITICAL - 2023-02-03 11:33:19 --> Array to string conversion
in APPPATH\Controllers\Schedule.php on line 452.
 1 APPPATH\Controllers\Schedule.php(452): CodeIgniter\Debug\Exceptions->errorHandler(8, 'Array to string conversion', 'APPPATH\\Controllers\\Schedule.php', 452, [...])
 2 SYSTEMPATH\CodeIgniter.php(904): App\Controllers\Schedule->getmachinefromMaster1()
 3 SYSTEMPATH\CodeIgniter.php(457): CodeIgniter\CodeIgniter->runController(Object(App\Controllers\Schedule))
 4 SYSTEMPATH\CodeIgniter.php(340): CodeIgniter\CodeIgniter->handleRequest(null, Object(Config\Cache), false)
 5 FCPATH\index.php(67): CodeIgniter\CodeIgniter->run()
 6 SYSTEMPATH\Commands\Server\rewrite.php(43): require_once('FCPATH\\index.php')
CRITICAL - 2023-02-03 11:33:27 --> Array to string conversion
in APPPATH\Controllers\Schedule.php on line 452.
 1 APPPATH\Controllers\Schedule.php(452): CodeIgniter\Debug\Exceptions->errorHandler(8, 'Array to string conversion', 'APPPATH\\Controllers\\Schedule.php', 452, [...])
 2 SYSTEMPATH\CodeIgniter.php(904): App\Controllers\Schedule->getmachinefromMaster1()
 3 SYSTEMPATH\CodeIgniter.php(457): CodeIgniter\CodeIgniter->runController(Object(App\Controllers\Schedule))
 4 SYSTEMPATH\CodeIgniter.php(340): CodeIgniter\CodeIgniter->handleRequest(null, Object(Config\Cache), false)
 5 FCPATH\index.php(67): CodeIgniter\CodeIgniter->run()
 6 SYSTEMPATH\Commands\Server\rewrite.php(43): require_once('FCPATH\\index.php')
CRITICAL - 2023-02-03 11:40:18 --> Undefined index: mc
in APPPATH\Controllers\Schedule.php on line 453.
 1 APPPATH\Controllers\Schedule.php(453): CodeIgniter\Debug\Exceptions->errorHandler(8, 'Undefined index: mc', 'APPPATH\\Controllers\\Schedule.php', 453, [...])
 2 SYSTEMPATH\CodeIgniter.php(904): App\Controllers\Schedule->getmachinefromMaster1()
 3 SYSTEMPATH\CodeIgniter.php(457): CodeIgniter\CodeIgniter->runController(Object(App\Controllers\Schedule))
 4 SYSTEMPATH\CodeIgniter.php(340): CodeIgniter\CodeIgniter->handleRequest(null, Object(Config\Cache), false)
 5 FCPATH\index.php(67): CodeIgniter\CodeIgniter->run()
 6 SYSTEMPATH\Commands\Server\rewrite.php(43): require_once('FCPATH\\index.php')
CRITICAL - 2023-02-03 11:40:25 --> Undefined index: mc
in APPPATH\Controllers\Schedule.php on line 453.
 1 APPPATH\Controllers\Schedule.php(453): CodeIgniter\Debug\Exceptions->errorHandler(8, 'Undefined index: mc', 'APPPATH\\Controllers\\Schedule.php', 453, [...])
 2 SYSTEMPATH\CodeIgniter.php(904): App\Controllers\Schedule->getmachinefromMaster1()
 3 SYSTEMPATH\CodeIgniter.php(457): CodeIgniter\CodeIgniter->runController(Object(App\Controllers\Schedule))
 4 SYSTEMPATH\CodeIgniter.php(340): CodeIgniter\CodeIgniter->handleRequest(null, Object(Config\Cache), false)
 5 FCPATH\index.php(67): CodeIgniter\CodeIgniter->run()
 6 SYSTEMPATH\Commands\Server\rewrite.php(43): require_once('FCPATH\\index.php')
CRITICAL - 2023-02-03 11:46:13 --> Undefined index: mc
in APPPATH\Controllers\Schedule.php on line 453.
 1 APPPATH\Controllers\Schedule.php(453): CodeIgniter\Debug\Exceptions->errorHandler(8, 'Undefined index: mc', 'APPPATH\\Controllers\\Schedule.php', 453, [...])
 2 SYSTEMPATH\CodeIgniter.php(904): App\Controllers\Schedule->getmachinefromMaster1()
 3 SYSTEMPATH\CodeIgniter.php(457): CodeIgniter\CodeIgniter->runController(Object(App\Controllers\Schedule))
 4 SYSTEMPATH\CodeIgniter.php(340): CodeIgniter\CodeIgniter->handleRequest(null, Object(Config\Cache), false)
 5 FCPATH\index.php(67): CodeIgniter\CodeIgniter->run()
 6 SYSTEMPATH\Commands\Server\rewrite.php(43): require_once('FCPATH\\index.php')
CRITICAL - 2023-02-03 11:46:20 --> Undefined index: mc
in APPPATH\Controllers\Schedule.php on line 453.
 1 APPPATH\Controllers\Schedule.php(453): CodeIgniter\Debug\Exceptions->errorHandler(8, 'Undefined index: mc', 'APPPATH\\Controllers\\Schedule.php', 453, [...])
 2 SYSTEMPATH\CodeIgniter.php(904): App\Controllers\Schedule->getmachinefromMaster1()
 3 SYSTEMPATH\CodeIgniter.php(457): CodeIgniter\CodeIgniter->runController(Object(App\Controllers\Schedule))
 4 SYSTEMPATH\CodeIgniter.php(340): CodeIgniter\CodeIgniter->handleRequest(null, Object(Config\Cache), false)
 5 FCPATH\index.php(67): CodeIgniter\CodeIgniter->run()
 6 SYSTEMPATH\Commands\Server\rewrite.php(43): require_once('FCPATH\\index.php')
CRITICAL - 2023-02-03 11:47:51 --> Undefined index: mc
in APPPATH\Controllers\Schedule.php on line 453.
 1 APPPATH\Controllers\Schedule.php(453): CodeIgniter\Debug\Exceptions->errorHandler(8, 'Undefined index: mc', 'APPPATH\\Controllers\\Schedule.php', 453, [...])
 2 SYSTEMPATH\CodeIgniter.php(904): App\Controllers\Schedule->getmachinefromMaster1()
 3 SYSTEMPATH\CodeIgniter.php(457): CodeIgniter\CodeIgniter->runController(Object(App\Controllers\Schedule))
 4 SYSTEMPATH\CodeIgniter.php(340): CodeIgniter\CodeIgniter->handleRequest(null, Object(Config\Cache), false)
 5 FCPATH\index.php(67): CodeIgniter\CodeIgniter->run()
 6 SYSTEMPATH\Commands\Server\rewrite.php(43): require_once('FCPATH\\index.php')
CRITICAL - 2023-02-03 11:54:15 --> json_decode() expects parameter 1 to be string, array given
in APPPATH\Controllers\Schedule.php on line 452.
 1 [internal function]: CodeIgniter\Debug\Exceptions->errorHandler(2, 'json_decode() expects parameter 1 to be string, array given', 'APPPATH\\Controllers\\Schedule.php', 452, [...])
 2 APPPATH\Controllers\Schedule.php(452): json_decode([...])
 3 SYSTEMPATH\CodeIgniter.php(904): App\Controllers\Schedule->getmachinefromMaster1()
 4 SYSTEMPATH\CodeIgniter.php(457): CodeIgniter\CodeIgniter->runController(Object(App\Controllers\Schedule))
 5 SYSTEMPATH\CodeIgniter.php(340): CodeIgniter\CodeIgniter->handleRequest(null, Object(Config\Cache), false)
 6 FCPATH\index.php(67): CodeIgniter\CodeIgniter->run()
 7 SYSTEMPATH\Commands\Server\rewrite.php(43): require_once('FCPATH\\index.php')
CRITICAL - 2023-02-03 13:07:37 --> Undefined index: mc
in APPPATH\Controllers\Schedule.php on line 453.
 1 APPPATH\Controllers\Schedule.php(453): CodeIgniter\Debug\Exceptions->errorHandler(8, 'Undefined index: mc', 'APPPATH\\Controllers\\Schedule.php', 453, [...])
 2 SYSTEMPATH\CodeIgniter.php(904): App\Controllers\Schedule->getmachinefromMaster1()
 3 SYSTEMPATH\CodeIgniter.php(457): CodeIgniter\CodeIgniter->runController(Object(App\Controllers\Schedule))
 4 SYSTEMPATH\CodeIgniter.php(340): CodeIgniter\CodeIgniter->handleRequest(null, Object(Config\Cache), false)
 5 FCPATH\index.php(67): CodeIgniter\CodeIgniter->run()
 6 SYSTEMPATH\Commands\Server\rewrite.php(43): require_once('FCPATH\\index.php')
CRITICAL - 2023-02-03 13:08:23 --> Illegal string offset 'mc'
in APPPATH\Controllers\Schedule.php on line 439.
 1 APPPATH\Controllers\Schedule.php(439): CodeIgniter\Debug\Exceptions->errorHandler(2, 'Illegal string offset \'mc\'', 'APPPATH\\Controllers\\Schedule.php', 439, [...])
 2 SYSTEMPATH\CodeIgniter.php(904): App\Controllers\Schedule->getmachinefromMaster()
 3 SYSTEMPATH\CodeIgniter.php(457): CodeIgniter\CodeIgniter->runController(Object(App\Controllers\Schedule))
 4 SYSTEMPATH\CodeIgniter.php(340): CodeIgniter\CodeIgniter->handleRequest(null, Object(Config\Cache), false)
 5 FCPATH\index.php(67): CodeIgniter\CodeIgniter->run()
 6 SYSTEMPATH\Commands\Server\rewrite.php(43): require_once('FCPATH\\index.php')
CRITICAL - 2023-02-03 13:08:36 --> Illegal string offset 'mc'
in APPPATH\Controllers\Schedule.php on line 439.
 1 APPPATH\Controllers\Schedule.php(439): CodeIgniter\Debug\Exceptions->errorHandler(2, 'Illegal string offset \'mc\'', 'APPPATH\\Controllers\\Schedule.php', 439, [...])
 2 SYSTEMPATH\CodeIgniter.php(904): App\Controllers\Schedule->getmachinefromMaster()
 3 SYSTEMPATH\CodeIgniter.php(457): CodeIgniter\CodeIgniter->runController(Object(App\Controllers\Schedule))
 4 SYSTEMPATH\CodeIgniter.php(340): CodeIgniter\CodeIgniter->handleRequest(null, Object(Config\Cache), false)
 5 FCPATH\index.php(67): CodeIgniter\CodeIgniter->run()
 6 SYSTEMPATH\Commands\Server\rewrite.php(43): require_once('FCPATH\\index.php')
CRITICAL - 2023-02-03 13:09:20 --> Illegal string offset 'mc'
in APPPATH\Controllers\Schedule.php on line 439.
 1 APPPATH\Controllers\Schedule.php(439): CodeIgniter\Debug\Exceptions->errorHandler(2, 'Illegal string offset \'mc\'', 'APPPATH\\Controllers\\Schedule.php', 439, [...])
 2 SYSTEMPATH\CodeIgniter.php(904): App\Controllers\Schedule->getmachinefromMaster()
 3 SYSTEMPATH\CodeIgniter.php(457): CodeIgniter\CodeIgniter->runController(Object(App\Controllers\Schedule))
 4 SYSTEMPATH\CodeIgniter.php(340): CodeIgniter\CodeIgniter->handleRequest(null, Object(Config\Cache), false)
 5 FCPATH\index.php(67): CodeIgniter\CodeIgniter->run()
 6 SYSTEMPATH\Commands\Server\rewrite.php(43): require_once('FCPATH\\index.php')
CRITICAL - 2023-02-03 13:09:20 --> Undefined index: id
in APPPATH\Controllers\Schedule.php on line 453.
 1 APPPATH\Controllers\Schedule.php(453): CodeIgniter\Debug\Exceptions->errorHandler(8, 'Undefined index: id', 'APPPATH\\Controllers\\Schedule.php', 453, [...])
 2 SYSTEMPATH\CodeIgniter.php(904): App\Controllers\Schedule->getmachinefromMaster1()
 3 SYSTEMPATH\CodeIgniter.php(457): CodeIgniter\CodeIgniter->runController(Object(App\Controllers\Schedule))
 4 SYSTEMPATH\CodeIgniter.php(340): CodeIgniter\CodeIgniter->handleRequest(null, Object(Config\Cache), false)
 5 FCPATH\index.php(67): CodeIgniter\CodeIgniter->run()
 6 SYSTEMPATH\Commands\Server\rewrite.php(43): require_once('FCPATH\\index.php')
CRITICAL - 2023-02-03 13:10:25 --> Illegal string offset 'mc'
in APPPATH\Controllers\Schedule.php on line 439.
 1 APPPATH\Controllers\Schedule.php(439): CodeIgniter\Debug\Exceptions->errorHandler(2, 'Illegal string offset \'mc\'', 'APPPATH\\Controllers\\Schedule.php', 439, [...])
 2 SYSTEMPATH\CodeIgniter.php(904): App\Controllers\Schedule->getmachinefromMaster()
 3 SYSTEMPATH\CodeIgniter.php(457): CodeIgniter\CodeIgniter->runController(Object(App\Controllers\Schedule))
 4 SYSTEMPATH\CodeIgniter.php(340): CodeIgniter\CodeIgniter->handleRequest(null, Object(Config\Cache), false)
 5 FCPATH\index.php(67): CodeIgniter\CodeIgniter->run()
 6 SYSTEMPATH\Commands\Server\rewrite.php(43): require_once('FCPATH\\index.php')
CRITICAL - 2023-02-03 13:11:42 --> Illegal string offset 'mc'
in APPPATH\Controllers\Schedule.php on line 439.
 1 APPPATH\Controllers\Schedule.php(439): CodeIgniter\Debug\Exceptions->errorHandler(2, 'Illegal string offset \'mc\'', 'APPPATH\\Controllers\\Schedule.php', 439, [...])
 2 SYSTEMPATH\CodeIgniter.php(904): App\Controllers\Schedule->getmachinefromMaster()
 3 SYSTEMPATH\CodeIgniter.php(457): CodeIgniter\CodeIgniter->runController(Object(App\Controllers\Schedule))
 4 SYSTEMPATH\CodeIgniter.php(340): CodeIgniter\CodeIgniter->handleRequest(null, Object(Config\Cache), false)
 5 FCPATH\index.php(67): CodeIgniter\CodeIgniter->run()
 6 SYSTEMPATH\Commands\Server\rewrite.php(43): require_once('FCPATH\\index.php')
CRITICAL - 2023-02-03 13:12:34 --> Illegal string offset 'mc'
in APPPATH\Controllers\Schedule.php on line 439.
 1 APPPATH\Controllers\Schedule.php(439): CodeIgniter\Debug\Exceptions->errorHandler(2, 'Illegal string offset \'mc\'', 'APPPATH\\Controllers\\Schedule.php', 439, [...])
 2 SYSTEMPATH\CodeIgniter.php(904): App\Controllers\Schedule->getmachinefromMaster()
 3 SYSTEMPATH\CodeIgniter.php(457): CodeIgniter\CodeIgniter->runController(Object(App\Controllers\Schedule))
 4 SYSTEMPATH\CodeIgniter.php(340): CodeIgniter\CodeIgniter->handleRequest(null, Object(Config\Cache), false)
 5 FCPATH\index.php(67): CodeIgniter\CodeIgniter->run()
 6 SYSTEMPATH\Commands\Server\rewrite.php(43): require_once('FCPATH\\index.php')
CRITICAL - 2023-02-03 13:13:40 --> Illegal string offset 'mc'
in APPPATH\Controllers\Schedule.php on line 439.
 1 APPPATH\Controllers\Schedule.php(439): CodeIgniter\Debug\Exceptions->errorHandler(2, 'Illegal string offset \'mc\'', 'APPPATH\\Controllers\\Schedule.php', 439, [...])
 2 SYSTEMPATH\CodeIgniter.php(904): App\Controllers\Schedule->getmachinefromMaster()
 3 SYSTEMPATH\CodeIgniter.php(457): CodeIgniter\CodeIgniter->runController(Object(App\Controllers\Schedule))
 4 SYSTEMPATH\CodeIgniter.php(340): CodeIgniter\CodeIgniter->handleRequest(null, Object(Config\Cache), false)
 5 FCPATH\index.php(67): CodeIgniter\CodeIgniter->run()
 6 SYSTEMPATH\Commands\Server\rewrite.php(43): require_once('FCPATH\\index.php')
CRITICAL - 2023-02-03 13:13:40 --> Undefined index: idmachine
in APPPATH\Controllers\Schedule.php on line 453.
 1 APPPATH\Controllers\Schedule.php(453): CodeIgniter\Debug\Exceptions->errorHandler(8, 'Undefined index: idmachine', 'APPPATH\\Controllers\\Schedule.php', 453, [...])
 2 SYSTEMPATH\CodeIgniter.php(904): App\Controllers\Schedule->getmachinefromMaster1()
 3 SYSTEMPATH\CodeIgniter.php(457): CodeIgniter\CodeIgniter->runController(Object(App\Controllers\Schedule))
 4 SYSTEMPATH\CodeIgniter.php(340): CodeIgniter\CodeIgniter->handleRequest(null, Object(Config\Cache), false)
 5 FCPATH\index.php(67): CodeIgniter\CodeIgniter->run()
 6 SYSTEMPATH\Commands\Server\rewrite.php(43): require_once('FCPATH\\index.php')
CRITICAL - 2023-02-03 13:17:54 --> Illegal string offset 'mc'
in APPPATH\Controllers\Schedule.php on line 439.
 1 APPPATH\Controllers\Schedule.php(439): CodeIgniter\Debug\Exceptions->errorHandler(2, 'Illegal string offset \'mc\'', 'APPPATH\\Controllers\\Schedule.php', 439, [...])
 2 SYSTEMPATH\CodeIgniter.php(904): App\Controllers\Schedule->getmachinefromMaster()
 3 SYSTEMPATH\CodeIgniter.php(457): CodeIgniter\CodeIgniter->runController(Object(App\Controllers\Schedule))
 4 SYSTEMPATH\CodeIgniter.php(340): CodeIgniter\CodeIgniter->handleRequest(null, Object(Config\Cache), false)
 5 FCPATH\index.php(67): CodeIgniter\CodeIgniter->run()
 6 SYSTEMPATH\Commands\Server\rewrite.php(43): require_once('FCPATH\\index.php')
CRITICAL - 2023-02-03 13:18:05 --> Illegal string offset 'mc'
in APPPATH\Controllers\Schedule.php on line 439.
 1 APPPATH\Controllers\Schedule.php(439): CodeIgniter\Debug\Exceptions->errorHandler(2, 'Illegal string offset \'mc\'', 'APPPATH\\Controllers\\Schedule.php', 439, [...])
 2 SYSTEMPATH\CodeIgniter.php(904): App\Controllers\Schedule->getmachinefromMaster()
 3 SYSTEMPATH\CodeIgniter.php(457): CodeIgniter\CodeIgniter->runController(Object(App\Controllers\Schedule))
 4 SYSTEMPATH\CodeIgniter.php(340): CodeIgniter\CodeIgniter->handleRequest(null, Object(Config\Cache), false)
 5 FCPATH\index.php(67): CodeIgniter\CodeIgniter->run()
 6 SYSTEMPATH\Commands\Server\rewrite.php(43): require_once('FCPATH\\index.php')
CRITICAL - 2023-02-03 14:44:11 --> Undefined index: mc
in APPPATH\Controllers\Schedule.php on line 453.
 1 APPPATH\Controllers\Schedule.php(453): CodeIgniter\Debug\Exceptions->errorHandler(8, 'Undefined index: mc', 'APPPATH\\Controllers\\Schedule.php', 453, [...])
 2 SYSTEMPATH\CodeIgniter.php(904): App\Controllers\Schedule->getmachinefromMaster1()
 3 SYSTEMPATH\CodeIgniter.php(457): CodeIgniter\CodeIgniter->runController(Object(App\Controllers\Schedule))
 4 SYSTEMPATH\CodeIgniter.php(340): CodeIgniter\CodeIgniter->handleRequest(null, Object(Config\Cache), false)
 5 FCPATH\index.php(67): CodeIgniter\CodeIgniter->run()
 6 SYSTEMPATH\Commands\Server\rewrite.php(43): require_once('FCPATH\\index.php')
CRITICAL - 2023-02-03 14:44:14 --> Undefined index: mc
in APPPATH\Controllers\Schedule.php on line 453.
 1 APPPATH\Controllers\Schedule.php(453): CodeIgniter\Debug\Exceptions->errorHandler(8, 'Undefined index: mc', 'APPPATH\\Controllers\\Schedule.php', 453, [...])
 2 SYSTEMPATH\CodeIgniter.php(904): App\Controllers\Schedule->getmachinefromMaster1()
 3 SYSTEMPATH\CodeIgniter.php(457): CodeIgniter\CodeIgniter->runController(Object(App\Controllers\Schedule))
 4 SYSTEMPATH\CodeIgniter.php(340): CodeIgniter\CodeIgniter->handleRequest(null, Object(Config\Cache), false)
 5 FCPATH\index.php(67): CodeIgniter\CodeIgniter->run()
 6 SYSTEMPATH\Commands\Server\rewrite.php(43): require_once('FCPATH\\index.php')
CRITICAL - 2023-02-03 14:46:53 --> Undefined index: mc
in APPPATH\Controllers\Schedule.php on line 452.
 1 APPPATH\Controllers\Schedule.php(452): CodeIgniter\Debug\Exceptions->errorHandler(8, 'Undefined index: mc', 'APPPATH\\Controllers\\Schedule.php', 452, [...])
 2 SYSTEMPATH\CodeIgniter.php(904): App\Controllers\Schedule->getmachinefromMaster1()
 3 SYSTEMPATH\CodeIgniter.php(457): CodeIgniter\CodeIgniter->runController(Object(App\Controllers\Schedule))
 4 SYSTEMPATH\CodeIgniter.php(340): CodeIgniter\CodeIgniter->handleRequest(null, Object(Config\Cache), false)
 5 FCPATH\index.php(67): CodeIgniter\CodeIgniter->run()
 6 SYSTEMPATH\Commands\Server\rewrite.php(43): require_once('FCPATH\\index.php')
CRITICAL - 2023-02-03 14:48:25 --> Undefined index: mc
in APPPATH\Controllers\Schedule.php on line 453.
 1 APPPATH\Controllers\Schedule.php(453): CodeIgniter\Debug\Exceptions->errorHandler(8, 'Undefined index: mc', 'APPPATH\\Controllers\\Schedule.php', 453, [...])
 2 SYSTEMPATH\CodeIgniter.php(904): App\Controllers\Schedule->getmachinefromMaster1()
 3 SYSTEMPATH\CodeIgniter.php(457): CodeIgniter\CodeIgniter->runController(Object(App\Controllers\Schedule))
 4 SYSTEMPATH\CodeIgniter.php(340): CodeIgniter\CodeIgniter->handleRequest(null, Object(Config\Cache), false)
 5 FCPATH\index.php(67): CodeIgniter\CodeIgniter->run()
 6 SYSTEMPATH\Commands\Server\rewrite.php(43): require_once('FCPATH\\index.php')
CRITICAL - 2023-02-03 14:48:44 --> Undefined index: mc
in APPPATH\Controllers\Schedule.php on line 453.
 1 APPPATH\Controllers\Schedule.php(453): CodeIgniter\Debug\Exceptions->errorHandler(8, 'Undefined index: mc', 'APPPATH\\Controllers\\Schedule.php', 453, [...])
 2 SYSTEMPATH\CodeIgniter.php(904): App\Controllers\Schedule->getmachinefromMaster1()
 3 SYSTEMPATH\CodeIgniter.php(457): CodeIgniter\CodeIgniter->runController(Object(App\Controllers\Schedule))
 4 SYSTEMPATH\CodeIgniter.php(340): CodeIgniter\CodeIgniter->handleRequest(null, Object(Config\Cache), false)
 5 FCPATH\index.php(67): CodeIgniter\CodeIgniter->run()
 6 SYSTEMPATH\Commands\Server\rewrite.php(43): require_once('FCPATH\\index.php')
CRITICAL - 2023-02-03 17:05:47 --> Use of undefined constant mc - assumed 'mc' (this will throw an Error in a future version of PHP)
in APPPATH\Controllers\Schedule.php on line 452.
 1 APPPATH\Controllers\Schedule.php(452): CodeIgniter\Debug\Exceptions->errorHandler(2, 'Use of undefined constant mc - assumed \'mc\' (this will throw an Error in a future version of PHP)', 'APPPATH\\Controllers\\Schedule.php', 452, [...])
 2 SYSTEMPATH\CodeIgniter.php(904): App\Controllers\Schedule->getmachinefromMaster1()
 3 SYSTEMPATH\CodeIgniter.php(457): CodeIgniter\CodeIgniter->runController(Object(App\Controllers\Schedule))
 4 SYSTEMPATH\CodeIgniter.php(340): CodeIgniter\CodeIgniter->handleRequest(null, Object(Config\Cache), false)
 5 FCPATH\index.php(67): CodeIgniter\CodeIgniter->run()
 6 SYSTEMPATH\Commands\Server\rewrite.php(43): require_once('FCPATH\\index.php')
CRITICAL - 2023-02-03 17:05:50 --> Use of undefined constant mc - assumed 'mc' (this will throw an Error in a future version of PHP)
in APPPATH\Controllers\Schedule.php on line 452.
 1 APPPATH\Controllers\Schedule.php(452): CodeIgniter\Debug\Exceptions->errorHandler(2, 'Use of undefined constant mc - assumed \'mc\' (this will throw an Error in a future version of PHP)', 'APPPATH\\Controllers\\Schedule.php', 452, [...])
 2 SYSTEMPATH\CodeIgniter.php(904): App\Controllers\Schedule->getmachinefromMaster1()
 3 SYSTEMPATH\CodeIgniter.php(457): CodeIgniter\CodeIgniter->runController(Object(App\Controllers\Schedule))
 4 SYSTEMPATH\CodeIgniter.php(340): CodeIgniter\CodeIgniter->handleRequest(null, Object(Config\Cache), false)
 5 FCPATH\index.php(67): CodeIgniter\CodeIgniter->run()
 6 SYSTEMPATH\Commands\Server\rewrite.php(43): require_once('FCPATH\\index.php')
