ERROR - 2022-12-16 00:47:23 --> mysqli_sql_exception: Unknown column 'hari_libur' in 'field list' in C:\xampp\htdocs\schedule_eps\system\Database\MySQLi\Connection.php:292
Stack trace:
#0 C:\xampp\htdocs\schedule_eps\system\Database\MySQLi\Connection.php(292): mysqli->query('INSERT INTO `tb...', 0)
#1 C:\xampp\htdocs\schedule_eps\system\Database\BaseConnection.php(693): CodeIgniter\Database\MySQLi\Connection->execute('INSERT INTO `tb...')
#2 C:\xampp\htdocs\schedule_eps\system\Database\BaseConnection.php(620): CodeIgniter\Database\BaseConnection->simpleQuery('INSERT INTO `tb...')
#3 C:\xampp\htdocs\schedule_eps\system\Database\BaseBuilder.php(1916): CodeIgniter\Database\BaseConnection->query('INSERT INTO `tb...', Array, false)
#4 C:\xampp\htdocs\schedule_eps\app\Models\ScheduleModel.php(90): CodeIgniter\Database\BaseBuilder->insert(Array)
#5 C:\xampp\htdocs\schedule_eps\app\Controllers\Schedule.php(189): App\Models\ScheduleModel->addharilibur(Array)
#6 C:\xampp\htdocs\schedule_eps\system\CodeIgniter.php(904): App\Controllers\Schedule->addlibur()
#7 C:\xampp\htdocs\schedule_eps\system\CodeIgniter.php(457): CodeIgniter\CodeIgniter->runController(Object(App\Controllers\Schedule))
#8 C:\xampp\htdocs\schedule_eps\system\CodeIgniter.php(340): CodeIgniter\CodeIgniter->handleRequest(NULL, Object(Config\Cache), false)
#9 C:\xampp\htdocs\schedule_eps\public\index.php(67): CodeIgniter\CodeIgniter->run()
#10 C:\xampp\htdocs\schedule_eps\system\Commands\Server\rewrite.php(43): require_once('C:\\xampp\\htdocs...')
#11 {main}
CRITICAL - 2022-12-16 00:47:23 --> Unknown column 'hari_libur' in 'field list'
in SYSTEMPATH\Database\MySQLi\Connection.php on line 292.
 1 SYSTEMPATH\Database\MySQLi\Connection.php(292): mysqli->query('INSERT INTO `tblmas_holiday` (`tgl_libur`, `hari_libur`) VALUES (\'20-12-2022\', \'Hari Buruh\')', 0)
 2 SYSTEMPATH\Database\BaseConnection.php(693): CodeIgniter\Database\MySQLi\Connection->execute('INSERT INTO `tblmas_holiday` (`tgl_libur`, `hari_libur`) VALUES (\'20-12-2022\', \'Hari Buruh\')')
 3 SYSTEMPATH\Database\BaseConnection.php(620): CodeIgniter\Database\BaseConnection->simpleQuery('INSERT INTO `tblmas_holiday` (`tgl_libur`, `hari_libur`) VALUES (\'20-12-2022\', \'Hari Buruh\')')
 4 SYSTEMPATH\Database\BaseBuilder.php(1916): CodeIgniter\Database\BaseConnection->query('INSERT INTO `tblmas_holiday` (`tgl_libur`, `hari_libur`) VALUES (:tgl_libur:, :hari_libur:)', [...], false)
 5 APPPATH\Models\ScheduleModel.php(90): CodeIgniter\Database\BaseBuilder->insert([...])
 6 APPPATH\Controllers\Schedule.php(189): App\Models\ScheduleModel->addharilibur([...])
 7 SYSTEMPATH\CodeIgniter.php(904): App\Controllers\Schedule->addlibur()
 8 SYSTEMPATH\CodeIgniter.php(457): CodeIgniter\CodeIgniter->runController(Object(App\Controllers\Schedule))
 9 SYSTEMPATH\CodeIgniter.php(340): CodeIgniter\CodeIgniter->handleRequest(null, Object(Config\Cache), false)
10 FCPATH\index.php(67): CodeIgniter\CodeIgniter->run()
11 SYSTEMPATH\Commands\Server\rewrite.php(43): require_once('FCPATH\\index.php')
ERROR - 2022-12-16 01:14:52 --> mysqli_sql_exception: Unknown column '19-12-2022' in 'where clause' in C:\xampp\htdocs\schedule_eps\system\Database\MySQLi\Connection.php:292
Stack trace:
#0 C:\xampp\htdocs\schedule_eps\system\Database\MySQLi\Connection.php(292): mysqli->query('DELETE FROM `tb...', 0)
#1 C:\xampp\htdocs\schedule_eps\system\Database\BaseConnection.php(693): CodeIgniter\Database\MySQLi\Connection->execute('DELETE FROM `tb...')
#2 C:\xampp\htdocs\schedule_eps\system\Database\BaseConnection.php(620): CodeIgniter\Database\BaseConnection->simpleQuery('DELETE FROM `tb...')
#3 C:\xampp\htdocs\schedule_eps\system\Database\BaseBuilder.php(2390): CodeIgniter\Database\BaseConnection->query('DELETE FROM `tb...', Array, false)
#4 C:\xampp\htdocs\schedule_eps\app\Models\ScheduleModel.php(100): CodeIgniter\Database\BaseBuilder->delete('19-12-2022')
#5 C:\xampp\htdocs\schedule_eps\app\Controllers\Schedule.php(197): App\Models\ScheduleModel->deleteharilibur('19-12-2022')
#6 C:\xampp\htdocs\schedule_eps\system\CodeIgniter.php(904): App\Controllers\Schedule->deletelibur()
#7 C:\xampp\htdocs\schedule_eps\system\CodeIgniter.php(457): CodeIgniter\CodeIgniter->runController(Object(App\Controllers\Schedule))
#8 C:\xampp\htdocs\schedule_eps\system\CodeIgniter.php(340): CodeIgniter\CodeIgniter->handleRequest(NULL, Object(Config\Cache), false)
#9 C:\xampp\htdocs\schedule_eps\public\index.php(67): CodeIgniter\CodeIgniter->run()
#10 C:\xampp\htdocs\schedule_eps\system\Commands\Server\rewrite.php(43): require_once('C:\\xampp\\htdocs...')
#11 {main}
CRITICAL - 2022-12-16 01:14:52 --> Unknown column '19-12-2022' in 'where clause'
in SYSTEMPATH\Database\MySQLi\Connection.php on line 292.
 1 SYSTEMPATH\Database\MySQLi\Connection.php(292): mysqli->query('DELETE FROM `tblmas_holiday`
WHERE `19-12-2022` IS NULL', 0)
 2 SYSTEMPATH\Database\BaseConnection.php(693): CodeIgniter\Database\MySQLi\Connection->execute('DELETE FROM `tblmas_holiday`
WHERE `19-12-2022` IS NULL')
 3 SYSTEMPATH\Database\BaseConnection.php(620): CodeIgniter\Database\BaseConnection->simpleQuery('DELETE FROM `tblmas_holiday`
WHERE `19-12-2022` IS NULL')
 4 SYSTEMPATH\Database\BaseBuilder.php(2390): CodeIgniter\Database\BaseConnection->query('DELETE FROM `tblmas_holiday`
WHERE `19-12-2022` IS NULL', [], false)
 5 APPPATH\Models\ScheduleModel.php(100): CodeIgniter\Database\BaseBuilder->delete('19-12-2022')
 6 APPPATH\Controllers\Schedule.php(197): App\Models\ScheduleModel->deleteharilibur('19-12-2022')
 7 SYSTEMPATH\CodeIgniter.php(904): App\Controllers\Schedule->deletelibur()
 8 SYSTEMPATH\CodeIgniter.php(457): CodeIgniter\CodeIgniter->runController(Object(App\Controllers\Schedule))
 9 SYSTEMPATH\CodeIgniter.php(340): CodeIgniter\CodeIgniter->handleRequest(null, Object(Config\Cache), false)
10 FCPATH\index.php(67): CodeIgniter\CodeIgniter->run()
11 SYSTEMPATH\Commands\Server\rewrite.php(43): require_once('FCPATH\\index.php')
