ERROR - 2022-11-24 19:20:49 --> mysqli_sql_exception: You have an error in your SQL syntax; check the manual that corresponds to your MariaDB server version for the right syntax to use near '' at line 5 in C:\xampp\htdocs\schedule_eps\system\Database\MySQLi\Connection.php:292
Stack trace:
#0 C:\xampp\htdocs\schedule_eps\system\Database\MySQLi\Connection.php(292): mysqli->query('SELECT tblmas_b...', 0)
#1 C:\xampp\htdocs\schedule_eps\system\Database\BaseConnection.php(693): CodeIgniter\Database\MySQLi\Connection->execute('SELECT tblmas_b...')
#2 C:\xampp\htdocs\schedule_eps\system\Database\BaseConnection.php(620): CodeIgniter\Database\BaseConnection->simpleQuery('SELECT tblmas_b...')
#3 C:\xampp\htdocs\schedule_eps\app\Models\ScheduleModel.php(143): CodeIgniter\Database\BaseConnection->query('SELECT tblmas_b...')
#4 C:\xampp\htdocs\schedule_eps\app\Controllers\Schedule.php(218): App\Models\ScheduleModel->getambilDatamtr('-- Select No Re...', 'F151200191')
#5 C:\xampp\htdocs\schedule_eps\system\CodeIgniter.php(904): App\Controllers\Schedule->ambilDatamtr()
#6 C:\xampp\htdocs\schedule_eps\system\CodeIgniter.php(457): CodeIgniter\CodeIgniter->runController(Object(App\Controllers\Schedule))
#7 C:\xampp\htdocs\schedule_eps\system\CodeIgniter.php(340): CodeIgniter\CodeIgniter->handleRequest(NULL, Object(Config\Cache), false)
#8 C:\xampp\htdocs\schedule_eps\public\index.php(67): CodeIgniter\CodeIgniter->run()
#9 C:\xampp\htdocs\schedule_eps\system\Commands\Server\rewrite.php(43): require_once('C:\\xampp\\htdocs...')
#10 {main}
CRITICAL - 2022-11-24 19:20:49 --> You have an error in your SQL syntax; check the manual that corresponds to your MariaDB server version for the right syntax to use near '' at line 5
in SYSTEMPATH\Database\MySQLi\Connection.php on line 292.
 1 SYSTEMPATH\Database\MySQLi\Connection.php(292): mysqli->query('SELECT tblmas_bom2.*, tblmas_material.* 
                        FROM tblmas_bom2 
                            JOIN tblmas_bom1 on tblmas_bom1.idfg = tblmas_bom2.idfg
                                JOIN tblmas_material on tblmas_material.idmaterial = tblmas_bom2.idmaterial
                                    WHERE tblmas_bom2.revno = -- Select No Rev -- AND tblmas_bom2.idfg = \'F151200191\' AND tblmas_bom1.stsdefault = 1', 0)
 2 SYSTEMPATH\Database\BaseConnection.php(693): CodeIgniter\Database\MySQLi\Connection->execute('SELECT tblmas_bom2.*, tblmas_material.* 
                        FROM tblmas_bom2 
                            JOIN tblmas_bom1 on tblmas_bom1.idfg = tblmas_bom2.idfg
                                JOIN tblmas_material on tblmas_material.idmaterial = tblmas_bom2.idmaterial
                                    WHERE tblmas_bom2.revno = -- Select No Rev -- AND tblmas_bom2.idfg = \'F151200191\' AND tblmas_bom1.stsdefault = 1')
 3 SYSTEMPATH\Database\BaseConnection.php(620): CodeIgniter\Database\BaseConnection->simpleQuery('SELECT tblmas_bom2.*, tblmas_material.* 
                        FROM tblmas_bom2 
                            JOIN tblmas_bom1 on tblmas_bom1.idfg = tblmas_bom2.idfg
                                JOIN tblmas_material on tblmas_material.idmaterial = tblmas_bom2.idmaterial
                                    WHERE tblmas_bom2.revno = -- Select No Rev -- AND tblmas_bom2.idfg = \'F151200191\' AND tblmas_bom1.stsdefault = 1')
 4 APPPATH\Models\ScheduleModel.php(143): CodeIgniter\Database\BaseConnection->query('SELECT tblmas_bom2.*, tblmas_material.* 
                        FROM tblmas_bom2 
                            JOIN tblmas_bom1 on tblmas_bom1.idfg = tblmas_bom2.idfg
                                JOIN tblmas_material on tblmas_material.idmaterial = tblmas_bom2.idmaterial
                                    WHERE tblmas_bom2.revno = -- Select No Rev -- AND tblmas_bom2.idfg = \'F151200191\' AND tblmas_bom1.stsdefault = 1')
 5 APPPATH\Controllers\Schedule.php(218): App\Models\ScheduleModel->getambilDatamtr('-- Select No Rev --', 'F151200191')
 6 SYSTEMPATH\CodeIgniter.php(904): App\Controllers\Schedule->ambilDatamtr()
 7 SYSTEMPATH\CodeIgniter.php(457): CodeIgniter\CodeIgniter->runController(Object(App\Controllers\Schedule))
 8 SYSTEMPATH\CodeIgniter.php(340): CodeIgniter\CodeIgniter->handleRequest(null, Object(Config\Cache), false)
 9 FCPATH\index.php(67): CodeIgniter\CodeIgniter->run()
10 SYSTEMPATH\Commands\Server\rewrite.php(43): require_once('FCPATH\\index.php')
