CRITICAL - 2022-12-02 00:13:46 --> Undefined variable: sisa_jam
in APPPATH\Views\schedule_eps\planner\list_schedule.php on line 106.
 1 APPPATH\Views\schedule_eps\planner\list_schedule.php(106): CodeIgniter\Debug\Exceptions->errorHandler(8, 'Undefined variable: sisa_jam', 'APPPATH\\Views\\schedule_eps\\planner\\list_schedule.php', 106, [...])
 2 APPPATH\Views\schedule_eps\planner\list_schedule.php(146): tgl_next('02-12-2022 07:00:00', '22.48')
 3 SYSTEMPATH\View\View.php(213): include('APPPATH\\Views\\schedule_eps\\planner\\list_schedule.php')
 4 SYSTEMPATH\View\View.php(216): CodeIgniter\View\View->CodeIgniter\View\{closure}()
 5 SYSTEMPATH\Common.php(1137): CodeIgniter\View\View->render('schedule_eps/planner/list_schedule', [], true)
 6 APPPATH\Controllers\Schedule.php(56): view('schedule_eps/planner/list_schedule', [...])
 7 SYSTEMPATH\CodeIgniter.php(904): App\Controllers\Schedule->viewform()
 8 SYSTEMPATH\CodeIgniter.php(457): CodeIgniter\CodeIgniter->runController(Object(App\Controllers\Schedule))
 9 SYSTEMPATH\CodeIgniter.php(340): CodeIgniter\CodeIgniter->handleRequest(null, Object(Config\Cache), false)
10 FCPATH\index.php(67): CodeIgniter\CodeIgniter->run()
11 SYSTEMPATH\Commands\Server\rewrite.php(43): require_once('FCPATH\\index.php')
CRITICAL - 2022-12-02 00:13:47 --> Undefined variable: sisa_jam
in APPPATH\Views\schedule_eps\planner\list_schedule.php on line 106.
 1 APPPATH\Views\schedule_eps\planner\list_schedule.php(106): CodeIgniter\Debug\Exceptions->errorHandler(8, 'Undefined variable: sisa_jam', 'APPPATH\\Views\\schedule_eps\\planner\\list_schedule.php', 106, [...])
 2 APPPATH\Views\schedule_eps\planner\list_schedule.php(146): tgl_next('02-12-2022 07:00:00', '22.48')
 3 SYSTEMPATH\View\View.php(213): include('APPPATH\\Views\\schedule_eps\\planner\\list_schedule.php')
 4 SYSTEMPATH\View\View.php(216): CodeIgniter\View\View->CodeIgniter\View\{closure}()
 5 SYSTEMPATH\Common.php(1137): CodeIgniter\View\View->render('schedule_eps/planner/list_schedule', [], true)
 6 APPPATH\Controllers\Schedule.php(56): view('schedule_eps/planner/list_schedule', [...])
 7 SYSTEMPATH\CodeIgniter.php(904): App\Controllers\Schedule->viewform()
 8 SYSTEMPATH\CodeIgniter.php(457): CodeIgniter\CodeIgniter->runController(Object(App\Controllers\Schedule))
 9 SYSTEMPATH\CodeIgniter.php(340): CodeIgniter\CodeIgniter->handleRequest(null, Object(Config\Cache), false)
10 FCPATH\index.php(67): CodeIgniter\CodeIgniter->run()
11 SYSTEMPATH\Commands\Server\rewrite.php(43): require_once('FCPATH\\index.php')
CRITICAL - 2022-12-02 00:18:54 --> Maximum execution time of 60 seconds exceeded
in APPPATH\Views\schedule_eps\planner\list_schedule.php on line 106.
 1 [internal function]: CodeIgniter\Debug\Exceptions->shutdownHandler()
CRITICAL - 2022-12-02 00:19:54 --> Maximum execution time of 60 seconds exceeded
in APPPATH\Views\schedule_eps\planner\list_schedule.php on line 106.
 1 [internal function]: CodeIgniter\Debug\Exceptions->shutdownHandler()
CRITICAL - 2022-12-02 00:49:15 --> syntax error, unexpected ';'
in APPPATH\Views\schedule_eps\planner\list_schedule.php on line 104.
 1 SYSTEMPATH\View\View.php(216): CodeIgniter\View\View->CodeIgniter\View\{closure}()
 2 SYSTEMPATH\Common.php(1137): CodeIgniter\View\View->render('schedule_eps/planner/list_schedule', [], true)
 3 APPPATH\Controllers\Schedule.php(56): view('schedule_eps/planner/list_schedule', [...])
 4 SYSTEMPATH\CodeIgniter.php(904): App\Controllers\Schedule->viewform()
 5 SYSTEMPATH\CodeIgniter.php(457): CodeIgniter\CodeIgniter->runController(Object(App\Controllers\Schedule))
 6 SYSTEMPATH\CodeIgniter.php(340): CodeIgniter\CodeIgniter->handleRequest(null, Object(Config\Cache), false)
 7 FCPATH\index.php(67): CodeIgniter\CodeIgniter->run()
 8 SYSTEMPATH\Commands\Server\rewrite.php(43): require_once('FCPATH\\index.php')
CRITICAL - 2022-12-02 00:52:10 --> Undefined variable: sisa_jam
in APPPATH\Views\schedule_eps\planner\list_schedule.php on line 108.
 1 APPPATH\Views\schedule_eps\planner\list_schedule.php(108): CodeIgniter\Debug\Exceptions->errorHandler(8, 'Undefined variable: sisa_jam', 'APPPATH\\Views\\schedule_eps\\planner\\list_schedule.php', 108, [...])
 2 APPPATH\Views\schedule_eps\planner\list_schedule.php(147): tgl_next('02-12-2022 07:00:00', '22.48')
 3 SYSTEMPATH\View\View.php(213): include('APPPATH\\Views\\schedule_eps\\planner\\list_schedule.php')
 4 SYSTEMPATH\View\View.php(216): CodeIgniter\View\View->CodeIgniter\View\{closure}()
 5 SYSTEMPATH\Common.php(1137): CodeIgniter\View\View->render('schedule_eps/planner/list_schedule', [], true)
 6 APPPATH\Controllers\Schedule.php(56): view('schedule_eps/planner/list_schedule', [...])
 7 SYSTEMPATH\CodeIgniter.php(904): App\Controllers\Schedule->viewform()
 8 SYSTEMPATH\CodeIgniter.php(457): CodeIgniter\CodeIgniter->runController(Object(App\Controllers\Schedule))
 9 SYSTEMPATH\CodeIgniter.php(340): CodeIgniter\CodeIgniter->handleRequest(null, Object(Config\Cache), false)
10 FCPATH\index.php(67): CodeIgniter\CodeIgniter->run()
11 SYSTEMPATH\Commands\Server\rewrite.php(43): require_once('FCPATH\\index.php')
CRITICAL - 2022-12-02 00:57:39 --> Undefined variable: sisa_jam
in APPPATH\Views\schedule_eps\planner\list_schedule.php on line 108.
 1 APPPATH\Views\schedule_eps\planner\list_schedule.php(108): CodeIgniter\Debug\Exceptions->errorHandler(8, 'Undefined variable: sisa_jam', 'APPPATH\\Views\\schedule_eps\\planner\\list_schedule.php', 108, [...])
 2 APPPATH\Views\schedule_eps\planner\list_schedule.php(147): tgl_next('02-12-2022 07:00:00', '22.48')
 3 SYSTEMPATH\View\View.php(213): include('APPPATH\\Views\\schedule_eps\\planner\\list_schedule.php')
 4 SYSTEMPATH\View\View.php(216): CodeIgniter\View\View->CodeIgniter\View\{closure}()
 5 SYSTEMPATH\Common.php(1137): CodeIgniter\View\View->render('schedule_eps/planner/list_schedule', [], true)
 6 APPPATH\Controllers\Schedule.php(56): view('schedule_eps/planner/list_schedule', [...])
 7 SYSTEMPATH\CodeIgniter.php(904): App\Controllers\Schedule->viewform()
 8 SYSTEMPATH\CodeIgniter.php(457): CodeIgniter\CodeIgniter->runController(Object(App\Controllers\Schedule))
 9 SYSTEMPATH\CodeIgniter.php(340): CodeIgniter\CodeIgniter->handleRequest(null, Object(Config\Cache), false)
10 FCPATH\index.php(67): CodeIgniter\CodeIgniter->run()
11 SYSTEMPATH\Commands\Server\rewrite.php(43): require_once('FCPATH\\index.php')
CRITICAL - 2022-12-02 01:22:59 --> Undefined variable: hasil_jam
in APPPATH\Views\schedule_eps\planner\list_schedule.php on line 106.
 1 APPPATH\Views\schedule_eps\planner\list_schedule.php(106): CodeIgniter\Debug\Exceptions->errorHandler(8, 'Undefined variable: hasil_jam', 'APPPATH\\Views\\schedule_eps\\planner\\list_schedule.php', 106, [...])
 2 APPPATH\Views\schedule_eps\planner\list_schedule.php(145): tgl_next('02-12-2022 07:00:00', '22.48')
 3 SYSTEMPATH\View\View.php(213): include('APPPATH\\Views\\schedule_eps\\planner\\list_schedule.php')
 4 SYSTEMPATH\View\View.php(216): CodeIgniter\View\View->CodeIgniter\View\{closure}()
 5 SYSTEMPATH\Common.php(1137): CodeIgniter\View\View->render('schedule_eps/planner/list_schedule', [], true)
 6 APPPATH\Controllers\Schedule.php(56): view('schedule_eps/planner/list_schedule', [...])
 7 SYSTEMPATH\CodeIgniter.php(904): App\Controllers\Schedule->viewform()
 8 SYSTEMPATH\CodeIgniter.php(457): CodeIgniter\CodeIgniter->runController(Object(App\Controllers\Schedule))
 9 SYSTEMPATH\CodeIgniter.php(340): CodeIgniter\CodeIgniter->handleRequest(null, Object(Config\Cache), false)
10 FCPATH\index.php(67): CodeIgniter\CodeIgniter->run()
11 SYSTEMPATH\Commands\Server\rewrite.php(43): require_once('FCPATH\\index.php')
CRITICAL - 2022-12-02 01:23:36 --> Undefined variable: hasil_jam
in APPPATH\Views\schedule_eps\planner\list_schedule.php on line 107.
 1 APPPATH\Views\schedule_eps\planner\list_schedule.php(107): CodeIgniter\Debug\Exceptions->errorHandler(8, 'Undefined variable: hasil_jam', 'APPPATH\\Views\\schedule_eps\\planner\\list_schedule.php', 107, [...])
 2 APPPATH\Views\schedule_eps\planner\list_schedule.php(146): tgl_next('02-12-2022 07:00:00', '22.48')
 3 SYSTEMPATH\View\View.php(213): include('APPPATH\\Views\\schedule_eps\\planner\\list_schedule.php')
 4 SYSTEMPATH\View\View.php(216): CodeIgniter\View\View->CodeIgniter\View\{closure}()
 5 SYSTEMPATH\Common.php(1137): CodeIgniter\View\View->render('schedule_eps/planner/list_schedule', [], true)
 6 APPPATH\Controllers\Schedule.php(56): view('schedule_eps/planner/list_schedule', [...])
 7 SYSTEMPATH\CodeIgniter.php(904): App\Controllers\Schedule->viewform()
 8 SYSTEMPATH\CodeIgniter.php(457): CodeIgniter\CodeIgniter->runController(Object(App\Controllers\Schedule))
 9 SYSTEMPATH\CodeIgniter.php(340): CodeIgniter\CodeIgniter->handleRequest(null, Object(Config\Cache), false)
10 FCPATH\index.php(67): CodeIgniter\CodeIgniter->run()
11 SYSTEMPATH\Commands\Server\rewrite.php(43): require_once('FCPATH\\index.php')
CRITICAL - 2022-12-02 01:37:23 --> Undefined variable: thours
in APPPATH\Views\schedule_eps\planner\list_schedule.php on line 87.
 1 APPPATH\Views\schedule_eps\planner\list_schedule.php(87): CodeIgniter\Debug\Exceptions->errorHandler(8, 'Undefined variable: thours', 'APPPATH\\Views\\schedule_eps\\planner\\list_schedule.php', 87, [...])
 2 APPPATH\Views\schedule_eps\planner\list_schedule.php(147): tgl_next('02-12-2022 07:00:00', '22.48')
 3 SYSTEMPATH\View\View.php(213): include('APPPATH\\Views\\schedule_eps\\planner\\list_schedule.php')
 4 SYSTEMPATH\View\View.php(216): CodeIgniter\View\View->CodeIgniter\View\{closure}()
 5 SYSTEMPATH\Common.php(1137): CodeIgniter\View\View->render('schedule_eps/planner/list_schedule', [], true)
 6 APPPATH\Controllers\Schedule.php(56): view('schedule_eps/planner/list_schedule', [...])
 7 SYSTEMPATH\CodeIgniter.php(904): App\Controllers\Schedule->viewform()
 8 SYSTEMPATH\CodeIgniter.php(457): CodeIgniter\CodeIgniter->runController(Object(App\Controllers\Schedule))
 9 SYSTEMPATH\CodeIgniter.php(340): CodeIgniter\CodeIgniter->handleRequest(null, Object(Config\Cache), false)
10 FCPATH\index.php(67): CodeIgniter\CodeIgniter->run()
11 SYSTEMPATH\Commands\Server\rewrite.php(43): require_once('FCPATH\\index.php')
CRITICAL - 2022-12-02 02:04:29 --> Undefined variable: hasil_jam
in APPPATH\Views\schedule_eps\planner\list_schedule.php on line 106.
 1 APPPATH\Views\schedule_eps\planner\list_schedule.php(106): CodeIgniter\Debug\Exceptions->errorHandler(8, 'Undefined variable: hasil_jam', 'APPPATH\\Views\\schedule_eps\\planner\\list_schedule.php', 106, [...])
 2 APPPATH\Views\schedule_eps\planner\list_schedule.php(145): tgl_next('02-12-2022 07:00:00', '22.48')
 3 SYSTEMPATH\View\View.php(213): include('APPPATH\\Views\\schedule_eps\\planner\\list_schedule.php')
 4 SYSTEMPATH\View\View.php(216): CodeIgniter\View\View->CodeIgniter\View\{closure}()
 5 SYSTEMPATH\Common.php(1137): CodeIgniter\View\View->render('schedule_eps/planner/list_schedule', [], true)
 6 APPPATH\Controllers\Schedule.php(56): view('schedule_eps/planner/list_schedule', [...])
 7 SYSTEMPATH\CodeIgniter.php(904): App\Controllers\Schedule->viewform()
 8 SYSTEMPATH\CodeIgniter.php(457): CodeIgniter\CodeIgniter->runController(Object(App\Controllers\Schedule))
 9 SYSTEMPATH\CodeIgniter.php(340): CodeIgniter\CodeIgniter->handleRequest(null, Object(Config\Cache), false)
10 FCPATH\index.php(67): CodeIgniter\CodeIgniter->run()
11 SYSTEMPATH\Commands\Server\rewrite.php(43): require_once('FCPATH\\index.php')
CRITICAL - 2022-12-02 02:06:16 --> Undefined variable: hasil_jam
in APPPATH\Views\schedule_eps\planner\list_schedule.php on line 106.
 1 APPPATH\Views\schedule_eps\planner\list_schedule.php(106): CodeIgniter\Debug\Exceptions->errorHandler(8, 'Undefined variable: hasil_jam', 'APPPATH\\Views\\schedule_eps\\planner\\list_schedule.php', 106, [...])
 2 APPPATH\Views\schedule_eps\planner\list_schedule.php(145): tgl_next('02-12-2022 07:00:00', '22.48')
 3 SYSTEMPATH\View\View.php(213): include('APPPATH\\Views\\schedule_eps\\planner\\list_schedule.php')
 4 SYSTEMPATH\View\View.php(216): CodeIgniter\View\View->CodeIgniter\View\{closure}()
 5 SYSTEMPATH\Common.php(1137): CodeIgniter\View\View->render('schedule_eps/planner/list_schedule', [], true)
 6 APPPATH\Controllers\Schedule.php(56): view('schedule_eps/planner/list_schedule', [...])
 7 SYSTEMPATH\CodeIgniter.php(904): App\Controllers\Schedule->viewform()
 8 SYSTEMPATH\CodeIgniter.php(457): CodeIgniter\CodeIgniter->runController(Object(App\Controllers\Schedule))
 9 SYSTEMPATH\CodeIgniter.php(340): CodeIgniter\CodeIgniter->handleRequest(null, Object(Config\Cache), false)
10 FCPATH\index.php(67): CodeIgniter\CodeIgniter->run()
11 SYSTEMPATH\Commands\Server\rewrite.php(43): require_once('FCPATH\\index.php')
CRITICAL - 2022-12-02 02:16:42 --> Undefined variable: hasil_jam
in APPPATH\Views\schedule_eps\planner\list_schedule.php on line 107.
 1 APPPATH\Views\schedule_eps\planner\list_schedule.php(107): CodeIgniter\Debug\Exceptions->errorHandler(8, 'Undefined variable: hasil_jam', 'APPPATH\\Views\\schedule_eps\\planner\\list_schedule.php', 107, [...])
 2 APPPATH\Views\schedule_eps\planner\list_schedule.php(146): tgl_next('02-12-2022 07:00:00', '22.48')
 3 SYSTEMPATH\View\View.php(213): include('APPPATH\\Views\\schedule_eps\\planner\\list_schedule.php')
 4 SYSTEMPATH\View\View.php(216): CodeIgniter\View\View->CodeIgniter\View\{closure}()
 5 SYSTEMPATH\Common.php(1137): CodeIgniter\View\View->render('schedule_eps/planner/list_schedule', [], true)
 6 APPPATH\Controllers\Schedule.php(56): view('schedule_eps/planner/list_schedule', [...])
 7 SYSTEMPATH\CodeIgniter.php(904): App\Controllers\Schedule->viewform()
 8 SYSTEMPATH\CodeIgniter.php(457): CodeIgniter\CodeIgniter->runController(Object(App\Controllers\Schedule))
 9 SYSTEMPATH\CodeIgniter.php(340): CodeIgniter\CodeIgniter->handleRequest(null, Object(Config\Cache), false)
10 FCPATH\index.php(67): CodeIgniter\CodeIgniter->run()
11 SYSTEMPATH\Commands\Server\rewrite.php(43): require_once('FCPATH\\index.php')
CRITICAL - 2022-12-02 02:18:56 --> Undefined variable: sisa_jam
in APPPATH\Views\schedule_eps\planner\list_schedule.php on line 106.
 1 APPPATH\Views\schedule_eps\planner\list_schedule.php(106): CodeIgniter\Debug\Exceptions->errorHandler(8, 'Undefined variable: sisa_jam', 'APPPATH\\Views\\schedule_eps\\planner\\list_schedule.php', 106, [...])
 2 APPPATH\Views\schedule_eps\planner\list_schedule.php(145): tgl_next('02-12-2022 07:00:00', '22.48')
 3 SYSTEMPATH\View\View.php(213): include('APPPATH\\Views\\schedule_eps\\planner\\list_schedule.php')
 4 SYSTEMPATH\View\View.php(216): CodeIgniter\View\View->CodeIgniter\View\{closure}()
 5 SYSTEMPATH\Common.php(1137): CodeIgniter\View\View->render('schedule_eps/planner/list_schedule', [], true)
 6 APPPATH\Controllers\Schedule.php(56): view('schedule_eps/planner/list_schedule', [...])
 7 SYSTEMPATH\CodeIgniter.php(904): App\Controllers\Schedule->viewform()
 8 SYSTEMPATH\CodeIgniter.php(457): CodeIgniter\CodeIgniter->runController(Object(App\Controllers\Schedule))
 9 SYSTEMPATH\CodeIgniter.php(340): CodeIgniter\CodeIgniter->handleRequest(null, Object(Config\Cache), false)
10 FCPATH\index.php(67): CodeIgniter\CodeIgniter->run()
11 SYSTEMPATH\Commands\Server\rewrite.php(43): require_once('FCPATH\\index.php')
