CRITICAL - 2022-12-23 09:11:04 --> Undefined variable: final_date
in APPPATH\Views\schedule_eps\planner\list_schedule.php on line 108.
 1 APPPATH\Views\schedule_eps\planner\list_schedule.php(108): CodeIgniter\Debug\Exceptions->errorHandler(8, 'Undefined variable: final_date', 'APPPATH\\Views\\schedule_eps\\planner\\list_schedule.php', 108, [...])
 2 APPPATH\Views\schedule_eps\planner\list_schedule.php(155): tgl_next('21-12-2022 07:00:00', '25')
 3 SYSTEMPATH\View\View.php(213): include('APPPATH\\Views\\schedule_eps\\planner\\list_schedule.php')
 4 SYSTEMPATH\View\View.php(216): CodeIgniter\View\View->CodeIgniter\View\{closure}()
 5 SYSTEMPATH\Common.php(1137): CodeIgniter\View\View->render('schedule_eps/planner/list_schedule', [], true)
 6 APPPATH\Controllers\Schedule.php(60): view('schedule_eps/planner/list_schedule', [...])
 7 SYSTEMPATH\CodeIgniter.php(904): App\Controllers\Schedule->viewform()
 8 SYSTEMPATH\CodeIgniter.php(457): CodeIgniter\CodeIgniter->runController(Object(App\Controllers\Schedule))
 9 SYSTEMPATH\CodeIgniter.php(340): CodeIgniter\CodeIgniter->handleRequest(null, Object(Config\Cache), false)
10 FCPATH\index.php(67): CodeIgniter\CodeIgniter->run()
11 SYSTEMPATH\Commands\Server\rewrite.php(43): require_once('FCPATH\\index.php')
CRITICAL - 2022-12-23 09:11:38 --> Undefined variable: final_date
in APPPATH\Views\schedule_eps\planner\list_schedule.php on line 108.
 1 APPPATH\Views\schedule_eps\planner\list_schedule.php(108): CodeIgniter\Debug\Exceptions->errorHandler(8, 'Undefined variable: final_date', 'APPPATH\\Views\\schedule_eps\\planner\\list_schedule.php', 108, [...])
 2 APPPATH\Views\schedule_eps\planner\list_schedule.php(153): tgl_next('21-12-2022 07:00:00', '25')
 3 SYSTEMPATH\View\View.php(213): include('APPPATH\\Views\\schedule_eps\\planner\\list_schedule.php')
 4 SYSTEMPATH\View\View.php(216): CodeIgniter\View\View->CodeIgniter\View\{closure}()
 5 SYSTEMPATH\Common.php(1137): CodeIgniter\View\View->render('schedule_eps/planner/list_schedule', [], true)
 6 APPPATH\Controllers\Schedule.php(60): view('schedule_eps/planner/list_schedule', [...])
 7 SYSTEMPATH\CodeIgniter.php(904): App\Controllers\Schedule->viewform()
 8 SYSTEMPATH\CodeIgniter.php(457): CodeIgniter\CodeIgniter->runController(Object(App\Controllers\Schedule))
 9 SYSTEMPATH\CodeIgniter.php(340): CodeIgniter\CodeIgniter->handleRequest(null, Object(Config\Cache), false)
10 FCPATH\index.php(67): CodeIgniter\CodeIgniter->run()
11 SYSTEMPATH\Commands\Server\rewrite.php(43): require_once('FCPATH\\index.php')
CRITICAL - 2022-12-23 09:14:20 --> Object of class DateTime could not be converted to string
in APPPATH\Views\schedule_eps\planner\list_schedule.php on line 162.
 1 SYSTEMPATH\View\View.php(213): include()
 2 SYSTEMPATH\View\View.php(216): CodeIgniter\View\View->CodeIgniter\View\{closure}()
 3 SYSTEMPATH\Common.php(1137): CodeIgniter\View\View->render('schedule_eps/planner/list_schedule', [], true)
 4 APPPATH\Controllers\Schedule.php(60): view('schedule_eps/planner/list_schedule', [...])
 5 SYSTEMPATH\CodeIgniter.php(904): App\Controllers\Schedule->viewform()
 6 SYSTEMPATH\CodeIgniter.php(457): CodeIgniter\CodeIgniter->runController(Object(App\Controllers\Schedule))
 7 SYSTEMPATH\CodeIgniter.php(340): CodeIgniter\CodeIgniter->handleRequest(null, Object(Config\Cache), false)
 8 FCPATH\index.php(67): CodeIgniter\CodeIgniter->run()
 9 SYSTEMPATH\Commands\Server\rewrite.php(43): require_once('FCPATH\\index.php')
CRITICAL - 2022-12-23 13:25:54 --> Call to a member function format() on bool
in APPPATH\Views\schedule_eps\planner\list_schedule.php on line 79.
 1 APPPATH\Views\schedule_eps\planner\list_schedule.php(140): tgl_next('20-12-2022 07:00:00', '8.12')
 2 SYSTEMPATH\View\View.php(213): include('APPPATH\\Views\\schedule_eps\\planner\\list_schedule.php')
 3 SYSTEMPATH\View\View.php(216): CodeIgniter\View\View->CodeIgniter\View\{closure}()
 4 SYSTEMPATH\Common.php(1137): CodeIgniter\View\View->render('schedule_eps/planner/list_schedule', [], true)
 5 APPPATH\Controllers\Schedule.php(60): view('schedule_eps/planner/list_schedule', [...])
 6 SYSTEMPATH\CodeIgniter.php(904): App\Controllers\Schedule->viewform()
 7 SYSTEMPATH\CodeIgniter.php(457): CodeIgniter\CodeIgniter->runController(Object(App\Controllers\Schedule))
 8 SYSTEMPATH\CodeIgniter.php(340): CodeIgniter\CodeIgniter->handleRequest(null, Object(Config\Cache), false)
 9 FCPATH\index.php(67): CodeIgniter\CodeIgniter->run()
10 SYSTEMPATH\Commands\Server\rewrite.php(43): require_once('FCPATH\\index.php')
