CRITICAL - 2022-12-26 08:41:09 --> Object of class DateInterval could not be converted to number
in APPPATH\Views\schedule_eps\planner\list_schedule.php on line 97.
 1 [internal function]: CodeIgniter\Debug\Exceptions->errorHandler(8, 'Object of class DateInterval could not be converted to number', 'APPPATH\\Views\\schedule_eps\\planner\\list_schedule.php', 97, [...])
 2 APPPATH\Views\schedule_eps\planner\list_schedule.php(97): ceil(Object(DateInterval))
 3 APPPATH\Views\schedule_eps\planner\list_schedule.php(144): tgl_next('21-12-2022 07:00:00', '19')
 4 SYSTEMPATH\View\View.php(213): include('APPPATH\\Views\\schedule_eps\\planner\\list_schedule.php')
 5 SYSTEMPATH\View\View.php(216): CodeIgniter\View\View->CodeIgniter\View\{closure}()
 6 SYSTEMPATH\Common.php(1137): CodeIgniter\View\View->render('schedule_eps/planner/list_schedule', [], true)
 7 APPPATH\Controllers\Schedule.php(60): view('schedule_eps/planner/list_schedule', [...])
 8 SYSTEMPATH\CodeIgniter.php(904): App\Controllers\Schedule->viewform()
 9 SYSTEMPATH\CodeIgniter.php(457): CodeIgniter\CodeIgniter->runController(Object(App\Controllers\Schedule))
10 SYSTEMPATH\CodeIgniter.php(340): CodeIgniter\CodeIgniter->handleRequest(null, Object(Config\Cache), false)
11 FCPATH\index.php(67): CodeIgniter\CodeIgniter->run()
12 SYSTEMPATH\Commands\Server\rewrite.php(43): require_once('FCPATH\\index.php')
CRITICAL - 2022-12-26 08:47:10 --> Maximum execution time of 60 seconds exceeded
in APPPATH\Views\schedule_eps\planner\list_schedule.php on line 97.
 1 [internal function]: CodeIgniter\Debug\Exceptions->shutdownHandler()
CRITICAL - 2022-12-26 08:48:44 --> Maximum execution time of 60 seconds exceeded
in APPPATH\Views\schedule_eps\planner\list_schedule.php on line 97.
 1 [internal function]: CodeIgniter\Debug\Exceptions->shutdownHandler()
CRITICAL - 2022-12-26 08:50:30 --> strtotime() expects parameter 1 to be string, object given
in APPPATH\Views\schedule_eps\planner\list_schedule.php on line 97.
 1 [internal function]: CodeIgniter\Debug\Exceptions->errorHandler(2, 'strtotime() expects parameter 1 to be string, object given', 'APPPATH\\Views\\schedule_eps\\planner\\list_schedule.php', 97, [...])
 2 APPPATH\Views\schedule_eps\planner\list_schedule.php(97): strtotime(Object(DateTime))
 3 APPPATH\Views\schedule_eps\planner\list_schedule.php(147): tgl_next('21-12-2022 07:00:00', '19')
 4 SYSTEMPATH\View\View.php(213): include('APPPATH\\Views\\schedule_eps\\planner\\list_schedule.php')
 5 SYSTEMPATH\View\View.php(216): CodeIgniter\View\View->CodeIgniter\View\{closure}()
 6 SYSTEMPATH\Common.php(1137): CodeIgniter\View\View->render('schedule_eps/planner/list_schedule', [], true)
 7 APPPATH\Controllers\Schedule.php(60): view('schedule_eps/planner/list_schedule', [...])
 8 SYSTEMPATH\CodeIgniter.php(904): App\Controllers\Schedule->viewform()
 9 SYSTEMPATH\CodeIgniter.php(457): CodeIgniter\CodeIgniter->runController(Object(App\Controllers\Schedule))
10 SYSTEMPATH\CodeIgniter.php(340): CodeIgniter\CodeIgniter->handleRequest(null, Object(Config\Cache), false)
11 FCPATH\index.php(67): CodeIgniter\CodeIgniter->run()
12 SYSTEMPATH\Commands\Server\rewrite.php(43): require_once('FCPATH\\index.php')
CRITICAL - 2022-12-26 08:50:31 --> strtotime() expects parameter 1 to be string, object given
in APPPATH\Views\schedule_eps\planner\list_schedule.php on line 97.
 1 [internal function]: CodeIgniter\Debug\Exceptions->errorHandler(2, 'strtotime() expects parameter 1 to be string, object given', 'APPPATH\\Views\\schedule_eps\\planner\\list_schedule.php', 97, [...])
 2 APPPATH\Views\schedule_eps\planner\list_schedule.php(97): strtotime(Object(DateTime))
 3 APPPATH\Views\schedule_eps\planner\list_schedule.php(147): tgl_next('21-12-2022 07:00:00', '19')
 4 SYSTEMPATH\View\View.php(213): include('APPPATH\\Views\\schedule_eps\\planner\\list_schedule.php')
 5 SYSTEMPATH\View\View.php(216): CodeIgniter\View\View->CodeIgniter\View\{closure}()
 6 SYSTEMPATH\Common.php(1137): CodeIgniter\View\View->render('schedule_eps/planner/list_schedule', [], true)
 7 APPPATH\Controllers\Schedule.php(60): view('schedule_eps/planner/list_schedule', [...])
 8 SYSTEMPATH\CodeIgniter.php(904): App\Controllers\Schedule->viewform()
 9 SYSTEMPATH\CodeIgniter.php(457): CodeIgniter\CodeIgniter->runController(Object(App\Controllers\Schedule))
10 SYSTEMPATH\CodeIgniter.php(340): CodeIgniter\CodeIgniter->handleRequest(null, Object(Config\Cache), false)
11 FCPATH\index.php(67): CodeIgniter\CodeIgniter->run()
12 SYSTEMPATH\Commands\Server\rewrite.php(43): require_once('FCPATH\\index.php')
CRITICAL - 2022-12-26 08:50:32 --> strtotime() expects parameter 1 to be string, object given
in APPPATH\Views\schedule_eps\planner\list_schedule.php on line 97.
 1 [internal function]: CodeIgniter\Debug\Exceptions->errorHandler(2, 'strtotime() expects parameter 1 to be string, object given', 'APPPATH\\Views\\schedule_eps\\planner\\list_schedule.php', 97, [...])
 2 APPPATH\Views\schedule_eps\planner\list_schedule.php(97): strtotime(Object(DateTime))
 3 APPPATH\Views\schedule_eps\planner\list_schedule.php(147): tgl_next('21-12-2022 07:00:00', '19')
 4 SYSTEMPATH\View\View.php(213): include('APPPATH\\Views\\schedule_eps\\planner\\list_schedule.php')
 5 SYSTEMPATH\View\View.php(216): CodeIgniter\View\View->CodeIgniter\View\{closure}()
 6 SYSTEMPATH\Common.php(1137): CodeIgniter\View\View->render('schedule_eps/planner/list_schedule', [], true)
 7 APPPATH\Controllers\Schedule.php(60): view('schedule_eps/planner/list_schedule', [...])
 8 SYSTEMPATH\CodeIgniter.php(904): App\Controllers\Schedule->viewform()
 9 SYSTEMPATH\CodeIgniter.php(457): CodeIgniter\CodeIgniter->runController(Object(App\Controllers\Schedule))
10 SYSTEMPATH\CodeIgniter.php(340): CodeIgniter\CodeIgniter->handleRequest(null, Object(Config\Cache), false)
11 FCPATH\index.php(67): CodeIgniter\CodeIgniter->run()
12 SYSTEMPATH\Commands\Server\rewrite.php(43): require_once('FCPATH\\index.php')
CRITICAL - 2022-12-26 08:50:32 --> strtotime() expects parameter 1 to be string, object given
in APPPATH\Views\schedule_eps\planner\list_schedule.php on line 97.
 1 [internal function]: CodeIgniter\Debug\Exceptions->errorHandler(2, 'strtotime() expects parameter 1 to be string, object given', 'APPPATH\\Views\\schedule_eps\\planner\\list_schedule.php', 97, [...])
 2 APPPATH\Views\schedule_eps\planner\list_schedule.php(97): strtotime(Object(DateTime))
 3 APPPATH\Views\schedule_eps\planner\list_schedule.php(147): tgl_next('21-12-2022 07:00:00', '19')
 4 SYSTEMPATH\View\View.php(213): include('APPPATH\\Views\\schedule_eps\\planner\\list_schedule.php')
 5 SYSTEMPATH\View\View.php(216): CodeIgniter\View\View->CodeIgniter\View\{closure}()
 6 SYSTEMPATH\Common.php(1137): CodeIgniter\View\View->render('schedule_eps/planner/list_schedule', [], true)
 7 APPPATH\Controllers\Schedule.php(60): view('schedule_eps/planner/list_schedule', [...])
 8 SYSTEMPATH\CodeIgniter.php(904): App\Controllers\Schedule->viewform()
 9 SYSTEMPATH\CodeIgniter.php(457): CodeIgniter\CodeIgniter->runController(Object(App\Controllers\Schedule))
10 SYSTEMPATH\CodeIgniter.php(340): CodeIgniter\CodeIgniter->handleRequest(null, Object(Config\Cache), false)
11 FCPATH\index.php(67): CodeIgniter\CodeIgniter->run()
12 SYSTEMPATH\Commands\Server\rewrite.php(43): require_once('FCPATH\\index.php')
CRITICAL - 2022-12-26 08:50:33 --> strtotime() expects parameter 1 to be string, object given
in APPPATH\Views\schedule_eps\planner\list_schedule.php on line 97.
 1 [internal function]: CodeIgniter\Debug\Exceptions->errorHandler(2, 'strtotime() expects parameter 1 to be string, object given', 'APPPATH\\Views\\schedule_eps\\planner\\list_schedule.php', 97, [...])
 2 APPPATH\Views\schedule_eps\planner\list_schedule.php(97): strtotime(Object(DateTime))
 3 APPPATH\Views\schedule_eps\planner\list_schedule.php(147): tgl_next('21-12-2022 07:00:00', '19')
 4 SYSTEMPATH\View\View.php(213): include('APPPATH\\Views\\schedule_eps\\planner\\list_schedule.php')
 5 SYSTEMPATH\View\View.php(216): CodeIgniter\View\View->CodeIgniter\View\{closure}()
 6 SYSTEMPATH\Common.php(1137): CodeIgniter\View\View->render('schedule_eps/planner/list_schedule', [], true)
 7 APPPATH\Controllers\Schedule.php(60): view('schedule_eps/planner/list_schedule', [...])
 8 SYSTEMPATH\CodeIgniter.php(904): App\Controllers\Schedule->viewform()
 9 SYSTEMPATH\CodeIgniter.php(457): CodeIgniter\CodeIgniter->runController(Object(App\Controllers\Schedule))
10 SYSTEMPATH\CodeIgniter.php(340): CodeIgniter\CodeIgniter->handleRequest(null, Object(Config\Cache), false)
11 FCPATH\index.php(67): CodeIgniter\CodeIgniter->run()
12 SYSTEMPATH\Commands\Server\rewrite.php(43): require_once('FCPATH\\index.php')
CRITICAL - 2022-12-26 08:50:33 --> strtotime() expects parameter 1 to be string, object given
in APPPATH\Views\schedule_eps\planner\list_schedule.php on line 97.
 1 [internal function]: CodeIgniter\Debug\Exceptions->errorHandler(2, 'strtotime() expects parameter 1 to be string, object given', 'APPPATH\\Views\\schedule_eps\\planner\\list_schedule.php', 97, [...])
 2 APPPATH\Views\schedule_eps\planner\list_schedule.php(97): strtotime(Object(DateTime))
 3 APPPATH\Views\schedule_eps\planner\list_schedule.php(147): tgl_next('21-12-2022 07:00:00', '19')
 4 SYSTEMPATH\View\View.php(213): include('APPPATH\\Views\\schedule_eps\\planner\\list_schedule.php')
 5 SYSTEMPATH\View\View.php(216): CodeIgniter\View\View->CodeIgniter\View\{closure}()
 6 SYSTEMPATH\Common.php(1137): CodeIgniter\View\View->render('schedule_eps/planner/list_schedule', [], true)
 7 APPPATH\Controllers\Schedule.php(60): view('schedule_eps/planner/list_schedule', [...])
 8 SYSTEMPATH\CodeIgniter.php(904): App\Controllers\Schedule->viewform()
 9 SYSTEMPATH\CodeIgniter.php(457): CodeIgniter\CodeIgniter->runController(Object(App\Controllers\Schedule))
10 SYSTEMPATH\CodeIgniter.php(340): CodeIgniter\CodeIgniter->handleRequest(null, Object(Config\Cache), false)
11 FCPATH\index.php(67): CodeIgniter\CodeIgniter->run()
12 SYSTEMPATH\Commands\Server\rewrite.php(43): require_once('FCPATH\\index.php')
CRITICAL - 2022-12-26 08:50:33 --> strtotime() expects parameter 1 to be string, object given
in APPPATH\Views\schedule_eps\planner\list_schedule.php on line 97.
 1 [internal function]: CodeIgniter\Debug\Exceptions->errorHandler(2, 'strtotime() expects parameter 1 to be string, object given', 'APPPATH\\Views\\schedule_eps\\planner\\list_schedule.php', 97, [...])
 2 APPPATH\Views\schedule_eps\planner\list_schedule.php(97): strtotime(Object(DateTime))
 3 APPPATH\Views\schedule_eps\planner\list_schedule.php(147): tgl_next('21-12-2022 07:00:00', '19')
 4 SYSTEMPATH\View\View.php(213): include('APPPATH\\Views\\schedule_eps\\planner\\list_schedule.php')
 5 SYSTEMPATH\View\View.php(216): CodeIgniter\View\View->CodeIgniter\View\{closure}()
 6 SYSTEMPATH\Common.php(1137): CodeIgniter\View\View->render('schedule_eps/planner/list_schedule', [], true)
 7 APPPATH\Controllers\Schedule.php(60): view('schedule_eps/planner/list_schedule', [...])
 8 SYSTEMPATH\CodeIgniter.php(904): App\Controllers\Schedule->viewform()
 9 SYSTEMPATH\CodeIgniter.php(457): CodeIgniter\CodeIgniter->runController(Object(App\Controllers\Schedule))
10 SYSTEMPATH\CodeIgniter.php(340): CodeIgniter\CodeIgniter->handleRequest(null, Object(Config\Cache), false)
11 FCPATH\index.php(67): CodeIgniter\CodeIgniter->run()
12 SYSTEMPATH\Commands\Server\rewrite.php(43): require_once('FCPATH\\index.php')
CRITICAL - 2022-12-26 08:50:33 --> strtotime() expects parameter 1 to be string, object given
in APPPATH\Views\schedule_eps\planner\list_schedule.php on line 97.
 1 [internal function]: CodeIgniter\Debug\Exceptions->errorHandler(2, 'strtotime() expects parameter 1 to be string, object given', 'APPPATH\\Views\\schedule_eps\\planner\\list_schedule.php', 97, [...])
 2 APPPATH\Views\schedule_eps\planner\list_schedule.php(97): strtotime(Object(DateTime))
 3 APPPATH\Views\schedule_eps\planner\list_schedule.php(147): tgl_next('21-12-2022 07:00:00', '19')
 4 SYSTEMPATH\View\View.php(213): include('APPPATH\\Views\\schedule_eps\\planner\\list_schedule.php')
 5 SYSTEMPATH\View\View.php(216): CodeIgniter\View\View->CodeIgniter\View\{closure}()
 6 SYSTEMPATH\Common.php(1137): CodeIgniter\View\View->render('schedule_eps/planner/list_schedule', [], true)
 7 APPPATH\Controllers\Schedule.php(60): view('schedule_eps/planner/list_schedule', [...])
 8 SYSTEMPATH\CodeIgniter.php(904): App\Controllers\Schedule->viewform()
 9 SYSTEMPATH\CodeIgniter.php(457): CodeIgniter\CodeIgniter->runController(Object(App\Controllers\Schedule))
10 SYSTEMPATH\CodeIgniter.php(340): CodeIgniter\CodeIgniter->handleRequest(null, Object(Config\Cache), false)
11 FCPATH\index.php(67): CodeIgniter\CodeIgniter->run()
12 SYSTEMPATH\Commands\Server\rewrite.php(43): require_once('FCPATH\\index.php')
CRITICAL - 2022-12-26 08:51:51 --> strtotime() expects parameter 2 to be int, object given
in APPPATH\Views\schedule_eps\planner\list_schedule.php on line 97.
 1 [internal function]: CodeIgniter\Debug\Exceptions->errorHandler(2, 'strtotime() expects parameter 2 to be int, object given', 'APPPATH\\Views\\schedule_eps\\planner\\list_schedule.php', 97, [...])
 2 APPPATH\Views\schedule_eps\planner\list_schedule.php(97): strtotime('+1 days', Object(DateTime))
 3 APPPATH\Views\schedule_eps\planner\list_schedule.php(147): tgl_next('21-12-2022 07:00:00', '19')
 4 SYSTEMPATH\View\View.php(213): include('APPPATH\\Views\\schedule_eps\\planner\\list_schedule.php')
 5 SYSTEMPATH\View\View.php(216): CodeIgniter\View\View->CodeIgniter\View\{closure}()
 6 SYSTEMPATH\Common.php(1137): CodeIgniter\View\View->render('schedule_eps/planner/list_schedule', [], true)
 7 APPPATH\Controllers\Schedule.php(60): view('schedule_eps/planner/list_schedule', [...])
 8 SYSTEMPATH\CodeIgniter.php(904): App\Controllers\Schedule->viewform()
 9 SYSTEMPATH\CodeIgniter.php(457): CodeIgniter\CodeIgniter->runController(Object(App\Controllers\Schedule))
10 SYSTEMPATH\CodeIgniter.php(340): CodeIgniter\CodeIgniter->handleRequest(null, Object(Config\Cache), false)
11 FCPATH\index.php(67): CodeIgniter\CodeIgniter->run()
12 SYSTEMPATH\Commands\Server\rewrite.php(43): require_once('FCPATH\\index.php')
CRITICAL - 2022-12-26 08:51:52 --> strtotime() expects parameter 2 to be int, object given
in APPPATH\Views\schedule_eps\planner\list_schedule.php on line 97.
 1 [internal function]: CodeIgniter\Debug\Exceptions->errorHandler(2, 'strtotime() expects parameter 2 to be int, object given', 'APPPATH\\Views\\schedule_eps\\planner\\list_schedule.php', 97, [...])
 2 APPPATH\Views\schedule_eps\planner\list_schedule.php(97): strtotime('+1 days', Object(DateTime))
 3 APPPATH\Views\schedule_eps\planner\list_schedule.php(147): tgl_next('21-12-2022 07:00:00', '19')
 4 SYSTEMPATH\View\View.php(213): include('APPPATH\\Views\\schedule_eps\\planner\\list_schedule.php')
 5 SYSTEMPATH\View\View.php(216): CodeIgniter\View\View->CodeIgniter\View\{closure}()
 6 SYSTEMPATH\Common.php(1137): CodeIgniter\View\View->render('schedule_eps/planner/list_schedule', [], true)
 7 APPPATH\Controllers\Schedule.php(60): view('schedule_eps/planner/list_schedule', [...])
 8 SYSTEMPATH\CodeIgniter.php(904): App\Controllers\Schedule->viewform()
 9 SYSTEMPATH\CodeIgniter.php(457): CodeIgniter\CodeIgniter->runController(Object(App\Controllers\Schedule))
10 SYSTEMPATH\CodeIgniter.php(340): CodeIgniter\CodeIgniter->handleRequest(null, Object(Config\Cache), false)
11 FCPATH\index.php(67): CodeIgniter\CodeIgniter->run()
12 SYSTEMPATH\Commands\Server\rewrite.php(43): require_once('FCPATH\\index.php')
CRITICAL - 2022-12-26 08:54:44 --> Maximum execution time of 60 seconds exceeded
in APPPATH\Views\schedule_eps\planner\list_schedule.php on line 99.
 1 [internal function]: CodeIgniter\Debug\Exceptions->shutdownHandler()
CRITICAL - 2022-12-26 08:55:58 --> Maximum execution time of 60 seconds exceeded
in APPPATH\Views\schedule_eps\planner\list_schedule.php on line 97.
 1 [internal function]: CodeIgniter\Debug\Exceptions->shutdownHandler()
CRITICAL - 2022-12-26 08:58:11 --> Maximum execution time of 60 seconds exceeded
in APPPATH\Views\schedule_eps\planner\list_schedule.php on line 97.
 1 [internal function]: CodeIgniter\Debug\Exceptions->shutdownHandler()
CRITICAL - 2022-12-26 09:01:38 --> Maximum execution time of 60 seconds exceeded
in APPPATH\Views\schedule_eps\planner\list_schedule.php on line 97.
 1 [internal function]: CodeIgniter\Debug\Exceptions->shutdownHandler()
CRITICAL - 2022-12-26 09:07:13 --> Maximum execution time of 60 seconds exceeded
in APPPATH\Views\schedule_eps\planner\list_schedule.php on line 95.
 1 [internal function]: CodeIgniter\Debug\Exceptions->shutdownHandler()
CRITICAL - 2022-12-26 09:13:23 --> Maximum execution time of 60 seconds exceeded
in APPPATH\Views\schedule_eps\planner\list_schedule.php on line 96.
 1 [internal function]: CodeIgniter\Debug\Exceptions->shutdownHandler()
CRITICAL - 2022-12-26 09:22:23 --> Maximum execution time of 60 seconds exceeded
in APPPATH\Views\schedule_eps\planner\list_schedule.php on line 97.
 1 [internal function]: CodeIgniter\Debug\Exceptions->shutdownHandler()
CRITICAL - 2022-12-26 09:23:43 --> Maximum execution time of 60 seconds exceeded
in APPPATH\Views\schedule_eps\planner\list_schedule.php on line 97.
 1 [internal function]: CodeIgniter\Debug\Exceptions->shutdownHandler()
CRITICAL - 2022-12-26 09:36:50 --> Trying to access array offset on value of type float
in APPPATH\Views\schedule_eps\planner\list_schedule.php on line 79.
 1 APPPATH\Views\schedule_eps\planner\list_schedule.php(79): CodeIgniter\Debug\Exceptions->errorHandler(8, 'Trying to access array offset on value of type float', 'APPPATH\\Views\\schedule_eps\\planner\\list_schedule.php', 79, [...])
 2 APPPATH\Views\schedule_eps\planner\list_schedule.php(148): tgl_next(2.8312570781426953, '25')
 3 SYSTEMPATH\View\View.php(213): include('APPPATH\\Views\\schedule_eps\\planner\\list_schedule.php')
 4 SYSTEMPATH\View\View.php(216): CodeIgniter\View\View->CodeIgniter\View\{closure}()
 5 SYSTEMPATH\Common.php(1137): CodeIgniter\View\View->render('schedule_eps/planner/list_schedule', [], true)
 6 APPPATH\Controllers\Schedule.php(60): view('schedule_eps/planner/list_schedule', [...])
 7 SYSTEMPATH\CodeIgniter.php(904): App\Controllers\Schedule->viewform()
 8 SYSTEMPATH\CodeIgniter.php(457): CodeIgniter\CodeIgniter->runController(Object(App\Controllers\Schedule))
 9 SYSTEMPATH\CodeIgniter.php(340): CodeIgniter\CodeIgniter->handleRequest(null, Object(Config\Cache), false)
10 FCPATH\index.php(67): CodeIgniter\CodeIgniter->run()
11 SYSTEMPATH\Commands\Server\rewrite.php(43): require_once('FCPATH\\index.php')
CRITICAL - 2022-12-26 09:36:57 --> Trying to access array offset on value of type float
in APPPATH\Views\schedule_eps\planner\list_schedule.php on line 79.
 1 APPPATH\Views\schedule_eps\planner\list_schedule.php(79): CodeIgniter\Debug\Exceptions->errorHandler(8, 'Trying to access array offset on value of type float', 'APPPATH\\Views\\schedule_eps\\planner\\list_schedule.php', 79, [...])
 2 APPPATH\Views\schedule_eps\planner\list_schedule.php(148): tgl_next(2.8312570781426953, '25')
 3 SYSTEMPATH\View\View.php(213): include('APPPATH\\Views\\schedule_eps\\planner\\list_schedule.php')
 4 SYSTEMPATH\View\View.php(216): CodeIgniter\View\View->CodeIgniter\View\{closure}()
 5 SYSTEMPATH\Common.php(1137): CodeIgniter\View\View->render('schedule_eps/planner/list_schedule', [], true)
 6 APPPATH\Controllers\Schedule.php(60): view('schedule_eps/planner/list_schedule', [...])
 7 SYSTEMPATH\CodeIgniter.php(904): App\Controllers\Schedule->viewform()
 8 SYSTEMPATH\CodeIgniter.php(457): CodeIgniter\CodeIgniter->runController(Object(App\Controllers\Schedule))
 9 SYSTEMPATH\CodeIgniter.php(340): CodeIgniter\CodeIgniter->handleRequest(null, Object(Config\Cache), false)
10 FCPATH\index.php(67): CodeIgniter\CodeIgniter->run()
11 SYSTEMPATH\Commands\Server\rewrite.php(43): require_once('FCPATH\\index.php')
CRITICAL - 2022-12-26 09:36:58 --> Trying to access array offset on value of type float
in APPPATH\Views\schedule_eps\planner\list_schedule.php on line 79.
 1 APPPATH\Views\schedule_eps\planner\list_schedule.php(79): CodeIgniter\Debug\Exceptions->errorHandler(8, 'Trying to access array offset on value of type float', 'APPPATH\\Views\\schedule_eps\\planner\\list_schedule.php', 79, [...])
 2 APPPATH\Views\schedule_eps\planner\list_schedule.php(148): tgl_next(2.8312570781426953, '25')
 3 SYSTEMPATH\View\View.php(213): include('APPPATH\\Views\\schedule_eps\\planner\\list_schedule.php')
 4 SYSTEMPATH\View\View.php(216): CodeIgniter\View\View->CodeIgniter\View\{closure}()
 5 SYSTEMPATH\Common.php(1137): CodeIgniter\View\View->render('schedule_eps/planner/list_schedule', [], true)
 6 APPPATH\Controllers\Schedule.php(60): view('schedule_eps/planner/list_schedule', [...])
 7 SYSTEMPATH\CodeIgniter.php(904): App\Controllers\Schedule->viewform()
 8 SYSTEMPATH\CodeIgniter.php(457): CodeIgniter\CodeIgniter->runController(Object(App\Controllers\Schedule))
 9 SYSTEMPATH\CodeIgniter.php(340): CodeIgniter\CodeIgniter->handleRequest(null, Object(Config\Cache), false)
10 FCPATH\index.php(67): CodeIgniter\CodeIgniter->run()
11 SYSTEMPATH\Commands\Server\rewrite.php(43): require_once('FCPATH\\index.php')
CRITICAL - 2022-12-26 09:37:14 --> Trying to access array offset on value of type float
in APPPATH\Views\schedule_eps\planner\list_schedule.php on line 79.
 1 APPPATH\Views\schedule_eps\planner\list_schedule.php(79): CodeIgniter\Debug\Exceptions->errorHandler(8, 'Trying to access array offset on value of type float', 'APPPATH\\Views\\schedule_eps\\planner\\list_schedule.php', 79, [...])
 2 APPPATH\Views\schedule_eps\planner\list_schedule.php(148): tgl_next(2.8312570781426953, '25')
 3 SYSTEMPATH\View\View.php(213): include('APPPATH\\Views\\schedule_eps\\planner\\list_schedule.php')
 4 SYSTEMPATH\View\View.php(216): CodeIgniter\View\View->CodeIgniter\View\{closure}()
 5 SYSTEMPATH\Common.php(1137): CodeIgniter\View\View->render('schedule_eps/planner/list_schedule', [], true)
 6 APPPATH\Controllers\Schedule.php(60): view('schedule_eps/planner/list_schedule', [...])
 7 SYSTEMPATH\CodeIgniter.php(904): App\Controllers\Schedule->viewform()
 8 SYSTEMPATH\CodeIgniter.php(457): CodeIgniter\CodeIgniter->runController(Object(App\Controllers\Schedule))
 9 SYSTEMPATH\CodeIgniter.php(340): CodeIgniter\CodeIgniter->handleRequest(null, Object(Config\Cache), false)
10 FCPATH\index.php(67): CodeIgniter\CodeIgniter->run()
11 SYSTEMPATH\Commands\Server\rewrite.php(43): require_once('FCPATH\\index.php')
CRITICAL - 2022-12-26 09:37:50 --> Trying to access array offset on value of type float
in APPPATH\Views\schedule_eps\planner\list_schedule.php on line 80.
 1 APPPATH\Views\schedule_eps\planner\list_schedule.php(80): CodeIgniter\Debug\Exceptions->errorHandler(8, 'Trying to access array offset on value of type float', 'APPPATH\\Views\\schedule_eps\\planner\\list_schedule.php', 80, [...])
 2 APPPATH\Views\schedule_eps\planner\list_schedule.php(149): tgl_next(2.8312570781426953, '25')
 3 SYSTEMPATH\View\View.php(213): include('APPPATH\\Views\\schedule_eps\\planner\\list_schedule.php')
 4 SYSTEMPATH\View\View.php(216): CodeIgniter\View\View->CodeIgniter\View\{closure}()
 5 SYSTEMPATH\Common.php(1137): CodeIgniter\View\View->render('schedule_eps/planner/list_schedule', [], true)
 6 APPPATH\Controllers\Schedule.php(60): view('schedule_eps/planner/list_schedule', [...])
 7 SYSTEMPATH\CodeIgniter.php(904): App\Controllers\Schedule->viewform()
 8 SYSTEMPATH\CodeIgniter.php(457): CodeIgniter\CodeIgniter->runController(Object(App\Controllers\Schedule))
 9 SYSTEMPATH\CodeIgniter.php(340): CodeIgniter\CodeIgniter->handleRequest(null, Object(Config\Cache), false)
10 FCPATH\index.php(67): CodeIgniter\CodeIgniter->run()
11 SYSTEMPATH\Commands\Server\rewrite.php(43): require_once('FCPATH\\index.php')
CRITICAL - 2022-12-26 09:38:06 --> Trying to access array offset on value of type float
in APPPATH\Views\schedule_eps\planner\list_schedule.php on line 80.
 1 APPPATH\Views\schedule_eps\planner\list_schedule.php(80): CodeIgniter\Debug\Exceptions->errorHandler(8, 'Trying to access array offset on value of type float', 'APPPATH\\Views\\schedule_eps\\planner\\list_schedule.php', 80, [...])
 2 APPPATH\Views\schedule_eps\planner\list_schedule.php(149): tgl_next(2.8312570781426953, '25')
 3 SYSTEMPATH\View\View.php(213): include('APPPATH\\Views\\schedule_eps\\planner\\list_schedule.php')
 4 SYSTEMPATH\View\View.php(216): CodeIgniter\View\View->CodeIgniter\View\{closure}()
 5 SYSTEMPATH\Common.php(1137): CodeIgniter\View\View->render('schedule_eps/planner/list_schedule', [], true)
 6 APPPATH\Controllers\Schedule.php(60): view('schedule_eps/planner/list_schedule', [...])
 7 SYSTEMPATH\CodeIgniter.php(904): App\Controllers\Schedule->viewform()
 8 SYSTEMPATH\CodeIgniter.php(457): CodeIgniter\CodeIgniter->runController(Object(App\Controllers\Schedule))
 9 SYSTEMPATH\CodeIgniter.php(340): CodeIgniter\CodeIgniter->handleRequest(null, Object(Config\Cache), false)
10 FCPATH\index.php(67): CodeIgniter\CodeIgniter->run()
11 SYSTEMPATH\Commands\Server\rewrite.php(43): require_once('FCPATH\\index.php')
CRITICAL - 2022-12-26 09:43:01 --> Call to a member function format() on bool
in APPPATH\Views\schedule_eps\planner\list_schedule.php on line 85.
 1 APPPATH\Views\schedule_eps\planner\list_schedule.php(148): tgl_next(2.8312570781426953, '25')
 2 SYSTEMPATH\View\View.php(213): include('APPPATH\\Views\\schedule_eps\\planner\\list_schedule.php')
 3 SYSTEMPATH\View\View.php(216): CodeIgniter\View\View->CodeIgniter\View\{closure}()
 4 SYSTEMPATH\Common.php(1137): CodeIgniter\View\View->render('schedule_eps/planner/list_schedule', [], true)
 5 APPPATH\Controllers\Schedule.php(60): view('schedule_eps/planner/list_schedule', [...])
 6 SYSTEMPATH\CodeIgniter.php(904): App\Controllers\Schedule->viewform()
 7 SYSTEMPATH\CodeIgniter.php(457): CodeIgniter\CodeIgniter->runController(Object(App\Controllers\Schedule))
 8 SYSTEMPATH\CodeIgniter.php(340): CodeIgniter\CodeIgniter->handleRequest(null, Object(Config\Cache), false)
 9 FCPATH\index.php(67): CodeIgniter\CodeIgniter->run()
10 SYSTEMPATH\Commands\Server\rewrite.php(43): require_once('FCPATH\\index.php')
CRITICAL - 2022-12-26 09:43:58 --> Call to a member function format() on bool
in APPPATH\Views\schedule_eps\planner\list_schedule.php on line 85.
 1 APPPATH\Views\schedule_eps\planner\list_schedule.php(148): tgl_next(2.8312570781426953, '25')
 2 SYSTEMPATH\View\View.php(213): include('APPPATH\\Views\\schedule_eps\\planner\\list_schedule.php')
 3 SYSTEMPATH\View\View.php(216): CodeIgniter\View\View->CodeIgniter\View\{closure}()
 4 SYSTEMPATH\Common.php(1137): CodeIgniter\View\View->render('schedule_eps/planner/list_schedule', [], true)
 5 APPPATH\Controllers\Schedule.php(60): view('schedule_eps/planner/list_schedule', [...])
 6 SYSTEMPATH\CodeIgniter.php(904): App\Controllers\Schedule->viewform()
 7 SYSTEMPATH\CodeIgniter.php(457): CodeIgniter\CodeIgniter->runController(Object(App\Controllers\Schedule))
 8 SYSTEMPATH\CodeIgniter.php(340): CodeIgniter\CodeIgniter->handleRequest(null, Object(Config\Cache), false)
 9 FCPATH\index.php(67): CodeIgniter\CodeIgniter->run()
10 SYSTEMPATH\Commands\Server\rewrite.php(43): require_once('FCPATH\\index.php')
CRITICAL - 2022-12-26 09:44:21 --> Call to a member function format() on bool
in APPPATH\Views\schedule_eps\planner\list_schedule.php on line 83.
 1 APPPATH\Views\schedule_eps\planner\list_schedule.php(146): tgl_next(2.8312570781426953, '25')
 2 SYSTEMPATH\View\View.php(213): include('APPPATH\\Views\\schedule_eps\\planner\\list_schedule.php')
 3 SYSTEMPATH\View\View.php(216): CodeIgniter\View\View->CodeIgniter\View\{closure}()
 4 SYSTEMPATH\Common.php(1137): CodeIgniter\View\View->render('schedule_eps/planner/list_schedule', [], true)
 5 APPPATH\Controllers\Schedule.php(60): view('schedule_eps/planner/list_schedule', [...])
 6 SYSTEMPATH\CodeIgniter.php(904): App\Controllers\Schedule->viewform()
 7 SYSTEMPATH\CodeIgniter.php(457): CodeIgniter\CodeIgniter->runController(Object(App\Controllers\Schedule))
 8 SYSTEMPATH\CodeIgniter.php(340): CodeIgniter\CodeIgniter->handleRequest(null, Object(Config\Cache), false)
 9 FCPATH\index.php(67): CodeIgniter\CodeIgniter->run()
10 SYSTEMPATH\Commands\Server\rewrite.php(43): require_once('FCPATH\\index.php')
CRITICAL - 2022-12-26 09:52:05 --> Undefined variable: total_hari1
in APPPATH\Views\schedule_eps\planner\list_schedule.php on line 84.
 1 APPPATH\Views\schedule_eps\planner\list_schedule.php(84): CodeIgniter\Debug\Exceptions->errorHandler(8, 'Undefined variable: total_hari1', 'APPPATH\\Views\\schedule_eps\\planner\\list_schedule.php', 84, [...])
 2 APPPATH\Views\schedule_eps\planner\list_schedule.php(153): tgl_next('20-12-2022 07:00:00', '12.18')
 3 SYSTEMPATH\View\View.php(213): include('APPPATH\\Views\\schedule_eps\\planner\\list_schedule.php')
 4 SYSTEMPATH\View\View.php(216): CodeIgniter\View\View->CodeIgniter\View\{closure}()
 5 SYSTEMPATH\Common.php(1137): CodeIgniter\View\View->render('schedule_eps/planner/list_schedule', [], true)
 6 APPPATH\Controllers\Schedule.php(60): view('schedule_eps/planner/list_schedule', [...])
 7 SYSTEMPATH\CodeIgniter.php(904): App\Controllers\Schedule->viewform()
 8 SYSTEMPATH\CodeIgniter.php(457): CodeIgniter\CodeIgniter->runController(Object(App\Controllers\Schedule))
 9 SYSTEMPATH\CodeIgniter.php(340): CodeIgniter\CodeIgniter->handleRequest(null, Object(Config\Cache), false)
10 FCPATH\index.php(67): CodeIgniter\CodeIgniter->run()
11 SYSTEMPATH\Commands\Server\rewrite.php(43): require_once('FCPATH\\index.php')
CRITICAL - 2022-12-26 09:52:29 --> Undefined variable: hasil_proses
in APPPATH\Views\schedule_eps\planner\list_schedule.php on line 100.
 1 APPPATH\Views\schedule_eps\planner\list_schedule.php(100): CodeIgniter\Debug\Exceptions->errorHandler(8, 'Undefined variable: hasil_proses', 'APPPATH\\Views\\schedule_eps\\planner\\list_schedule.php', 100, [...])
 2 APPPATH\Views\schedule_eps\planner\list_schedule.php(149): tgl_next('20-12-2022 07:00:00', '12.18')
 3 SYSTEMPATH\View\View.php(213): include('APPPATH\\Views\\schedule_eps\\planner\\list_schedule.php')
 4 SYSTEMPATH\View\View.php(216): CodeIgniter\View\View->CodeIgniter\View\{closure}()
 5 SYSTEMPATH\Common.php(1137): CodeIgniter\View\View->render('schedule_eps/planner/list_schedule', [], true)
 6 APPPATH\Controllers\Schedule.php(60): view('schedule_eps/planner/list_schedule', [...])
 7 SYSTEMPATH\CodeIgniter.php(904): App\Controllers\Schedule->viewform()
 8 SYSTEMPATH\CodeIgniter.php(457): CodeIgniter\CodeIgniter->runController(Object(App\Controllers\Schedule))
 9 SYSTEMPATH\CodeIgniter.php(340): CodeIgniter\CodeIgniter->handleRequest(null, Object(Config\Cache), false)
10 FCPATH\index.php(67): CodeIgniter\CodeIgniter->run()
11 SYSTEMPATH\Commands\Server\rewrite.php(43): require_once('FCPATH\\index.php')
CRITICAL - 2022-12-26 09:59:25 --> DateTime::modify(): Failed to parse time string (+day) at position 0 (+): Unexpected character
in APPPATH\Views\schedule_eps\planner\list_schedule.php on line 101.
 1 [internal function]: CodeIgniter\Debug\Exceptions->errorHandler(2, 'DateTime::modify(): Failed to parse time string (+day) at position 0 (+): Unexpected character', 'APPPATH\\Views\\schedule_eps\\planner\\list_schedule.php', 101, [...])
 2 APPPATH\Views\schedule_eps\planner\list_schedule.php(101): DateTime->modify('+day')
 3 APPPATH\Views\schedule_eps\planner\list_schedule.php(149): tgl_next('20-12-2022 07:00:00', '12.18')
 4 SYSTEMPATH\View\View.php(213): include('APPPATH\\Views\\schedule_eps\\planner\\list_schedule.php')
 5 SYSTEMPATH\View\View.php(216): CodeIgniter\View\View->CodeIgniter\View\{closure}()
 6 SYSTEMPATH\Common.php(1137): CodeIgniter\View\View->render('schedule_eps/planner/list_schedule', [], true)
 7 APPPATH\Controllers\Schedule.php(60): view('schedule_eps/planner/list_schedule', [...])
 8 SYSTEMPATH\CodeIgniter.php(904): App\Controllers\Schedule->viewform()
 9 SYSTEMPATH\CodeIgniter.php(457): CodeIgniter\CodeIgniter->runController(Object(App\Controllers\Schedule))
10 SYSTEMPATH\CodeIgniter.php(340): CodeIgniter\CodeIgniter->handleRequest(null, Object(Config\Cache), false)
11 FCPATH\index.php(67): CodeIgniter\CodeIgniter->run()
12 SYSTEMPATH\Commands\Server\rewrite.php(43): require_once('FCPATH\\index.php')
CRITICAL - 2022-12-26 10:56:24 --> Call to a member function modify() on string
in APPPATH\Views\schedule_eps\planner\list_schedule.php on line 103.
 1 APPPATH\Views\schedule_eps\planner\list_schedule.php(149): tgl_next('20-12-2022 07:00:00', '12.18')
 2 SYSTEMPATH\View\View.php(213): include('APPPATH\\Views\\schedule_eps\\planner\\list_schedule.php')
 3 SYSTEMPATH\View\View.php(216): CodeIgniter\View\View->CodeIgniter\View\{closure}()
 4 SYSTEMPATH\Common.php(1137): CodeIgniter\View\View->render('schedule_eps/planner/list_schedule', [], true)
 5 APPPATH\Controllers\Schedule.php(60): view('schedule_eps/planner/list_schedule', [...])
 6 SYSTEMPATH\CodeIgniter.php(904): App\Controllers\Schedule->viewform()
 7 SYSTEMPATH\CodeIgniter.php(457): CodeIgniter\CodeIgniter->runController(Object(App\Controllers\Schedule))
 8 SYSTEMPATH\CodeIgniter.php(340): CodeIgniter\CodeIgniter->handleRequest(null, Object(Config\Cache), false)
 9 FCPATH\index.php(67): CodeIgniter\CodeIgniter->run()
10 SYSTEMPATH\Commands\Server\rewrite.php(43): require_once('FCPATH\\index.php')
CRITICAL - 2022-12-26 10:56:37 --> Call to a member function modify() on string
in APPPATH\Views\schedule_eps\planner\list_schedule.php on line 103.
 1 APPPATH\Views\schedule_eps\planner\list_schedule.php(149): tgl_next('20-12-2022 07:00:00', '12.18')
 2 SYSTEMPATH\View\View.php(213): include('APPPATH\\Views\\schedule_eps\\planner\\list_schedule.php')
 3 SYSTEMPATH\View\View.php(216): CodeIgniter\View\View->CodeIgniter\View\{closure}()
 4 SYSTEMPATH\Common.php(1137): CodeIgniter\View\View->render('schedule_eps/planner/list_schedule', [], true)
 5 APPPATH\Controllers\Schedule.php(60): view('schedule_eps/planner/list_schedule', [...])
 6 SYSTEMPATH\CodeIgniter.php(904): App\Controllers\Schedule->viewform()
 7 SYSTEMPATH\CodeIgniter.php(457): CodeIgniter\CodeIgniter->runController(Object(App\Controllers\Schedule))
 8 SYSTEMPATH\CodeIgniter.php(340): CodeIgniter\CodeIgniter->handleRequest(null, Object(Config\Cache), false)
 9 FCPATH\index.php(67): CodeIgniter\CodeIgniter->run()
10 SYSTEMPATH\Commands\Server\rewrite.php(43): require_once('FCPATH\\index.php')
CRITICAL - 2022-12-26 10:56:49 --> Call to a member function format() on string
in APPPATH\Views\schedule_eps\planner\list_schedule.php on line 104.
 1 APPPATH\Views\schedule_eps\planner\list_schedule.php(149): tgl_next('20-12-2022 07:00:00', '12.18')
 2 SYSTEMPATH\View\View.php(213): include('APPPATH\\Views\\schedule_eps\\planner\\list_schedule.php')
 3 SYSTEMPATH\View\View.php(216): CodeIgniter\View\View->CodeIgniter\View\{closure}()
 4 SYSTEMPATH\Common.php(1137): CodeIgniter\View\View->render('schedule_eps/planner/list_schedule', [], true)
 5 APPPATH\Controllers\Schedule.php(60): view('schedule_eps/planner/list_schedule', [...])
 6 SYSTEMPATH\CodeIgniter.php(904): App\Controllers\Schedule->viewform()
 7 SYSTEMPATH\CodeIgniter.php(457): CodeIgniter\CodeIgniter->runController(Object(App\Controllers\Schedule))
 8 SYSTEMPATH\CodeIgniter.php(340): CodeIgniter\CodeIgniter->handleRequest(null, Object(Config\Cache), false)
 9 FCPATH\index.php(67): CodeIgniter\CodeIgniter->run()
10 SYSTEMPATH\Commands\Server\rewrite.php(43): require_once('FCPATH\\index.php')
CRITICAL - 2022-12-26 11:18:33 --> abs() expects exactly 1 parameter, 2 given
in APPPATH\Views\schedule_eps\planner\list_schedule.php on line 80.
 1 [internal function]: CodeIgniter\Debug\Exceptions->errorHandler(2, 'abs() expects exactly 1 parameter, 2 given', 'APPPATH\\Views\\schedule_eps\\planner\\list_schedule.php', 80, [...])
 2 APPPATH\Views\schedule_eps\planner\list_schedule.php(80): abs(-0.8312570781426953, 2)
 3 APPPATH\Views\schedule_eps\planner\list_schedule.php(150): tgl_next('20-12-2022 07:00:00', '25')
 4 SYSTEMPATH\View\View.php(213): include('APPPATH\\Views\\schedule_eps\\planner\\list_schedule.php')
 5 SYSTEMPATH\View\View.php(216): CodeIgniter\View\View->CodeIgniter\View\{closure}()
 6 SYSTEMPATH\Common.php(1137): CodeIgniter\View\View->render('schedule_eps/planner/list_schedule', [], true)
 7 APPPATH\Controllers\Schedule.php(60): view('schedule_eps/planner/list_schedule', [...])
 8 SYSTEMPATH\CodeIgniter.php(904): App\Controllers\Schedule->viewform()
 9 SYSTEMPATH\CodeIgniter.php(457): CodeIgniter\CodeIgniter->runController(Object(App\Controllers\Schedule))
10 SYSTEMPATH\CodeIgniter.php(340): CodeIgniter\CodeIgniter->handleRequest(null, Object(Config\Cache), false)
11 FCPATH\index.php(67): CodeIgniter\CodeIgniter->run()
12 SYSTEMPATH\Commands\Server\rewrite.php(43): require_once('FCPATH\\index.php')
CRITICAL - 2022-12-26 13:08:19 --> Maximum execution time of 60 seconds exceeded
in APPPATH\Views\schedule_eps\planner\list_schedule.php on line 101.
 1 [internal function]: CodeIgniter\Debug\Exceptions->shutdownHandler()
CRITICAL - 2022-12-26 13:09:54 --> Maximum execution time of 60 seconds exceeded
in APPPATH\Views\schedule_eps\planner\list_schedule.php on line 101.
 1 [internal function]: CodeIgniter\Debug\Exceptions->shutdownHandler()
CRITICAL - 2022-12-26 14:01:20 --> Maximum execution time of 60 seconds exceeded
in APPPATH\Views\schedule_eps\planner\list_schedule.php on line 98.
 1 [internal function]: CodeIgniter\Debug\Exceptions->shutdownHandler()
CRITICAL - 2022-12-26 14:02:55 --> Maximum execution time of 60 seconds exceeded
in APPPATH\Views\schedule_eps\planner\list_schedule.php on line 100.
 1 [internal function]: CodeIgniter\Debug\Exceptions->shutdownHandler()
CRITICAL - 2022-12-26 14:05:44 --> Maximum execution time of 60 seconds exceeded
in APPPATH\Views\schedule_eps\planner\list_schedule.php on line 100.
 1 [internal function]: CodeIgniter\Debug\Exceptions->shutdownHandler()
CRITICAL - 2022-12-26 14:06:44 --> Maximum execution time of 60 seconds exceeded
in APPPATH\Views\schedule_eps\planner\list_schedule.php on line 100.
 1 [internal function]: CodeIgniter\Debug\Exceptions->shutdownHandler()
CRITICAL - 2022-12-26 14:07:58 --> Maximum execution time of 60 seconds exceeded
in APPPATH\Views\schedule_eps\planner\list_schedule.php on line 99.
 1 [internal function]: CodeIgniter\Debug\Exceptions->shutdownHandler()
CRITICAL - 2022-12-26 15:35:39 --> Maximum execution time of 60 seconds exceeded
in APPPATH\Views\schedule_eps\planner\list_schedule.php on line 105.
 1 [internal function]: CodeIgniter\Debug\Exceptions->shutdownHandler()
CRITICAL - 2022-12-26 16:05:00 --> Allowed memory size of 536870912 bytes exhausted (tried to allocate 264257536 bytes)
in APPPATH\Views\schedule_eps\planner\list_schedule.php on line 77.
 1 [internal function]: CodeIgniter\Debug\Exceptions->shutdownHandler()
CRITICAL - 2022-12-26 16:05:42 --> Allowed memory size of 536870912 bytes exhausted (tried to allocate 266354688 bytes)
in APPPATH\Views\schedule_eps\planner\list_schedule.php on line 77.
 1 [internal function]: CodeIgniter\Debug\Exceptions->shutdownHandler()
CRITICAL - 2022-12-26 16:06:15 --> Undefined variable: sisa_menit
in APPPATH\Views\schedule_eps\planner\list_schedule.php on line 76.
 1 APPPATH\Views\schedule_eps\planner\list_schedule.php(76): CodeIgniter\Debug\Exceptions->errorHandler(8, 'Undefined variable: sisa_menit', 'APPPATH\\Views\\schedule_eps\\planner\\list_schedule.php', 76, [...])
 2 SYSTEMPATH\View\View.php(213): include('APPPATH\\Views\\schedule_eps\\planner\\list_schedule.php')
 3 SYSTEMPATH\View\View.php(216): CodeIgniter\View\View->CodeIgniter\View\{closure}()
 4 SYSTEMPATH\Common.php(1137): CodeIgniter\View\View->render('schedule_eps/planner/list_schedule', [], true)
 5 APPPATH\Controllers\Schedule.php(60): view('schedule_eps/planner/list_schedule', [...])
 6 SYSTEMPATH\CodeIgniter.php(904): App\Controllers\Schedule->viewform()
 7 SYSTEMPATH\CodeIgniter.php(457): CodeIgniter\CodeIgniter->runController(Object(App\Controllers\Schedule))
 8 SYSTEMPATH\CodeIgniter.php(340): CodeIgniter\CodeIgniter->handleRequest(null, Object(Config\Cache), false)
 9 FCPATH\index.php(67): CodeIgniter\CodeIgniter->run()
10 SYSTEMPATH\Commands\Server\rewrite.php(43): require_once('FCPATH\\index.php')
CRITICAL - 2022-12-26 16:07:07 --> Allowed memory size of 536870912 bytes exhausted (tried to allocate 266354688 bytes)
in APPPATH\Views\schedule_eps\planner\list_schedule.php on line 77.
 1 [internal function]: CodeIgniter\Debug\Exceptions->shutdownHandler()
CRITICAL - 2022-12-26 16:07:44 --> Undefined variable: x
in APPPATH\Views\schedule_eps\planner\list_schedule.php on line 78.
 1 APPPATH\Views\schedule_eps\planner\list_schedule.php(78): CodeIgniter\Debug\Exceptions->errorHandler(8, 'Undefined variable: x', 'APPPATH\\Views\\schedule_eps\\planner\\list_schedule.php', 78, [...])
 2 SYSTEMPATH\View\View.php(213): include('APPPATH\\Views\\schedule_eps\\planner\\list_schedule.php')
 3 SYSTEMPATH\View\View.php(216): CodeIgniter\View\View->CodeIgniter\View\{closure}()
 4 SYSTEMPATH\Common.php(1137): CodeIgniter\View\View->render('schedule_eps/planner/list_schedule', [], true)
 5 APPPATH\Controllers\Schedule.php(60): view('schedule_eps/planner/list_schedule', [...])
 6 SYSTEMPATH\CodeIgniter.php(904): App\Controllers\Schedule->viewform()
 7 SYSTEMPATH\CodeIgniter.php(457): CodeIgniter\CodeIgniter->runController(Object(App\Controllers\Schedule))
 8 SYSTEMPATH\CodeIgniter.php(340): CodeIgniter\CodeIgniter->handleRequest(null, Object(Config\Cache), false)
 9 FCPATH\index.php(67): CodeIgniter\CodeIgniter->run()
10 SYSTEMPATH\Commands\Server\rewrite.php(43): require_once('FCPATH\\index.php')
CRITICAL - 2022-12-26 16:07:55 --> Allowed memory size of 536870912 bytes exhausted (tried to allocate 266354688 bytes)
in APPPATH\Views\schedule_eps\planner\list_schedule.php on line 77.
 1 [internal function]: CodeIgniter\Debug\Exceptions->shutdownHandler()
CRITICAL - 2022-12-26 16:54:38 --> Maximum execution time of 60 seconds exceeded
in APPPATH\Views\schedule_eps\planner\list_schedule.php on line 98.
 1 [internal function]: CodeIgniter\Debug\Exceptions->shutdownHandler()
CRITICAL - 2022-12-26 17:16:02 --> Maximum execution time of 60 seconds exceeded
in APPPATH\Views\schedule_eps\planner\list_schedule.php on line 97.
 1 [internal function]: CodeIgniter\Debug\Exceptions->shutdownHandler()
CRITICAL - 2022-12-26 17:17:33 --> Maximum execution time of 60 seconds exceeded
in APPPATH\Views\schedule_eps\planner\list_schedule.php on line 97.
 1 [internal function]: CodeIgniter\Debug\Exceptions->shutdownHandler()
