CRITICAL - 2023-01-10 08:51:06 --> Maximum execution time of 60 seconds exceeded
in APPPATH\Views\schedule_eps\planner\list_schedule.php on line 101.
 1 [internal function]: CodeIgniter\Debug\Exceptions->shutdownHandler()
CRITICAL - 2023-01-10 08:52:19 --> Undefined variable: tambah_hari
in APPPATH\Views\schedule_eps\planner\list_schedule.php on line 107.
 1 APPPATH\Views\schedule_eps\planner\list_schedule.php(107): CodeIgniter\Debug\Exceptions->errorHandler(8, 'Undefined variable: tambah_hari', 'APPPATH\\Views\\schedule_eps\\planner\\list_schedule.php', 107, [...])
 2 APPPATH\Views\schedule_eps\planner\list_schedule.php(155): tgl_next('10-01-2023 10:00:00', '63', [...])
 3 SYSTEMPATH\View\View.php(213): include('APPPATH\\Views\\schedule_eps\\planner\\list_schedule.php')
 4 SYSTEMPATH\View\View.php(216): CodeIgniter\View\View->CodeIgniter\View\{closure}()
 5 SYSTEMPATH\Common.php(1137): CodeIgniter\View\View->render('schedule_eps/planner/list_schedule', [], true)
 6 APPPATH\Controllers\Schedule.php(60): view('schedule_eps/planner/list_schedule', [...])
 7 SYSTEMPATH\CodeIgniter.php(904): App\Controllers\Schedule->viewform()
 8 SYSTEMPATH\CodeIgniter.php(457): CodeIgniter\CodeIgniter->runController(Object(App\Controllers\Schedule))
 9 SYSTEMPATH\CodeIgniter.php(340): CodeIgniter\CodeIgniter->handleRequest(null, Object(Config\Cache), false)
10 FCPATH\index.php(67): CodeIgniter\CodeIgniter->run()
11 SYSTEMPATH\Commands\Server\rewrite.php(43): require_once('FCPATH\\index.php')
CRITICAL - 2023-01-10 08:52:20 --> Undefined variable: tambah_hari
in APPPATH\Views\schedule_eps\planner\list_schedule.php on line 107.
 1 APPPATH\Views\schedule_eps\planner\list_schedule.php(107): CodeIgniter\Debug\Exceptions->errorHandler(8, 'Undefined variable: tambah_hari', 'APPPATH\\Views\\schedule_eps\\planner\\list_schedule.php', 107, [...])
 2 APPPATH\Views\schedule_eps\planner\list_schedule.php(155): tgl_next('10-01-2023 10:00:00', '63', [...])
 3 SYSTEMPATH\View\View.php(213): include('APPPATH\\Views\\schedule_eps\\planner\\list_schedule.php')
 4 SYSTEMPATH\View\View.php(216): CodeIgniter\View\View->CodeIgniter\View\{closure}()
 5 SYSTEMPATH\Common.php(1137): CodeIgniter\View\View->render('schedule_eps/planner/list_schedule', [], true)
 6 APPPATH\Controllers\Schedule.php(60): view('schedule_eps/planner/list_schedule', [...])
 7 SYSTEMPATH\CodeIgniter.php(904): App\Controllers\Schedule->viewform()
 8 SYSTEMPATH\CodeIgniter.php(457): CodeIgniter\CodeIgniter->runController(Object(App\Controllers\Schedule))
 9 SYSTEMPATH\CodeIgniter.php(340): CodeIgniter\CodeIgniter->handleRequest(null, Object(Config\Cache), false)
10 FCPATH\index.php(67): CodeIgniter\CodeIgniter->run()
11 SYSTEMPATH\Commands\Server\rewrite.php(43): require_once('FCPATH\\index.php')
CRITICAL - 2023-01-10 09:05:33 --> Maximum execution time of 60 seconds exceeded
in APPPATH\Views\schedule_eps\planner\list_schedule.php on line 106.
 1 [internal function]: CodeIgniter\Debug\Exceptions->shutdownHandler()
CRITICAL - 2023-01-10 09:09:51 --> Call to a member function format() on string
in APPPATH\Views\schedule_eps\planner\list_schedule.php on line 115.
 1 APPPATH\Views\schedule_eps\planner\list_schedule.php(162): tgl_next('10-01-2023 10:00:00', '63', [...])
 2 SYSTEMPATH\View\View.php(213): include('APPPATH\\Views\\schedule_eps\\planner\\list_schedule.php')
 3 SYSTEMPATH\View\View.php(216): CodeIgniter\View\View->CodeIgniter\View\{closure}()
 4 SYSTEMPATH\Common.php(1137): CodeIgniter\View\View->render('schedule_eps/planner/list_schedule', [], true)
 5 APPPATH\Controllers\Schedule.php(60): view('schedule_eps/planner/list_schedule', [...])
 6 SYSTEMPATH\CodeIgniter.php(904): App\Controllers\Schedule->viewform()
 7 SYSTEMPATH\CodeIgniter.php(457): CodeIgniter\CodeIgniter->runController(Object(App\Controllers\Schedule))
 8 SYSTEMPATH\CodeIgniter.php(340): CodeIgniter\CodeIgniter->handleRequest(null, Object(Config\Cache), false)
 9 FCPATH\index.php(67): CodeIgniter\CodeIgniter->run()
10 SYSTEMPATH\Commands\Server\rewrite.php(43): require_once('FCPATH\\index.php')
CRITICAL - 2023-01-10 09:10:56 --> Call to a member function format() on string
in APPPATH\Views\schedule_eps\planner\list_schedule.php on line 116.
 1 APPPATH\Views\schedule_eps\planner\list_schedule.php(163): tgl_next('10-01-2023 10:00:00', '63', [...])
 2 SYSTEMPATH\View\View.php(213): include('APPPATH\\Views\\schedule_eps\\planner\\list_schedule.php')
 3 SYSTEMPATH\View\View.php(216): CodeIgniter\View\View->CodeIgniter\View\{closure}()
 4 SYSTEMPATH\Common.php(1137): CodeIgniter\View\View->render('schedule_eps/planner/list_schedule', [], true)
 5 APPPATH\Controllers\Schedule.php(60): view('schedule_eps/planner/list_schedule', [...])
 6 SYSTEMPATH\CodeIgniter.php(904): App\Controllers\Schedule->viewform()
 7 SYSTEMPATH\CodeIgniter.php(457): CodeIgniter\CodeIgniter->runController(Object(App\Controllers\Schedule))
 8 SYSTEMPATH\CodeIgniter.php(340): CodeIgniter\CodeIgniter->handleRequest(null, Object(Config\Cache), false)
 9 FCPATH\index.php(67): CodeIgniter\CodeIgniter->run()
10 SYSTEMPATH\Commands\Server\rewrite.php(43): require_once('FCPATH\\index.php')
CRITICAL - 2023-01-10 09:10:56 --> Call to a member function format() on string
in APPPATH\Views\schedule_eps\planner\list_schedule.php on line 116.
 1 APPPATH\Views\schedule_eps\planner\list_schedule.php(163): tgl_next('10-01-2023 10:00:00', '63', [...])
 2 SYSTEMPATH\View\View.php(213): include('APPPATH\\Views\\schedule_eps\\planner\\list_schedule.php')
 3 SYSTEMPATH\View\View.php(216): CodeIgniter\View\View->CodeIgniter\View\{closure}()
 4 SYSTEMPATH\Common.php(1137): CodeIgniter\View\View->render('schedule_eps/planner/list_schedule', [], true)
 5 APPPATH\Controllers\Schedule.php(60): view('schedule_eps/planner/list_schedule', [...])
 6 SYSTEMPATH\CodeIgniter.php(904): App\Controllers\Schedule->viewform()
 7 SYSTEMPATH\CodeIgniter.php(457): CodeIgniter\CodeIgniter->runController(Object(App\Controllers\Schedule))
 8 SYSTEMPATH\CodeIgniter.php(340): CodeIgniter\CodeIgniter->handleRequest(null, Object(Config\Cache), false)
 9 FCPATH\index.php(67): CodeIgniter\CodeIgniter->run()
10 SYSTEMPATH\Commands\Server\rewrite.php(43): require_once('FCPATH\\index.php')
CRITICAL - 2023-01-10 09:11:26 --> Call to a member function format() on bool
in APPPATH\Views\schedule_eps\planner\list_schedule.php on line 80.
 1 APPPATH\Views\schedule_eps\planner\list_schedule.php(163): tgl_next(null, '8', [...])
 2 SYSTEMPATH\View\View.php(213): include('APPPATH\\Views\\schedule_eps\\planner\\list_schedule.php')
 3 SYSTEMPATH\View\View.php(216): CodeIgniter\View\View->CodeIgniter\View\{closure}()
 4 SYSTEMPATH\Common.php(1137): CodeIgniter\View\View->render('schedule_eps/planner/list_schedule', [], true)
 5 APPPATH\Controllers\Schedule.php(60): view('schedule_eps/planner/list_schedule', [...])
 6 SYSTEMPATH\CodeIgniter.php(904): App\Controllers\Schedule->viewform()
 7 SYSTEMPATH\CodeIgniter.php(457): CodeIgniter\CodeIgniter->runController(Object(App\Controllers\Schedule))
 8 SYSTEMPATH\CodeIgniter.php(340): CodeIgniter\CodeIgniter->handleRequest(null, Object(Config\Cache), false)
 9 FCPATH\index.php(67): CodeIgniter\CodeIgniter->run()
10 SYSTEMPATH\Commands\Server\rewrite.php(43): require_once('FCPATH\\index.php')
CRITICAL - 2023-01-10 09:17:34 --> Call to a member function format() on bool
in APPPATH\Views\schedule_eps\planner\list_schedule.php on line 116.
 1 APPPATH\Views\schedule_eps\planner\list_schedule.php(163): tgl_next('10-01-2023 10:00:00', '63', [...])
 2 SYSTEMPATH\View\View.php(213): include('APPPATH\\Views\\schedule_eps\\planner\\list_schedule.php')
 3 SYSTEMPATH\View\View.php(216): CodeIgniter\View\View->CodeIgniter\View\{closure}()
 4 SYSTEMPATH\Common.php(1137): CodeIgniter\View\View->render('schedule_eps/planner/list_schedule', [], true)
 5 APPPATH\Controllers\Schedule.php(60): view('schedule_eps/planner/list_schedule', [...])
 6 SYSTEMPATH\CodeIgniter.php(904): App\Controllers\Schedule->viewform()
 7 SYSTEMPATH\CodeIgniter.php(457): CodeIgniter\CodeIgniter->runController(Object(App\Controllers\Schedule))
 8 SYSTEMPATH\CodeIgniter.php(340): CodeIgniter\CodeIgniter->handleRequest(null, Object(Config\Cache), false)
 9 FCPATH\index.php(67): CodeIgniter\CodeIgniter->run()
10 SYSTEMPATH\Commands\Server\rewrite.php(43): require_once('FCPATH\\index.php')
CRITICAL - 2023-01-10 09:17:35 --> Call to a member function format() on bool
in APPPATH\Views\schedule_eps\planner\list_schedule.php on line 116.
 1 APPPATH\Views\schedule_eps\planner\list_schedule.php(163): tgl_next('10-01-2023 10:00:00', '63', [...])
 2 SYSTEMPATH\View\View.php(213): include('APPPATH\\Views\\schedule_eps\\planner\\list_schedule.php')
 3 SYSTEMPATH\View\View.php(216): CodeIgniter\View\View->CodeIgniter\View\{closure}()
 4 SYSTEMPATH\Common.php(1137): CodeIgniter\View\View->render('schedule_eps/planner/list_schedule', [], true)
 5 APPPATH\Controllers\Schedule.php(60): view('schedule_eps/planner/list_schedule', [...])
 6 SYSTEMPATH\CodeIgniter.php(904): App\Controllers\Schedule->viewform()
 7 SYSTEMPATH\CodeIgniter.php(457): CodeIgniter\CodeIgniter->runController(Object(App\Controllers\Schedule))
 8 SYSTEMPATH\CodeIgniter.php(340): CodeIgniter\CodeIgniter->handleRequest(null, Object(Config\Cache), false)
 9 FCPATH\index.php(67): CodeIgniter\CodeIgniter->run()
10 SYSTEMPATH\Commands\Server\rewrite.php(43): require_once('FCPATH\\index.php')
CRITICAL - 2023-01-10 09:36:43 --> Maximum execution time of 60 seconds exceeded
in APPPATH\Views\schedule_eps\planner\list_schedule.php on line 104.
 1 [internal function]: CodeIgniter\Debug\Exceptions->shutdownHandler()
CRITICAL - 2023-01-10 09:42:17 --> Call to a member function format() on bool
in APPPATH\Views\schedule_eps\planner\list_schedule.php on line 78.
 1 APPPATH\Views\schedule_eps\planner\list_schedule.php(157): tgl_next(null, '8', [...])
 2 SYSTEMPATH\View\View.php(213): include('APPPATH\\Views\\schedule_eps\\planner\\list_schedule.php')
 3 SYSTEMPATH\View\View.php(216): CodeIgniter\View\View->CodeIgniter\View\{closure}()
 4 SYSTEMPATH\Common.php(1137): CodeIgniter\View\View->render('schedule_eps/planner/list_schedule', [], true)
 5 APPPATH\Controllers\Schedule.php(60): view('schedule_eps/planner/list_schedule', [...])
 6 SYSTEMPATH\CodeIgniter.php(904): App\Controllers\Schedule->viewform()
 7 SYSTEMPATH\CodeIgniter.php(457): CodeIgniter\CodeIgniter->runController(Object(App\Controllers\Schedule))
 8 SYSTEMPATH\CodeIgniter.php(340): CodeIgniter\CodeIgniter->handleRequest(null, Object(Config\Cache), false)
 9 FCPATH\index.php(67): CodeIgniter\CodeIgniter->run()
10 SYSTEMPATH\Commands\Server\rewrite.php(43): require_once('FCPATH\\index.php')
CRITICAL - 2023-01-10 09:42:43 --> Call to a member function format() on bool
in APPPATH\Views\schedule_eps\planner\list_schedule.php on line 78.
 1 APPPATH\Views\schedule_eps\planner\list_schedule.php(157): tgl_next(null, '8', [...])
 2 SYSTEMPATH\View\View.php(213): include('APPPATH\\Views\\schedule_eps\\planner\\list_schedule.php')
 3 SYSTEMPATH\View\View.php(216): CodeIgniter\View\View->CodeIgniter\View\{closure}()
 4 SYSTEMPATH\Common.php(1137): CodeIgniter\View\View->render('schedule_eps/planner/list_schedule', [], true)
 5 APPPATH\Controllers\Schedule.php(60): view('schedule_eps/planner/list_schedule', [...])
 6 SYSTEMPATH\CodeIgniter.php(904): App\Controllers\Schedule->viewform()
 7 SYSTEMPATH\CodeIgniter.php(457): CodeIgniter\CodeIgniter->runController(Object(App\Controllers\Schedule))
 8 SYSTEMPATH\CodeIgniter.php(340): CodeIgniter\CodeIgniter->handleRequest(null, Object(Config\Cache), false)
 9 FCPATH\index.php(67): CodeIgniter\CodeIgniter->run()
10 SYSTEMPATH\Commands\Server\rewrite.php(43): require_once('FCPATH\\index.php')
CRITICAL - 2023-01-10 09:42:43 --> Call to a member function format() on bool
in APPPATH\Views\schedule_eps\planner\list_schedule.php on line 78.
 1 APPPATH\Views\schedule_eps\planner\list_schedule.php(157): tgl_next(null, '8', [...])
 2 SYSTEMPATH\View\View.php(213): include('APPPATH\\Views\\schedule_eps\\planner\\list_schedule.php')
 3 SYSTEMPATH\View\View.php(216): CodeIgniter\View\View->CodeIgniter\View\{closure}()
 4 SYSTEMPATH\Common.php(1137): CodeIgniter\View\View->render('schedule_eps/planner/list_schedule', [], true)
 5 APPPATH\Controllers\Schedule.php(60): view('schedule_eps/planner/list_schedule', [...])
 6 SYSTEMPATH\CodeIgniter.php(904): App\Controllers\Schedule->viewform()
 7 SYSTEMPATH\CodeIgniter.php(457): CodeIgniter\CodeIgniter->runController(Object(App\Controllers\Schedule))
 8 SYSTEMPATH\CodeIgniter.php(340): CodeIgniter\CodeIgniter->handleRequest(null, Object(Config\Cache), false)
 9 FCPATH\index.php(67): CodeIgniter\CodeIgniter->run()
10 SYSTEMPATH\Commands\Server\rewrite.php(43): require_once('FCPATH\\index.php')
CRITICAL - 2023-01-10 10:09:11 --> A non well formed numeric value encountered
in APPPATH\Views\schedule_eps\planner\list_schedule.php on line 109.
 1 [internal function]: CodeIgniter\Debug\Exceptions->errorHandler(8, 'A non well formed numeric value encountered', 'APPPATH\\Views\\schedule_eps\\planner\\list_schedule.php', 109, [...])
 2 APPPATH\Views\schedule_eps\planner\list_schedule.php(109): date('d-m-Y H:i:s', '19-01-2023')
 3 APPPATH\Views\schedule_eps\planner\list_schedule.php(158): tgl_next('10-01-2023 10:00:00', '63', [...])
 4 SYSTEMPATH\View\View.php(213): include('APPPATH\\Views\\schedule_eps\\planner\\list_schedule.php')
 5 SYSTEMPATH\View\View.php(216): CodeIgniter\View\View->CodeIgniter\View\{closure}()
 6 SYSTEMPATH\Common.php(1137): CodeIgniter\View\View->render('schedule_eps/planner/list_schedule', [], true)
 7 APPPATH\Controllers\Schedule.php(60): view('schedule_eps/planner/list_schedule', [...])
 8 SYSTEMPATH\CodeIgniter.php(904): App\Controllers\Schedule->viewform()
 9 SYSTEMPATH\CodeIgniter.php(457): CodeIgniter\CodeIgniter->runController(Object(App\Controllers\Schedule))
10 SYSTEMPATH\CodeIgniter.php(340): CodeIgniter\CodeIgniter->handleRequest(null, Object(Config\Cache), false)
11 FCPATH\index.php(67): CodeIgniter\CodeIgniter->run()
12 SYSTEMPATH\Commands\Server\rewrite.php(43): require_once('FCPATH\\index.php')
CRITICAL - 2023-01-10 10:09:25 --> A non well formed numeric value encountered
in APPPATH\Views\schedule_eps\planner\list_schedule.php on line 109.
 1 [internal function]: CodeIgniter\Debug\Exceptions->errorHandler(8, 'A non well formed numeric value encountered', 'APPPATH\\Views\\schedule_eps\\planner\\list_schedule.php', 109, [...])
 2 APPPATH\Views\schedule_eps\planner\list_schedule.php(109): date('d-m-Y', '19-01-2023')
 3 APPPATH\Views\schedule_eps\planner\list_schedule.php(158): tgl_next('10-01-2023 10:00:00', '63', [...])
 4 SYSTEMPATH\View\View.php(213): include('APPPATH\\Views\\schedule_eps\\planner\\list_schedule.php')
 5 SYSTEMPATH\View\View.php(216): CodeIgniter\View\View->CodeIgniter\View\{closure}()
 6 SYSTEMPATH\Common.php(1137): CodeIgniter\View\View->render('schedule_eps/planner/list_schedule', [], true)
 7 APPPATH\Controllers\Schedule.php(60): view('schedule_eps/planner/list_schedule', [...])
 8 SYSTEMPATH\CodeIgniter.php(904): App\Controllers\Schedule->viewform()
 9 SYSTEMPATH\CodeIgniter.php(457): CodeIgniter\CodeIgniter->runController(Object(App\Controllers\Schedule))
10 SYSTEMPATH\CodeIgniter.php(340): CodeIgniter\CodeIgniter->handleRequest(null, Object(Config\Cache), false)
11 FCPATH\index.php(67): CodeIgniter\CodeIgniter->run()
12 SYSTEMPATH\Commands\Server\rewrite.php(43): require_once('FCPATH\\index.php')
CRITICAL - 2023-01-10 10:18:00 --> Undefined variable: hari_shedule
in APPPATH\Views\schedule_eps\planner\list_schedule.php on line 100.
 1 APPPATH\Views\schedule_eps\planner\list_schedule.php(100): CodeIgniter\Debug\Exceptions->errorHandler(8, 'Undefined variable: hari_shedule', 'APPPATH\\Views\\schedule_eps\\planner\\list_schedule.php', 100, [...])
 2 APPPATH\Views\schedule_eps\planner\list_schedule.php(159): tgl_next('09-01-2023 07:00:00', '12', [...])
 3 SYSTEMPATH\View\View.php(213): include('APPPATH\\Views\\schedule_eps\\planner\\list_schedule.php')
 4 SYSTEMPATH\View\View.php(216): CodeIgniter\View\View->CodeIgniter\View\{closure}()
 5 SYSTEMPATH\Common.php(1137): CodeIgniter\View\View->render('schedule_eps/planner/list_schedule', [], true)
 6 APPPATH\Controllers\Schedule.php(60): view('schedule_eps/planner/list_schedule', [...])
 7 SYSTEMPATH\CodeIgniter.php(904): App\Controllers\Schedule->viewform()
 8 SYSTEMPATH\CodeIgniter.php(457): CodeIgniter\CodeIgniter->runController(Object(App\Controllers\Schedule))
 9 SYSTEMPATH\CodeIgniter.php(340): CodeIgniter\CodeIgniter->handleRequest(null, Object(Config\Cache), false)
10 FCPATH\index.php(67): CodeIgniter\CodeIgniter->run()
11 SYSTEMPATH\Commands\Server\rewrite.php(43): require_once('FCPATH\\index.php')
CRITICAL - 2023-01-10 10:18:16 --> Undefined variable: hari_shedule
in APPPATH\Views\schedule_eps\planner\list_schedule.php on line 99.
 1 APPPATH\Views\schedule_eps\planner\list_schedule.php(99): CodeIgniter\Debug\Exceptions->errorHandler(8, 'Undefined variable: hari_shedule', 'APPPATH\\Views\\schedule_eps\\planner\\list_schedule.php', 99, [...])
 2 APPPATH\Views\schedule_eps\planner\list_schedule.php(158): tgl_next('09-01-2023 07:00:00', '12', [...])
 3 SYSTEMPATH\View\View.php(213): include('APPPATH\\Views\\schedule_eps\\planner\\list_schedule.php')
 4 SYSTEMPATH\View\View.php(216): CodeIgniter\View\View->CodeIgniter\View\{closure}()
 5 SYSTEMPATH\Common.php(1137): CodeIgniter\View\View->render('schedule_eps/planner/list_schedule', [], true)
 6 APPPATH\Controllers\Schedule.php(60): view('schedule_eps/planner/list_schedule', [...])
 7 SYSTEMPATH\CodeIgniter.php(904): App\Controllers\Schedule->viewform()
 8 SYSTEMPATH\CodeIgniter.php(457): CodeIgniter\CodeIgniter->runController(Object(App\Controllers\Schedule))
 9 SYSTEMPATH\CodeIgniter.php(340): CodeIgniter\CodeIgniter->handleRequest(null, Object(Config\Cache), false)
10 FCPATH\index.php(67): CodeIgniter\CodeIgniter->run()
11 SYSTEMPATH\Commands\Server\rewrite.php(43): require_once('FCPATH\\index.php')
CRITICAL - 2023-01-10 10:18:16 --> Undefined variable: hari_shedule
in APPPATH\Views\schedule_eps\planner\list_schedule.php on line 99.
 1 APPPATH\Views\schedule_eps\planner\list_schedule.php(99): CodeIgniter\Debug\Exceptions->errorHandler(8, 'Undefined variable: hari_shedule', 'APPPATH\\Views\\schedule_eps\\planner\\list_schedule.php', 99, [...])
 2 APPPATH\Views\schedule_eps\planner\list_schedule.php(158): tgl_next('09-01-2023 07:00:00', '12', [...])
 3 SYSTEMPATH\View\View.php(213): include('APPPATH\\Views\\schedule_eps\\planner\\list_schedule.php')
 4 SYSTEMPATH\View\View.php(216): CodeIgniter\View\View->CodeIgniter\View\{closure}()
 5 SYSTEMPATH\Common.php(1137): CodeIgniter\View\View->render('schedule_eps/planner/list_schedule', [], true)
 6 APPPATH\Controllers\Schedule.php(60): view('schedule_eps/planner/list_schedule', [...])
 7 SYSTEMPATH\CodeIgniter.php(904): App\Controllers\Schedule->viewform()
 8 SYSTEMPATH\CodeIgniter.php(457): CodeIgniter\CodeIgniter->runController(Object(App\Controllers\Schedule))
 9 SYSTEMPATH\CodeIgniter.php(340): CodeIgniter\CodeIgniter->handleRequest(null, Object(Config\Cache), false)
10 FCPATH\index.php(67): CodeIgniter\CodeIgniter->run()
11 SYSTEMPATH\Commands\Server\rewrite.php(43): require_once('FCPATH\\index.php')
CRITICAL - 2023-01-10 10:21:17 --> Undefined variable: tambah_hari
in APPPATH\Views\schedule_eps\planner\list_schedule.php on line 97.
 1 APPPATH\Views\schedule_eps\planner\list_schedule.php(97): CodeIgniter\Debug\Exceptions->errorHandler(8, 'Undefined variable: tambah_hari', 'APPPATH\\Views\\schedule_eps\\planner\\list_schedule.php', 97, [...])
 2 APPPATH\Views\schedule_eps\planner\list_schedule.php(157): tgl_next('09-01-2023 07:00:00', '12', [...])
 3 SYSTEMPATH\View\View.php(213): include('APPPATH\\Views\\schedule_eps\\planner\\list_schedule.php')
 4 SYSTEMPATH\View\View.php(216): CodeIgniter\View\View->CodeIgniter\View\{closure}()
 5 SYSTEMPATH\Common.php(1137): CodeIgniter\View\View->render('schedule_eps/planner/list_schedule', [], true)
 6 APPPATH\Controllers\Schedule.php(60): view('schedule_eps/planner/list_schedule', [...])
 7 SYSTEMPATH\CodeIgniter.php(904): App\Controllers\Schedule->viewform()
 8 SYSTEMPATH\CodeIgniter.php(457): CodeIgniter\CodeIgniter->runController(Object(App\Controllers\Schedule))
 9 SYSTEMPATH\CodeIgniter.php(340): CodeIgniter\CodeIgniter->handleRequest(null, Object(Config\Cache), false)
10 FCPATH\index.php(67): CodeIgniter\CodeIgniter->run()
11 SYSTEMPATH\Commands\Server\rewrite.php(43): require_once('FCPATH\\index.php')
CRITICAL - 2023-01-10 11:22:17 --> Undefined variable: holiday
in APPPATH\Views\schedule_eps\planner\list_schedule.php on line 164.
 1 APPPATH\Views\schedule_eps\planner\list_schedule.php(164): CodeIgniter\Debug\Exceptions->errorHandler(8, 'Undefined variable: holiday', 'APPPATH\\Views\\schedule_eps\\planner\\list_schedule.php', 164, [...])
 2 SYSTEMPATH\View\View.php(213): include('APPPATH\\Views\\schedule_eps\\planner\\list_schedule.php')
 3 SYSTEMPATH\View\View.php(216): CodeIgniter\View\View->CodeIgniter\View\{closure}()
 4 SYSTEMPATH\Common.php(1137): CodeIgniter\View\View->render('schedule_eps/planner/list_schedule', [], true)
 5 APPPATH\Controllers\Schedule.php(60): view('schedule_eps/planner/list_schedule', [...])
 6 SYSTEMPATH\CodeIgniter.php(904): App\Controllers\Schedule->viewform()
 7 SYSTEMPATH\CodeIgniter.php(457): CodeIgniter\CodeIgniter->runController(Object(App\Controllers\Schedule))
 8 SYSTEMPATH\CodeIgniter.php(340): CodeIgniter\CodeIgniter->handleRequest(null, Object(Config\Cache), false)
 9 FCPATH\index.php(67): CodeIgniter\CodeIgniter->run()
10 SYSTEMPATH\Commands\Server\rewrite.php(43): require_once('FCPATH\\index.php')
CRITICAL - 2023-01-10 11:22:51 --> Undefined variable: holiday
in APPPATH\Views\schedule_eps\planner\list_schedule.php on line 164.
 1 APPPATH\Views\schedule_eps\planner\list_schedule.php(164): CodeIgniter\Debug\Exceptions->errorHandler(8, 'Undefined variable: holiday', 'APPPATH\\Views\\schedule_eps\\planner\\list_schedule.php', 164, [...])
 2 SYSTEMPATH\View\View.php(213): include('APPPATH\\Views\\schedule_eps\\planner\\list_schedule.php')
 3 SYSTEMPATH\View\View.php(216): CodeIgniter\View\View->CodeIgniter\View\{closure}()
 4 SYSTEMPATH\Common.php(1137): CodeIgniter\View\View->render('schedule_eps/planner/list_schedule', [], true)
 5 APPPATH\Controllers\Schedule.php(60): view('schedule_eps/planner/list_schedule', [...])
 6 SYSTEMPATH\CodeIgniter.php(904): App\Controllers\Schedule->viewform()
 7 SYSTEMPATH\CodeIgniter.php(457): CodeIgniter\CodeIgniter->runController(Object(App\Controllers\Schedule))
 8 SYSTEMPATH\CodeIgniter.php(340): CodeIgniter\CodeIgniter->handleRequest(null, Object(Config\Cache), false)
 9 FCPATH\index.php(67): CodeIgniter\CodeIgniter->run()
10 SYSTEMPATH\Commands\Server\rewrite.php(43): require_once('FCPATH\\index.php')
CRITICAL - 2023-01-10 11:23:38 --> Undefined variable: hd
in APPPATH\Views\schedule_eps\planner\list_schedule.php on line 164.
 1 APPPATH\Views\schedule_eps\planner\list_schedule.php(164): CodeIgniter\Debug\Exceptions->errorHandler(8, 'Undefined variable: hd', 'APPPATH\\Views\\schedule_eps\\planner\\list_schedule.php', 164, [...])
 2 SYSTEMPATH\View\View.php(213): include('APPPATH\\Views\\schedule_eps\\planner\\list_schedule.php')
 3 SYSTEMPATH\View\View.php(216): CodeIgniter\View\View->CodeIgniter\View\{closure}()
 4 SYSTEMPATH\Common.php(1137): CodeIgniter\View\View->render('schedule_eps/planner/list_schedule', [], true)
 5 APPPATH\Controllers\Schedule.php(60): view('schedule_eps/planner/list_schedule', [...])
 6 SYSTEMPATH\CodeIgniter.php(904): App\Controllers\Schedule->viewform()
 7 SYSTEMPATH\CodeIgniter.php(457): CodeIgniter\CodeIgniter->runController(Object(App\Controllers\Schedule))
 8 SYSTEMPATH\CodeIgniter.php(340): CodeIgniter\CodeIgniter->handleRequest(null, Object(Config\Cache), false)
 9 FCPATH\index.php(67): CodeIgniter\CodeIgniter->run()
10 SYSTEMPATH\Commands\Server\rewrite.php(43): require_once('FCPATH\\index.php')
CRITICAL - 2023-01-10 11:24:27 --> Undefined variable: holiday
in APPPATH\Views\schedule_eps\planner\list_schedule.php on line 125.
 1 APPPATH\Views\schedule_eps\planner\list_schedule.php(125): CodeIgniter\Debug\Exceptions->errorHandler(8, 'Undefined variable: holiday', 'APPPATH\\Views\\schedule_eps\\planner\\list_schedule.php', 125, [...])
 2 SYSTEMPATH\View\View.php(213): include('APPPATH\\Views\\schedule_eps\\planner\\list_schedule.php')
 3 SYSTEMPATH\View\View.php(216): CodeIgniter\View\View->CodeIgniter\View\{closure}()
 4 SYSTEMPATH\Common.php(1137): CodeIgniter\View\View->render('schedule_eps/planner/list_schedule', [], true)
 5 APPPATH\Controllers\Schedule.php(60): view('schedule_eps/planner/list_schedule', [...])
 6 SYSTEMPATH\CodeIgniter.php(904): App\Controllers\Schedule->viewform()
 7 SYSTEMPATH\CodeIgniter.php(457): CodeIgniter\CodeIgniter->runController(Object(App\Controllers\Schedule))
 8 SYSTEMPATH\CodeIgniter.php(340): CodeIgniter\CodeIgniter->handleRequest(null, Object(Config\Cache), false)
 9 FCPATH\index.php(67): CodeIgniter\CodeIgniter->run()
10 SYSTEMPATH\Commands\Server\rewrite.php(43): require_once('FCPATH\\index.php')
CRITICAL - 2023-01-10 11:24:32 --> Undefined variable: holiday
in APPPATH\Views\schedule_eps\planner\list_schedule.php on line 165.
 1 APPPATH\Views\schedule_eps\planner\list_schedule.php(165): CodeIgniter\Debug\Exceptions->errorHandler(8, 'Undefined variable: holiday', 'APPPATH\\Views\\schedule_eps\\planner\\list_schedule.php', 165, [...])
 2 SYSTEMPATH\View\View.php(213): include('APPPATH\\Views\\schedule_eps\\planner\\list_schedule.php')
 3 SYSTEMPATH\View\View.php(216): CodeIgniter\View\View->CodeIgniter\View\{closure}()
 4 SYSTEMPATH\Common.php(1137): CodeIgniter\View\View->render('schedule_eps/planner/list_schedule', [], true)
 5 APPPATH\Controllers\Schedule.php(60): view('schedule_eps/planner/list_schedule', [...])
 6 SYSTEMPATH\CodeIgniter.php(904): App\Controllers\Schedule->viewform()
 7 SYSTEMPATH\CodeIgniter.php(457): CodeIgniter\CodeIgniter->runController(Object(App\Controllers\Schedule))
 8 SYSTEMPATH\CodeIgniter.php(340): CodeIgniter\CodeIgniter->handleRequest(null, Object(Config\Cache), false)
 9 FCPATH\index.php(67): CodeIgniter\CodeIgniter->run()
10 SYSTEMPATH\Commands\Server\rewrite.php(43): require_once('FCPATH\\index.php')
CRITICAL - 2023-01-10 11:26:39 --> Undefined variable: holiday
in APPPATH\Views\schedule_eps\planner\list_schedule.php on line 164.
 1 APPPATH\Views\schedule_eps\planner\list_schedule.php(164): CodeIgniter\Debug\Exceptions->errorHandler(8, 'Undefined variable: holiday', 'APPPATH\\Views\\schedule_eps\\planner\\list_schedule.php', 164, [...])
 2 SYSTEMPATH\View\View.php(213): include('APPPATH\\Views\\schedule_eps\\planner\\list_schedule.php')
 3 SYSTEMPATH\View\View.php(216): CodeIgniter\View\View->CodeIgniter\View\{closure}()
 4 SYSTEMPATH\Common.php(1137): CodeIgniter\View\View->render('schedule_eps/planner/list_schedule', [], true)
 5 APPPATH\Controllers\Schedule.php(60): view('schedule_eps/planner/list_schedule', [...])
 6 SYSTEMPATH\CodeIgniter.php(904): App\Controllers\Schedule->viewform()
 7 SYSTEMPATH\CodeIgniter.php(457): CodeIgniter\CodeIgniter->runController(Object(App\Controllers\Schedule))
 8 SYSTEMPATH\CodeIgniter.php(340): CodeIgniter\CodeIgniter->handleRequest(null, Object(Config\Cache), false)
 9 FCPATH\index.php(67): CodeIgniter\CodeIgniter->run()
10 SYSTEMPATH\Commands\Server\rewrite.php(43): require_once('FCPATH\\index.php')
CRITICAL - 2023-01-10 11:26:40 --> Undefined variable: holiday
in APPPATH\Views\schedule_eps\planner\list_schedule.php on line 164.
 1 APPPATH\Views\schedule_eps\planner\list_schedule.php(164): CodeIgniter\Debug\Exceptions->errorHandler(8, 'Undefined variable: holiday', 'APPPATH\\Views\\schedule_eps\\planner\\list_schedule.php', 164, [...])
 2 SYSTEMPATH\View\View.php(213): include('APPPATH\\Views\\schedule_eps\\planner\\list_schedule.php')
 3 SYSTEMPATH\View\View.php(216): CodeIgniter\View\View->CodeIgniter\View\{closure}()
 4 SYSTEMPATH\Common.php(1137): CodeIgniter\View\View->render('schedule_eps/planner/list_schedule', [], true)
 5 APPPATH\Controllers\Schedule.php(60): view('schedule_eps/planner/list_schedule', [...])
 6 SYSTEMPATH\CodeIgniter.php(904): App\Controllers\Schedule->viewform()
 7 SYSTEMPATH\CodeIgniter.php(457): CodeIgniter\CodeIgniter->runController(Object(App\Controllers\Schedule))
 8 SYSTEMPATH\CodeIgniter.php(340): CodeIgniter\CodeIgniter->handleRequest(null, Object(Config\Cache), false)
 9 FCPATH\index.php(67): CodeIgniter\CodeIgniter->run()
10 SYSTEMPATH\Commands\Server\rewrite.php(43): require_once('FCPATH\\index.php')
CRITICAL - 2023-01-10 11:26:40 --> Undefined variable: holiday
in APPPATH\Views\schedule_eps\planner\list_schedule.php on line 164.
 1 APPPATH\Views\schedule_eps\planner\list_schedule.php(164): CodeIgniter\Debug\Exceptions->errorHandler(8, 'Undefined variable: holiday', 'APPPATH\\Views\\schedule_eps\\planner\\list_schedule.php', 164, [...])
 2 SYSTEMPATH\View\View.php(213): include('APPPATH\\Views\\schedule_eps\\planner\\list_schedule.php')
 3 SYSTEMPATH\View\View.php(216): CodeIgniter\View\View->CodeIgniter\View\{closure}()
 4 SYSTEMPATH\Common.php(1137): CodeIgniter\View\View->render('schedule_eps/planner/list_schedule', [], true)
 5 APPPATH\Controllers\Schedule.php(60): view('schedule_eps/planner/list_schedule', [...])
 6 SYSTEMPATH\CodeIgniter.php(904): App\Controllers\Schedule->viewform()
 7 SYSTEMPATH\CodeIgniter.php(457): CodeIgniter\CodeIgniter->runController(Object(App\Controllers\Schedule))
 8 SYSTEMPATH\CodeIgniter.php(340): CodeIgniter\CodeIgniter->handleRequest(null, Object(Config\Cache), false)
 9 FCPATH\index.php(67): CodeIgniter\CodeIgniter->run()
10 SYSTEMPATH\Commands\Server\rewrite.php(43): require_once('FCPATH\\index.php')
CRITICAL - 2023-01-10 11:32:25 --> Undefined variable: hd
in APPPATH\Views\schedule_eps\planner\list_schedule.php on line 164.
 1 APPPATH\Views\schedule_eps\planner\list_schedule.php(164): CodeIgniter\Debug\Exceptions->errorHandler(8, 'Undefined variable: hd', 'APPPATH\\Views\\schedule_eps\\planner\\list_schedule.php', 164, [...])
 2 SYSTEMPATH\View\View.php(213): include('APPPATH\\Views\\schedule_eps\\planner\\list_schedule.php')
 3 SYSTEMPATH\View\View.php(216): CodeIgniter\View\View->CodeIgniter\View\{closure}()
 4 SYSTEMPATH\Common.php(1137): CodeIgniter\View\View->render('schedule_eps/planner/list_schedule', [], true)
 5 APPPATH\Controllers\Schedule.php(60): view('schedule_eps/planner/list_schedule', [...])
 6 SYSTEMPATH\CodeIgniter.php(904): App\Controllers\Schedule->viewform()
 7 SYSTEMPATH\CodeIgniter.php(457): CodeIgniter\CodeIgniter->runController(Object(App\Controllers\Schedule))
 8 SYSTEMPATH\CodeIgniter.php(340): CodeIgniter\CodeIgniter->handleRequest(null, Object(Config\Cache), false)
 9 FCPATH\index.php(67): CodeIgniter\CodeIgniter->run()
10 SYSTEMPATH\Commands\Server\rewrite.php(43): require_once('FCPATH\\index.php')
CRITICAL - 2023-01-10 11:32:41 --> Undefined variable: holiday
in APPPATH\Views\schedule_eps\planner\list_schedule.php on line 164.
 1 APPPATH\Views\schedule_eps\planner\list_schedule.php(164): CodeIgniter\Debug\Exceptions->errorHandler(8, 'Undefined variable: holiday', 'APPPATH\\Views\\schedule_eps\\planner\\list_schedule.php', 164, [...])
 2 SYSTEMPATH\View\View.php(213): include('APPPATH\\Views\\schedule_eps\\planner\\list_schedule.php')
 3 SYSTEMPATH\View\View.php(216): CodeIgniter\View\View->CodeIgniter\View\{closure}()
 4 SYSTEMPATH\Common.php(1137): CodeIgniter\View\View->render('schedule_eps/planner/list_schedule', [], true)
 5 APPPATH\Controllers\Schedule.php(60): view('schedule_eps/planner/list_schedule', [...])
 6 SYSTEMPATH\CodeIgniter.php(904): App\Controllers\Schedule->viewform()
 7 SYSTEMPATH\CodeIgniter.php(457): CodeIgniter\CodeIgniter->runController(Object(App\Controllers\Schedule))
 8 SYSTEMPATH\CodeIgniter.php(340): CodeIgniter\CodeIgniter->handleRequest(null, Object(Config\Cache), false)
 9 FCPATH\index.php(67): CodeIgniter\CodeIgniter->run()
10 SYSTEMPATH\Commands\Server\rewrite.php(43): require_once('FCPATH\\index.php')
CRITICAL - 2023-01-10 11:41:57 --> Undefined variable: holiday
in APPPATH\Views\schedule_eps\planner\list_schedule.php on line 164.
 1 APPPATH\Views\schedule_eps\planner\list_schedule.php(164): CodeIgniter\Debug\Exceptions->errorHandler(8, 'Undefined variable: holiday', 'APPPATH\\Views\\schedule_eps\\planner\\list_schedule.php', 164, [...])
 2 SYSTEMPATH\View\View.php(213): include('APPPATH\\Views\\schedule_eps\\planner\\list_schedule.php')
 3 SYSTEMPATH\View\View.php(216): CodeIgniter\View\View->CodeIgniter\View\{closure}()
 4 SYSTEMPATH\Common.php(1137): CodeIgniter\View\View->render('schedule_eps/planner/list_schedule', [], true)
 5 APPPATH\Controllers\Schedule.php(60): view('schedule_eps/planner/list_schedule', [...])
 6 SYSTEMPATH\CodeIgniter.php(904): App\Controllers\Schedule->viewform()
 7 SYSTEMPATH\CodeIgniter.php(457): CodeIgniter\CodeIgniter->runController(Object(App\Controllers\Schedule))
 8 SYSTEMPATH\CodeIgniter.php(340): CodeIgniter\CodeIgniter->handleRequest(null, Object(Config\Cache), false)
 9 FCPATH\index.php(67): CodeIgniter\CodeIgniter->run()
10 SYSTEMPATH\Commands\Server\rewrite.php(43): require_once('FCPATH\\index.php')
CRITICAL - 2023-01-10 11:42:12 --> Undefined variable: holiday
in APPPATH\Views\schedule_eps\planner\list_schedule.php on line 167.
 1 APPPATH\Views\schedule_eps\planner\list_schedule.php(167): CodeIgniter\Debug\Exceptions->errorHandler(8, 'Undefined variable: holiday', 'APPPATH\\Views\\schedule_eps\\planner\\list_schedule.php', 167, [...])
 2 SYSTEMPATH\View\View.php(213): include('APPPATH\\Views\\schedule_eps\\planner\\list_schedule.php')
 3 SYSTEMPATH\View\View.php(216): CodeIgniter\View\View->CodeIgniter\View\{closure}()
 4 SYSTEMPATH\Common.php(1137): CodeIgniter\View\View->render('schedule_eps/planner/list_schedule', [], true)
 5 APPPATH\Controllers\Schedule.php(60): view('schedule_eps/planner/list_schedule', [...])
 6 SYSTEMPATH\CodeIgniter.php(904): App\Controllers\Schedule->viewform()
 7 SYSTEMPATH\CodeIgniter.php(457): CodeIgniter\CodeIgniter->runController(Object(App\Controllers\Schedule))
 8 SYSTEMPATH\CodeIgniter.php(340): CodeIgniter\CodeIgniter->handleRequest(null, Object(Config\Cache), false)
 9 FCPATH\index.php(67): CodeIgniter\CodeIgniter->run()
10 SYSTEMPATH\Commands\Server\rewrite.php(43): require_once('FCPATH\\index.php')
CRITICAL - 2023-01-10 11:43:44 --> in_array() expects parameter 2 to be array, int given
in APPPATH\Views\schedule_eps\planner\list_schedule.php on line 103.
 1 [internal function]: CodeIgniter\Debug\Exceptions->errorHandler(2, 'in_array() expects parameter 2 to be array, int given', 'APPPATH\\Views\\schedule_eps\\planner\\list_schedule.php', 103, [...])
 2 APPPATH\Views\schedule_eps\planner\list_schedule.php(103): in_array('13-09-2022', 0)
 3 APPPATH\Views\schedule_eps\planner\list_schedule.php(165): tgl_next('12-09-2022 07:00:00', '24.95', 0)
 4 SYSTEMPATH\View\View.php(213): include('APPPATH\\Views\\schedule_eps\\planner\\list_schedule.php')
 5 SYSTEMPATH\View\View.php(216): CodeIgniter\View\View->CodeIgniter\View\{closure}()
 6 SYSTEMPATH\Common.php(1137): CodeIgniter\View\View->render('schedule_eps/planner/list_schedule', [], true)
 7 APPPATH\Controllers\Schedule.php(60): view('schedule_eps/planner/list_schedule', [...])
 8 SYSTEMPATH\CodeIgniter.php(904): App\Controllers\Schedule->viewform()
 9 SYSTEMPATH\CodeIgniter.php(457): CodeIgniter\CodeIgniter->runController(Object(App\Controllers\Schedule))
10 SYSTEMPATH\CodeIgniter.php(340): CodeIgniter\CodeIgniter->handleRequest(null, Object(Config\Cache), false)
11 FCPATH\index.php(67): CodeIgniter\CodeIgniter->run()
12 SYSTEMPATH\Commands\Server\rewrite.php(43): require_once('FCPATH\\index.php')
CRITICAL - 2023-01-10 11:44:39 --> in_array() expects parameter 2 to be array, int given
in APPPATH\Views\schedule_eps\planner\list_schedule.php on line 103.
 1 [internal function]: CodeIgniter\Debug\Exceptions->errorHandler(2, 'in_array() expects parameter 2 to be array, int given', 'APPPATH\\Views\\schedule_eps\\planner\\list_schedule.php', 103, [...])
 2 APPPATH\Views\schedule_eps\planner\list_schedule.php(103): in_array('13-09-2022', 0)
 3 APPPATH\Views\schedule_eps\planner\list_schedule.php(175): tgl_next('12-09-2022 07:00:00', '24.95', 0)
 4 SYSTEMPATH\View\View.php(213): include('APPPATH\\Views\\schedule_eps\\planner\\list_schedule.php')
 5 SYSTEMPATH\View\View.php(216): CodeIgniter\View\View->CodeIgniter\View\{closure}()
 6 SYSTEMPATH\Common.php(1137): CodeIgniter\View\View->render('schedule_eps/planner/list_schedule', [], true)
 7 APPPATH\Controllers\Schedule.php(60): view('schedule_eps/planner/list_schedule', [...])
 8 SYSTEMPATH\CodeIgniter.php(904): App\Controllers\Schedule->viewform()
 9 SYSTEMPATH\CodeIgniter.php(457): CodeIgniter\CodeIgniter->runController(Object(App\Controllers\Schedule))
10 SYSTEMPATH\CodeIgniter.php(340): CodeIgniter\CodeIgniter->handleRequest(null, Object(Config\Cache), false)
11 FCPATH\index.php(67): CodeIgniter\CodeIgniter->run()
12 SYSTEMPATH\Commands\Server\rewrite.php(43): require_once('FCPATH\\index.php')
CRITICAL - 2023-01-10 11:44:41 --> in_array() expects parameter 2 to be array, int given
in APPPATH\Views\schedule_eps\planner\list_schedule.php on line 103.
 1 [internal function]: CodeIgniter\Debug\Exceptions->errorHandler(2, 'in_array() expects parameter 2 to be array, int given', 'APPPATH\\Views\\schedule_eps\\planner\\list_schedule.php', 103, [...])
 2 APPPATH\Views\schedule_eps\planner\list_schedule.php(103): in_array('13-09-2022', 0)
 3 APPPATH\Views\schedule_eps\planner\list_schedule.php(175): tgl_next('12-09-2022 07:00:00', '24.95', 0)
 4 SYSTEMPATH\View\View.php(213): include('APPPATH\\Views\\schedule_eps\\planner\\list_schedule.php')
 5 SYSTEMPATH\View\View.php(216): CodeIgniter\View\View->CodeIgniter\View\{closure}()
 6 SYSTEMPATH\Common.php(1137): CodeIgniter\View\View->render('schedule_eps/planner/list_schedule', [], true)
 7 APPPATH\Controllers\Schedule.php(60): view('schedule_eps/planner/list_schedule', [...])
 8 SYSTEMPATH\CodeIgniter.php(904): App\Controllers\Schedule->viewform()
 9 SYSTEMPATH\CodeIgniter.php(457): CodeIgniter\CodeIgniter->runController(Object(App\Controllers\Schedule))
10 SYSTEMPATH\CodeIgniter.php(340): CodeIgniter\CodeIgniter->handleRequest(null, Object(Config\Cache), false)
11 FCPATH\index.php(67): CodeIgniter\CodeIgniter->run()
12 SYSTEMPATH\Commands\Server\rewrite.php(43): require_once('FCPATH\\index.php')
CRITICAL - 2023-01-10 11:44:59 --> in_array() expects parameter 2 to be array, int given
in APPPATH\Views\schedule_eps\planner\list_schedule.php on line 103.
 1 [internal function]: CodeIgniter\Debug\Exceptions->errorHandler(2, 'in_array() expects parameter 2 to be array, int given', 'APPPATH\\Views\\schedule_eps\\planner\\list_schedule.php', 103, [...])
 2 APPPATH\Views\schedule_eps\planner\list_schedule.php(103): in_array('13-09-2022', 0)
 3 APPPATH\Views\schedule_eps\planner\list_schedule.php(168): tgl_next('12-09-2022 07:00:00', '24.95', 0)
 4 SYSTEMPATH\View\View.php(213): include('APPPATH\\Views\\schedule_eps\\planner\\list_schedule.php')
 5 SYSTEMPATH\View\View.php(216): CodeIgniter\View\View->CodeIgniter\View\{closure}()
 6 SYSTEMPATH\Common.php(1137): CodeIgniter\View\View->render('schedule_eps/planner/list_schedule', [], true)
 7 APPPATH\Controllers\Schedule.php(60): view('schedule_eps/planner/list_schedule', [...])
 8 SYSTEMPATH\CodeIgniter.php(904): App\Controllers\Schedule->viewform()
 9 SYSTEMPATH\CodeIgniter.php(457): CodeIgniter\CodeIgniter->runController(Object(App\Controllers\Schedule))
10 SYSTEMPATH\CodeIgniter.php(340): CodeIgniter\CodeIgniter->handleRequest(null, Object(Config\Cache), false)
11 FCPATH\index.php(67): CodeIgniter\CodeIgniter->run()
12 SYSTEMPATH\Commands\Server\rewrite.php(43): require_once('FCPATH\\index.php')
CRITICAL - 2023-01-10 11:45:24 --> in_array() expects parameter 2 to be array, int given
in APPPATH\Views\schedule_eps\planner\list_schedule.php on line 103.
 1 [internal function]: CodeIgniter\Debug\Exceptions->errorHandler(2, 'in_array() expects parameter 2 to be array, int given', 'APPPATH\\Views\\schedule_eps\\planner\\list_schedule.php', 103, [...])
 2 APPPATH\Views\schedule_eps\planner\list_schedule.php(103): in_array('13-09-2022', 0)
 3 APPPATH\Views\schedule_eps\planner\list_schedule.php(166): tgl_next('12-09-2022 07:00:00', '24.95', 0)
 4 SYSTEMPATH\View\View.php(213): include('APPPATH\\Views\\schedule_eps\\planner\\list_schedule.php')
 5 SYSTEMPATH\View\View.php(216): CodeIgniter\View\View->CodeIgniter\View\{closure}()
 6 SYSTEMPATH\Common.php(1137): CodeIgniter\View\View->render('schedule_eps/planner/list_schedule', [], true)
 7 APPPATH\Controllers\Schedule.php(60): view('schedule_eps/planner/list_schedule', [...])
 8 SYSTEMPATH\CodeIgniter.php(904): App\Controllers\Schedule->viewform()
 9 SYSTEMPATH\CodeIgniter.php(457): CodeIgniter\CodeIgniter->runController(Object(App\Controllers\Schedule))
10 SYSTEMPATH\CodeIgniter.php(340): CodeIgniter\CodeIgniter->handleRequest(null, Object(Config\Cache), false)
11 FCPATH\index.php(67): CodeIgniter\CodeIgniter->run()
12 SYSTEMPATH\Commands\Server\rewrite.php(43): require_once('FCPATH\\index.php')
CRITICAL - 2023-01-10 11:46:26 --> in_array() expects parameter 2 to be array, int given
in APPPATH\Views\schedule_eps\planner\list_schedule.php on line 103.
 1 [internal function]: CodeIgniter\Debug\Exceptions->errorHandler(2, 'in_array() expects parameter 2 to be array, int given', 'APPPATH\\Views\\schedule_eps\\planner\\list_schedule.php', 103, [...])
 2 APPPATH\Views\schedule_eps\planner\list_schedule.php(103): in_array('13-09-2022', 0)
 3 APPPATH\Views\schedule_eps\planner\list_schedule.php(166): tgl_next('12-09-2022 07:00:00', '24.95', 0)
 4 SYSTEMPATH\View\View.php(213): include('APPPATH\\Views\\schedule_eps\\planner\\list_schedule.php')
 5 SYSTEMPATH\View\View.php(216): CodeIgniter\View\View->CodeIgniter\View\{closure}()
 6 SYSTEMPATH\Common.php(1137): CodeIgniter\View\View->render('schedule_eps/planner/list_schedule', [], true)
 7 APPPATH\Controllers\Schedule.php(60): view('schedule_eps/planner/list_schedule', [...])
 8 SYSTEMPATH\CodeIgniter.php(904): App\Controllers\Schedule->viewform()
 9 SYSTEMPATH\CodeIgniter.php(457): CodeIgniter\CodeIgniter->runController(Object(App\Controllers\Schedule))
10 SYSTEMPATH\CodeIgniter.php(340): CodeIgniter\CodeIgniter->handleRequest(null, Object(Config\Cache), false)
11 FCPATH\index.php(67): CodeIgniter\CodeIgniter->run()
12 SYSTEMPATH\Commands\Server\rewrite.php(43): require_once('FCPATH\\index.php')
CRITICAL - 2023-01-10 11:46:27 --> in_array() expects parameter 2 to be array, int given
in APPPATH\Views\schedule_eps\planner\list_schedule.php on line 103.
 1 [internal function]: CodeIgniter\Debug\Exceptions->errorHandler(2, 'in_array() expects parameter 2 to be array, int given', 'APPPATH\\Views\\schedule_eps\\planner\\list_schedule.php', 103, [...])
 2 APPPATH\Views\schedule_eps\planner\list_schedule.php(103): in_array('13-09-2022', 0)
 3 APPPATH\Views\schedule_eps\planner\list_schedule.php(166): tgl_next('12-09-2022 07:00:00', '24.95', 0)
 4 SYSTEMPATH\View\View.php(213): include('APPPATH\\Views\\schedule_eps\\planner\\list_schedule.php')
 5 SYSTEMPATH\View\View.php(216): CodeIgniter\View\View->CodeIgniter\View\{closure}()
 6 SYSTEMPATH\Common.php(1137): CodeIgniter\View\View->render('schedule_eps/planner/list_schedule', [], true)
 7 APPPATH\Controllers\Schedule.php(60): view('schedule_eps/planner/list_schedule', [...])
 8 SYSTEMPATH\CodeIgniter.php(904): App\Controllers\Schedule->viewform()
 9 SYSTEMPATH\CodeIgniter.php(457): CodeIgniter\CodeIgniter->runController(Object(App\Controllers\Schedule))
10 SYSTEMPATH\CodeIgniter.php(340): CodeIgniter\CodeIgniter->handleRequest(null, Object(Config\Cache), false)
11 FCPATH\index.php(67): CodeIgniter\CodeIgniter->run()
12 SYSTEMPATH\Commands\Server\rewrite.php(43): require_once('FCPATH\\index.php')
CRITICAL - 2023-01-10 11:48:40 --> in_array() expects parameter 2 to be array, int given
in APPPATH\Views\schedule_eps\planner\list_schedule.php on line 103.
 1 [internal function]: CodeIgniter\Debug\Exceptions->errorHandler(2, 'in_array() expects parameter 2 to be array, int given', 'APPPATH\\Views\\schedule_eps\\planner\\list_schedule.php', 103, [...])
 2 APPPATH\Views\schedule_eps\planner\list_schedule.php(103): in_array('13-09-2022', 0)
 3 APPPATH\Views\schedule_eps\planner\list_schedule.php(166): tgl_next('12-09-2022 07:00:00', '24.95', 0)
 4 SYSTEMPATH\View\View.php(213): include('APPPATH\\Views\\schedule_eps\\planner\\list_schedule.php')
 5 SYSTEMPATH\View\View.php(216): CodeIgniter\View\View->CodeIgniter\View\{closure}()
 6 SYSTEMPATH\Common.php(1137): CodeIgniter\View\View->render('schedule_eps/planner/list_schedule', [], true)
 7 APPPATH\Controllers\Schedule.php(60): view('schedule_eps/planner/list_schedule', [...])
 8 SYSTEMPATH\CodeIgniter.php(904): App\Controllers\Schedule->viewform()
 9 SYSTEMPATH\CodeIgniter.php(457): CodeIgniter\CodeIgniter->runController(Object(App\Controllers\Schedule))
10 SYSTEMPATH\CodeIgniter.php(340): CodeIgniter\CodeIgniter->handleRequest(null, Object(Config\Cache), false)
11 FCPATH\index.php(67): CodeIgniter\CodeIgniter->run()
12 SYSTEMPATH\Commands\Server\rewrite.php(43): require_once('FCPATH\\index.php')
CRITICAL - 2023-01-10 11:48:41 --> in_array() expects parameter 2 to be array, int given
in APPPATH\Views\schedule_eps\planner\list_schedule.php on line 103.
 1 [internal function]: CodeIgniter\Debug\Exceptions->errorHandler(2, 'in_array() expects parameter 2 to be array, int given', 'APPPATH\\Views\\schedule_eps\\planner\\list_schedule.php', 103, [...])
 2 APPPATH\Views\schedule_eps\planner\list_schedule.php(103): in_array('13-09-2022', 0)
 3 APPPATH\Views\schedule_eps\planner\list_schedule.php(166): tgl_next('12-09-2022 07:00:00', '24.95', 0)
 4 SYSTEMPATH\View\View.php(213): include('APPPATH\\Views\\schedule_eps\\planner\\list_schedule.php')
 5 SYSTEMPATH\View\View.php(216): CodeIgniter\View\View->CodeIgniter\View\{closure}()
 6 SYSTEMPATH\Common.php(1137): CodeIgniter\View\View->render('schedule_eps/planner/list_schedule', [], true)
 7 APPPATH\Controllers\Schedule.php(60): view('schedule_eps/planner/list_schedule', [...])
 8 SYSTEMPATH\CodeIgniter.php(904): App\Controllers\Schedule->viewform()
 9 SYSTEMPATH\CodeIgniter.php(457): CodeIgniter\CodeIgniter->runController(Object(App\Controllers\Schedule))
10 SYSTEMPATH\CodeIgniter.php(340): CodeIgniter\CodeIgniter->handleRequest(null, Object(Config\Cache), false)
11 FCPATH\index.php(67): CodeIgniter\CodeIgniter->run()
12 SYSTEMPATH\Commands\Server\rewrite.php(43): require_once('FCPATH\\index.php')
CRITICAL - 2023-01-10 11:48:41 --> in_array() expects parameter 2 to be array, int given
in APPPATH\Views\schedule_eps\planner\list_schedule.php on line 103.
 1 [internal function]: CodeIgniter\Debug\Exceptions->errorHandler(2, 'in_array() expects parameter 2 to be array, int given', 'APPPATH\\Views\\schedule_eps\\planner\\list_schedule.php', 103, [...])
 2 APPPATH\Views\schedule_eps\planner\list_schedule.php(103): in_array('13-09-2022', 0)
 3 APPPATH\Views\schedule_eps\planner\list_schedule.php(166): tgl_next('12-09-2022 07:00:00', '24.95', 0)
 4 SYSTEMPATH\View\View.php(213): include('APPPATH\\Views\\schedule_eps\\planner\\list_schedule.php')
 5 SYSTEMPATH\View\View.php(216): CodeIgniter\View\View->CodeIgniter\View\{closure}()
 6 SYSTEMPATH\Common.php(1137): CodeIgniter\View\View->render('schedule_eps/planner/list_schedule', [], true)
 7 APPPATH\Controllers\Schedule.php(60): view('schedule_eps/planner/list_schedule', [...])
 8 SYSTEMPATH\CodeIgniter.php(904): App\Controllers\Schedule->viewform()
 9 SYSTEMPATH\CodeIgniter.php(457): CodeIgniter\CodeIgniter->runController(Object(App\Controllers\Schedule))
10 SYSTEMPATH\CodeIgniter.php(340): CodeIgniter\CodeIgniter->handleRequest(null, Object(Config\Cache), false)
11 FCPATH\index.php(67): CodeIgniter\CodeIgniter->run()
12 SYSTEMPATH\Commands\Server\rewrite.php(43): require_once('FCPATH\\index.php')
CRITICAL - 2023-01-10 11:48:42 --> in_array() expects parameter 2 to be array, int given
in APPPATH\Views\schedule_eps\planner\list_schedule.php on line 103.
 1 [internal function]: CodeIgniter\Debug\Exceptions->errorHandler(2, 'in_array() expects parameter 2 to be array, int given', 'APPPATH\\Views\\schedule_eps\\planner\\list_schedule.php', 103, [...])
 2 APPPATH\Views\schedule_eps\planner\list_schedule.php(103): in_array('13-09-2022', 0)
 3 APPPATH\Views\schedule_eps\planner\list_schedule.php(166): tgl_next('12-09-2022 07:00:00', '24.95', 0)
 4 SYSTEMPATH\View\View.php(213): include('APPPATH\\Views\\schedule_eps\\planner\\list_schedule.php')
 5 SYSTEMPATH\View\View.php(216): CodeIgniter\View\View->CodeIgniter\View\{closure}()
 6 SYSTEMPATH\Common.php(1137): CodeIgniter\View\View->render('schedule_eps/planner/list_schedule', [], true)
 7 APPPATH\Controllers\Schedule.php(60): view('schedule_eps/planner/list_schedule', [...])
 8 SYSTEMPATH\CodeIgniter.php(904): App\Controllers\Schedule->viewform()
 9 SYSTEMPATH\CodeIgniter.php(457): CodeIgniter\CodeIgniter->runController(Object(App\Controllers\Schedule))
10 SYSTEMPATH\CodeIgniter.php(340): CodeIgniter\CodeIgniter->handleRequest(null, Object(Config\Cache), false)
11 FCPATH\index.php(67): CodeIgniter\CodeIgniter->run()
12 SYSTEMPATH\Commands\Server\rewrite.php(43): require_once('FCPATH\\index.php')
CRITICAL - 2023-01-10 11:48:42 --> in_array() expects parameter 2 to be array, int given
in APPPATH\Views\schedule_eps\planner\list_schedule.php on line 103.
 1 [internal function]: CodeIgniter\Debug\Exceptions->errorHandler(2, 'in_array() expects parameter 2 to be array, int given', 'APPPATH\\Views\\schedule_eps\\planner\\list_schedule.php', 103, [...])
 2 APPPATH\Views\schedule_eps\planner\list_schedule.php(103): in_array('13-09-2022', 0)
 3 APPPATH\Views\schedule_eps\planner\list_schedule.php(166): tgl_next('12-09-2022 07:00:00', '24.95', 0)
 4 SYSTEMPATH\View\View.php(213): include('APPPATH\\Views\\schedule_eps\\planner\\list_schedule.php')
 5 SYSTEMPATH\View\View.php(216): CodeIgniter\View\View->CodeIgniter\View\{closure}()
 6 SYSTEMPATH\Common.php(1137): CodeIgniter\View\View->render('schedule_eps/planner/list_schedule', [], true)
 7 APPPATH\Controllers\Schedule.php(60): view('schedule_eps/planner/list_schedule', [...])
 8 SYSTEMPATH\CodeIgniter.php(904): App\Controllers\Schedule->viewform()
 9 SYSTEMPATH\CodeIgniter.php(457): CodeIgniter\CodeIgniter->runController(Object(App\Controllers\Schedule))
10 SYSTEMPATH\CodeIgniter.php(340): CodeIgniter\CodeIgniter->handleRequest(null, Object(Config\Cache), false)
11 FCPATH\index.php(67): CodeIgniter\CodeIgniter->run()
12 SYSTEMPATH\Commands\Server\rewrite.php(43): require_once('FCPATH\\index.php')
CRITICAL - 2023-01-10 11:48:42 --> in_array() expects parameter 2 to be array, int given
in APPPATH\Views\schedule_eps\planner\list_schedule.php on line 103.
 1 [internal function]: CodeIgniter\Debug\Exceptions->errorHandler(2, 'in_array() expects parameter 2 to be array, int given', 'APPPATH\\Views\\schedule_eps\\planner\\list_schedule.php', 103, [...])
 2 APPPATH\Views\schedule_eps\planner\list_schedule.php(103): in_array('13-09-2022', 0)
 3 APPPATH\Views\schedule_eps\planner\list_schedule.php(166): tgl_next('12-09-2022 07:00:00', '24.95', 0)
 4 SYSTEMPATH\View\View.php(213): include('APPPATH\\Views\\schedule_eps\\planner\\list_schedule.php')
 5 SYSTEMPATH\View\View.php(216): CodeIgniter\View\View->CodeIgniter\View\{closure}()
 6 SYSTEMPATH\Common.php(1137): CodeIgniter\View\View->render('schedule_eps/planner/list_schedule', [], true)
 7 APPPATH\Controllers\Schedule.php(60): view('schedule_eps/planner/list_schedule', [...])
 8 SYSTEMPATH\CodeIgniter.php(904): App\Controllers\Schedule->viewform()
 9 SYSTEMPATH\CodeIgniter.php(457): CodeIgniter\CodeIgniter->runController(Object(App\Controllers\Schedule))
10 SYSTEMPATH\CodeIgniter.php(340): CodeIgniter\CodeIgniter->handleRequest(null, Object(Config\Cache), false)
11 FCPATH\index.php(67): CodeIgniter\CodeIgniter->run()
12 SYSTEMPATH\Commands\Server\rewrite.php(43): require_once('FCPATH\\index.php')
CRITICAL - 2023-01-10 11:48:42 --> in_array() expects parameter 2 to be array, int given
in APPPATH\Views\schedule_eps\planner\list_schedule.php on line 103.
 1 [internal function]: CodeIgniter\Debug\Exceptions->errorHandler(2, 'in_array() expects parameter 2 to be array, int given', 'APPPATH\\Views\\schedule_eps\\planner\\list_schedule.php', 103, [...])
 2 APPPATH\Views\schedule_eps\planner\list_schedule.php(103): in_array('13-09-2022', 0)
 3 APPPATH\Views\schedule_eps\planner\list_schedule.php(166): tgl_next('12-09-2022 07:00:00', '24.95', 0)
 4 SYSTEMPATH\View\View.php(213): include('APPPATH\\Views\\schedule_eps\\planner\\list_schedule.php')
 5 SYSTEMPATH\View\View.php(216): CodeIgniter\View\View->CodeIgniter\View\{closure}()
 6 SYSTEMPATH\Common.php(1137): CodeIgniter\View\View->render('schedule_eps/planner/list_schedule', [], true)
 7 APPPATH\Controllers\Schedule.php(60): view('schedule_eps/planner/list_schedule', [...])
 8 SYSTEMPATH\CodeIgniter.php(904): App\Controllers\Schedule->viewform()
 9 SYSTEMPATH\CodeIgniter.php(457): CodeIgniter\CodeIgniter->runController(Object(App\Controllers\Schedule))
10 SYSTEMPATH\CodeIgniter.php(340): CodeIgniter\CodeIgniter->handleRequest(null, Object(Config\Cache), false)
11 FCPATH\index.php(67): CodeIgniter\CodeIgniter->run()
12 SYSTEMPATH\Commands\Server\rewrite.php(43): require_once('FCPATH\\index.php')
CRITICAL - 2023-01-10 11:48:42 --> in_array() expects parameter 2 to be array, int given
in APPPATH\Views\schedule_eps\planner\list_schedule.php on line 103.
 1 [internal function]: CodeIgniter\Debug\Exceptions->errorHandler(2, 'in_array() expects parameter 2 to be array, int given', 'APPPATH\\Views\\schedule_eps\\planner\\list_schedule.php', 103, [...])
 2 APPPATH\Views\schedule_eps\planner\list_schedule.php(103): in_array('13-09-2022', 0)
 3 APPPATH\Views\schedule_eps\planner\list_schedule.php(166): tgl_next('12-09-2022 07:00:00', '24.95', 0)
 4 SYSTEMPATH\View\View.php(213): include('APPPATH\\Views\\schedule_eps\\planner\\list_schedule.php')
 5 SYSTEMPATH\View\View.php(216): CodeIgniter\View\View->CodeIgniter\View\{closure}()
 6 SYSTEMPATH\Common.php(1137): CodeIgniter\View\View->render('schedule_eps/planner/list_schedule', [], true)
 7 APPPATH\Controllers\Schedule.php(60): view('schedule_eps/planner/list_schedule', [...])
 8 SYSTEMPATH\CodeIgniter.php(904): App\Controllers\Schedule->viewform()
 9 SYSTEMPATH\CodeIgniter.php(457): CodeIgniter\CodeIgniter->runController(Object(App\Controllers\Schedule))
10 SYSTEMPATH\CodeIgniter.php(340): CodeIgniter\CodeIgniter->handleRequest(null, Object(Config\Cache), false)
11 FCPATH\index.php(67): CodeIgniter\CodeIgniter->run()
12 SYSTEMPATH\Commands\Server\rewrite.php(43): require_once('FCPATH\\index.php')
CRITICAL - 2023-01-10 11:50:29 --> Undefined variable: holiday
in APPPATH\Views\schedule_eps\planner\list_schedule.php on line 165.
 1 APPPATH\Views\schedule_eps\planner\list_schedule.php(165): CodeIgniter\Debug\Exceptions->errorHandler(8, 'Undefined variable: holiday', 'APPPATH\\Views\\schedule_eps\\planner\\list_schedule.php', 165, [...])
 2 SYSTEMPATH\View\View.php(213): include('APPPATH\\Views\\schedule_eps\\planner\\list_schedule.php')
 3 SYSTEMPATH\View\View.php(216): CodeIgniter\View\View->CodeIgniter\View\{closure}()
 4 SYSTEMPATH\Common.php(1137): CodeIgniter\View\View->render('schedule_eps/planner/list_schedule', [], true)
 5 APPPATH\Controllers\Schedule.php(60): view('schedule_eps/planner/list_schedule', [...])
 6 SYSTEMPATH\CodeIgniter.php(904): App\Controllers\Schedule->viewform()
 7 SYSTEMPATH\CodeIgniter.php(457): CodeIgniter\CodeIgniter->runController(Object(App\Controllers\Schedule))
 8 SYSTEMPATH\CodeIgniter.php(340): CodeIgniter\CodeIgniter->handleRequest(null, Object(Config\Cache), false)
 9 FCPATH\index.php(67): CodeIgniter\CodeIgniter->run()
10 SYSTEMPATH\Commands\Server\rewrite.php(43): require_once('FCPATH\\index.php')
CRITICAL - 2023-01-10 11:50:30 --> Undefined variable: holiday
in APPPATH\Views\schedule_eps\planner\list_schedule.php on line 165.
 1 APPPATH\Views\schedule_eps\planner\list_schedule.php(165): CodeIgniter\Debug\Exceptions->errorHandler(8, 'Undefined variable: holiday', 'APPPATH\\Views\\schedule_eps\\planner\\list_schedule.php', 165, [...])
 2 SYSTEMPATH\View\View.php(213): include('APPPATH\\Views\\schedule_eps\\planner\\list_schedule.php')
 3 SYSTEMPATH\View\View.php(216): CodeIgniter\View\View->CodeIgniter\View\{closure}()
 4 SYSTEMPATH\Common.php(1137): CodeIgniter\View\View->render('schedule_eps/planner/list_schedule', [], true)
 5 APPPATH\Controllers\Schedule.php(60): view('schedule_eps/planner/list_schedule', [...])
 6 SYSTEMPATH\CodeIgniter.php(904): App\Controllers\Schedule->viewform()
 7 SYSTEMPATH\CodeIgniter.php(457): CodeIgniter\CodeIgniter->runController(Object(App\Controllers\Schedule))
 8 SYSTEMPATH\CodeIgniter.php(340): CodeIgniter\CodeIgniter->handleRequest(null, Object(Config\Cache), false)
 9 FCPATH\index.php(67): CodeIgniter\CodeIgniter->run()
10 SYSTEMPATH\Commands\Server\rewrite.php(43): require_once('FCPATH\\index.php')
CRITICAL - 2023-01-10 11:50:30 --> Undefined variable: holiday
in APPPATH\Views\schedule_eps\planner\list_schedule.php on line 165.
 1 APPPATH\Views\schedule_eps\planner\list_schedule.php(165): CodeIgniter\Debug\Exceptions->errorHandler(8, 'Undefined variable: holiday', 'APPPATH\\Views\\schedule_eps\\planner\\list_schedule.php', 165, [...])
 2 SYSTEMPATH\View\View.php(213): include('APPPATH\\Views\\schedule_eps\\planner\\list_schedule.php')
 3 SYSTEMPATH\View\View.php(216): CodeIgniter\View\View->CodeIgniter\View\{closure}()
 4 SYSTEMPATH\Common.php(1137): CodeIgniter\View\View->render('schedule_eps/planner/list_schedule', [], true)
 5 APPPATH\Controllers\Schedule.php(60): view('schedule_eps/planner/list_schedule', [...])
 6 SYSTEMPATH\CodeIgniter.php(904): App\Controllers\Schedule->viewform()
 7 SYSTEMPATH\CodeIgniter.php(457): CodeIgniter\CodeIgniter->runController(Object(App\Controllers\Schedule))
 8 SYSTEMPATH\CodeIgniter.php(340): CodeIgniter\CodeIgniter->handleRequest(null, Object(Config\Cache), false)
 9 FCPATH\index.php(67): CodeIgniter\CodeIgniter->run()
10 SYSTEMPATH\Commands\Server\rewrite.php(43): require_once('FCPATH\\index.php')
CRITICAL - 2023-01-10 11:50:30 --> Undefined variable: holiday
in APPPATH\Views\schedule_eps\planner\list_schedule.php on line 165.
 1 APPPATH\Views\schedule_eps\planner\list_schedule.php(165): CodeIgniter\Debug\Exceptions->errorHandler(8, 'Undefined variable: holiday', 'APPPATH\\Views\\schedule_eps\\planner\\list_schedule.php', 165, [...])
 2 SYSTEMPATH\View\View.php(213): include('APPPATH\\Views\\schedule_eps\\planner\\list_schedule.php')
 3 SYSTEMPATH\View\View.php(216): CodeIgniter\View\View->CodeIgniter\View\{closure}()
 4 SYSTEMPATH\Common.php(1137): CodeIgniter\View\View->render('schedule_eps/planner/list_schedule', [], true)
 5 APPPATH\Controllers\Schedule.php(60): view('schedule_eps/planner/list_schedule', [...])
 6 SYSTEMPATH\CodeIgniter.php(904): App\Controllers\Schedule->viewform()
 7 SYSTEMPATH\CodeIgniter.php(457): CodeIgniter\CodeIgniter->runController(Object(App\Controllers\Schedule))
 8 SYSTEMPATH\CodeIgniter.php(340): CodeIgniter\CodeIgniter->handleRequest(null, Object(Config\Cache), false)
 9 FCPATH\index.php(67): CodeIgniter\CodeIgniter->run()
10 SYSTEMPATH\Commands\Server\rewrite.php(43): require_once('FCPATH\\index.php')
CRITICAL - 2023-01-10 11:50:31 --> Undefined variable: holiday
in APPPATH\Views\schedule_eps\planner\list_schedule.php on line 165.
 1 APPPATH\Views\schedule_eps\planner\list_schedule.php(165): CodeIgniter\Debug\Exceptions->errorHandler(8, 'Undefined variable: holiday', 'APPPATH\\Views\\schedule_eps\\planner\\list_schedule.php', 165, [...])
 2 SYSTEMPATH\View\View.php(213): include('APPPATH\\Views\\schedule_eps\\planner\\list_schedule.php')
 3 SYSTEMPATH\View\View.php(216): CodeIgniter\View\View->CodeIgniter\View\{closure}()
 4 SYSTEMPATH\Common.php(1137): CodeIgniter\View\View->render('schedule_eps/planner/list_schedule', [], true)
 5 APPPATH\Controllers\Schedule.php(60): view('schedule_eps/planner/list_schedule', [...])
 6 SYSTEMPATH\CodeIgniter.php(904): App\Controllers\Schedule->viewform()
 7 SYSTEMPATH\CodeIgniter.php(457): CodeIgniter\CodeIgniter->runController(Object(App\Controllers\Schedule))
 8 SYSTEMPATH\CodeIgniter.php(340): CodeIgniter\CodeIgniter->handleRequest(null, Object(Config\Cache), false)
 9 FCPATH\index.php(67): CodeIgniter\CodeIgniter->run()
10 SYSTEMPATH\Commands\Server\rewrite.php(43): require_once('FCPATH\\index.php')
CRITICAL - 2023-01-10 11:50:31 --> Undefined variable: holiday
in APPPATH\Views\schedule_eps\planner\list_schedule.php on line 165.
 1 APPPATH\Views\schedule_eps\planner\list_schedule.php(165): CodeIgniter\Debug\Exceptions->errorHandler(8, 'Undefined variable: holiday', 'APPPATH\\Views\\schedule_eps\\planner\\list_schedule.php', 165, [...])
 2 SYSTEMPATH\View\View.php(213): include('APPPATH\\Views\\schedule_eps\\planner\\list_schedule.php')
 3 SYSTEMPATH\View\View.php(216): CodeIgniter\View\View->CodeIgniter\View\{closure}()
 4 SYSTEMPATH\Common.php(1137): CodeIgniter\View\View->render('schedule_eps/planner/list_schedule', [], true)
 5 APPPATH\Controllers\Schedule.php(60): view('schedule_eps/planner/list_schedule', [...])
 6 SYSTEMPATH\CodeIgniter.php(904): App\Controllers\Schedule->viewform()
 7 SYSTEMPATH\CodeIgniter.php(457): CodeIgniter\CodeIgniter->runController(Object(App\Controllers\Schedule))
 8 SYSTEMPATH\CodeIgniter.php(340): CodeIgniter\CodeIgniter->handleRequest(null, Object(Config\Cache), false)
 9 FCPATH\index.php(67): CodeIgniter\CodeIgniter->run()
10 SYSTEMPATH\Commands\Server\rewrite.php(43): require_once('FCPATH\\index.php')
CRITICAL - 2023-01-10 11:50:31 --> Undefined variable: holiday
in APPPATH\Views\schedule_eps\planner\list_schedule.php on line 165.
 1 APPPATH\Views\schedule_eps\planner\list_schedule.php(165): CodeIgniter\Debug\Exceptions->errorHandler(8, 'Undefined variable: holiday', 'APPPATH\\Views\\schedule_eps\\planner\\list_schedule.php', 165, [...])
 2 SYSTEMPATH\View\View.php(213): include('APPPATH\\Views\\schedule_eps\\planner\\list_schedule.php')
 3 SYSTEMPATH\View\View.php(216): CodeIgniter\View\View->CodeIgniter\View\{closure}()
 4 SYSTEMPATH\Common.php(1137): CodeIgniter\View\View->render('schedule_eps/planner/list_schedule', [], true)
 5 APPPATH\Controllers\Schedule.php(60): view('schedule_eps/planner/list_schedule', [...])
 6 SYSTEMPATH\CodeIgniter.php(904): App\Controllers\Schedule->viewform()
 7 SYSTEMPATH\CodeIgniter.php(457): CodeIgniter\CodeIgniter->runController(Object(App\Controllers\Schedule))
 8 SYSTEMPATH\CodeIgniter.php(340): CodeIgniter\CodeIgniter->handleRequest(null, Object(Config\Cache), false)
 9 FCPATH\index.php(67): CodeIgniter\CodeIgniter->run()
10 SYSTEMPATH\Commands\Server\rewrite.php(43): require_once('FCPATH\\index.php')
CRITICAL - 2023-01-10 11:50:31 --> Undefined variable: holiday
in APPPATH\Views\schedule_eps\planner\list_schedule.php on line 165.
 1 APPPATH\Views\schedule_eps\planner\list_schedule.php(165): CodeIgniter\Debug\Exceptions->errorHandler(8, 'Undefined variable: holiday', 'APPPATH\\Views\\schedule_eps\\planner\\list_schedule.php', 165, [...])
 2 SYSTEMPATH\View\View.php(213): include('APPPATH\\Views\\schedule_eps\\planner\\list_schedule.php')
 3 SYSTEMPATH\View\View.php(216): CodeIgniter\View\View->CodeIgniter\View\{closure}()
 4 SYSTEMPATH\Common.php(1137): CodeIgniter\View\View->render('schedule_eps/planner/list_schedule', [], true)
 5 APPPATH\Controllers\Schedule.php(60): view('schedule_eps/planner/list_schedule', [...])
 6 SYSTEMPATH\CodeIgniter.php(904): App\Controllers\Schedule->viewform()
 7 SYSTEMPATH\CodeIgniter.php(457): CodeIgniter\CodeIgniter->runController(Object(App\Controllers\Schedule))
 8 SYSTEMPATH\CodeIgniter.php(340): CodeIgniter\CodeIgniter->handleRequest(null, Object(Config\Cache), false)
 9 FCPATH\index.php(67): CodeIgniter\CodeIgniter->run()
10 SYSTEMPATH\Commands\Server\rewrite.php(43): require_once('FCPATH\\index.php')
CRITICAL - 2023-01-10 11:50:31 --> Undefined variable: holiday
in APPPATH\Views\schedule_eps\planner\list_schedule.php on line 165.
 1 APPPATH\Views\schedule_eps\planner\list_schedule.php(165): CodeIgniter\Debug\Exceptions->errorHandler(8, 'Undefined variable: holiday', 'APPPATH\\Views\\schedule_eps\\planner\\list_schedule.php', 165, [...])
 2 SYSTEMPATH\View\View.php(213): include('APPPATH\\Views\\schedule_eps\\planner\\list_schedule.php')
 3 SYSTEMPATH\View\View.php(216): CodeIgniter\View\View->CodeIgniter\View\{closure}()
 4 SYSTEMPATH\Common.php(1137): CodeIgniter\View\View->render('schedule_eps/planner/list_schedule', [], true)
 5 APPPATH\Controllers\Schedule.php(60): view('schedule_eps/planner/list_schedule', [...])
 6 SYSTEMPATH\CodeIgniter.php(904): App\Controllers\Schedule->viewform()
 7 SYSTEMPATH\CodeIgniter.php(457): CodeIgniter\CodeIgniter->runController(Object(App\Controllers\Schedule))
 8 SYSTEMPATH\CodeIgniter.php(340): CodeIgniter\CodeIgniter->handleRequest(null, Object(Config\Cache), false)
 9 FCPATH\index.php(67): CodeIgniter\CodeIgniter->run()
10 SYSTEMPATH\Commands\Server\rewrite.php(43): require_once('FCPATH\\index.php')
CRITICAL - 2023-01-10 11:50:31 --> Undefined variable: holiday
in APPPATH\Views\schedule_eps\planner\list_schedule.php on line 165.
 1 APPPATH\Views\schedule_eps\planner\list_schedule.php(165): CodeIgniter\Debug\Exceptions->errorHandler(8, 'Undefined variable: holiday', 'APPPATH\\Views\\schedule_eps\\planner\\list_schedule.php', 165, [...])
 2 SYSTEMPATH\View\View.php(213): include('APPPATH\\Views\\schedule_eps\\planner\\list_schedule.php')
 3 SYSTEMPATH\View\View.php(216): CodeIgniter\View\View->CodeIgniter\View\{closure}()
 4 SYSTEMPATH\Common.php(1137): CodeIgniter\View\View->render('schedule_eps/planner/list_schedule', [], true)
 5 APPPATH\Controllers\Schedule.php(60): view('schedule_eps/planner/list_schedule', [...])
 6 SYSTEMPATH\CodeIgniter.php(904): App\Controllers\Schedule->viewform()
 7 SYSTEMPATH\CodeIgniter.php(457): CodeIgniter\CodeIgniter->runController(Object(App\Controllers\Schedule))
 8 SYSTEMPATH\CodeIgniter.php(340): CodeIgniter\CodeIgniter->handleRequest(null, Object(Config\Cache), false)
 9 FCPATH\index.php(67): CodeIgniter\CodeIgniter->run()
10 SYSTEMPATH\Commands\Server\rewrite.php(43): require_once('FCPATH\\index.php')
CRITICAL - 2023-01-10 11:54:45 --> Undefined variable: holiday
in APPPATH\Views\schedule_eps\planner\list_schedule.php on line 165.
 1 APPPATH\Views\schedule_eps\planner\list_schedule.php(165): CodeIgniter\Debug\Exceptions->errorHandler(8, 'Undefined variable: holiday', 'APPPATH\\Views\\schedule_eps\\planner\\list_schedule.php', 165, [...])
 2 SYSTEMPATH\View\View.php(213): include('APPPATH\\Views\\schedule_eps\\planner\\list_schedule.php')
 3 SYSTEMPATH\View\View.php(216): CodeIgniter\View\View->CodeIgniter\View\{closure}()
 4 SYSTEMPATH\Common.php(1137): CodeIgniter\View\View->render('schedule_eps/planner/list_schedule', [], true)
 5 APPPATH\Controllers\Schedule.php(60): view('schedule_eps/planner/list_schedule', [...])
 6 SYSTEMPATH\CodeIgniter.php(904): App\Controllers\Schedule->viewform()
 7 SYSTEMPATH\CodeIgniter.php(457): CodeIgniter\CodeIgniter->runController(Object(App\Controllers\Schedule))
 8 SYSTEMPATH\CodeIgniter.php(340): CodeIgniter\CodeIgniter->handleRequest(null, Object(Config\Cache), false)
 9 FCPATH\index.php(67): CodeIgniter\CodeIgniter->run()
10 SYSTEMPATH\Commands\Server\rewrite.php(43): require_once('FCPATH\\index.php')
CRITICAL - 2023-01-10 11:54:46 --> Undefined variable: holiday
in APPPATH\Views\schedule_eps\planner\list_schedule.php on line 165.
 1 APPPATH\Views\schedule_eps\planner\list_schedule.php(165): CodeIgniter\Debug\Exceptions->errorHandler(8, 'Undefined variable: holiday', 'APPPATH\\Views\\schedule_eps\\planner\\list_schedule.php', 165, [...])
 2 SYSTEMPATH\View\View.php(213): include('APPPATH\\Views\\schedule_eps\\planner\\list_schedule.php')
 3 SYSTEMPATH\View\View.php(216): CodeIgniter\View\View->CodeIgniter\View\{closure}()
 4 SYSTEMPATH\Common.php(1137): CodeIgniter\View\View->render('schedule_eps/planner/list_schedule', [], true)
 5 APPPATH\Controllers\Schedule.php(60): view('schedule_eps/planner/list_schedule', [...])
 6 SYSTEMPATH\CodeIgniter.php(904): App\Controllers\Schedule->viewform()
 7 SYSTEMPATH\CodeIgniter.php(457): CodeIgniter\CodeIgniter->runController(Object(App\Controllers\Schedule))
 8 SYSTEMPATH\CodeIgniter.php(340): CodeIgniter\CodeIgniter->handleRequest(null, Object(Config\Cache), false)
 9 FCPATH\index.php(67): CodeIgniter\CodeIgniter->run()
10 SYSTEMPATH\Commands\Server\rewrite.php(43): require_once('FCPATH\\index.php')
CRITICAL - 2023-01-10 11:55:58 --> in_array() expects parameter 2 to be array, int given
in APPPATH\Views\schedule_eps\planner\list_schedule.php on line 103.
 1 [internal function]: CodeIgniter\Debug\Exceptions->errorHandler(2, 'in_array() expects parameter 2 to be array, int given', 'APPPATH\\Views\\schedule_eps\\planner\\list_schedule.php', 103, [...])
 2 APPPATH\Views\schedule_eps\planner\list_schedule.php(103): in_array('13-09-2022', 0)
 3 APPPATH\Views\schedule_eps\planner\list_schedule.php(166): tgl_next('12-09-2022 07:00:00', '24.95', 0)
 4 SYSTEMPATH\View\View.php(213): include('APPPATH\\Views\\schedule_eps\\planner\\list_schedule.php')
 5 SYSTEMPATH\View\View.php(216): CodeIgniter\View\View->CodeIgniter\View\{closure}()
 6 SYSTEMPATH\Common.php(1137): CodeIgniter\View\View->render('schedule_eps/planner/list_schedule', [], true)
 7 APPPATH\Controllers\Schedule.php(60): view('schedule_eps/planner/list_schedule', [...])
 8 SYSTEMPATH\CodeIgniter.php(904): App\Controllers\Schedule->viewform()
 9 SYSTEMPATH\CodeIgniter.php(457): CodeIgniter\CodeIgniter->runController(Object(App\Controllers\Schedule))
10 SYSTEMPATH\CodeIgniter.php(340): CodeIgniter\CodeIgniter->handleRequest(null, Object(Config\Cache), false)
11 FCPATH\index.php(67): CodeIgniter\CodeIgniter->run()
12 SYSTEMPATH\Commands\Server\rewrite.php(43): require_once('FCPATH\\index.php')
CRITICAL - 2023-01-10 11:56:23 --> in_array() expects parameter 2 to be array, null given
in APPPATH\Views\schedule_eps\planner\list_schedule.php on line 103.
 1 [internal function]: CodeIgniter\Debug\Exceptions->errorHandler(2, 'in_array() expects parameter 2 to be array, null given', 'APPPATH\\Views\\schedule_eps\\planner\\list_schedule.php', 103, [...])
 2 APPPATH\Views\schedule_eps\planner\list_schedule.php(103): in_array('13-09-2022', null)
 3 APPPATH\Views\schedule_eps\planner\list_schedule.php(166): tgl_next('12-09-2022 07:00:00', '24.95', null)
 4 SYSTEMPATH\View\View.php(213): include('APPPATH\\Views\\schedule_eps\\planner\\list_schedule.php')
 5 SYSTEMPATH\View\View.php(216): CodeIgniter\View\View->CodeIgniter\View\{closure}()
 6 SYSTEMPATH\Common.php(1137): CodeIgniter\View\View->render('schedule_eps/planner/list_schedule', [], true)
 7 APPPATH\Controllers\Schedule.php(60): view('schedule_eps/planner/list_schedule', [...])
 8 SYSTEMPATH\CodeIgniter.php(904): App\Controllers\Schedule->viewform()
 9 SYSTEMPATH\CodeIgniter.php(457): CodeIgniter\CodeIgniter->runController(Object(App\Controllers\Schedule))
10 SYSTEMPATH\CodeIgniter.php(340): CodeIgniter\CodeIgniter->handleRequest(null, Object(Config\Cache), false)
11 FCPATH\index.php(67): CodeIgniter\CodeIgniter->run()
12 SYSTEMPATH\Commands\Server\rewrite.php(43): require_once('FCPATH\\index.php')
CRITICAL - 2023-01-10 11:56:23 --> in_array() expects parameter 2 to be array, null given
in APPPATH\Views\schedule_eps\planner\list_schedule.php on line 103.
 1 [internal function]: CodeIgniter\Debug\Exceptions->errorHandler(2, 'in_array() expects parameter 2 to be array, null given', 'APPPATH\\Views\\schedule_eps\\planner\\list_schedule.php', 103, [...])
 2 APPPATH\Views\schedule_eps\planner\list_schedule.php(103): in_array('13-09-2022', null)
 3 APPPATH\Views\schedule_eps\planner\list_schedule.php(166): tgl_next('12-09-2022 07:00:00', '24.95', null)
 4 SYSTEMPATH\View\View.php(213): include('APPPATH\\Views\\schedule_eps\\planner\\list_schedule.php')
 5 SYSTEMPATH\View\View.php(216): CodeIgniter\View\View->CodeIgniter\View\{closure}()
 6 SYSTEMPATH\Common.php(1137): CodeIgniter\View\View->render('schedule_eps/planner/list_schedule', [], true)
 7 APPPATH\Controllers\Schedule.php(60): view('schedule_eps/planner/list_schedule', [...])
 8 SYSTEMPATH\CodeIgniter.php(904): App\Controllers\Schedule->viewform()
 9 SYSTEMPATH\CodeIgniter.php(457): CodeIgniter\CodeIgniter->runController(Object(App\Controllers\Schedule))
10 SYSTEMPATH\CodeIgniter.php(340): CodeIgniter\CodeIgniter->handleRequest(null, Object(Config\Cache), false)
11 FCPATH\index.php(67): CodeIgniter\CodeIgniter->run()
12 SYSTEMPATH\Commands\Server\rewrite.php(43): require_once('FCPATH\\index.php')
CRITICAL - 2023-01-10 11:56:24 --> in_array() expects parameter 2 to be array, null given
in APPPATH\Views\schedule_eps\planner\list_schedule.php on line 103.
 1 [internal function]: CodeIgniter\Debug\Exceptions->errorHandler(2, 'in_array() expects parameter 2 to be array, null given', 'APPPATH\\Views\\schedule_eps\\planner\\list_schedule.php', 103, [...])
 2 APPPATH\Views\schedule_eps\planner\list_schedule.php(103): in_array('13-09-2022', null)
 3 APPPATH\Views\schedule_eps\planner\list_schedule.php(166): tgl_next('12-09-2022 07:00:00', '24.95', null)
 4 SYSTEMPATH\View\View.php(213): include('APPPATH\\Views\\schedule_eps\\planner\\list_schedule.php')
 5 SYSTEMPATH\View\View.php(216): CodeIgniter\View\View->CodeIgniter\View\{closure}()
 6 SYSTEMPATH\Common.php(1137): CodeIgniter\View\View->render('schedule_eps/planner/list_schedule', [], true)
 7 APPPATH\Controllers\Schedule.php(60): view('schedule_eps/planner/list_schedule', [...])
 8 SYSTEMPATH\CodeIgniter.php(904): App\Controllers\Schedule->viewform()
 9 SYSTEMPATH\CodeIgniter.php(457): CodeIgniter\CodeIgniter->runController(Object(App\Controllers\Schedule))
10 SYSTEMPATH\CodeIgniter.php(340): CodeIgniter\CodeIgniter->handleRequest(null, Object(Config\Cache), false)
11 FCPATH\index.php(67): CodeIgniter\CodeIgniter->run()
12 SYSTEMPATH\Commands\Server\rewrite.php(43): require_once('FCPATH\\index.php')
CRITICAL - 2023-01-10 11:56:49 --> Undefined variable: hd
in APPPATH\Views\schedule_eps\planner\list_schedule.php on line 166.
 1 APPPATH\Views\schedule_eps\planner\list_schedule.php(166): CodeIgniter\Debug\Exceptions->errorHandler(8, 'Undefined variable: hd', 'APPPATH\\Views\\schedule_eps\\planner\\list_schedule.php', 166, [...])
 2 SYSTEMPATH\View\View.php(213): include('APPPATH\\Views\\schedule_eps\\planner\\list_schedule.php')
 3 SYSTEMPATH\View\View.php(216): CodeIgniter\View\View->CodeIgniter\View\{closure}()
 4 SYSTEMPATH\Common.php(1137): CodeIgniter\View\View->render('schedule_eps/planner/list_schedule', [], true)
 5 APPPATH\Controllers\Schedule.php(60): view('schedule_eps/planner/list_schedule', [...])
 6 SYSTEMPATH\CodeIgniter.php(904): App\Controllers\Schedule->viewform()
 7 SYSTEMPATH\CodeIgniter.php(457): CodeIgniter\CodeIgniter->runController(Object(App\Controllers\Schedule))
 8 SYSTEMPATH\CodeIgniter.php(340): CodeIgniter\CodeIgniter->handleRequest(null, Object(Config\Cache), false)
 9 FCPATH\index.php(67): CodeIgniter\CodeIgniter->run()
10 SYSTEMPATH\Commands\Server\rewrite.php(43): require_once('FCPATH\\index.php')
CRITICAL - 2023-01-10 11:57:16 --> Undefined variable: holiday
in APPPATH\Views\schedule_eps\planner\list_schedule.php on line 166.
 1 APPPATH\Views\schedule_eps\planner\list_schedule.php(166): CodeIgniter\Debug\Exceptions->errorHandler(8, 'Undefined variable: holiday', 'APPPATH\\Views\\schedule_eps\\planner\\list_schedule.php', 166, [...])
 2 SYSTEMPATH\View\View.php(213): include('APPPATH\\Views\\schedule_eps\\planner\\list_schedule.php')
 3 SYSTEMPATH\View\View.php(216): CodeIgniter\View\View->CodeIgniter\View\{closure}()
 4 SYSTEMPATH\Common.php(1137): CodeIgniter\View\View->render('schedule_eps/planner/list_schedule', [], true)
 5 APPPATH\Controllers\Schedule.php(60): view('schedule_eps/planner/list_schedule', [...])
 6 SYSTEMPATH\CodeIgniter.php(904): App\Controllers\Schedule->viewform()
 7 SYSTEMPATH\CodeIgniter.php(457): CodeIgniter\CodeIgniter->runController(Object(App\Controllers\Schedule))
 8 SYSTEMPATH\CodeIgniter.php(340): CodeIgniter\CodeIgniter->handleRequest(null, Object(Config\Cache), false)
 9 FCPATH\index.php(67): CodeIgniter\CodeIgniter->run()
10 SYSTEMPATH\Commands\Server\rewrite.php(43): require_once('FCPATH\\index.php')
CRITICAL - 2023-01-10 11:57:17 --> Undefined variable: holiday
in APPPATH\Views\schedule_eps\planner\list_schedule.php on line 166.
 1 APPPATH\Views\schedule_eps\planner\list_schedule.php(166): CodeIgniter\Debug\Exceptions->errorHandler(8, 'Undefined variable: holiday', 'APPPATH\\Views\\schedule_eps\\planner\\list_schedule.php', 166, [...])
 2 SYSTEMPATH\View\View.php(213): include('APPPATH\\Views\\schedule_eps\\planner\\list_schedule.php')
 3 SYSTEMPATH\View\View.php(216): CodeIgniter\View\View->CodeIgniter\View\{closure}()
 4 SYSTEMPATH\Common.php(1137): CodeIgniter\View\View->render('schedule_eps/planner/list_schedule', [], true)
 5 APPPATH\Controllers\Schedule.php(60): view('schedule_eps/planner/list_schedule', [...])
 6 SYSTEMPATH\CodeIgniter.php(904): App\Controllers\Schedule->viewform()
 7 SYSTEMPATH\CodeIgniter.php(457): CodeIgniter\CodeIgniter->runController(Object(App\Controllers\Schedule))
 8 SYSTEMPATH\CodeIgniter.php(340): CodeIgniter\CodeIgniter->handleRequest(null, Object(Config\Cache), false)
 9 FCPATH\index.php(67): CodeIgniter\CodeIgniter->run()
10 SYSTEMPATH\Commands\Server\rewrite.php(43): require_once('FCPATH\\index.php')
CRITICAL - 2023-01-10 11:57:18 --> Undefined variable: holiday
in APPPATH\Views\schedule_eps\planner\list_schedule.php on line 166.
 1 APPPATH\Views\schedule_eps\planner\list_schedule.php(166): CodeIgniter\Debug\Exceptions->errorHandler(8, 'Undefined variable: holiday', 'APPPATH\\Views\\schedule_eps\\planner\\list_schedule.php', 166, [...])
 2 SYSTEMPATH\View\View.php(213): include('APPPATH\\Views\\schedule_eps\\planner\\list_schedule.php')
 3 SYSTEMPATH\View\View.php(216): CodeIgniter\View\View->CodeIgniter\View\{closure}()
 4 SYSTEMPATH\Common.php(1137): CodeIgniter\View\View->render('schedule_eps/planner/list_schedule', [], true)
 5 APPPATH\Controllers\Schedule.php(60): view('schedule_eps/planner/list_schedule', [...])
 6 SYSTEMPATH\CodeIgniter.php(904): App\Controllers\Schedule->viewform()
 7 SYSTEMPATH\CodeIgniter.php(457): CodeIgniter\CodeIgniter->runController(Object(App\Controllers\Schedule))
 8 SYSTEMPATH\CodeIgniter.php(340): CodeIgniter\CodeIgniter->handleRequest(null, Object(Config\Cache), false)
 9 FCPATH\index.php(67): CodeIgniter\CodeIgniter->run()
10 SYSTEMPATH\Commands\Server\rewrite.php(43): require_once('FCPATH\\index.php')
CRITICAL - 2023-01-10 11:57:33 --> Undefined variable: holiday
in APPPATH\Views\schedule_eps\planner\list_schedule.php on line 165.
 1 APPPATH\Views\schedule_eps\planner\list_schedule.php(165): CodeIgniter\Debug\Exceptions->errorHandler(8, 'Undefined variable: holiday', 'APPPATH\\Views\\schedule_eps\\planner\\list_schedule.php', 165, [...])
 2 SYSTEMPATH\View\View.php(213): include('APPPATH\\Views\\schedule_eps\\planner\\list_schedule.php')
 3 SYSTEMPATH\View\View.php(216): CodeIgniter\View\View->CodeIgniter\View\{closure}()
 4 SYSTEMPATH\Common.php(1137): CodeIgniter\View\View->render('schedule_eps/planner/list_schedule', [], true)
 5 APPPATH\Controllers\Schedule.php(60): view('schedule_eps/planner/list_schedule', [...])
 6 SYSTEMPATH\CodeIgniter.php(904): App\Controllers\Schedule->viewform()
 7 SYSTEMPATH\CodeIgniter.php(457): CodeIgniter\CodeIgniter->runController(Object(App\Controllers\Schedule))
 8 SYSTEMPATH\CodeIgniter.php(340): CodeIgniter\CodeIgniter->handleRequest(null, Object(Config\Cache), false)
 9 FCPATH\index.php(67): CodeIgniter\CodeIgniter->run()
10 SYSTEMPATH\Commands\Server\rewrite.php(43): require_once('FCPATH\\index.php')
CRITICAL - 2023-01-10 11:57:35 --> Undefined variable: holiday
in APPPATH\Views\schedule_eps\planner\list_schedule.php on line 165.
 1 APPPATH\Views\schedule_eps\planner\list_schedule.php(165): CodeIgniter\Debug\Exceptions->errorHandler(8, 'Undefined variable: holiday', 'APPPATH\\Views\\schedule_eps\\planner\\list_schedule.php', 165, [...])
 2 SYSTEMPATH\View\View.php(213): include('APPPATH\\Views\\schedule_eps\\planner\\list_schedule.php')
 3 SYSTEMPATH\View\View.php(216): CodeIgniter\View\View->CodeIgniter\View\{closure}()
 4 SYSTEMPATH\Common.php(1137): CodeIgniter\View\View->render('schedule_eps/planner/list_schedule', [], true)
 5 APPPATH\Controllers\Schedule.php(60): view('schedule_eps/planner/list_schedule', [...])
 6 SYSTEMPATH\CodeIgniter.php(904): App\Controllers\Schedule->viewform()
 7 SYSTEMPATH\CodeIgniter.php(457): CodeIgniter\CodeIgniter->runController(Object(App\Controllers\Schedule))
 8 SYSTEMPATH\CodeIgniter.php(340): CodeIgniter\CodeIgniter->handleRequest(null, Object(Config\Cache), false)
 9 FCPATH\index.php(67): CodeIgniter\CodeIgniter->run()
10 SYSTEMPATH\Commands\Server\rewrite.php(43): require_once('FCPATH\\index.php')
CRITICAL - 2023-01-10 11:57:45 --> Undefined index: tgl_libur
in APPPATH\Views\schedule_eps\planner\list_schedule.php on line 166.
 1 APPPATH\Views\schedule_eps\planner\list_schedule.php(166): CodeIgniter\Debug\Exceptions->errorHandler(8, 'Undefined index: tgl_libur', 'APPPATH\\Views\\schedule_eps\\planner\\list_schedule.php', 166, [...])
 2 SYSTEMPATH\View\View.php(213): include('APPPATH\\Views\\schedule_eps\\planner\\list_schedule.php')
 3 SYSTEMPATH\View\View.php(216): CodeIgniter\View\View->CodeIgniter\View\{closure}()
 4 SYSTEMPATH\Common.php(1137): CodeIgniter\View\View->render('schedule_eps/planner/list_schedule', [], true)
 5 APPPATH\Controllers\Schedule.php(60): view('schedule_eps/planner/list_schedule', [...])
 6 SYSTEMPATH\CodeIgniter.php(904): App\Controllers\Schedule->viewform()
 7 SYSTEMPATH\CodeIgniter.php(457): CodeIgniter\CodeIgniter->runController(Object(App\Controllers\Schedule))
 8 SYSTEMPATH\CodeIgniter.php(340): CodeIgniter\CodeIgniter->handleRequest(null, Object(Config\Cache), false)
 9 FCPATH\index.php(67): CodeIgniter\CodeIgniter->run()
10 SYSTEMPATH\Commands\Server\rewrite.php(43): require_once('FCPATH\\index.php')
CRITICAL - 2023-01-10 00:13:39 --> Undefined variable: data_holiday
in APPPATH\Views\schedule_eps\planner\list_release_karyawan.php on line 192.
 1 APPPATH\Views\schedule_eps\planner\list_release_karyawan.php(192): CodeIgniter\Debug\Exceptions->errorHandler(8, 'Undefined variable: data_holiday', 'APPPATH\\Views\\schedule_eps\\planner\\list_release_karyawan.php', 192, [...])
 2 SYSTEMPATH\View\View.php(213): include('APPPATH\\Views\\schedule_eps\\planner\\list_release_karyawan.php')
 3 SYSTEMPATH\View\View.php(216): CodeIgniter\View\View->CodeIgniter\View\{closure}()
 4 SYSTEMPATH\Common.php(1137): CodeIgniter\View\View->render('schedule_eps/planner/list_release_karyawan', [], true)
 5 APPPATH\Controllers\Release_karyawan.php(25): view('schedule_eps/planner/list_release_karyawan', [...])
 6 SYSTEMPATH\CodeIgniter.php(904): App\Controllers\Release_karyawan->viewreleasekaryawan()
 7 SYSTEMPATH\CodeIgniter.php(457): CodeIgniter\CodeIgniter->runController(Object(App\Controllers\Release_karyawan))
 8 SYSTEMPATH\CodeIgniter.php(340): CodeIgniter\CodeIgniter->handleRequest(null, Object(Config\Cache), false)
 9 FCPATH\index.php(67): CodeIgniter\CodeIgniter->run()
10 SYSTEMPATH\Commands\Server\rewrite.php(43): require_once('FCPATH\\index.php')
CRITICAL - 2023-01-10 13:15:32 --> You must set the database table to be used with your query.
in SYSTEMPATH\Database\BaseConnection.php on line 872.
 1 SYSTEMPATH\Model.php(586): CodeIgniter\Database\BaseConnection->table(null)
 2 SYSTEMPATH\Model.php(763): CodeIgniter\Model->builder()
 3 APPPATH\Controllers\Release_karyawan.php(25): CodeIgniter\Model->__call('getdataHoliday', [])
 4 SYSTEMPATH\CodeIgniter.php(904): App\Controllers\Release_karyawan->viewreleasekaryawan()
 5 SYSTEMPATH\CodeIgniter.php(457): CodeIgniter\CodeIgniter->runController(Object(App\Controllers\Release_karyawan))
 6 SYSTEMPATH\CodeIgniter.php(340): CodeIgniter\CodeIgniter->handleRequest(null, Object(Config\Cache), false)
 7 FCPATH\index.php(67): CodeIgniter\CodeIgniter->run()
 8 SYSTEMPATH\Commands\Server\rewrite.php(43): require_once('FCPATH\\index.php')
CRITICAL - 2023-01-10 13:15:42 --> Undefined variable: schedule_list
in APPPATH\Views\schedule_eps\planner\list_release_karyawan.php on line 197.
 1 APPPATH\Views\schedule_eps\planner\list_release_karyawan.php(197): CodeIgniter\Debug\Exceptions->errorHandler(8, 'Undefined variable: schedule_list', 'APPPATH\\Views\\schedule_eps\\planner\\list_release_karyawan.php', 197, [...])
 2 SYSTEMPATH\View\View.php(213): include('APPPATH\\Views\\schedule_eps\\planner\\list_release_karyawan.php')
 3 SYSTEMPATH\View\View.php(216): CodeIgniter\View\View->CodeIgniter\View\{closure}()
 4 SYSTEMPATH\Common.php(1137): CodeIgniter\View\View->render('schedule_eps/planner/list_release_karyawan', [], true)
 5 APPPATH\Controllers\Release_karyawan.php(29): view('schedule_eps/planner/list_release_karyawan', [...])
 6 SYSTEMPATH\CodeIgniter.php(904): App\Controllers\Release_karyawan->viewreleasekaryawan()
 7 SYSTEMPATH\CodeIgniter.php(457): CodeIgniter\CodeIgniter->runController(Object(App\Controllers\Release_karyawan))
 8 SYSTEMPATH\CodeIgniter.php(340): CodeIgniter\CodeIgniter->handleRequest(null, Object(Config\Cache), false)
 9 FCPATH\index.php(67): CodeIgniter\CodeIgniter->run()
10 SYSTEMPATH\Commands\Server\rewrite.php(43): require_once('FCPATH\\index.php')
CRITICAL - 2023-01-10 13:15:59 --> Undefined index: gabung
in APPPATH\Views\schedule_eps\planner\list_release_karyawan.php on line 208.
 1 APPPATH\Views\schedule_eps\planner\list_release_karyawan.php(208): CodeIgniter\Debug\Exceptions->errorHandler(8, 'Undefined index: gabung', 'APPPATH\\Views\\schedule_eps\\planner\\list_release_karyawan.php', 208, [...])
 2 SYSTEMPATH\View\View.php(213): include('APPPATH\\Views\\schedule_eps\\planner\\list_release_karyawan.php')
 3 SYSTEMPATH\View\View.php(216): CodeIgniter\View\View->CodeIgniter\View\{closure}()
 4 SYSTEMPATH\Common.php(1137): CodeIgniter\View\View->render('schedule_eps/planner/list_release_karyawan', [], true)
 5 APPPATH\Controllers\Release_karyawan.php(29): view('schedule_eps/planner/list_release_karyawan', [...])
 6 SYSTEMPATH\CodeIgniter.php(904): App\Controllers\Release_karyawan->viewreleasekaryawan()
 7 SYSTEMPATH\CodeIgniter.php(457): CodeIgniter\CodeIgniter->runController(Object(App\Controllers\Release_karyawan))
 8 SYSTEMPATH\CodeIgniter.php(340): CodeIgniter\CodeIgniter->handleRequest(null, Object(Config\Cache), false)
 9 FCPATH\index.php(67): CodeIgniter\CodeIgniter->run()
10 SYSTEMPATH\Commands\Server\rewrite.php(43): require_once('FCPATH\\index.php')
CRITICAL - 2023-01-10 13:16:38 --> Undefined index: gabung
in APPPATH\Views\schedule_eps\planner\list_release_karyawan.php on line 208.
 1 APPPATH\Views\schedule_eps\planner\list_release_karyawan.php(208): CodeIgniter\Debug\Exceptions->errorHandler(8, 'Undefined index: gabung', 'APPPATH\\Views\\schedule_eps\\planner\\list_release_karyawan.php', 208, [...])
 2 SYSTEMPATH\View\View.php(213): include('APPPATH\\Views\\schedule_eps\\planner\\list_release_karyawan.php')
 3 SYSTEMPATH\View\View.php(216): CodeIgniter\View\View->CodeIgniter\View\{closure}()
 4 SYSTEMPATH\Common.php(1137): CodeIgniter\View\View->render('schedule_eps/planner/list_release_karyawan', [], true)
 5 APPPATH\Controllers\Release_karyawan.php(29): view('schedule_eps/planner/list_release_karyawan', [...])
 6 SYSTEMPATH\CodeIgniter.php(904): App\Controllers\Release_karyawan->viewreleasekaryawan()
 7 SYSTEMPATH\CodeIgniter.php(457): CodeIgniter\CodeIgniter->runController(Object(App\Controllers\Release_karyawan))
 8 SYSTEMPATH\CodeIgniter.php(340): CodeIgniter\CodeIgniter->handleRequest(null, Object(Config\Cache), false)
 9 FCPATH\index.php(67): CodeIgniter\CodeIgniter->run()
10 SYSTEMPATH\Commands\Server\rewrite.php(43): require_once('FCPATH\\index.php')
CRITICAL - 2023-01-10 13:16:40 --> Undefined index: gabung
in APPPATH\Views\schedule_eps\planner\list_release_karyawan.php on line 208.
 1 APPPATH\Views\schedule_eps\planner\list_release_karyawan.php(208): CodeIgniter\Debug\Exceptions->errorHandler(8, 'Undefined index: gabung', 'APPPATH\\Views\\schedule_eps\\planner\\list_release_karyawan.php', 208, [...])
 2 SYSTEMPATH\View\View.php(213): include('APPPATH\\Views\\schedule_eps\\planner\\list_release_karyawan.php')
 3 SYSTEMPATH\View\View.php(216): CodeIgniter\View\View->CodeIgniter\View\{closure}()
 4 SYSTEMPATH\Common.php(1137): CodeIgniter\View\View->render('schedule_eps/planner/list_release_karyawan', [], true)
 5 APPPATH\Controllers\Release_karyawan.php(29): view('schedule_eps/planner/list_release_karyawan', [...])
 6 SYSTEMPATH\CodeIgniter.php(904): App\Controllers\Release_karyawan->viewreleasekaryawan()
 7 SYSTEMPATH\CodeIgniter.php(457): CodeIgniter\CodeIgniter->runController(Object(App\Controllers\Release_karyawan))
 8 SYSTEMPATH\CodeIgniter.php(340): CodeIgniter\CodeIgniter->handleRequest(null, Object(Config\Cache), false)
 9 FCPATH\index.php(67): CodeIgniter\CodeIgniter->run()
10 SYSTEMPATH\Commands\Server\rewrite.php(43): require_once('FCPATH\\index.php')
CRITICAL - 2023-01-10 13:16:54 --> Undefined index: total_hours
in APPPATH\Views\schedule_eps\planner\list_release_karyawan.php on line 223.
 1 APPPATH\Views\schedule_eps\planner\list_release_karyawan.php(223): CodeIgniter\Debug\Exceptions->errorHandler(8, 'Undefined index: total_hours', 'APPPATH\\Views\\schedule_eps\\planner\\list_release_karyawan.php', 223, [...])
 2 SYSTEMPATH\View\View.php(213): include('APPPATH\\Views\\schedule_eps\\planner\\list_release_karyawan.php')
 3 SYSTEMPATH\View\View.php(216): CodeIgniter\View\View->CodeIgniter\View\{closure}()
 4 SYSTEMPATH\Common.php(1137): CodeIgniter\View\View->render('schedule_eps/planner/list_release_karyawan', [], true)
 5 APPPATH\Controllers\Release_karyawan.php(29): view('schedule_eps/planner/list_release_karyawan', [...])
 6 SYSTEMPATH\CodeIgniter.php(904): App\Controllers\Release_karyawan->viewreleasekaryawan()
 7 SYSTEMPATH\CodeIgniter.php(457): CodeIgniter\CodeIgniter->runController(Object(App\Controllers\Release_karyawan))
 8 SYSTEMPATH\CodeIgniter.php(340): CodeIgniter\CodeIgniter->handleRequest(null, Object(Config\Cache), false)
 9 FCPATH\index.php(67): CodeIgniter\CodeIgniter->run()
10 SYSTEMPATH\Commands\Server\rewrite.php(43): require_once('FCPATH\\index.php')
CRITICAL - 2023-01-10 00:20:05 --> Undefined variable: data_position
in APPPATH\Views\master\list_master_position.php on line 27.
 1 APPPATH\Views\master\list_master_position.php(27): CodeIgniter\Debug\Exceptions->errorHandler(8, 'Undefined variable: data_position', 'APPPATH\\Views\\master\\list_master_position.php', 27, [...])
 2 SYSTEMPATH\View\View.php(213): include('APPPATH\\Views\\master\\list_master_position.php')
 3 SYSTEMPATH\View\View.php(216): CodeIgniter\View\View->CodeIgniter\View\{closure}()
 4 SYSTEMPATH\Common.php(1137): CodeIgniter\View\View->render('master/list_master_position', [], true)
 5 APPPATH\Controllers\Master.php(33): view('master/list_master_position', [...])
 6 SYSTEMPATH\CodeIgniter.php(904): App\Controllers\Master->PrivilegeUser()
 7 SYSTEMPATH\CodeIgniter.php(457): CodeIgniter\CodeIgniter->runController(Object(App\Controllers\Master))
 8 SYSTEMPATH\CodeIgniter.php(340): CodeIgniter\CodeIgniter->handleRequest(null, Object(Config\Cache), false)
 9 FCPATH\index.php(67): CodeIgniter\CodeIgniter->run()
10 SYSTEMPATH\Commands\Server\rewrite.php(43): require_once('FCPATH\\index.php')
