CRITICAL - 2023-02-01 09:45:36 --> Undefined index: tgl_libur
in APPPATH\Views\schedule_eps\planner\list_schedule.php on line 111.
 1 APPPATH\Views\schedule_eps\planner\list_schedule.php(111): CodeIgniter\Debug\Exceptions->errorHandler(8, 'Undefined index: tgl_libur', 'APPPATH\\Views\\schedule_eps\\planner\\list_schedule.php', 111, [...])
 2 SYSTEMPATH\View\View.php(213): include('APPPATH\\Views\\schedule_eps\\planner\\list_schedule.php')
 3 SYSTEMPATH\View\View.php(216): CodeIgniter\View\View->CodeIgniter\View\{closure}()
 4 SYSTEMPATH\Common.php(1137): CodeIgniter\View\View->render('schedule_eps/planner/list_schedule', [], true)
 5 APPPATH\Controllers\Schedule.php(60): view('schedule_eps/planner/list_schedule', [...])
 6 SYSTEMPATH\CodeIgniter.php(904): App\Controllers\Schedule->viewform()
 7 SYSTEMPATH\CodeIgniter.php(457): CodeIgniter\CodeIgniter->runController(Object(App\Controllers\Schedule))
 8 SYSTEMPATH\CodeIgniter.php(340): CodeIgniter\CodeIgniter->handleRequest(null, Object(Config\Cache), false)
 9 FCPATH\index.php(67): CodeIgniter\CodeIgniter->run()
10 SYSTEMPATH\Commands\Server\rewrite.php(43): require_once('FCPATH\\index.php')
ERROR - 2023-02-01 13:18:24 --> mysqli_sql_exception: Table 'etowa_esay_ppcinv.tblmas_machine' doesn't exist in C:\xampp\htdocs\schedule_eps\system\Database\MySQLi\Connection.php:292
Stack trace:
#0 C:\xampp\htdocs\schedule_eps\system\Database\MySQLi\Connection.php(292): mysqli->query('SELECT *\nFROM `...', 0)
#1 C:\xampp\htdocs\schedule_eps\system\Database\BaseConnection.php(693): CodeIgniter\Database\MySQLi\Connection->execute('SELECT *\nFROM `...')
#2 C:\xampp\htdocs\schedule_eps\system\Database\BaseConnection.php(620): CodeIgniter\Database\BaseConnection->simpleQuery('SELECT *\nFROM `...')
#3 C:\xampp\htdocs\schedule_eps\system\Database\BaseBuilder.php(1585): CodeIgniter\Database\BaseConnection->query('SELECT *\nFROM `...', Array, false)
#4 C:\xampp\htdocs\schedule_eps\app\Models\ScheduleModel.php(188): CodeIgniter\Database\BaseBuilder->get()
#5 C:\xampp\htdocs\schedule_eps\app\Controllers\Schedule.php(274): App\Models\ScheduleModel->getmachineautoselect('E-1')
#6 C:\xampp\htdocs\schedule_eps\system\CodeIgniter.php(904): App\Controllers\Schedule->getmachineautoselect()
#7 C:\xampp\htdocs\schedule_eps\system\CodeIgniter.php(457): CodeIgniter\CodeIgniter->runController(Object(App\Controllers\Schedule))
#8 C:\xampp\htdocs\schedule_eps\system\CodeIgniter.php(340): CodeIgniter\CodeIgniter->handleRequest(NULL, Object(Config\Cache), false)
#9 C:\xampp\htdocs\schedule_eps\public\index.php(67): CodeIgniter\CodeIgniter->run()
#10 C:\xampp\htdocs\schedule_eps\system\Commands\Server\rewrite.php(43): require_once('C:\\xampp\\htdocs...')
#11 {main}
CRITICAL - 2023-02-01 13:18:24 --> Table 'etowa_esay_ppcinv.tblmas_machine' doesn't exist
in SYSTEMPATH\Database\MySQLi\Connection.php on line 292.
 1 SYSTEMPATH\Database\MySQLi\Connection.php(292): mysqli->query('SELECT *
FROM `tblmas_machine`
WHERE `idmachine` = \'E-1\'', 0)
 2 SYSTEMPATH\Database\BaseConnection.php(693): CodeIgniter\Database\MySQLi\Connection->execute('SELECT *
FROM `tblmas_machine`
WHERE `idmachine` = \'E-1\'')
 3 SYSTEMPATH\Database\BaseConnection.php(620): CodeIgniter\Database\BaseConnection->simpleQuery('SELECT *
FROM `tblmas_machine`
WHERE `idmachine` = \'E-1\'')
 4 SYSTEMPATH\Database\BaseBuilder.php(1585): CodeIgniter\Database\BaseConnection->query('SELECT *
FROM `tblmas_machine`
WHERE `idmachine` = :idmachine:', [...], false)
 5 APPPATH\Models\ScheduleModel.php(188): CodeIgniter\Database\BaseBuilder->get()
 6 APPPATH\Controllers\Schedule.php(274): App\Models\ScheduleModel->getmachineautoselect('E-1')
 7 SYSTEMPATH\CodeIgniter.php(904): App\Controllers\Schedule->getmachineautoselect()
 8 SYSTEMPATH\CodeIgniter.php(457): CodeIgniter\CodeIgniter->runController(Object(App\Controllers\Schedule))
 9 SYSTEMPATH\CodeIgniter.php(340): CodeIgniter\CodeIgniter->handleRequest(null, Object(Config\Cache), false)
10 FCPATH\index.php(67): CodeIgniter\CodeIgniter->run()
11 SYSTEMPATH\Commands\Server\rewrite.php(43): require_once('FCPATH\\index.php')
CRITICAL - 2023-02-01 13:19:33 --> Illegal string offset 'idmachine'
in APPPATH\Controllers\Schedule.php on line 281.
 1 APPPATH\Controllers\Schedule.php(281): CodeIgniter\Debug\Exceptions->errorHandler(2, 'Illegal string offset \'idmachine\'', 'APPPATH\\Controllers\\Schedule.php', 281, [...])
 2 SYSTEMPATH\CodeIgniter.php(904): App\Controllers\Schedule->getmachineautoselect()
 3 SYSTEMPATH\CodeIgniter.php(457): CodeIgniter\CodeIgniter->runController(Object(App\Controllers\Schedule))
 4 SYSTEMPATH\CodeIgniter.php(340): CodeIgniter\CodeIgniter->handleRequest(null, Object(Config\Cache), false)
 5 FCPATH\index.php(67): CodeIgniter\CodeIgniter->run()
 6 SYSTEMPATH\Commands\Server\rewrite.php(43): require_once('FCPATH\\index.php')
CRITICAL - 2023-02-01 13:20:52 --> Illegal string offset 'idmachine'
in APPPATH\Controllers\Schedule.php on line 281.
 1 APPPATH\Controllers\Schedule.php(281): CodeIgniter\Debug\Exceptions->errorHandler(2, 'Illegal string offset \'idmachine\'', 'APPPATH\\Controllers\\Schedule.php', 281, [...])
 2 SYSTEMPATH\CodeIgniter.php(904): App\Controllers\Schedule->getmachineautoselect()
 3 SYSTEMPATH\CodeIgniter.php(457): CodeIgniter\CodeIgniter->runController(Object(App\Controllers\Schedule))
 4 SYSTEMPATH\CodeIgniter.php(340): CodeIgniter\CodeIgniter->handleRequest(null, Object(Config\Cache), false)
 5 FCPATH\index.php(67): CodeIgniter\CodeIgniter->run()
 6 SYSTEMPATH\Commands\Server\rewrite.php(43): require_once('FCPATH\\index.php')
CRITICAL - 2023-02-01 13:22:30 --> Illegal string offset 'idmachine'
in APPPATH\Controllers\Schedule.php on line 281.
 1 APPPATH\Controllers\Schedule.php(281): CodeIgniter\Debug\Exceptions->errorHandler(2, 'Illegal string offset \'idmachine\'', 'APPPATH\\Controllers\\Schedule.php', 281, [...])
 2 SYSTEMPATH\CodeIgniter.php(904): App\Controllers\Schedule->getmachineautoselect()
 3 SYSTEMPATH\CodeIgniter.php(457): CodeIgniter\CodeIgniter->runController(Object(App\Controllers\Schedule))
 4 SYSTEMPATH\CodeIgniter.php(340): CodeIgniter\CodeIgniter->handleRequest(null, Object(Config\Cache), false)
 5 FCPATH\index.php(67): CodeIgniter\CodeIgniter->run()
 6 SYSTEMPATH\Commands\Server\rewrite.php(43): require_once('FCPATH\\index.php')
CRITICAL - 2023-02-01 13:22:43 --> Illegal string offset 'idmachine'
in APPPATH\Controllers\Schedule.php on line 281.
 1 APPPATH\Controllers\Schedule.php(281): CodeIgniter\Debug\Exceptions->errorHandler(2, 'Illegal string offset \'idmachine\'', 'APPPATH\\Controllers\\Schedule.php', 281, [...])
 2 SYSTEMPATH\CodeIgniter.php(904): App\Controllers\Schedule->getmachineautoselect()
 3 SYSTEMPATH\CodeIgniter.php(457): CodeIgniter\CodeIgniter->runController(Object(App\Controllers\Schedule))
 4 SYSTEMPATH\CodeIgniter.php(340): CodeIgniter\CodeIgniter->handleRequest(null, Object(Config\Cache), false)
 5 FCPATH\index.php(67): CodeIgniter\CodeIgniter->run()
 6 SYSTEMPATH\Commands\Server\rewrite.php(43): require_once('FCPATH\\index.php')
CRITICAL - 2023-02-01 13:24:26 --> Illegal string offset 'idmachine'
in APPPATH\Controllers\Schedule.php on line 281.
 1 APPPATH\Controllers\Schedule.php(281): CodeIgniter\Debug\Exceptions->errorHandler(2, 'Illegal string offset \'idmachine\'', 'APPPATH\\Controllers\\Schedule.php', 281, [...])
 2 SYSTEMPATH\CodeIgniter.php(904): App\Controllers\Schedule->getmachineautoselect()
 3 SYSTEMPATH\CodeIgniter.php(457): CodeIgniter\CodeIgniter->runController(Object(App\Controllers\Schedule))
 4 SYSTEMPATH\CodeIgniter.php(340): CodeIgniter\CodeIgniter->handleRequest(null, Object(Config\Cache), false)
 5 FCPATH\index.php(67): CodeIgniter\CodeIgniter->run()
 6 SYSTEMPATH\Commands\Server\rewrite.php(43): require_once('FCPATH\\index.php')
CRITICAL - 2023-02-01 13:24:36 --> Illegal string offset 'idmachine'
in APPPATH\Controllers\Schedule.php on line 281.
 1 APPPATH\Controllers\Schedule.php(281): CodeIgniter\Debug\Exceptions->errorHandler(2, 'Illegal string offset \'idmachine\'', 'APPPATH\\Controllers\\Schedule.php', 281, [...])
 2 SYSTEMPATH\CodeIgniter.php(904): App\Controllers\Schedule->getmachineautoselect()
 3 SYSTEMPATH\CodeIgniter.php(457): CodeIgniter\CodeIgniter->runController(Object(App\Controllers\Schedule))
 4 SYSTEMPATH\CodeIgniter.php(340): CodeIgniter\CodeIgniter->handleRequest(null, Object(Config\Cache), false)
 5 FCPATH\index.php(67): CodeIgniter\CodeIgniter->run()
 6 SYSTEMPATH\Commands\Server\rewrite.php(43): require_once('FCPATH\\index.php')
CRITICAL - 2023-02-01 13:25:07 --> Illegal string offset 'idmachine'
in APPPATH\Controllers\Schedule.php on line 281.
 1 APPPATH\Controllers\Schedule.php(281): CodeIgniter\Debug\Exceptions->errorHandler(2, 'Illegal string offset \'idmachine\'', 'APPPATH\\Controllers\\Schedule.php', 281, [...])
 2 SYSTEMPATH\CodeIgniter.php(904): App\Controllers\Schedule->getmachineautoselect()
 3 SYSTEMPATH\CodeIgniter.php(457): CodeIgniter\CodeIgniter->runController(Object(App\Controllers\Schedule))
 4 SYSTEMPATH\CodeIgniter.php(340): CodeIgniter\CodeIgniter->handleRequest(null, Object(Config\Cache), false)
 5 FCPATH\index.php(67): CodeIgniter\CodeIgniter->run()
 6 SYSTEMPATH\Commands\Server\rewrite.php(43): require_once('FCPATH\\index.php')
CRITICAL - 2023-02-01 13:29:29 --> Illegal string offset 'idmachine'
in APPPATH\Controllers\Schedule.php on line 281.
 1 APPPATH\Controllers\Schedule.php(281): CodeIgniter\Debug\Exceptions->errorHandler(2, 'Illegal string offset \'idmachine\'', 'APPPATH\\Controllers\\Schedule.php', 281, [...])
 2 SYSTEMPATH\CodeIgniter.php(904): App\Controllers\Schedule->getmachineautoselect()
 3 SYSTEMPATH\CodeIgniter.php(457): CodeIgniter\CodeIgniter->runController(Object(App\Controllers\Schedule))
 4 SYSTEMPATH\CodeIgniter.php(340): CodeIgniter\CodeIgniter->handleRequest(null, Object(Config\Cache), false)
 5 FCPATH\index.php(67): CodeIgniter\CodeIgniter->run()
 6 SYSTEMPATH\Commands\Server\rewrite.php(43): require_once('FCPATH\\index.php')
CRITICAL - 2023-02-01 13:29:33 --> Illegal string offset 'idmachine'
in APPPATH\Controllers\Schedule.php on line 281.
 1 APPPATH\Controllers\Schedule.php(281): CodeIgniter\Debug\Exceptions->errorHandler(2, 'Illegal string offset \'idmachine\'', 'APPPATH\\Controllers\\Schedule.php', 281, [...])
 2 SYSTEMPATH\CodeIgniter.php(904): App\Controllers\Schedule->getmachineautoselect()
 3 SYSTEMPATH\CodeIgniter.php(457): CodeIgniter\CodeIgniter->runController(Object(App\Controllers\Schedule))
 4 SYSTEMPATH\CodeIgniter.php(340): CodeIgniter\CodeIgniter->handleRequest(null, Object(Config\Cache), false)
 5 FCPATH\index.php(67): CodeIgniter\CodeIgniter->run()
 6 SYSTEMPATH\Commands\Server\rewrite.php(43): require_once('FCPATH\\index.php')
CRITICAL - 2023-02-01 13:29:43 --> Illegal string offset 'idmachine'
in APPPATH\Controllers\Schedule.php on line 281.
 1 APPPATH\Controllers\Schedule.php(281): CodeIgniter\Debug\Exceptions->errorHandler(2, 'Illegal string offset \'idmachine\'', 'APPPATH\\Controllers\\Schedule.php', 281, [...])
 2 SYSTEMPATH\CodeIgniter.php(904): App\Controllers\Schedule->getmachineautoselect()
 3 SYSTEMPATH\CodeIgniter.php(457): CodeIgniter\CodeIgniter->runController(Object(App\Controllers\Schedule))
 4 SYSTEMPATH\CodeIgniter.php(340): CodeIgniter\CodeIgniter->handleRequest(null, Object(Config\Cache), false)
 5 FCPATH\index.php(67): CodeIgniter\CodeIgniter->run()
 6 SYSTEMPATH\Commands\Server\rewrite.php(43): require_once('FCPATH\\index.php')
CRITICAL - 2023-02-01 13:29:58 --> Illegal string offset 'idmachine'
in APPPATH\Controllers\Schedule.php on line 281.
 1 APPPATH\Controllers\Schedule.php(281): CodeIgniter\Debug\Exceptions->errorHandler(2, 'Illegal string offset \'idmachine\'', 'APPPATH\\Controllers\\Schedule.php', 281, [...])
 2 SYSTEMPATH\CodeIgniter.php(904): App\Controllers\Schedule->getmachineautoselect()
 3 SYSTEMPATH\CodeIgniter.php(457): CodeIgniter\CodeIgniter->runController(Object(App\Controllers\Schedule))
 4 SYSTEMPATH\CodeIgniter.php(340): CodeIgniter\CodeIgniter->handleRequest(null, Object(Config\Cache), false)
 5 FCPATH\index.php(67): CodeIgniter\CodeIgniter->run()
 6 SYSTEMPATH\Commands\Server\rewrite.php(43): require_once('FCPATH\\index.php')
CRITICAL - 2023-02-01 13:30:01 --> Illegal string offset 'idmachine'
in APPPATH\Controllers\Schedule.php on line 281.
 1 APPPATH\Controllers\Schedule.php(281): CodeIgniter\Debug\Exceptions->errorHandler(2, 'Illegal string offset \'idmachine\'', 'APPPATH\\Controllers\\Schedule.php', 281, [...])
 2 SYSTEMPATH\CodeIgniter.php(904): App\Controllers\Schedule->getmachineautoselect()
 3 SYSTEMPATH\CodeIgniter.php(457): CodeIgniter\CodeIgniter->runController(Object(App\Controllers\Schedule))
 4 SYSTEMPATH\CodeIgniter.php(340): CodeIgniter\CodeIgniter->handleRequest(null, Object(Config\Cache), false)
 5 FCPATH\index.php(67): CodeIgniter\CodeIgniter->run()
 6 SYSTEMPATH\Commands\Server\rewrite.php(43): require_once('FCPATH\\index.php')
CRITICAL - 2023-02-01 13:31:45 --> Illegal string offset 'idmachine'
in APPPATH\Controllers\Schedule.php on line 281.
 1 APPPATH\Controllers\Schedule.php(281): CodeIgniter\Debug\Exceptions->errorHandler(2, 'Illegal string offset \'idmachine\'', 'APPPATH\\Controllers\\Schedule.php', 281, [...])
 2 SYSTEMPATH\CodeIgniter.php(904): App\Controllers\Schedule->getmachineautoselect()
 3 SYSTEMPATH\CodeIgniter.php(457): CodeIgniter\CodeIgniter->runController(Object(App\Controllers\Schedule))
 4 SYSTEMPATH\CodeIgniter.php(340): CodeIgniter\CodeIgniter->handleRequest(null, Object(Config\Cache), false)
 5 FCPATH\index.php(67): CodeIgniter\CodeIgniter->run()
 6 SYSTEMPATH\Commands\Server\rewrite.php(43): require_once('FCPATH\\index.php')
CRITICAL - 2023-02-01 13:34:52 --> Illegal string offset 'idmachine'
in APPPATH\Controllers\Schedule.php on line 281.
 1 APPPATH\Controllers\Schedule.php(281): CodeIgniter\Debug\Exceptions->errorHandler(2, 'Illegal string offset \'idmachine\'', 'APPPATH\\Controllers\\Schedule.php', 281, [...])
 2 SYSTEMPATH\CodeIgniter.php(904): App\Controllers\Schedule->getmachineautoselect()
 3 SYSTEMPATH\CodeIgniter.php(457): CodeIgniter\CodeIgniter->runController(Object(App\Controllers\Schedule))
 4 SYSTEMPATH\CodeIgniter.php(340): CodeIgniter\CodeIgniter->handleRequest(null, Object(Config\Cache), false)
 5 FCPATH\index.php(67): CodeIgniter\CodeIgniter->run()
 6 SYSTEMPATH\Commands\Server\rewrite.php(43): require_once('FCPATH\\index.php')
CRITICAL - 2023-02-01 13:35:21 --> Illegal string offset 'idmachine'
in APPPATH\Controllers\Schedule.php on line 281.
 1 APPPATH\Controllers\Schedule.php(281): CodeIgniter\Debug\Exceptions->errorHandler(2, 'Illegal string offset \'idmachine\'', 'APPPATH\\Controllers\\Schedule.php', 281, [...])
 2 SYSTEMPATH\CodeIgniter.php(904): App\Controllers\Schedule->getmachineautoselect()
 3 SYSTEMPATH\CodeIgniter.php(457): CodeIgniter\CodeIgniter->runController(Object(App\Controllers\Schedule))
 4 SYSTEMPATH\CodeIgniter.php(340): CodeIgniter\CodeIgniter->handleRequest(null, Object(Config\Cache), false)
 5 FCPATH\index.php(67): CodeIgniter\CodeIgniter->run()
 6 SYSTEMPATH\Commands\Server\rewrite.php(43): require_once('FCPATH\\index.php')
CRITICAL - 2023-02-01 13:36:27 --> Illegal string offset 'idmachine'
in APPPATH\Controllers\Schedule.php on line 281.
 1 APPPATH\Controllers\Schedule.php(281): CodeIgniter\Debug\Exceptions->errorHandler(2, 'Illegal string offset \'idmachine\'', 'APPPATH\\Controllers\\Schedule.php', 281, [...])
 2 SYSTEMPATH\CodeIgniter.php(904): App\Controllers\Schedule->getmachineautoselect()
 3 SYSTEMPATH\CodeIgniter.php(457): CodeIgniter\CodeIgniter->runController(Object(App\Controllers\Schedule))
 4 SYSTEMPATH\CodeIgniter.php(340): CodeIgniter\CodeIgniter->handleRequest(null, Object(Config\Cache), false)
 5 FCPATH\index.php(67): CodeIgniter\CodeIgniter->run()
 6 SYSTEMPATH\Commands\Server\rewrite.php(43): require_once('FCPATH\\index.php')
CRITICAL - 2023-02-01 13:36:38 --> Illegal string offset 'idmachine'
in APPPATH\Controllers\Schedule.php on line 281.
 1 APPPATH\Controllers\Schedule.php(281): CodeIgniter\Debug\Exceptions->errorHandler(2, 'Illegal string offset \'idmachine\'', 'APPPATH\\Controllers\\Schedule.php', 281, [...])
 2 SYSTEMPATH\CodeIgniter.php(904): App\Controllers\Schedule->getmachineautoselect()
 3 SYSTEMPATH\CodeIgniter.php(457): CodeIgniter\CodeIgniter->runController(Object(App\Controllers\Schedule))
 4 SYSTEMPATH\CodeIgniter.php(340): CodeIgniter\CodeIgniter->handleRequest(null, Object(Config\Cache), false)
 5 FCPATH\index.php(67): CodeIgniter\CodeIgniter->run()
 6 SYSTEMPATH\Commands\Server\rewrite.php(43): require_once('FCPATH\\index.php')
CRITICAL - 2023-02-01 13:52:43 --> Illegal string offset 'idmachine'
in APPPATH\Controllers\Schedule.php on line 281.
 1 APPPATH\Controllers\Schedule.php(281): CodeIgniter\Debug\Exceptions->errorHandler(2, 'Illegal string offset \'idmachine\'', 'APPPATH\\Controllers\\Schedule.php', 281, [...])
 2 SYSTEMPATH\CodeIgniter.php(904): App\Controllers\Schedule->getmachineautoselect()
 3 SYSTEMPATH\CodeIgniter.php(457): CodeIgniter\CodeIgniter->runController(Object(App\Controllers\Schedule))
 4 SYSTEMPATH\CodeIgniter.php(340): CodeIgniter\CodeIgniter->handleRequest(null, Object(Config\Cache), false)
 5 FCPATH\index.php(67): CodeIgniter\CodeIgniter->run()
 6 SYSTEMPATH\Commands\Server\rewrite.php(43): require_once('FCPATH\\index.php')
CRITICAL - 2023-02-01 13:53:11 --> Illegal string offset 'idmachine'
in APPPATH\Controllers\Schedule.php on line 281.
 1 APPPATH\Controllers\Schedule.php(281): CodeIgniter\Debug\Exceptions->errorHandler(2, 'Illegal string offset \'idmachine\'', 'APPPATH\\Controllers\\Schedule.php', 281, [...])
 2 SYSTEMPATH\CodeIgniter.php(904): App\Controllers\Schedule->getmachineautoselect()
 3 SYSTEMPATH\CodeIgniter.php(457): CodeIgniter\CodeIgniter->runController(Object(App\Controllers\Schedule))
 4 SYSTEMPATH\CodeIgniter.php(340): CodeIgniter\CodeIgniter->handleRequest(null, Object(Config\Cache), false)
 5 FCPATH\index.php(67): CodeIgniter\CodeIgniter->run()
 6 SYSTEMPATH\Commands\Server\rewrite.php(43): require_once('FCPATH\\index.php')
CRITICAL - 2023-02-01 14:23:22 --> Illegal string offset 'idmachine'
in APPPATH\Controllers\Schedule.php on line 288.
 1 APPPATH\Controllers\Schedule.php(288): CodeIgniter\Debug\Exceptions->errorHandler(2, 'Illegal string offset \'idmachine\'', 'APPPATH\\Controllers\\Schedule.php', 288, [...])
 2 SYSTEMPATH\CodeIgniter.php(904): App\Controllers\Schedule->getmachineautoselect()
 3 SYSTEMPATH\CodeIgniter.php(457): CodeIgniter\CodeIgniter->runController(Object(App\Controllers\Schedule))
 4 SYSTEMPATH\CodeIgniter.php(340): CodeIgniter\CodeIgniter->handleRequest(null, Object(Config\Cache), false)
 5 FCPATH\index.php(67): CodeIgniter\CodeIgniter->run()
 6 SYSTEMPATH\Commands\Server\rewrite.php(43): require_once('FCPATH\\index.php')
CRITICAL - 2023-02-01 14:25:02 --> Illegal string offset 'idmachine'
in APPPATH\Controllers\Schedule.php on line 288.
 1 APPPATH\Controllers\Schedule.php(288): CodeIgniter\Debug\Exceptions->errorHandler(2, 'Illegal string offset \'idmachine\'', 'APPPATH\\Controllers\\Schedule.php', 288, [...])
 2 SYSTEMPATH\CodeIgniter.php(904): App\Controllers\Schedule->getmachineautoselect()
 3 SYSTEMPATH\CodeIgniter.php(457): CodeIgniter\CodeIgniter->runController(Object(App\Controllers\Schedule))
 4 SYSTEMPATH\CodeIgniter.php(340): CodeIgniter\CodeIgniter->handleRequest(null, Object(Config\Cache), false)
 5 FCPATH\index.php(67): CodeIgniter\CodeIgniter->run()
 6 SYSTEMPATH\Commands\Server\rewrite.php(43): require_once('FCPATH\\index.php')
CRITICAL - 2023-02-01 14:25:09 --> Array to string conversion
in APPPATH\Controllers\Schedule.php on line 294.
 1 APPPATH\Controllers\Schedule.php(294): CodeIgniter\Debug\Exceptions->errorHandler(8, 'Array to string conversion', 'APPPATH\\Controllers\\Schedule.php', 294, [...])
 2 SYSTEMPATH\CodeIgniter.php(904): App\Controllers\Schedule->getmachineautoselect()
 3 SYSTEMPATH\CodeIgniter.php(457): CodeIgniter\CodeIgniter->runController(Object(App\Controllers\Schedule))
 4 SYSTEMPATH\CodeIgniter.php(340): CodeIgniter\CodeIgniter->handleRequest(null, Object(Config\Cache), false)
 5 FCPATH\index.php(67): CodeIgniter\CodeIgniter->run()
 6 SYSTEMPATH\Commands\Server\rewrite.php(43): require_once('FCPATH\\index.php')
CRITICAL - 2023-02-01 14:25:57 --> Illegal string offset 'idmachine'
in APPPATH\Controllers\Schedule.php on line 288.
 1 APPPATH\Controllers\Schedule.php(288): CodeIgniter\Debug\Exceptions->errorHandler(2, 'Illegal string offset \'idmachine\'', 'APPPATH\\Controllers\\Schedule.php', 288, [...])
 2 SYSTEMPATH\CodeIgniter.php(904): App\Controllers\Schedule->getmachineautoselect()
 3 SYSTEMPATH\CodeIgniter.php(457): CodeIgniter\CodeIgniter->runController(Object(App\Controllers\Schedule))
 4 SYSTEMPATH\CodeIgniter.php(340): CodeIgniter\CodeIgniter->handleRequest(null, Object(Config\Cache), false)
 5 FCPATH\index.php(67): CodeIgniter\CodeIgniter->run()
 6 SYSTEMPATH\Commands\Server\rewrite.php(43): require_once('FCPATH\\index.php')
CRITICAL - 2023-02-01 14:27:32 --> Illegal string offset 'idmachine'
in APPPATH\Controllers\Schedule.php on line 288.
 1 APPPATH\Controllers\Schedule.php(288): CodeIgniter\Debug\Exceptions->errorHandler(2, 'Illegal string offset \'idmachine\'', 'APPPATH\\Controllers\\Schedule.php', 288, [...])
 2 SYSTEMPATH\CodeIgniter.php(904): App\Controllers\Schedule->getmachineautoselect()
 3 SYSTEMPATH\CodeIgniter.php(457): CodeIgniter\CodeIgniter->runController(Object(App\Controllers\Schedule))
 4 SYSTEMPATH\CodeIgniter.php(340): CodeIgniter\CodeIgniter->handleRequest(null, Object(Config\Cache), false)
 5 FCPATH\index.php(67): CodeIgniter\CodeIgniter->run()
 6 SYSTEMPATH\Commands\Server\rewrite.php(43): require_once('FCPATH\\index.php')
CRITICAL - 2023-02-01 14:28:28 --> Illegal string offset 'idmachine'
in APPPATH\Controllers\Schedule.php on line 288.
 1 APPPATH\Controllers\Schedule.php(288): CodeIgniter\Debug\Exceptions->errorHandler(2, 'Illegal string offset \'idmachine\'', 'APPPATH\\Controllers\\Schedule.php', 288, [...])
 2 SYSTEMPATH\CodeIgniter.php(904): App\Controllers\Schedule->getmachineautoselect()
 3 SYSTEMPATH\CodeIgniter.php(457): CodeIgniter\CodeIgniter->runController(Object(App\Controllers\Schedule))
 4 SYSTEMPATH\CodeIgniter.php(340): CodeIgniter\CodeIgniter->handleRequest(null, Object(Config\Cache), false)
 5 FCPATH\index.php(67): CodeIgniter\CodeIgniter->run()
 6 SYSTEMPATH\Commands\Server\rewrite.php(43): require_once('FCPATH\\index.php')
CRITICAL - 2023-02-01 14:29:30 --> Undefined variable: mcn
in APPPATH\Controllers\Schedule.php on line 291.
 1 APPPATH\Controllers\Schedule.php(291): CodeIgniter\Debug\Exceptions->errorHandler(8, 'Undefined variable: mcn', 'APPPATH\\Controllers\\Schedule.php', 291, [...])
 2 SYSTEMPATH\CodeIgniter.php(904): App\Controllers\Schedule->getmachineautoselect()
 3 SYSTEMPATH\CodeIgniter.php(457): CodeIgniter\CodeIgniter->runController(Object(App\Controllers\Schedule))
 4 SYSTEMPATH\CodeIgniter.php(340): CodeIgniter\CodeIgniter->handleRequest(null, Object(Config\Cache), false)
 5 FCPATH\index.php(67): CodeIgniter\CodeIgniter->run()
 6 SYSTEMPATH\Commands\Server\rewrite.php(43): require_once('FCPATH\\index.php')
CRITICAL - 2023-02-01 14:30:30 --> Illegal string offset 'idmachine'
in APPPATH\Controllers\Schedule.php on line 286.
 1 APPPATH\Controllers\Schedule.php(286): CodeIgniter\Debug\Exceptions->errorHandler(2, 'Illegal string offset \'idmachine\'', 'APPPATH\\Controllers\\Schedule.php', 286, [...])
 2 SYSTEMPATH\CodeIgniter.php(904): App\Controllers\Schedule->getmachineautoselect()
 3 SYSTEMPATH\CodeIgniter.php(457): CodeIgniter\CodeIgniter->runController(Object(App\Controllers\Schedule))
 4 SYSTEMPATH\CodeIgniter.php(340): CodeIgniter\CodeIgniter->handleRequest(null, Object(Config\Cache), false)
 5 FCPATH\index.php(67): CodeIgniter\CodeIgniter->run()
 6 SYSTEMPATH\Commands\Server\rewrite.php(43): require_once('FCPATH\\index.php')
CRITICAL - 2023-02-01 14:31:59 --> Undefined index: idmachine
in APPPATH\Controllers\Schedule.php on line 285.
 1 APPPATH\Controllers\Schedule.php(285): CodeIgniter\Debug\Exceptions->errorHandler(8, 'Undefined index: idmachine', 'APPPATH\\Controllers\\Schedule.php', 285, [...])
 2 SYSTEMPATH\CodeIgniter.php(904): App\Controllers\Schedule->getmachineautoselect()
 3 SYSTEMPATH\CodeIgniter.php(457): CodeIgniter\CodeIgniter->runController(Object(App\Controllers\Schedule))
 4 SYSTEMPATH\CodeIgniter.php(340): CodeIgniter\CodeIgniter->handleRequest(null, Object(Config\Cache), false)
 5 FCPATH\index.php(67): CodeIgniter\CodeIgniter->run()
 6 SYSTEMPATH\Commands\Server\rewrite.php(43): require_once('FCPATH\\index.php')
CRITICAL - 2023-02-01 14:32:44 --> Undefined index: idmachine
in APPPATH\Controllers\Schedule.php on line 285.
 1 APPPATH\Controllers\Schedule.php(285): CodeIgniter\Debug\Exceptions->errorHandler(8, 'Undefined index: idmachine', 'APPPATH\\Controllers\\Schedule.php', 285, [...])
 2 SYSTEMPATH\CodeIgniter.php(904): App\Controllers\Schedule->getmachineautoselect()
 3 SYSTEMPATH\CodeIgniter.php(457): CodeIgniter\CodeIgniter->runController(Object(App\Controllers\Schedule))
 4 SYSTEMPATH\CodeIgniter.php(340): CodeIgniter\CodeIgniter->handleRequest(null, Object(Config\Cache), false)
 5 FCPATH\index.php(67): CodeIgniter\CodeIgniter->run()
 6 SYSTEMPATH\Commands\Server\rewrite.php(43): require_once('FCPATH\\index.php')
CRITICAL - 2023-02-01 14:33:02 --> Undefined variable: mcn
in APPPATH\Controllers\Schedule.php on line 291.
 1 APPPATH\Controllers\Schedule.php(291): CodeIgniter\Debug\Exceptions->errorHandler(8, 'Undefined variable: mcn', 'APPPATH\\Controllers\\Schedule.php', 291, [...])
 2 SYSTEMPATH\CodeIgniter.php(904): App\Controllers\Schedule->getmachineautoselect()
 3 SYSTEMPATH\CodeIgniter.php(457): CodeIgniter\CodeIgniter->runController(Object(App\Controllers\Schedule))
 4 SYSTEMPATH\CodeIgniter.php(340): CodeIgniter\CodeIgniter->handleRequest(null, Object(Config\Cache), false)
 5 FCPATH\index.php(67): CodeIgniter\CodeIgniter->run()
 6 SYSTEMPATH\Commands\Server\rewrite.php(43): require_once('FCPATH\\index.php')
CRITICAL - 2023-02-01 14:37:40 --> Illegal string offset 'idmachine'
in APPPATH\Controllers\Schedule.php on line 287.
 1 APPPATH\Controllers\Schedule.php(287): CodeIgniter\Debug\Exceptions->errorHandler(2, 'Illegal string offset \'idmachine\'', 'APPPATH\\Controllers\\Schedule.php', 287, [...])
 2 SYSTEMPATH\CodeIgniter.php(904): App\Controllers\Schedule->getmachineautoselect()
 3 SYSTEMPATH\CodeIgniter.php(457): CodeIgniter\CodeIgniter->runController(Object(App\Controllers\Schedule))
 4 SYSTEMPATH\CodeIgniter.php(340): CodeIgniter\CodeIgniter->handleRequest(null, Object(Config\Cache), false)
 5 FCPATH\index.php(67): CodeIgniter\CodeIgniter->run()
 6 SYSTEMPATH\Commands\Server\rewrite.php(43): require_once('FCPATH\\index.php')
CRITICAL - 2023-02-01 14:37:58 --> Illegal string offset 'idmachine'
in APPPATH\Controllers\Schedule.php on line 287.
 1 APPPATH\Controllers\Schedule.php(287): CodeIgniter\Debug\Exceptions->errorHandler(2, 'Illegal string offset \'idmachine\'', 'APPPATH\\Controllers\\Schedule.php', 287, [...])
 2 SYSTEMPATH\CodeIgniter.php(904): App\Controllers\Schedule->getmachineautoselect()
 3 SYSTEMPATH\CodeIgniter.php(457): CodeIgniter\CodeIgniter->runController(Object(App\Controllers\Schedule))
 4 SYSTEMPATH\CodeIgniter.php(340): CodeIgniter\CodeIgniter->handleRequest(null, Object(Config\Cache), false)
 5 FCPATH\index.php(67): CodeIgniter\CodeIgniter->run()
 6 SYSTEMPATH\Commands\Server\rewrite.php(43): require_once('FCPATH\\index.php')
CRITICAL - 2023-02-01 14:38:03 --> Illegal string offset 'idmachine'
in APPPATH\Controllers\Schedule.php on line 287.
 1 APPPATH\Controllers\Schedule.php(287): CodeIgniter\Debug\Exceptions->errorHandler(2, 'Illegal string offset \'idmachine\'', 'APPPATH\\Controllers\\Schedule.php', 287, [...])
 2 SYSTEMPATH\CodeIgniter.php(904): App\Controllers\Schedule->getmachineautoselect()
 3 SYSTEMPATH\CodeIgniter.php(457): CodeIgniter\CodeIgniter->runController(Object(App\Controllers\Schedule))
 4 SYSTEMPATH\CodeIgniter.php(340): CodeIgniter\CodeIgniter->handleRequest(null, Object(Config\Cache), false)
 5 FCPATH\index.php(67): CodeIgniter\CodeIgniter->run()
 6 SYSTEMPATH\Commands\Server\rewrite.php(43): require_once('FCPATH\\index.php')
CRITICAL - 2023-02-01 14:41:57 --> Illegal string offset 'idmachine'
in APPPATH\Controllers\Schedule.php on line 287.
 1 APPPATH\Controllers\Schedule.php(287): CodeIgniter\Debug\Exceptions->errorHandler(2, 'Illegal string offset \'idmachine\'', 'APPPATH\\Controllers\\Schedule.php', 287, [...])
 2 SYSTEMPATH\CodeIgniter.php(904): App\Controllers\Schedule->getmachineautoselect()
 3 SYSTEMPATH\CodeIgniter.php(457): CodeIgniter\CodeIgniter->runController(Object(App\Controllers\Schedule))
 4 SYSTEMPATH\CodeIgniter.php(340): CodeIgniter\CodeIgniter->handleRequest(null, Object(Config\Cache), false)
 5 FCPATH\index.php(67): CodeIgniter\CodeIgniter->run()
 6 SYSTEMPATH\Commands\Server\rewrite.php(43): require_once('FCPATH\\index.php')
CRITICAL - 2023-02-01 14:42:00 --> Illegal string offset 'idmachine'
in APPPATH\Controllers\Schedule.php on line 287.
 1 APPPATH\Controllers\Schedule.php(287): CodeIgniter\Debug\Exceptions->errorHandler(2, 'Illegal string offset \'idmachine\'', 'APPPATH\\Controllers\\Schedule.php', 287, [...])
 2 SYSTEMPATH\CodeIgniter.php(904): App\Controllers\Schedule->getmachineautoselect()
 3 SYSTEMPATH\CodeIgniter.php(457): CodeIgniter\CodeIgniter->runController(Object(App\Controllers\Schedule))
 4 SYSTEMPATH\CodeIgniter.php(340): CodeIgniter\CodeIgniter->handleRequest(null, Object(Config\Cache), false)
 5 FCPATH\index.php(67): CodeIgniter\CodeIgniter->run()
 6 SYSTEMPATH\Commands\Server\rewrite.php(43): require_once('FCPATH\\index.php')
CRITICAL - 2023-02-01 14:42:56 --> Undefined index: idmachine
in APPPATH\Controllers\Schedule.php on line 288.
 1 APPPATH\Controllers\Schedule.php(288): CodeIgniter\Debug\Exceptions->errorHandler(8, 'Undefined index: idmachine', 'APPPATH\\Controllers\\Schedule.php', 288, [...])
 2 SYSTEMPATH\CodeIgniter.php(904): App\Controllers\Schedule->getmachineautoselect()
 3 SYSTEMPATH\CodeIgniter.php(457): CodeIgniter\CodeIgniter->runController(Object(App\Controllers\Schedule))
 4 SYSTEMPATH\CodeIgniter.php(340): CodeIgniter\CodeIgniter->handleRequest(null, Object(Config\Cache), false)
 5 FCPATH\index.php(67): CodeIgniter\CodeIgniter->run()
 6 SYSTEMPATH\Commands\Server\rewrite.php(43): require_once('FCPATH\\index.php')
CRITICAL - 2023-02-01 14:45:04 --> Illegal string offset 'idmachine'
in APPPATH\Controllers\Schedule.php on line 287.
 1 APPPATH\Controllers\Schedule.php(287): CodeIgniter\Debug\Exceptions->errorHandler(2, 'Illegal string offset \'idmachine\'', 'APPPATH\\Controllers\\Schedule.php', 287, [...])
 2 SYSTEMPATH\CodeIgniter.php(904): App\Controllers\Schedule->getmachineautoselect()
 3 SYSTEMPATH\CodeIgniter.php(457): CodeIgniter\CodeIgniter->runController(Object(App\Controllers\Schedule))
 4 SYSTEMPATH\CodeIgniter.php(340): CodeIgniter\CodeIgniter->handleRequest(null, Object(Config\Cache), false)
 5 FCPATH\index.php(67): CodeIgniter\CodeIgniter->run()
 6 SYSTEMPATH\Commands\Server\rewrite.php(43): require_once('FCPATH\\index.php')
CRITICAL - 2023-02-01 14:45:10 --> Illegal string offset 'idmachine'
in APPPATH\Controllers\Schedule.php on line 287.
 1 APPPATH\Controllers\Schedule.php(287): CodeIgniter\Debug\Exceptions->errorHandler(2, 'Illegal string offset \'idmachine\'', 'APPPATH\\Controllers\\Schedule.php', 287, [...])
 2 SYSTEMPATH\CodeIgniter.php(904): App\Controllers\Schedule->getmachineautoselect()
 3 SYSTEMPATH\CodeIgniter.php(457): CodeIgniter\CodeIgniter->runController(Object(App\Controllers\Schedule))
 4 SYSTEMPATH\CodeIgniter.php(340): CodeIgniter\CodeIgniter->handleRequest(null, Object(Config\Cache), false)
 5 FCPATH\index.php(67): CodeIgniter\CodeIgniter->run()
 6 SYSTEMPATH\Commands\Server\rewrite.php(43): require_once('FCPATH\\index.php')
CRITICAL - 2023-02-01 14:45:17 --> Illegal string offset 'idmachine'
in APPPATH\Controllers\Schedule.php on line 287.
 1 APPPATH\Controllers\Schedule.php(287): CodeIgniter\Debug\Exceptions->errorHandler(2, 'Illegal string offset \'idmachine\'', 'APPPATH\\Controllers\\Schedule.php', 287, [...])
 2 SYSTEMPATH\CodeIgniter.php(904): App\Controllers\Schedule->getmachineautoselect()
 3 SYSTEMPATH\CodeIgniter.php(457): CodeIgniter\CodeIgniter->runController(Object(App\Controllers\Schedule))
 4 SYSTEMPATH\CodeIgniter.php(340): CodeIgniter\CodeIgniter->handleRequest(null, Object(Config\Cache), false)
 5 FCPATH\index.php(67): CodeIgniter\CodeIgniter->run()
 6 SYSTEMPATH\Commands\Server\rewrite.php(43): require_once('FCPATH\\index.php')
CRITICAL - 2023-02-01 14:45:36 --> Illegal string offset 'idmachine'
in APPPATH\Controllers\Schedule.php on line 287.
 1 APPPATH\Controllers\Schedule.php(287): CodeIgniter\Debug\Exceptions->errorHandler(2, 'Illegal string offset \'idmachine\'', 'APPPATH\\Controllers\\Schedule.php', 287, [...])
 2 SYSTEMPATH\CodeIgniter.php(904): App\Controllers\Schedule->getmachineautoselect()
 3 SYSTEMPATH\CodeIgniter.php(457): CodeIgniter\CodeIgniter->runController(Object(App\Controllers\Schedule))
 4 SYSTEMPATH\CodeIgniter.php(340): CodeIgniter\CodeIgniter->handleRequest(null, Object(Config\Cache), false)
 5 FCPATH\index.php(67): CodeIgniter\CodeIgniter->run()
 6 SYSTEMPATH\Commands\Server\rewrite.php(43): require_once('FCPATH\\index.php')
CRITICAL - 2023-02-01 14:45:38 --> Illegal string offset 'idmachine'
in APPPATH\Controllers\Schedule.php on line 287.
 1 APPPATH\Controllers\Schedule.php(287): CodeIgniter\Debug\Exceptions->errorHandler(2, 'Illegal string offset \'idmachine\'', 'APPPATH\\Controllers\\Schedule.php', 287, [...])
 2 SYSTEMPATH\CodeIgniter.php(904): App\Controllers\Schedule->getmachineautoselect()
 3 SYSTEMPATH\CodeIgniter.php(457): CodeIgniter\CodeIgniter->runController(Object(App\Controllers\Schedule))
 4 SYSTEMPATH\CodeIgniter.php(340): CodeIgniter\CodeIgniter->handleRequest(null, Object(Config\Cache), false)
 5 FCPATH\index.php(67): CodeIgniter\CodeIgniter->run()
 6 SYSTEMPATH\Commands\Server\rewrite.php(43): require_once('FCPATH\\index.php')
CRITICAL - 2023-02-01 14:45:45 --> Illegal string offset 'idmachine'
in APPPATH\Controllers\Schedule.php on line 287.
 1 APPPATH\Controllers\Schedule.php(287): CodeIgniter\Debug\Exceptions->errorHandler(2, 'Illegal string offset \'idmachine\'', 'APPPATH\\Controllers\\Schedule.php', 287, [...])
 2 SYSTEMPATH\CodeIgniter.php(904): App\Controllers\Schedule->getmachineautoselect()
 3 SYSTEMPATH\CodeIgniter.php(457): CodeIgniter\CodeIgniter->runController(Object(App\Controllers\Schedule))
 4 SYSTEMPATH\CodeIgniter.php(340): CodeIgniter\CodeIgniter->handleRequest(null, Object(Config\Cache), false)
 5 FCPATH\index.php(67): CodeIgniter\CodeIgniter->run()
 6 SYSTEMPATH\Commands\Server\rewrite.php(43): require_once('FCPATH\\index.php')
CRITICAL - 2023-02-01 14:45:46 --> Illegal string offset 'idmachine'
in APPPATH\Controllers\Schedule.php on line 287.
 1 APPPATH\Controllers\Schedule.php(287): CodeIgniter\Debug\Exceptions->errorHandler(2, 'Illegal string offset \'idmachine\'', 'APPPATH\\Controllers\\Schedule.php', 287, [...])
 2 SYSTEMPATH\CodeIgniter.php(904): App\Controllers\Schedule->getmachineautoselect()
 3 SYSTEMPATH\CodeIgniter.php(457): CodeIgniter\CodeIgniter->runController(Object(App\Controllers\Schedule))
 4 SYSTEMPATH\CodeIgniter.php(340): CodeIgniter\CodeIgniter->handleRequest(null, Object(Config\Cache), false)
 5 FCPATH\index.php(67): CodeIgniter\CodeIgniter->run()
 6 SYSTEMPATH\Commands\Server\rewrite.php(43): require_once('FCPATH\\index.php')
CRITICAL - 2023-02-01 14:45:47 --> Illegal string offset 'idmachine'
in APPPATH\Controllers\Schedule.php on line 287.
 1 APPPATH\Controllers\Schedule.php(287): CodeIgniter\Debug\Exceptions->errorHandler(2, 'Illegal string offset \'idmachine\'', 'APPPATH\\Controllers\\Schedule.php', 287, [...])
 2 SYSTEMPATH\CodeIgniter.php(904): App\Controllers\Schedule->getmachineautoselect()
 3 SYSTEMPATH\CodeIgniter.php(457): CodeIgniter\CodeIgniter->runController(Object(App\Controllers\Schedule))
 4 SYSTEMPATH\CodeIgniter.php(340): CodeIgniter\CodeIgniter->handleRequest(null, Object(Config\Cache), false)
 5 FCPATH\index.php(67): CodeIgniter\CodeIgniter->run()
 6 SYSTEMPATH\Commands\Server\rewrite.php(43): require_once('FCPATH\\index.php')
CRITICAL - 2023-02-01 14:46:40 --> Illegal string offset 'idmachine'
in APPPATH\Controllers\Schedule.php on line 287.
 1 APPPATH\Controllers\Schedule.php(287): CodeIgniter\Debug\Exceptions->errorHandler(2, 'Illegal string offset \'idmachine\'', 'APPPATH\\Controllers\\Schedule.php', 287, [...])
 2 SYSTEMPATH\CodeIgniter.php(904): App\Controllers\Schedule->getmachineautoselect()
 3 SYSTEMPATH\CodeIgniter.php(457): CodeIgniter\CodeIgniter->runController(Object(App\Controllers\Schedule))
 4 SYSTEMPATH\CodeIgniter.php(340): CodeIgniter\CodeIgniter->handleRequest(null, Object(Config\Cache), false)
 5 FCPATH\index.php(67): CodeIgniter\CodeIgniter->run()
 6 SYSTEMPATH\Commands\Server\rewrite.php(43): require_once('FCPATH\\index.php')
CRITICAL - 2023-02-01 14:46:41 --> Illegal string offset 'idmachine'
in APPPATH\Controllers\Schedule.php on line 287.
 1 APPPATH\Controllers\Schedule.php(287): CodeIgniter\Debug\Exceptions->errorHandler(2, 'Illegal string offset \'idmachine\'', 'APPPATH\\Controllers\\Schedule.php', 287, [...])
 2 SYSTEMPATH\CodeIgniter.php(904): App\Controllers\Schedule->getmachineautoselect()
 3 SYSTEMPATH\CodeIgniter.php(457): CodeIgniter\CodeIgniter->runController(Object(App\Controllers\Schedule))
 4 SYSTEMPATH\CodeIgniter.php(340): CodeIgniter\CodeIgniter->handleRequest(null, Object(Config\Cache), false)
 5 FCPATH\index.php(67): CodeIgniter\CodeIgniter->run()
 6 SYSTEMPATH\Commands\Server\rewrite.php(43): require_once('FCPATH\\index.php')
CRITICAL - 2023-02-01 14:46:42 --> Illegal string offset 'idmachine'
in APPPATH\Controllers\Schedule.php on line 287.
 1 APPPATH\Controllers\Schedule.php(287): CodeIgniter\Debug\Exceptions->errorHandler(2, 'Illegal string offset \'idmachine\'', 'APPPATH\\Controllers\\Schedule.php', 287, [...])
 2 SYSTEMPATH\CodeIgniter.php(904): App\Controllers\Schedule->getmachineautoselect()
 3 SYSTEMPATH\CodeIgniter.php(457): CodeIgniter\CodeIgniter->runController(Object(App\Controllers\Schedule))
 4 SYSTEMPATH\CodeIgniter.php(340): CodeIgniter\CodeIgniter->handleRequest(null, Object(Config\Cache), false)
 5 FCPATH\index.php(67): CodeIgniter\CodeIgniter->run()
 6 SYSTEMPATH\Commands\Server\rewrite.php(43): require_once('FCPATH\\index.php')
CRITICAL - 2023-02-01 14:46:56 --> Illegal string offset 'idmachine'
in APPPATH\Controllers\Schedule.php on line 287.
 1 APPPATH\Controllers\Schedule.php(287): CodeIgniter\Debug\Exceptions->errorHandler(2, 'Illegal string offset \'idmachine\'', 'APPPATH\\Controllers\\Schedule.php', 287, [...])
 2 SYSTEMPATH\CodeIgniter.php(904): App\Controllers\Schedule->getmachineautoselect()
 3 SYSTEMPATH\CodeIgniter.php(457): CodeIgniter\CodeIgniter->runController(Object(App\Controllers\Schedule))
 4 SYSTEMPATH\CodeIgniter.php(340): CodeIgniter\CodeIgniter->handleRequest(null, Object(Config\Cache), false)
 5 FCPATH\index.php(67): CodeIgniter\CodeIgniter->run()
 6 SYSTEMPATH\Commands\Server\rewrite.php(43): require_once('FCPATH\\index.php')
CRITICAL - 2023-02-01 14:47:00 --> Illegal string offset 'idmachine'
in APPPATH\Controllers\Schedule.php on line 287.
 1 APPPATH\Controllers\Schedule.php(287): CodeIgniter\Debug\Exceptions->errorHandler(2, 'Illegal string offset \'idmachine\'', 'APPPATH\\Controllers\\Schedule.php', 287, [...])
 2 SYSTEMPATH\CodeIgniter.php(904): App\Controllers\Schedule->getmachineautoselect()
 3 SYSTEMPATH\CodeIgniter.php(457): CodeIgniter\CodeIgniter->runController(Object(App\Controllers\Schedule))
 4 SYSTEMPATH\CodeIgniter.php(340): CodeIgniter\CodeIgniter->handleRequest(null, Object(Config\Cache), false)
 5 FCPATH\index.php(67): CodeIgniter\CodeIgniter->run()
 6 SYSTEMPATH\Commands\Server\rewrite.php(43): require_once('FCPATH\\index.php')
CRITICAL - 2023-02-01 14:47:02 --> Illegal string offset 'idmachine'
in APPPATH\Controllers\Schedule.php on line 287.
 1 APPPATH\Controllers\Schedule.php(287): CodeIgniter\Debug\Exceptions->errorHandler(2, 'Illegal string offset \'idmachine\'', 'APPPATH\\Controllers\\Schedule.php', 287, [...])
 2 SYSTEMPATH\CodeIgniter.php(904): App\Controllers\Schedule->getmachineautoselect()
 3 SYSTEMPATH\CodeIgniter.php(457): CodeIgniter\CodeIgniter->runController(Object(App\Controllers\Schedule))
 4 SYSTEMPATH\CodeIgniter.php(340): CodeIgniter\CodeIgniter->handleRequest(null, Object(Config\Cache), false)
 5 FCPATH\index.php(67): CodeIgniter\CodeIgniter->run()
 6 SYSTEMPATH\Commands\Server\rewrite.php(43): require_once('FCPATH\\index.php')
CRITICAL - 2023-02-01 14:47:08 --> Illegal string offset 'idmachine'
in APPPATH\Controllers\Schedule.php on line 287.
 1 APPPATH\Controllers\Schedule.php(287): CodeIgniter\Debug\Exceptions->errorHandler(2, 'Illegal string offset \'idmachine\'', 'APPPATH\\Controllers\\Schedule.php', 287, [...])
 2 SYSTEMPATH\CodeIgniter.php(904): App\Controllers\Schedule->getmachineautoselect()
 3 SYSTEMPATH\CodeIgniter.php(457): CodeIgniter\CodeIgniter->runController(Object(App\Controllers\Schedule))
 4 SYSTEMPATH\CodeIgniter.php(340): CodeIgniter\CodeIgniter->handleRequest(null, Object(Config\Cache), false)
 5 FCPATH\index.php(67): CodeIgniter\CodeIgniter->run()
 6 SYSTEMPATH\Commands\Server\rewrite.php(43): require_once('FCPATH\\index.php')
CRITICAL - 2023-02-01 14:54:44 --> Illegal string offset 'idmachine'
in APPPATH\Controllers\Schedule.php on line 289.
 1 APPPATH\Controllers\Schedule.php(289): CodeIgniter\Debug\Exceptions->errorHandler(2, 'Illegal string offset \'idmachine\'', 'APPPATH\\Controllers\\Schedule.php', 289, [...])
 2 SYSTEMPATH\CodeIgniter.php(904): App\Controllers\Schedule->getmachineautoselect()
 3 SYSTEMPATH\CodeIgniter.php(457): CodeIgniter\CodeIgniter->runController(Object(App\Controllers\Schedule))
 4 SYSTEMPATH\CodeIgniter.php(340): CodeIgniter\CodeIgniter->handleRequest(null, Object(Config\Cache), false)
 5 FCPATH\index.php(67): CodeIgniter\CodeIgniter->run()
 6 SYSTEMPATH\Commands\Server\rewrite.php(43): require_once('FCPATH\\index.php')
CRITICAL - 2023-02-01 14:54:48 --> Illegal string offset 'idmachine'
in APPPATH\Controllers\Schedule.php on line 289.
 1 APPPATH\Controllers\Schedule.php(289): CodeIgniter\Debug\Exceptions->errorHandler(2, 'Illegal string offset \'idmachine\'', 'APPPATH\\Controllers\\Schedule.php', 289, [...])
 2 SYSTEMPATH\CodeIgniter.php(904): App\Controllers\Schedule->getmachineautoselect()
 3 SYSTEMPATH\CodeIgniter.php(457): CodeIgniter\CodeIgniter->runController(Object(App\Controllers\Schedule))
 4 SYSTEMPATH\CodeIgniter.php(340): CodeIgniter\CodeIgniter->handleRequest(null, Object(Config\Cache), false)
 5 FCPATH\index.php(67): CodeIgniter\CodeIgniter->run()
 6 SYSTEMPATH\Commands\Server\rewrite.php(43): require_once('FCPATH\\index.php')
CRITICAL - 2023-02-01 15:13:15 --> Illegal string offset 'idmachine'
in APPPATH\Controllers\Schedule.php on line 286.
 1 APPPATH\Controllers\Schedule.php(286): CodeIgniter\Debug\Exceptions->errorHandler(2, 'Illegal string offset \'idmachine\'', 'APPPATH\\Controllers\\Schedule.php', 286, [...])
 2 SYSTEMPATH\CodeIgniter.php(904): App\Controllers\Schedule->getmachineautoselect()
 3 SYSTEMPATH\CodeIgniter.php(457): CodeIgniter\CodeIgniter->runController(Object(App\Controllers\Schedule))
 4 SYSTEMPATH\CodeIgniter.php(340): CodeIgniter\CodeIgniter->handleRequest(null, Object(Config\Cache), false)
 5 FCPATH\index.php(67): CodeIgniter\CodeIgniter->run()
 6 SYSTEMPATH\Commands\Server\rewrite.php(43): require_once('FCPATH\\index.php')
CRITICAL - 2023-02-01 15:13:59 --> Illegal string offset 'idmachine'
in APPPATH\Controllers\Schedule.php on line 286.
 1 APPPATH\Controllers\Schedule.php(286): CodeIgniter\Debug\Exceptions->errorHandler(2, 'Illegal string offset \'idmachine\'', 'APPPATH\\Controllers\\Schedule.php', 286, [...])
 2 SYSTEMPATH\CodeIgniter.php(904): App\Controllers\Schedule->getmachineautoselect()
 3 SYSTEMPATH\CodeIgniter.php(457): CodeIgniter\CodeIgniter->runController(Object(App\Controllers\Schedule))
 4 SYSTEMPATH\CodeIgniter.php(340): CodeIgniter\CodeIgniter->handleRequest(null, Object(Config\Cache), false)
 5 FCPATH\index.php(67): CodeIgniter\CodeIgniter->run()
 6 SYSTEMPATH\Commands\Server\rewrite.php(43): require_once('FCPATH\\index.php')
CRITICAL - 2023-02-01 15:14:03 --> Illegal string offset 'idmachine'
in APPPATH\Controllers\Schedule.php on line 286.
 1 APPPATH\Controllers\Schedule.php(286): CodeIgniter\Debug\Exceptions->errorHandler(2, 'Illegal string offset \'idmachine\'', 'APPPATH\\Controllers\\Schedule.php', 286, [...])
 2 SYSTEMPATH\CodeIgniter.php(904): App\Controllers\Schedule->getmachineautoselect()
 3 SYSTEMPATH\CodeIgniter.php(457): CodeIgniter\CodeIgniter->runController(Object(App\Controllers\Schedule))
 4 SYSTEMPATH\CodeIgniter.php(340): CodeIgniter\CodeIgniter->handleRequest(null, Object(Config\Cache), false)
 5 FCPATH\index.php(67): CodeIgniter\CodeIgniter->run()
 6 SYSTEMPATH\Commands\Server\rewrite.php(43): require_once('FCPATH\\index.php')
CRITICAL - 2023-02-01 15:15:08 --> Illegal string offset 'idmachine'
in APPPATH\Controllers\Schedule.php on line 285.
 1 APPPATH\Controllers\Schedule.php(285): CodeIgniter\Debug\Exceptions->errorHandler(2, 'Illegal string offset \'idmachine\'', 'APPPATH\\Controllers\\Schedule.php', 285, [...])
 2 SYSTEMPATH\CodeIgniter.php(904): App\Controllers\Schedule->getmachineautoselect()
 3 SYSTEMPATH\CodeIgniter.php(457): CodeIgniter\CodeIgniter->runController(Object(App\Controllers\Schedule))
 4 SYSTEMPATH\CodeIgniter.php(340): CodeIgniter\CodeIgniter->handleRequest(null, Object(Config\Cache), false)
 5 FCPATH\index.php(67): CodeIgniter\CodeIgniter->run()
 6 SYSTEMPATH\Commands\Server\rewrite.php(43): require_once('FCPATH\\index.php')
CRITICAL - 2023-02-01 15:15:11 --> Illegal string offset 'idmachine'
in APPPATH\Controllers\Schedule.php on line 285.
 1 APPPATH\Controllers\Schedule.php(285): CodeIgniter\Debug\Exceptions->errorHandler(2, 'Illegal string offset \'idmachine\'', 'APPPATH\\Controllers\\Schedule.php', 285, [...])
 2 SYSTEMPATH\CodeIgniter.php(904): App\Controllers\Schedule->getmachineautoselect()
 3 SYSTEMPATH\CodeIgniter.php(457): CodeIgniter\CodeIgniter->runController(Object(App\Controllers\Schedule))
 4 SYSTEMPATH\CodeIgniter.php(340): CodeIgniter\CodeIgniter->handleRequest(null, Object(Config\Cache), false)
 5 FCPATH\index.php(67): CodeIgniter\CodeIgniter->run()
 6 SYSTEMPATH\Commands\Server\rewrite.php(43): require_once('FCPATH\\index.php')
CRITICAL - 2023-02-01 15:15:19 --> Illegal string offset 'idmachine'
in APPPATH\Controllers\Schedule.php on line 285.
 1 APPPATH\Controllers\Schedule.php(285): CodeIgniter\Debug\Exceptions->errorHandler(2, 'Illegal string offset \'idmachine\'', 'APPPATH\\Controllers\\Schedule.php', 285, [...])
 2 SYSTEMPATH\CodeIgniter.php(904): App\Controllers\Schedule->getmachineautoselect()
 3 SYSTEMPATH\CodeIgniter.php(457): CodeIgniter\CodeIgniter->runController(Object(App\Controllers\Schedule))
 4 SYSTEMPATH\CodeIgniter.php(340): CodeIgniter\CodeIgniter->handleRequest(null, Object(Config\Cache), false)
 5 FCPATH\index.php(67): CodeIgniter\CodeIgniter->run()
 6 SYSTEMPATH\Commands\Server\rewrite.php(43): require_once('FCPATH\\index.php')
CRITICAL - 2023-02-01 15:15:20 --> Illegal string offset 'idmachine'
in APPPATH\Controllers\Schedule.php on line 285.
 1 APPPATH\Controllers\Schedule.php(285): CodeIgniter\Debug\Exceptions->errorHandler(2, 'Illegal string offset \'idmachine\'', 'APPPATH\\Controllers\\Schedule.php', 285, [...])
 2 SYSTEMPATH\CodeIgniter.php(904): App\Controllers\Schedule->getmachineautoselect()
 3 SYSTEMPATH\CodeIgniter.php(457): CodeIgniter\CodeIgniter->runController(Object(App\Controllers\Schedule))
 4 SYSTEMPATH\CodeIgniter.php(340): CodeIgniter\CodeIgniter->handleRequest(null, Object(Config\Cache), false)
 5 FCPATH\index.php(67): CodeIgniter\CodeIgniter->run()
 6 SYSTEMPATH\Commands\Server\rewrite.php(43): require_once('FCPATH\\index.php')
CRITICAL - 2023-02-01 15:15:32 --> Illegal string offset 'idmachine'
in APPPATH\Controllers\Schedule.php on line 285.
 1 APPPATH\Controllers\Schedule.php(285): CodeIgniter\Debug\Exceptions->errorHandler(2, 'Illegal string offset \'idmachine\'', 'APPPATH\\Controllers\\Schedule.php', 285, [...])
 2 SYSTEMPATH\CodeIgniter.php(904): App\Controllers\Schedule->getmachineautoselect()
 3 SYSTEMPATH\CodeIgniter.php(457): CodeIgniter\CodeIgniter->runController(Object(App\Controllers\Schedule))
 4 SYSTEMPATH\CodeIgniter.php(340): CodeIgniter\CodeIgniter->handleRequest(null, Object(Config\Cache), false)
 5 FCPATH\index.php(67): CodeIgniter\CodeIgniter->run()
 6 SYSTEMPATH\Commands\Server\rewrite.php(43): require_once('FCPATH\\index.php')
CRITICAL - 2023-02-01 15:15:48 --> Illegal string offset 'idmachine'
in APPPATH\Controllers\Schedule.php on line 285.
 1 APPPATH\Controllers\Schedule.php(285): CodeIgniter\Debug\Exceptions->errorHandler(2, 'Illegal string offset \'idmachine\'', 'APPPATH\\Controllers\\Schedule.php', 285, [...])
 2 SYSTEMPATH\CodeIgniter.php(904): App\Controllers\Schedule->getmachineautoselect()
 3 SYSTEMPATH\CodeIgniter.php(457): CodeIgniter\CodeIgniter->runController(Object(App\Controllers\Schedule))
 4 SYSTEMPATH\CodeIgniter.php(340): CodeIgniter\CodeIgniter->handleRequest(null, Object(Config\Cache), false)
 5 FCPATH\index.php(67): CodeIgniter\CodeIgniter->run()
 6 SYSTEMPATH\Commands\Server\rewrite.php(43): require_once('FCPATH\\index.php')
CRITICAL - 2023-02-01 15:16:36 --> Illegal string offset 'idmachine'
in APPPATH\Controllers\Schedule.php on line 285.
 1 APPPATH\Controllers\Schedule.php(285): CodeIgniter\Debug\Exceptions->errorHandler(2, 'Illegal string offset \'idmachine\'', 'APPPATH\\Controllers\\Schedule.php', 285, [...])
 2 SYSTEMPATH\CodeIgniter.php(904): App\Controllers\Schedule->getmachineautoselect()
 3 SYSTEMPATH\CodeIgniter.php(457): CodeIgniter\CodeIgniter->runController(Object(App\Controllers\Schedule))
 4 SYSTEMPATH\CodeIgniter.php(340): CodeIgniter\CodeIgniter->handleRequest(null, Object(Config\Cache), false)
 5 FCPATH\index.php(67): CodeIgniter\CodeIgniter->run()
 6 SYSTEMPATH\Commands\Server\rewrite.php(43): require_once('FCPATH\\index.php')
CRITICAL - 2023-02-01 15:16:36 --> Illegal string offset 'idmachine'
in APPPATH\Controllers\Schedule.php on line 285.
 1 APPPATH\Controllers\Schedule.php(285): CodeIgniter\Debug\Exceptions->errorHandler(2, 'Illegal string offset \'idmachine\'', 'APPPATH\\Controllers\\Schedule.php', 285, [...])
 2 SYSTEMPATH\CodeIgniter.php(904): App\Controllers\Schedule->getmachineautoselect()
 3 SYSTEMPATH\CodeIgniter.php(457): CodeIgniter\CodeIgniter->runController(Object(App\Controllers\Schedule))
 4 SYSTEMPATH\CodeIgniter.php(340): CodeIgniter\CodeIgniter->handleRequest(null, Object(Config\Cache), false)
 5 FCPATH\index.php(67): CodeIgniter\CodeIgniter->run()
 6 SYSTEMPATH\Commands\Server\rewrite.php(43): require_once('FCPATH\\index.php')
CRITICAL - 2023-02-01 15:16:50 --> Illegal string offset 'idmachine'
in APPPATH\Controllers\Schedule.php on line 285.
 1 APPPATH\Controllers\Schedule.php(285): CodeIgniter\Debug\Exceptions->errorHandler(2, 'Illegal string offset \'idmachine\'', 'APPPATH\\Controllers\\Schedule.php', 285, [...])
 2 SYSTEMPATH\CodeIgniter.php(904): App\Controllers\Schedule->getmachineautoselect()
 3 SYSTEMPATH\CodeIgniter.php(457): CodeIgniter\CodeIgniter->runController(Object(App\Controllers\Schedule))
 4 SYSTEMPATH\CodeIgniter.php(340): CodeIgniter\CodeIgniter->handleRequest(null, Object(Config\Cache), false)
 5 FCPATH\index.php(67): CodeIgniter\CodeIgniter->run()
 6 SYSTEMPATH\Commands\Server\rewrite.php(43): require_once('FCPATH\\index.php')
CRITICAL - 2023-02-01 15:17:24 --> Illegal string offset 'idmachine'
in APPPATH\Controllers\Schedule.php on line 285.
 1 APPPATH\Controllers\Schedule.php(285): CodeIgniter\Debug\Exceptions->errorHandler(2, 'Illegal string offset \'idmachine\'', 'APPPATH\\Controllers\\Schedule.php', 285, [...])
 2 SYSTEMPATH\CodeIgniter.php(904): App\Controllers\Schedule->getmachineautoselect()
 3 SYSTEMPATH\CodeIgniter.php(457): CodeIgniter\CodeIgniter->runController(Object(App\Controllers\Schedule))
 4 SYSTEMPATH\CodeIgniter.php(340): CodeIgniter\CodeIgniter->handleRequest(null, Object(Config\Cache), false)
 5 FCPATH\index.php(67): CodeIgniter\CodeIgniter->run()
 6 SYSTEMPATH\Commands\Server\rewrite.php(43): require_once('FCPATH\\index.php')
CRITICAL - 2023-02-01 15:17:25 --> Illegal string offset 'idmachine'
in APPPATH\Controllers\Schedule.php on line 285.
 1 APPPATH\Controllers\Schedule.php(285): CodeIgniter\Debug\Exceptions->errorHandler(2, 'Illegal string offset \'idmachine\'', 'APPPATH\\Controllers\\Schedule.php', 285, [...])
 2 SYSTEMPATH\CodeIgniter.php(904): App\Controllers\Schedule->getmachineautoselect()
 3 SYSTEMPATH\CodeIgniter.php(457): CodeIgniter\CodeIgniter->runController(Object(App\Controllers\Schedule))
 4 SYSTEMPATH\CodeIgniter.php(340): CodeIgniter\CodeIgniter->handleRequest(null, Object(Config\Cache), false)
 5 FCPATH\index.php(67): CodeIgniter\CodeIgniter->run()
 6 SYSTEMPATH\Commands\Server\rewrite.php(43): require_once('FCPATH\\index.php')
CRITICAL - 2023-02-01 15:17:25 --> Illegal string offset 'idmachine'
in APPPATH\Controllers\Schedule.php on line 285.
 1 APPPATH\Controllers\Schedule.php(285): CodeIgniter\Debug\Exceptions->errorHandler(2, 'Illegal string offset \'idmachine\'', 'APPPATH\\Controllers\\Schedule.php', 285, [...])
 2 SYSTEMPATH\CodeIgniter.php(904): App\Controllers\Schedule->getmachineautoselect()
 3 SYSTEMPATH\CodeIgniter.php(457): CodeIgniter\CodeIgniter->runController(Object(App\Controllers\Schedule))
 4 SYSTEMPATH\CodeIgniter.php(340): CodeIgniter\CodeIgniter->handleRequest(null, Object(Config\Cache), false)
 5 FCPATH\index.php(67): CodeIgniter\CodeIgniter->run()
 6 SYSTEMPATH\Commands\Server\rewrite.php(43): require_once('FCPATH\\index.php')
CRITICAL - 2023-02-01 15:17:26 --> Illegal string offset 'idmachine'
in APPPATH\Controllers\Schedule.php on line 285.
 1 APPPATH\Controllers\Schedule.php(285): CodeIgniter\Debug\Exceptions->errorHandler(2, 'Illegal string offset \'idmachine\'', 'APPPATH\\Controllers\\Schedule.php', 285, [...])
 2 SYSTEMPATH\CodeIgniter.php(904): App\Controllers\Schedule->getmachineautoselect()
 3 SYSTEMPATH\CodeIgniter.php(457): CodeIgniter\CodeIgniter->runController(Object(App\Controllers\Schedule))
 4 SYSTEMPATH\CodeIgniter.php(340): CodeIgniter\CodeIgniter->handleRequest(null, Object(Config\Cache), false)
 5 FCPATH\index.php(67): CodeIgniter\CodeIgniter->run()
 6 SYSTEMPATH\Commands\Server\rewrite.php(43): require_once('FCPATH\\index.php')
CRITICAL - 2023-02-01 15:17:26 --> Illegal string offset 'idmachine'
in APPPATH\Controllers\Schedule.php on line 285.
 1 APPPATH\Controllers\Schedule.php(285): CodeIgniter\Debug\Exceptions->errorHandler(2, 'Illegal string offset \'idmachine\'', 'APPPATH\\Controllers\\Schedule.php', 285, [...])
 2 SYSTEMPATH\CodeIgniter.php(904): App\Controllers\Schedule->getmachineautoselect()
 3 SYSTEMPATH\CodeIgniter.php(457): CodeIgniter\CodeIgniter->runController(Object(App\Controllers\Schedule))
 4 SYSTEMPATH\CodeIgniter.php(340): CodeIgniter\CodeIgniter->handleRequest(null, Object(Config\Cache), false)
 5 FCPATH\index.php(67): CodeIgniter\CodeIgniter->run()
 6 SYSTEMPATH\Commands\Server\rewrite.php(43): require_once('FCPATH\\index.php')
CRITICAL - 2023-02-01 15:17:57 --> Illegal string offset 'idmachine'
in APPPATH\Controllers\Schedule.php on line 285.
 1 APPPATH\Controllers\Schedule.php(285): CodeIgniter\Debug\Exceptions->errorHandler(2, 'Illegal string offset \'idmachine\'', 'APPPATH\\Controllers\\Schedule.php', 285, [...])
 2 SYSTEMPATH\CodeIgniter.php(904): App\Controllers\Schedule->getmachineautoselect()
 3 SYSTEMPATH\CodeIgniter.php(457): CodeIgniter\CodeIgniter->runController(Object(App\Controllers\Schedule))
 4 SYSTEMPATH\CodeIgniter.php(340): CodeIgniter\CodeIgniter->handleRequest(null, Object(Config\Cache), false)
 5 FCPATH\index.php(67): CodeIgniter\CodeIgniter->run()
 6 SYSTEMPATH\Commands\Server\rewrite.php(43): require_once('FCPATH\\index.php')
CRITICAL - 2023-02-01 15:18:05 --> Illegal string offset 'idmachine'
in APPPATH\Controllers\Schedule.php on line 285.
 1 APPPATH\Controllers\Schedule.php(285): CodeIgniter\Debug\Exceptions->errorHandler(2, 'Illegal string offset \'idmachine\'', 'APPPATH\\Controllers\\Schedule.php', 285, [...])
 2 SYSTEMPATH\CodeIgniter.php(904): App\Controllers\Schedule->getmachineautoselect()
 3 SYSTEMPATH\CodeIgniter.php(457): CodeIgniter\CodeIgniter->runController(Object(App\Controllers\Schedule))
 4 SYSTEMPATH\CodeIgniter.php(340): CodeIgniter\CodeIgniter->handleRequest(null, Object(Config\Cache), false)
 5 FCPATH\index.php(67): CodeIgniter\CodeIgniter->run()
 6 SYSTEMPATH\Commands\Server\rewrite.php(43): require_once('FCPATH\\index.php')
CRITICAL - 2023-02-01 15:18:05 --> Illegal string offset 'idmachine'
in APPPATH\Controllers\Schedule.php on line 285.
 1 APPPATH\Controllers\Schedule.php(285): CodeIgniter\Debug\Exceptions->errorHandler(2, 'Illegal string offset \'idmachine\'', 'APPPATH\\Controllers\\Schedule.php', 285, [...])
 2 SYSTEMPATH\CodeIgniter.php(904): App\Controllers\Schedule->getmachineautoselect()
 3 SYSTEMPATH\CodeIgniter.php(457): CodeIgniter\CodeIgniter->runController(Object(App\Controllers\Schedule))
 4 SYSTEMPATH\CodeIgniter.php(340): CodeIgniter\CodeIgniter->handleRequest(null, Object(Config\Cache), false)
 5 FCPATH\index.php(67): CodeIgniter\CodeIgniter->run()
 6 SYSTEMPATH\Commands\Server\rewrite.php(43): require_once('FCPATH\\index.php')
CRITICAL - 2023-02-01 15:18:11 --> Illegal string offset 'idmachine'
in APPPATH\Controllers\Schedule.php on line 285.
 1 APPPATH\Controllers\Schedule.php(285): CodeIgniter\Debug\Exceptions->errorHandler(2, 'Illegal string offset \'idmachine\'', 'APPPATH\\Controllers\\Schedule.php', 285, [...])
 2 SYSTEMPATH\CodeIgniter.php(904): App\Controllers\Schedule->getmachineautoselect()
 3 SYSTEMPATH\CodeIgniter.php(457): CodeIgniter\CodeIgniter->runController(Object(App\Controllers\Schedule))
 4 SYSTEMPATH\CodeIgniter.php(340): CodeIgniter\CodeIgniter->handleRequest(null, Object(Config\Cache), false)
 5 FCPATH\index.php(67): CodeIgniter\CodeIgniter->run()
 6 SYSTEMPATH\Commands\Server\rewrite.php(43): require_once('FCPATH\\index.php')
CRITICAL - 2023-02-01 15:18:11 --> Illegal string offset 'idmachine'
in APPPATH\Controllers\Schedule.php on line 285.
 1 APPPATH\Controllers\Schedule.php(285): CodeIgniter\Debug\Exceptions->errorHandler(2, 'Illegal string offset \'idmachine\'', 'APPPATH\\Controllers\\Schedule.php', 285, [...])
 2 SYSTEMPATH\CodeIgniter.php(904): App\Controllers\Schedule->getmachineautoselect()
 3 SYSTEMPATH\CodeIgniter.php(457): CodeIgniter\CodeIgniter->runController(Object(App\Controllers\Schedule))
 4 SYSTEMPATH\CodeIgniter.php(340): CodeIgniter\CodeIgniter->handleRequest(null, Object(Config\Cache), false)
 5 FCPATH\index.php(67): CodeIgniter\CodeIgniter->run()
 6 SYSTEMPATH\Commands\Server\rewrite.php(43): require_once('FCPATH\\index.php')
CRITICAL - 2023-02-01 15:19:13 --> json_decode() expects parameter 1 to be string, array given
in APPPATH\Controllers\Schedule.php on line 283.
 1 [internal function]: CodeIgniter\Debug\Exceptions->errorHandler(2, 'json_decode() expects parameter 1 to be string, array given', 'APPPATH\\Controllers\\Schedule.php', 283, [...])
 2 APPPATH\Controllers\Schedule.php(283): json_decode([...])
 3 SYSTEMPATH\CodeIgniter.php(904): App\Controllers\Schedule->getmachineautoselect()
 4 SYSTEMPATH\CodeIgniter.php(457): CodeIgniter\CodeIgniter->runController(Object(App\Controllers\Schedule))
 5 SYSTEMPATH\CodeIgniter.php(340): CodeIgniter\CodeIgniter->handleRequest(null, Object(Config\Cache), false)
 6 FCPATH\index.php(67): CodeIgniter\CodeIgniter->run()
 7 SYSTEMPATH\Commands\Server\rewrite.php(43): require_once('FCPATH\\index.php')
CRITICAL - 2023-02-01 15:19:47 --> json_decode() expects parameter 1 to be string, array given
in APPPATH\Controllers\Schedule.php on line 283.
 1 [internal function]: CodeIgniter\Debug\Exceptions->errorHandler(2, 'json_decode() expects parameter 1 to be string, array given', 'APPPATH\\Controllers\\Schedule.php', 283, [...])
 2 APPPATH\Controllers\Schedule.php(283): json_decode([...], true)
 3 SYSTEMPATH\CodeIgniter.php(904): App\Controllers\Schedule->getmachineautoselect()
 4 SYSTEMPATH\CodeIgniter.php(457): CodeIgniter\CodeIgniter->runController(Object(App\Controllers\Schedule))
 5 SYSTEMPATH\CodeIgniter.php(340): CodeIgniter\CodeIgniter->handleRequest(null, Object(Config\Cache), false)
 6 FCPATH\index.php(67): CodeIgniter\CodeIgniter->run()
 7 SYSTEMPATH\Commands\Server\rewrite.php(43): require_once('FCPATH\\index.php')
CRITICAL - 2023-02-01 15:20:46 --> Illegal string offset 'idmachine'
in APPPATH\Controllers\Schedule.php on line 288.
 1 APPPATH\Controllers\Schedule.php(288): CodeIgniter\Debug\Exceptions->errorHandler(2, 'Illegal string offset \'idmachine\'', 'APPPATH\\Controllers\\Schedule.php', 288, [...])
 2 SYSTEMPATH\CodeIgniter.php(904): App\Controllers\Schedule->getmachineautoselect()
 3 SYSTEMPATH\CodeIgniter.php(457): CodeIgniter\CodeIgniter->runController(Object(App\Controllers\Schedule))
 4 SYSTEMPATH\CodeIgniter.php(340): CodeIgniter\CodeIgniter->handleRequest(null, Object(Config\Cache), false)
 5 FCPATH\index.php(67): CodeIgniter\CodeIgniter->run()
 6 SYSTEMPATH\Commands\Server\rewrite.php(43): require_once('FCPATH\\index.php')
CRITICAL - 2023-02-01 15:20:50 --> Illegal string offset 'idmachine'
in APPPATH\Controllers\Schedule.php on line 288.
 1 APPPATH\Controllers\Schedule.php(288): CodeIgniter\Debug\Exceptions->errorHandler(2, 'Illegal string offset \'idmachine\'', 'APPPATH\\Controllers\\Schedule.php', 288, [...])
 2 SYSTEMPATH\CodeIgniter.php(904): App\Controllers\Schedule->getmachineautoselect()
 3 SYSTEMPATH\CodeIgniter.php(457): CodeIgniter\CodeIgniter->runController(Object(App\Controllers\Schedule))
 4 SYSTEMPATH\CodeIgniter.php(340): CodeIgniter\CodeIgniter->handleRequest(null, Object(Config\Cache), false)
 5 FCPATH\index.php(67): CodeIgniter\CodeIgniter->run()
 6 SYSTEMPATH\Commands\Server\rewrite.php(43): require_once('FCPATH\\index.php')
CRITICAL - 2023-02-01 15:21:02 --> Illegal string offset 'idmachine'
in APPPATH\Controllers\Schedule.php on line 288.
 1 APPPATH\Controllers\Schedule.php(288): CodeIgniter\Debug\Exceptions->errorHandler(2, 'Illegal string offset \'idmachine\'', 'APPPATH\\Controllers\\Schedule.php', 288, [...])
 2 SYSTEMPATH\CodeIgniter.php(904): App\Controllers\Schedule->getmachineautoselect()
 3 SYSTEMPATH\CodeIgniter.php(457): CodeIgniter\CodeIgniter->runController(Object(App\Controllers\Schedule))
 4 SYSTEMPATH\CodeIgniter.php(340): CodeIgniter\CodeIgniter->handleRequest(null, Object(Config\Cache), false)
 5 FCPATH\index.php(67): CodeIgniter\CodeIgniter->run()
 6 SYSTEMPATH\Commands\Server\rewrite.php(43): require_once('FCPATH\\index.php')
CRITICAL - 2023-02-01 15:21:05 --> Illegal string offset 'idmachine'
in APPPATH\Controllers\Schedule.php on line 288.
 1 APPPATH\Controllers\Schedule.php(288): CodeIgniter\Debug\Exceptions->errorHandler(2, 'Illegal string offset \'idmachine\'', 'APPPATH\\Controllers\\Schedule.php', 288, [...])
 2 SYSTEMPATH\CodeIgniter.php(904): App\Controllers\Schedule->getmachineautoselect()
 3 SYSTEMPATH\CodeIgniter.php(457): CodeIgniter\CodeIgniter->runController(Object(App\Controllers\Schedule))
 4 SYSTEMPATH\CodeIgniter.php(340): CodeIgniter\CodeIgniter->handleRequest(null, Object(Config\Cache), false)
 5 FCPATH\index.php(67): CodeIgniter\CodeIgniter->run()
 6 SYSTEMPATH\Commands\Server\rewrite.php(43): require_once('FCPATH\\index.php')
CRITICAL - 2023-02-01 15:21:12 --> Illegal string offset 'idmachine'
in APPPATH\Controllers\Schedule.php on line 288.
 1 APPPATH\Controllers\Schedule.php(288): CodeIgniter\Debug\Exceptions->errorHandler(2, 'Illegal string offset \'idmachine\'', 'APPPATH\\Controllers\\Schedule.php', 288, [...])
 2 SYSTEMPATH\CodeIgniter.php(904): App\Controllers\Schedule->getmachineautoselect()
 3 SYSTEMPATH\CodeIgniter.php(457): CodeIgniter\CodeIgniter->runController(Object(App\Controllers\Schedule))
 4 SYSTEMPATH\CodeIgniter.php(340): CodeIgniter\CodeIgniter->handleRequest(null, Object(Config\Cache), false)
 5 FCPATH\index.php(67): CodeIgniter\CodeIgniter->run()
 6 SYSTEMPATH\Commands\Server\rewrite.php(43): require_once('FCPATH\\index.php')
CRITICAL - 2023-02-01 15:21:37 --> Illegal string offset 'idmachine'
in APPPATH\Controllers\Schedule.php on line 288.
 1 APPPATH\Controllers\Schedule.php(288): CodeIgniter\Debug\Exceptions->errorHandler(2, 'Illegal string offset \'idmachine\'', 'APPPATH\\Controllers\\Schedule.php', 288, [...])
 2 SYSTEMPATH\CodeIgniter.php(904): App\Controllers\Schedule->getmachineautoselect()
 3 SYSTEMPATH\CodeIgniter.php(457): CodeIgniter\CodeIgniter->runController(Object(App\Controllers\Schedule))
 4 SYSTEMPATH\CodeIgniter.php(340): CodeIgniter\CodeIgniter->handleRequest(null, Object(Config\Cache), false)
 5 FCPATH\index.php(67): CodeIgniter\CodeIgniter->run()
 6 SYSTEMPATH\Commands\Server\rewrite.php(43): require_once('FCPATH\\index.php')
CRITICAL - 2023-02-01 15:21:38 --> Illegal string offset 'idmachine'
in APPPATH\Controllers\Schedule.php on line 288.
 1 APPPATH\Controllers\Schedule.php(288): CodeIgniter\Debug\Exceptions->errorHandler(2, 'Illegal string offset \'idmachine\'', 'APPPATH\\Controllers\\Schedule.php', 288, [...])
 2 SYSTEMPATH\CodeIgniter.php(904): App\Controllers\Schedule->getmachineautoselect()
 3 SYSTEMPATH\CodeIgniter.php(457): CodeIgniter\CodeIgniter->runController(Object(App\Controllers\Schedule))
 4 SYSTEMPATH\CodeIgniter.php(340): CodeIgniter\CodeIgniter->handleRequest(null, Object(Config\Cache), false)
 5 FCPATH\index.php(67): CodeIgniter\CodeIgniter->run()
 6 SYSTEMPATH\Commands\Server\rewrite.php(43): require_once('FCPATH\\index.php')
CRITICAL - 2023-02-01 15:21:49 --> Illegal string offset 'idmachine'
in APPPATH\Controllers\Schedule.php on line 288.
 1 APPPATH\Controllers\Schedule.php(288): CodeIgniter\Debug\Exceptions->errorHandler(2, 'Illegal string offset \'idmachine\'', 'APPPATH\\Controllers\\Schedule.php', 288, [...])
 2 SYSTEMPATH\CodeIgniter.php(904): App\Controllers\Schedule->getmachineautoselect()
 3 SYSTEMPATH\CodeIgniter.php(457): CodeIgniter\CodeIgniter->runController(Object(App\Controllers\Schedule))
 4 SYSTEMPATH\CodeIgniter.php(340): CodeIgniter\CodeIgniter->handleRequest(null, Object(Config\Cache), false)
 5 FCPATH\index.php(67): CodeIgniter\CodeIgniter->run()
 6 SYSTEMPATH\Commands\Server\rewrite.php(43): require_once('FCPATH\\index.php')
CRITICAL - 2023-02-01 15:23:21 --> Array to string conversion
in APPPATH\Controllers\Schedule.php on line 294.
 1 APPPATH\Controllers\Schedule.php(294): CodeIgniter\Debug\Exceptions->errorHandler(8, 'Array to string conversion', 'APPPATH\\Controllers\\Schedule.php', 294, [...])
 2 SYSTEMPATH\CodeIgniter.php(904): App\Controllers\Schedule->getmachineautoselect()
 3 SYSTEMPATH\CodeIgniter.php(457): CodeIgniter\CodeIgniter->runController(Object(App\Controllers\Schedule))
 4 SYSTEMPATH\CodeIgniter.php(340): CodeIgniter\CodeIgniter->handleRequest(null, Object(Config\Cache), false)
 5 FCPATH\index.php(67): CodeIgniter\CodeIgniter->run()
 6 SYSTEMPATH\Commands\Server\rewrite.php(43): require_once('FCPATH\\index.php')
CRITICAL - 2023-02-01 15:23:24 --> Array to string conversion
in APPPATH\Controllers\Schedule.php on line 294.
 1 APPPATH\Controllers\Schedule.php(294): CodeIgniter\Debug\Exceptions->errorHandler(8, 'Array to string conversion', 'APPPATH\\Controllers\\Schedule.php', 294, [...])
 2 SYSTEMPATH\CodeIgniter.php(904): App\Controllers\Schedule->getmachineautoselect()
 3 SYSTEMPATH\CodeIgniter.php(457): CodeIgniter\CodeIgniter->runController(Object(App\Controllers\Schedule))
 4 SYSTEMPATH\CodeIgniter.php(340): CodeIgniter\CodeIgniter->handleRequest(null, Object(Config\Cache), false)
 5 FCPATH\index.php(67): CodeIgniter\CodeIgniter->run()
 6 SYSTEMPATH\Commands\Server\rewrite.php(43): require_once('FCPATH\\index.php')
CRITICAL - 2023-02-01 15:23:57 --> Array to string conversion
in APPPATH\Controllers\Schedule.php on line 293.
 1 APPPATH\Controllers\Schedule.php(293): CodeIgniter\Debug\Exceptions->errorHandler(8, 'Array to string conversion', 'APPPATH\\Controllers\\Schedule.php', 293, [...])
 2 SYSTEMPATH\CodeIgniter.php(904): App\Controllers\Schedule->getmachineautoselect()
 3 SYSTEMPATH\CodeIgniter.php(457): CodeIgniter\CodeIgniter->runController(Object(App\Controllers\Schedule))
 4 SYSTEMPATH\CodeIgniter.php(340): CodeIgniter\CodeIgniter->handleRequest(null, Object(Config\Cache), false)
 5 FCPATH\index.php(67): CodeIgniter\CodeIgniter->run()
 6 SYSTEMPATH\Commands\Server\rewrite.php(43): require_once('FCPATH\\index.php')
CRITICAL - 2023-02-01 15:24:00 --> Array to string conversion
in APPPATH\Controllers\Schedule.php on line 293.
 1 APPPATH\Controllers\Schedule.php(293): CodeIgniter\Debug\Exceptions->errorHandler(8, 'Array to string conversion', 'APPPATH\\Controllers\\Schedule.php', 293, [...])
 2 SYSTEMPATH\CodeIgniter.php(904): App\Controllers\Schedule->getmachineautoselect()
 3 SYSTEMPATH\CodeIgniter.php(457): CodeIgniter\CodeIgniter->runController(Object(App\Controllers\Schedule))
 4 SYSTEMPATH\CodeIgniter.php(340): CodeIgniter\CodeIgniter->handleRequest(null, Object(Config\Cache), false)
 5 FCPATH\index.php(67): CodeIgniter\CodeIgniter->run()
 6 SYSTEMPATH\Commands\Server\rewrite.php(43): require_once('FCPATH\\index.php')
CRITICAL - 2023-02-01 15:24:06 --> Array to string conversion
in APPPATH\Controllers\Schedule.php on line 293.
 1 APPPATH\Controllers\Schedule.php(293): CodeIgniter\Debug\Exceptions->errorHandler(8, 'Array to string conversion', 'APPPATH\\Controllers\\Schedule.php', 293, [...])
 2 SYSTEMPATH\CodeIgniter.php(904): App\Controllers\Schedule->getmachineautoselect()
 3 SYSTEMPATH\CodeIgniter.php(457): CodeIgniter\CodeIgniter->runController(Object(App\Controllers\Schedule))
 4 SYSTEMPATH\CodeIgniter.php(340): CodeIgniter\CodeIgniter->handleRequest(null, Object(Config\Cache), false)
 5 FCPATH\index.php(67): CodeIgniter\CodeIgniter->run()
 6 SYSTEMPATH\Commands\Server\rewrite.php(43): require_once('FCPATH\\index.php')
CRITICAL - 2023-02-01 15:24:15 --> Array to string conversion
in APPPATH\Controllers\Schedule.php on line 293.
 1 APPPATH\Controllers\Schedule.php(293): CodeIgniter\Debug\Exceptions->errorHandler(8, 'Array to string conversion', 'APPPATH\\Controllers\\Schedule.php', 293, [...])
 2 SYSTEMPATH\CodeIgniter.php(904): App\Controllers\Schedule->getmachineautoselect()
 3 SYSTEMPATH\CodeIgniter.php(457): CodeIgniter\CodeIgniter->runController(Object(App\Controllers\Schedule))
 4 SYSTEMPATH\CodeIgniter.php(340): CodeIgniter\CodeIgniter->handleRequest(null, Object(Config\Cache), false)
 5 FCPATH\index.php(67): CodeIgniter\CodeIgniter->run()
 6 SYSTEMPATH\Commands\Server\rewrite.php(43): require_once('FCPATH\\index.php')
CRITICAL - 2023-02-01 15:24:18 --> Array to string conversion
in APPPATH\Controllers\Schedule.php on line 293.
 1 APPPATH\Controllers\Schedule.php(293): CodeIgniter\Debug\Exceptions->errorHandler(8, 'Array to string conversion', 'APPPATH\\Controllers\\Schedule.php', 293, [...])
 2 SYSTEMPATH\CodeIgniter.php(904): App\Controllers\Schedule->getmachineautoselect()
 3 SYSTEMPATH\CodeIgniter.php(457): CodeIgniter\CodeIgniter->runController(Object(App\Controllers\Schedule))
 4 SYSTEMPATH\CodeIgniter.php(340): CodeIgniter\CodeIgniter->handleRequest(null, Object(Config\Cache), false)
 5 FCPATH\index.php(67): CodeIgniter\CodeIgniter->run()
 6 SYSTEMPATH\Commands\Server\rewrite.php(43): require_once('FCPATH\\index.php')
CRITICAL - 2023-02-01 02:37:31 --> syntax error, unexpected '.'
in APPPATH\Controllers\Schedule.php on line 285.
 1 SYSTEMPATH\Router\Router.php(499): CodeIgniter\Router\AutoRouter->getRoute('schedule/viewform')
 2 SYSTEMPATH\Router\Router.php(205): CodeIgniter\Router\Router->autoRoute('schedule/viewform')
 3 SYSTEMPATH\CodeIgniter.php(779): CodeIgniter\Router\Router->handle('schedule/viewform')
 4 SYSTEMPATH\CodeIgniter.php(406): CodeIgniter\CodeIgniter->tryToRouteIt(Object(CodeIgniter\Router\RouteCollection))
 5 SYSTEMPATH\CodeIgniter.php(340): CodeIgniter\CodeIgniter->handleRequest(null, Object(Config\Cache), false)
 6 FCPATH\index.php(67): CodeIgniter\CodeIgniter->run()
 7 SYSTEMPATH\Commands\Server\rewrite.php(43): require_once('FCPATH\\index.php')
CRITICAL - 2023-02-01 15:37:52 --> Illegal string offset 'idmachine'
in APPPATH\Controllers\Schedule.php on line 286.
 1 APPPATH\Controllers\Schedule.php(286): CodeIgniter\Debug\Exceptions->errorHandler(2, 'Illegal string offset \'idmachine\'', 'APPPATH\\Controllers\\Schedule.php', 286, [...])
 2 SYSTEMPATH\CodeIgniter.php(904): App\Controllers\Schedule->getmachineautoselect()
 3 SYSTEMPATH\CodeIgniter.php(457): CodeIgniter\CodeIgniter->runController(Object(App\Controllers\Schedule))
 4 SYSTEMPATH\CodeIgniter.php(340): CodeIgniter\CodeIgniter->handleRequest(null, Object(Config\Cache), false)
 5 FCPATH\index.php(67): CodeIgniter\CodeIgniter->run()
 6 SYSTEMPATH\Commands\Server\rewrite.php(43): require_once('FCPATH\\index.php')
CRITICAL - 2023-02-01 16:16:18 --> Undefined variable: sz
in APPPATH\Views\schedule_eps\planner\list_edit_schedule.php on line 85.
 1 APPPATH\Views\schedule_eps\planner\list_edit_schedule.php(85): CodeIgniter\Debug\Exceptions->errorHandler(8, 'Undefined variable: sz', 'APPPATH\\Views\\schedule_eps\\planner\\list_edit_schedule.php', 85, [...])
 2 SYSTEMPATH\View\View.php(213): include('APPPATH\\Views\\schedule_eps\\planner\\list_edit_schedule.php')
 3 SYSTEMPATH\View\View.php(216): CodeIgniter\View\View->CodeIgniter\View\{closure}()
 4 SYSTEMPATH\Common.php(1137): CodeIgniter\View\View->render('schedule_eps/planner/list_edit_schedule', [], true)
 5 APPPATH\Controllers\Schedule.php(80): view('schedule_eps/planner/list_edit_schedule', [...])
 6 SYSTEMPATH\CodeIgniter.php(904): App\Controllers\Schedule->viewupdate()
 7 SYSTEMPATH\CodeIgniter.php(457): CodeIgniter\CodeIgniter->runController(Object(App\Controllers\Schedule))
 8 SYSTEMPATH\CodeIgniter.php(340): CodeIgniter\CodeIgniter->handleRequest(null, Object(Config\Cache), false)
 9 FCPATH\index.php(67): CodeIgniter\CodeIgniter->run()
10 SYSTEMPATH\Commands\Server\rewrite.php(43): require_once('FCPATH\\index.php')
